Info 0    [21:13:47.730] Starting TS Server
Info 1    [21:13:47.731] Version: 5.2.2
Info 2    [21:13:47.731] Arguments: /usr/local/bin/node /Users/joshuaying/emblem/semantic-graph/test-ts/node_modules/typescript/lib/tsserver.js --serverMode partialSemantic --useInferredProjectPerProjectRoot --disableAutomaticTypingAcquisition --cancellationPipeName /private/var/folders/1k/1hld73x1599dxmy2mtdx1jg00000gn/T/43b569b41cb6cab2546800668bfcbc8e/tscancellation* --logVerbosity verbose --logFile /Users/joshuaying/emblem/semantic-graph/test-ts/src/.log/tsserver-log-8hFWxX/tsserver.log --locale en --validateDefaultNpmLocation --useNodeIpc
Info 3    [21:13:47.731] Platform: darwin NodeVersion: v19.6.0 CaseSensitive: false
Info 4    [21:13:47.731] ServerMode: 1 hasUnknownServerMode: undefined
Info 5    [21:13:47.735] request:
    {
      "seq": 0,
      "type": "request",
      "command": "configure",
      "arguments": {
        "formatOptions": {
          "newLineCharacter": "\n"
        },
        "preferences": {
          "allowIncompleteCompletions": true,
          "allowRenameOfImportPath": true,
          "allowTextChangesInNewFiles": true,
          "disableLineTextInReferences": true,
          "disableSuggestions": false,
          "displayPartsForJSDoc": true,
          "generateReturnInDocTemplate": true,
          "importModuleSpecifierEnding": "auto",
          "importModuleSpecifierPreference": "shortest",
          "includeAutomaticOptionalChainCompletions": true,
          "includeCompletionsForImportStatements": true,
          "includeCompletionsForModuleExports": true,
          "includeCompletionsWithClassMemberSnippets": true,
          "includeCompletionsWithInsertText": true,
          "includeCompletionsWithObjectLiteralMethodSnippets": true,
          "includeCompletionsWithSnippetText": true,
          "includeInlayEnumMemberValueHints": false,
          "includeInlayFunctionLikeReturnTypeHints": false,
          "includeInlayFunctionParameterTypeHints": false,
          "includeInlayParameterNameHints": "none",
          "includeInlayParameterNameHintsWhenArgumentMatchesName": false,
          "includeInlayPropertyDeclarationTypeHints": false,
          "includeInlayVariableTypeHints": false,
          "includeInlayVariableTypeHintsWhenTypeMatchesName": false,
          "includePackageJsonAutoImports": "auto",
          "jsxAttributeCompletionStyle": "auto",
          "lazyConfiguredProjectsFromExternalProject": false,
          "organizeImportsAccentCollation": true,
          "organizeImportsCaseFirst": false,
          "organizeImportsCollation": "ordinal",
          "organizeImportsCollationLocale": "en",
          "organizeImportsIgnoreCase": "auto",
          "organizeImportsNumericCollation": false,
          "providePrefixAndSuffixTextForRename": true,
          "provideRefactorNotApplicableReason": true,
          "quotePreference": "auto"
        }
      }
    }
Info 6    [21:13:47.735] Format host information updated
Info 7    [21:13:47.735] response:
    {"seq":0,"type":"response","command":"configure","request_seq":0,"success":true}
Perf 8    [21:13:47.735] 0::configure: async elapsed time (in milliseconds) 0.4833
Info 9    [21:13:47.736] request:
    {
      "seq": 1,
      "type": "request",
      "command": "open",
      "arguments": {
        "file": "/Users/joshuaying/emblem/semantic-graph/test-ts/src/sequence-generator.ts",
        "fileContent": "abstract class SequenceGenerator<T> {\n    combiner: Combiner<T>;\n    windowSize: number;\n    generationLength: number;\n\n    constructor(windowSize: number, generationLength: number, combiner: Combiner<T>) {\n        this.windowSize = windowSize;\n        this.generationLength = generationLength;\n        this.combiner = combiner;\n    }\n\n    generateSequence(): T[] {\n        var sequence = this.getStartingSequence();\n        for (var i = 0; i < this.generationLength; i++) {\n            const latest_window = sequence.slice(sequence.length - this.windowSize);\n            sequence.push(this.combiner.combine(latest_window))\n        }\n        return sequence;\n    }\n\n    abstract getStartingSequence(): T[];\n}\n\n\ninterface Combiner<T> {\n    combine(l: T[]): T\n}\n\nclass NumberAdder implements Combiner<number> {\n    combine(l: number[]): number {\n        return l.reduce((prev, curr) => prev + curr)\n    }\n}\n\nclass ConcreteSequenceGenerator extends SequenceGenerator<number> {\n    constructor(generationLength: number) {\n        super(2, generationLength, new NumberAdder());\n    }\n\n    getStartingSequence(): number[] {\n        return [0, 1];\n    }\n}\n\nfunction main() {\n    console.log((new ConcreteSequenceGenerator(10)).generateSequence());\n}\n\nmain();",
        "scriptKindName": "TS",
        "projectRootPath": "/Users/joshuaying/emblem/semantic-graph/test-ts/src"
      }
    }
Info 10   [21:13:47.738] Starting updateGraphWorker: Project: /dev/null/inferredProject1*
Info 11   [21:13:47.970] Finishing updateGraphWorker: Project: /dev/null/inferredProject1* Version: 1 structureChanged: true structureIsReused:: Not Elapsed: 232.00237464904785ms
Info 12   [21:13:47.970] Project '/dev/null/inferredProject1*' (Inferred)
Info 13   [21:13:47.971] 	Files (8)
	/Users/joshuaying/emblem/semantic-graph/test-ts/node_modules/typescript/lib/lib.d.ts
	/Users/joshuaying/emblem/semantic-graph/test-ts/node_modules/typescript/lib/lib.es5.d.ts
	/Users/joshuaying/emblem/semantic-graph/test-ts/node_modules/typescript/lib/lib.dom.d.ts
	/Users/joshuaying/emblem/semantic-graph/test-ts/node_modules/typescript/lib/lib.webworker.importscripts.d.ts
	/Users/joshuaying/emblem/semantic-graph/test-ts/node_modules/typescript/lib/lib.scripthost.d.ts
	/Users/joshuaying/emblem/semantic-graph/test-ts/node_modules/typescript/lib/lib.decorators.d.ts
	/Users/joshuaying/emblem/semantic-graph/test-ts/node_modules/typescript/lib/lib.decorators.legacy.d.ts
	/Users/joshuaying/emblem/semantic-graph/test-ts/src/sequence-generator.ts


	../node_modules/typescript/lib/lib.d.ts
	  Default library for target 'es5'
	../node_modules/typescript/lib/lib.es5.d.ts
	  Library referenced via 'es5' from file '../node_modules/typescript/lib/lib.d.ts'
	../node_modules/typescript/lib/lib.dom.d.ts
	  Library referenced via 'dom' from file '../node_modules/typescript/lib/lib.d.ts'
	../node_modules/typescript/lib/lib.webworker.importscripts.d.ts
	  Library referenced via 'webworker.importscripts' from file '../node_modules/typescript/lib/lib.d.ts'
	../node_modules/typescript/lib/lib.scripthost.d.ts
	  Library referenced via 'scripthost' from file '../node_modules/typescript/lib/lib.d.ts'
	../node_modules/typescript/lib/lib.decorators.d.ts
	  Library referenced via 'decorators' from file '../node_modules/typescript/lib/lib.es5.d.ts'
	../node_modules/typescript/lib/lib.decorators.legacy.d.ts
	  Library referenced via 'decorators.legacy' from file '../node_modules/typescript/lib/lib.es5.d.ts'
	sequence-generator.ts
	  Root file specified for compilation

Info 14   [21:13:47.971] -----------------------------------------------
Info 15   [21:13:47.971] Project '/dev/null/inferredProject1*' (Inferred)
Info 15   [21:13:47.971] 	Files (8)

Info 15   [21:13:47.971] -----------------------------------------------
Info 15   [21:13:47.971] Open files: 
Info 15   [21:13:47.971] 	FileName: /Users/joshuaying/emblem/semantic-graph/test-ts/src/sequence-generator.ts ProjectRootPath: /Users/joshuaying/emblem/semantic-graph/test-ts/src
Info 15   [21:13:47.971] 		Projects: /dev/null/inferredProject1*
Perf 15   [21:13:47.971] 1::open: async elapsed time (in milliseconds) 235.3668
Info 16   [21:13:47.971] request:
    {
      "seq": 2,
      "type": "request",
      "command": "open",
      "arguments": {
        "file": "/Users/joshuaying/emblem/semantic-graph/test-ts/src/index.ts",
        "fileContent": "// // demonstrating why we need to bubble up from child to parent\n// type WrappedType = number | void;\n\n// type WrapperType = {\n//   a: string,\n//   b: WrappedType\n// }\n\n// function f() {\n//   const x: WrapperType = {\n//     a: 'hello',\n//     b: 5\n//   }\n\n//   console.log(x.b);\n// }\n\n// interface I {\n//   m(): string;\n// }\n\n// class C implements I {\n//   m() {\n//     return \"hello\";\n//   }\n// }\n\n\n\n/*\n// Tests for LSP idiosyncracy where subclass overriding / implementation methods are referencedBy the superclass method/field.\n// method1 should NOT referenceInDefinition B.method2 (only A.method2)\nabstract class A {\n  method1() {\n    this.method2()\n  }\n  abstract method2();\n}\n\nclass B extends A {\n  method2() {}\n}\n*/\n\n\n\n/*\n// Tests for bubbling children's referenceInDefinition up to parents.\n// A should referenceInDefinition B.\nfunction B() {}\n\nclass A {\n  m1() {\n    B()\n  }\n}\n*/\n\n// class A {\n//   b: B\n// }\n\n// class B {\n//   a: A\n//   constructor(a: A) {\n//     this.a = a;\n//     this.a.b = this;\n//   }\n// }\n\n// console.log(new B(new A()));",
        "scriptKindName": "TS",
        "projectRootPath": "/Users/joshuaying/emblem/semantic-graph/test-ts/src"
      }
    }
Info 17   [21:13:47.972] Starting updateGraphWorker: Project: /dev/null/inferredProject1*
Info 18   [21:13:47.974] Finishing updateGraphWorker: Project: /dev/null/inferredProject1* Version: 2 structureChanged: true structureIsReused:: Not Elapsed: 2.0472922325134277ms
Info 19   [21:13:47.974] Project '/dev/null/inferredProject1*' (Inferred)
Info 20   [21:13:47.974] 	Files (9)
	/Users/joshuaying/emblem/semantic-graph/test-ts/node_modules/typescript/lib/lib.d.ts
	/Users/joshuaying/emblem/semantic-graph/test-ts/node_modules/typescript/lib/lib.es5.d.ts
	/Users/joshuaying/emblem/semantic-graph/test-ts/node_modules/typescript/lib/lib.dom.d.ts
	/Users/joshuaying/emblem/semantic-graph/test-ts/node_modules/typescript/lib/lib.webworker.importscripts.d.ts
	/Users/joshuaying/emblem/semantic-graph/test-ts/node_modules/typescript/lib/lib.scripthost.d.ts
	/Users/joshuaying/emblem/semantic-graph/test-ts/node_modules/typescript/lib/lib.decorators.d.ts
	/Users/joshuaying/emblem/semantic-graph/test-ts/node_modules/typescript/lib/lib.decorators.legacy.d.ts
	/Users/joshuaying/emblem/semantic-graph/test-ts/src/sequence-generator.ts
	/Users/joshuaying/emblem/semantic-graph/test-ts/src/index.ts


	../node_modules/typescript/lib/lib.d.ts
	  Default library for target 'es5'
	../node_modules/typescript/lib/lib.es5.d.ts
	  Library referenced via 'es5' from file '../node_modules/typescript/lib/lib.d.ts'
	../node_modules/typescript/lib/lib.dom.d.ts
	  Library referenced via 'dom' from file '../node_modules/typescript/lib/lib.d.ts'
	../node_modules/typescript/lib/lib.webworker.importscripts.d.ts
	  Library referenced via 'webworker.importscripts' from file '../node_modules/typescript/lib/lib.d.ts'
	../node_modules/typescript/lib/lib.scripthost.d.ts
	  Library referenced via 'scripthost' from file '../node_modules/typescript/lib/lib.d.ts'
	../node_modules/typescript/lib/lib.decorators.d.ts
	  Library referenced via 'decorators' from file '../node_modules/typescript/lib/lib.es5.d.ts'
	../node_modules/typescript/lib/lib.decorators.legacy.d.ts
	  Library referenced via 'decorators.legacy' from file '../node_modules/typescript/lib/lib.es5.d.ts'
	sequence-generator.ts
	  Root file specified for compilation
	index.ts
	  Root file specified for compilation

Info 21   [21:13:47.974] -----------------------------------------------
Info 22   [21:13:47.974] Project '/dev/null/inferredProject1*' (Inferred)
Info 22   [21:13:47.974] 	Files (9)

Info 22   [21:13:47.974] -----------------------------------------------
Info 22   [21:13:47.974] Open files: 
Info 22   [21:13:47.974] 	FileName: /Users/joshuaying/emblem/semantic-graph/test-ts/src/sequence-generator.ts ProjectRootPath: /Users/joshuaying/emblem/semantic-graph/test-ts/src
Info 22   [21:13:47.974] 		Projects: /dev/null/inferredProject1*
Info 22   [21:13:47.974] 	FileName: /Users/joshuaying/emblem/semantic-graph/test-ts/src/index.ts ProjectRootPath: /Users/joshuaying/emblem/semantic-graph/test-ts/src
Info 22   [21:13:47.974] 		Projects: /dev/null/inferredProject1*
Perf 22   [21:13:47.974] 2::open: async elapsed time (in milliseconds) 2.6245
Info 23   [21:13:47.974] request:
    {
      "seq": 3,
      "type": "request",
      "command": "open",
      "arguments": {
        "file": "/Users/joshuaying/emblem/semantic-graph/test-ts/src/bfs-test.ts",
        "fileContent": "class A {\n    aField: number\n    constructor() {\n        this.aField = 3\n    }\n    M() {\n        const b = new B();\n        b.C();\n        b.bField2;\n        this.aField;\n    }\n}\n\nclass B {\n    bField: number\n    bField2: number\n    bField3: number\n    constructor() {\n        this.bField = 4;\n        this.bField2 = 6;\n    }\n\n    C() {\n        this.bField;\n    }\n\n    D() {\n\n    }\n}",
        "scriptKindName": "TS",
        "projectRootPath": "/Users/joshuaying/emblem/semantic-graph/test-ts/src"
      }
    }
Info 24   [21:13:47.974] Starting updateGraphWorker: Project: /dev/null/inferredProject1*
Info 25   [21:13:47.976] Finishing updateGraphWorker: Project: /dev/null/inferredProject1* Version: 3 structureChanged: true structureIsReused:: Not Elapsed: 2.141083240509033ms
Info 26   [21:13:47.977] Project '/dev/null/inferredProject1*' (Inferred)
Info 27   [21:13:47.977] 	Files (10)
	/Users/joshuaying/emblem/semantic-graph/test-ts/node_modules/typescript/lib/lib.d.ts
	/Users/joshuaying/emblem/semantic-graph/test-ts/node_modules/typescript/lib/lib.es5.d.ts
	/Users/joshuaying/emblem/semantic-graph/test-ts/node_modules/typescript/lib/lib.dom.d.ts
	/Users/joshuaying/emblem/semantic-graph/test-ts/node_modules/typescript/lib/lib.webworker.importscripts.d.ts
	/Users/joshuaying/emblem/semantic-graph/test-ts/node_modules/typescript/lib/lib.scripthost.d.ts
	/Users/joshuaying/emblem/semantic-graph/test-ts/node_modules/typescript/lib/lib.decorators.d.ts
	/Users/joshuaying/emblem/semantic-graph/test-ts/node_modules/typescript/lib/lib.decorators.legacy.d.ts
	/Users/joshuaying/emblem/semantic-graph/test-ts/src/sequence-generator.ts
	/Users/joshuaying/emblem/semantic-graph/test-ts/src/index.ts
	/Users/joshuaying/emblem/semantic-graph/test-ts/src/bfs-test.ts


	../node_modules/typescript/lib/lib.d.ts
	  Default library for target 'es5'
	../node_modules/typescript/lib/lib.es5.d.ts
	  Library referenced via 'es5' from file '../node_modules/typescript/lib/lib.d.ts'
	../node_modules/typescript/lib/lib.dom.d.ts
	  Library referenced via 'dom' from file '../node_modules/typescript/lib/lib.d.ts'
	../node_modules/typescript/lib/lib.webworker.importscripts.d.ts
	  Library referenced via 'webworker.importscripts' from file '../node_modules/typescript/lib/lib.d.ts'
	../node_modules/typescript/lib/lib.scripthost.d.ts
	  Library referenced via 'scripthost' from file '../node_modules/typescript/lib/lib.d.ts'
	../node_modules/typescript/lib/lib.decorators.d.ts
	  Library referenced via 'decorators' from file '../node_modules/typescript/lib/lib.es5.d.ts'
	../node_modules/typescript/lib/lib.decorators.legacy.d.ts
	  Library referenced via 'decorators.legacy' from file '../node_modules/typescript/lib/lib.es5.d.ts'
	sequence-generator.ts
	  Root file specified for compilation
	index.ts
	  Root file specified for compilation
	bfs-test.ts
	  Root file specified for compilation

Info 28   [21:13:47.977] -----------------------------------------------
Info 29   [21:13:47.977] Project '/dev/null/inferredProject1*' (Inferred)
Info 29   [21:13:47.977] 	Files (10)

Info 29   [21:13:47.977] -----------------------------------------------
Info 29   [21:13:47.977] Open files: 
Info 29   [21:13:47.977] 	FileName: /Users/joshuaying/emblem/semantic-graph/test-ts/src/sequence-generator.ts ProjectRootPath: /Users/joshuaying/emblem/semantic-graph/test-ts/src
Info 29   [21:13:47.977] 		Projects: /dev/null/inferredProject1*
Info 29   [21:13:47.977] 	FileName: /Users/joshuaying/emblem/semantic-graph/test-ts/src/index.ts ProjectRootPath: /Users/joshuaying/emblem/semantic-graph/test-ts/src
Info 29   [21:13:47.977] 		Projects: /dev/null/inferredProject1*
Info 29   [21:13:47.977] 	FileName: /Users/joshuaying/emblem/semantic-graph/test-ts/src/bfs-test.ts ProjectRootPath: /Users/joshuaying/emblem/semantic-graph/test-ts/src
Info 29   [21:13:47.977] 		Projects: /dev/null/inferredProject1*
Perf 29   [21:13:47.977] 3::open: async elapsed time (in milliseconds) 2.6096
Info 30   [21:13:47.977] request:
    {
      "seq": 4,
      "type": "request",
      "command": "navtree",
      "arguments": {
        "file": "/Users/joshuaying/emblem/semantic-graph/test-ts/src/sequence-generator.ts"
      }
    }
Perf 31   [21:13:47.988] 4::navtree: elapsed time (in milliseconds) 10.9445
Info 32   [21:13:47.988] response:
    {"seq":0,"type":"response","command":"navtree","request_seq":4,"success":true,"body":{"text":"<global>","kind":"script","kindModifiers":"","spans":[{"start":{"line":1,"offset":1},"end":{"line":49,"offset":8}}],"childItems":[{"text":"Combiner","kind":"interface","kindModifiers":"","spans":[{"start":{"line":25,"offset":1},"end":{"line":27,"offset":2}}],"nameSpan":{"start":{"line":25,"offset":11},"end":{"line":25,"offset":19}},"childItems":[{"text":"combine","kind":"method","kindModifiers":"","spans":[{"start":{"line":26,"offset":5},"end":{"line":26,"offset":23}}],"nameSpan":{"start":{"line":26,"offset":5},"end":{"line":26,"offset":12}}}]},{"text":"ConcreteSequenceGenerator","kind":"class","kindModifiers":"","spans":[{"start":{"line":35,"offset":1},"end":{"line":43,"offset":2}}],"nameSpan":{"start":{"line":35,"offset":7},"end":{"line":35,"offset":32}},"childItems":[{"text":"constructor","kind":"constructor","kindModifiers":"","spans":[{"start":{"line":36,"offset":5},"end":{"line":38,"offset":6}}]},{"text":"getStartingSequence","kind":"method","kindModifiers":"","spans":[{"start":{"line":40,"offset":5},"end":{"line":42,"offset":6}}],"nameSpan":{"start":{"line":40,"offset":5},"end":{"line":40,"offset":24}}}]},{"text":"main","kind":"function","kindModifiers":"","spans":[{"start":{"line":45,"offset":1},"end":{"line":47,"offset":2}}],"nameSpan":{"start":{"line":45,"offset":10},"end":{"line":45,"offset":14}}},{"text":"NumberAdder","kind":"class","kindModifiers":"","spans":[{"start":{"line":29,"offset":1},"end":{"line":33,"offset":2}}],"nameSpan":{"start":{"line":29,"offset":7},"end":{"line":29,"offset":18}},"childItems":[{"text":"combine","kind":"method","kindModifiers":"","spans":[{"start":{"line":30,"offset":5},"end":{"line":32,"offset":6}}],"nameSpan":{"start":{"line":30,"offset":5},"end":{"line":30,"offset":12}},"childItems":[{"text":"l.reduce() callback","kind":"function","kindModifiers":"","spans":[{"start":{"line":31,"offset":25},"end":{"line":31,"offset":52}}]}]}]},{"text":"SequenceGenerator","kind":"class","kindModifiers":"abstract","spans":[{"start":{"line":1,"offset":1},"end":{"line":22,"offset":2}}],"nameSpan":{"start":{"line":1,"offset":16},"end":{"line":1,"offset":33}},"childItems":[{"text":"constructor","kind":"constructor","kindModifiers":"","spans":[{"start":{"line":6,"offset":5},"end":{"line":10,"offset":6}}]},{"text":"combiner","kind":"property","kindModifiers":"","spans":[{"start":{"line":2,"offset":5},"end":{"line":2,"offset":27}}],"nameSpan":{"start":{"line":2,"offset":5},"end":{"line":2,"offset":13}}},{"text":"generateSequence","kind":"method","kindModifiers":"","spans":[{"start":{"line":12,"offset":5},"end":{"line":19,"offset":6}}],"nameSpan":{"start":{"line":12,"offset":5},"end":{"line":12,"offset":21}},"childItems":[{"text":"i","kind":"var","kindModifiers":"","spans":[{"start":{"line":14,"offset":18},"end":{"line":14,"offset":23}}],"nameSpan":{"start":{"line":14,"offset":18},"end":{"line":14,"offset":19}}},{"text":"latest_window","kind":"const","kindModifiers":"","spans":[{"start":{"line":15,"offset":19},"end":{"line":15,"offset":84}}],"nameSpan":{"start":{"line":15,"offset":19},"end":{"line":15,"offset":32}}},{"text":"sequence","kind":"var","kindModifiers":"","spans":[{"start":{"line":13,"offset":13},"end":{"line":13,"offset":50}}],"nameSpan":{"start":{"line":13,"offset":13},"end":{"line":13,"offset":21}}}]},{"text":"generationLength","kind":"property","kindModifiers":"","spans":[{"start":{"line":4,"offset":5},"end":{"line":4,"offset":30}}],"nameSpan":{"start":{"line":4,"offset":5},"end":{"line":4,"offset":21}}},{"text":"getStartingSequence","kind":"method","kindModifiers":"abstract","spans":[{"start":{"line":21,"offset":5},"end":{"line":21,"offset":41}}],"nameSpan":{"start":{"line":21,"offset":14},"end":{"line":21,"offset":33}}},{"text":"windowSize","kind":"property","kindModifiers":"","spans":[{"start":{"line":3,"offset":5},"end":{"line":3,"offset":24}}],"nameSpan":{"start":{"line":3,"offset":5},"end":{"line":3,"offset":15}}}]}]}}
Info 33   [21:13:47.992] request:
    {
      "seq": 5,
      "type": "request",
      "command": "navtree",
      "arguments": {
        "file": "/Users/joshuaying/emblem/semantic-graph/test-ts/src/index.ts"
      }
    }
Perf 34   [21:13:47.993] 5::navtree: elapsed time (in milliseconds) 0.2796
Info 35   [21:13:47.993] response:
    {"seq":0,"type":"response","command":"navtree","request_seq":5,"success":true,"body":{"text":"<global>","kind":"script","kindModifiers":"","spans":[{"start":{"line":1,"offset":1},"end":{"line":71,"offset":32}}]}}
Info 36   [21:13:47.994] request:
    {
      "seq": 6,
      "type": "request",
      "command": "navtree",
      "arguments": {
        "file": "/Users/joshuaying/emblem/semantic-graph/test-ts/src/bfs-test.ts"
      }
    }
Perf 37   [21:13:47.994] 6::navtree: elapsed time (in milliseconds) 0.6147
Info 38   [21:13:47.994] response:
    {"seq":0,"type":"response","command":"navtree","request_seq":6,"success":true,"body":{"text":"<global>","kind":"script","kindModifiers":"","spans":[{"start":{"line":1,"offset":1},"end":{"line":30,"offset":2}}],"childItems":[{"text":"A","kind":"class","kindModifiers":"","spans":[{"start":{"line":1,"offset":1},"end":{"line":12,"offset":2}}],"nameSpan":{"start":{"line":1,"offset":7},"end":{"line":1,"offset":8}},"childItems":[{"text":"constructor","kind":"constructor","kindModifiers":"","spans":[{"start":{"line":3,"offset":5},"end":{"line":5,"offset":6}}]},{"text":"aField","kind":"property","kindModifiers":"","spans":[{"start":{"line":2,"offset":5},"end":{"line":2,"offset":19}}],"nameSpan":{"start":{"line":2,"offset":5},"end":{"line":2,"offset":11}}},{"text":"M","kind":"method","kindModifiers":"","spans":[{"start":{"line":6,"offset":5},"end":{"line":11,"offset":6}}],"nameSpan":{"start":{"line":6,"offset":5},"end":{"line":6,"offset":6}},"childItems":[{"text":"b","kind":"const","kindModifiers":"","spans":[{"start":{"line":7,"offset":15},"end":{"line":7,"offset":26}}],"nameSpan":{"start":{"line":7,"offset":15},"end":{"line":7,"offset":16}}}]}]},{"text":"B","kind":"class","kindModifiers":"","spans":[{"start":{"line":14,"offset":1},"end":{"line":30,"offset":2}}],"nameSpan":{"start":{"line":14,"offset":7},"end":{"line":14,"offset":8}},"childItems":[{"text":"constructor","kind":"constructor","kindModifiers":"","spans":[{"start":{"line":18,"offset":5},"end":{"line":21,"offset":6}}]},{"text":"bField","kind":"property","kindModifiers":"","spans":[{"start":{"line":15,"offset":5},"end":{"line":15,"offset":19}}],"nameSpan":{"start":{"line":15,"offset":5},"end":{"line":15,"offset":11}}},{"text":"bField2","kind":"property","kindModifiers":"","spans":[{"start":{"line":16,"offset":5},"end":{"line":16,"offset":20}}],"nameSpan":{"start":{"line":16,"offset":5},"end":{"line":16,"offset":12}}},{"text":"bField3","kind":"property","kindModifiers":"","spans":[{"start":{"line":17,"offset":5},"end":{"line":17,"offset":20}}],"nameSpan":{"start":{"line":17,"offset":5},"end":{"line":17,"offset":12}}},{"text":"C","kind":"method","kindModifiers":"","spans":[{"start":{"line":23,"offset":5},"end":{"line":25,"offset":6}}],"nameSpan":{"start":{"line":23,"offset":5},"end":{"line":23,"offset":6}}},{"text":"D","kind":"method","kindModifiers":"","spans":[{"start":{"line":27,"offset":5},"end":{"line":29,"offset":6}}],"nameSpan":{"start":{"line":27,"offset":5},"end":{"line":27,"offset":6}}}]}]}}
Info 39   [21:13:47.995] request:
    {
      "seq": 7,
      "type": "request",
      "command": "references",
      "arguments": {
        "file": "/Users/joshuaying/emblem/semantic-graph/test-ts/src/sequence-generator.ts",
        "line": 1,
        "offset": 1
      }
    }
Info 40   [21:13:47.997] Finding references to /Users/joshuaying/emblem/semantic-graph/test-ts/src/sequence-generator.ts position 0 in project /dev/null/inferredProject1*
Perf 41   [21:13:48.017] 7::references: elapsed time (in milliseconds) 21.1244
Info 42   [21:13:48.017] response:
    {"seq":0,"type":"response","command":"references","request_seq":7,"success":true,"body":{"refs":[{"file":"/Users/joshuaying/emblem/semantic-graph/test-ts/src/sequence-generator.ts","start":{"line":1,"offset":16},"end":{"line":1,"offset":33},"contextStart":{"line":1,"offset":1},"contextEnd":{"line":22,"offset":2},"isWriteAccess":true,"isDefinition":true},{"file":"/Users/joshuaying/emblem/semantic-graph/test-ts/src/sequence-generator.ts","start":{"line":35,"offset":41},"end":{"line":35,"offset":58},"isWriteAccess":false,"isDefinition":false}],"symbolName":"","symbolStartOffset":0,"symbolDisplayString":""}}
