Info 0    [19:04:38.037] Starting TS Server
Info 1    [19:04:38.038] Version: 5.2.2
Info 2    [19:04:38.038] Arguments: /usr/local/bin/node /Users/joshuaying/emblem/semantic-graph/test-ts/node_modules/typescript/lib/tsserver.js --serverMode partialSemantic --useInferredProjectPerProjectRoot --disableAutomaticTypingAcquisition --cancellationPipeName /private/var/folders/1k/1hld73x1599dxmy2mtdx1jg00000gn/T/545b215b584c3c075e68eb089cd35533/tscancellation* --logVerbosity verbose --logFile /Users/joshuaying/emblem/semantic-graph/test-ts/src/.log/tsserver-log-tLCoLe/tsserver.log --locale en --validateDefaultNpmLocation --useNodeIpc
Info 3    [19:04:38.038] Platform: darwin NodeVersion: v19.6.0 CaseSensitive: false
Info 4    [19:04:38.038] ServerMode: 1 hasUnknownServerMode: undefined
Info 5    [19:04:38.042] request:
    {
      "seq": 0,
      "type": "request",
      "command": "configure",
      "arguments": {
        "formatOptions": {
          "newLineCharacter": "\n"
        },
        "preferences": {
          "allowIncompleteCompletions": true,
          "allowRenameOfImportPath": true,
          "allowTextChangesInNewFiles": true,
          "disableLineTextInReferences": true,
          "disableSuggestions": false,
          "displayPartsForJSDoc": true,
          "generateReturnInDocTemplate": true,
          "importModuleSpecifierEnding": "auto",
          "importModuleSpecifierPreference": "shortest",
          "includeAutomaticOptionalChainCompletions": true,
          "includeCompletionsForImportStatements": true,
          "includeCompletionsForModuleExports": true,
          "includeCompletionsWithClassMemberSnippets": true,
          "includeCompletionsWithInsertText": true,
          "includeCompletionsWithObjectLiteralMethodSnippets": true,
          "includeCompletionsWithSnippetText": true,
          "includeInlayEnumMemberValueHints": false,
          "includeInlayFunctionLikeReturnTypeHints": false,
          "includeInlayFunctionParameterTypeHints": false,
          "includeInlayParameterNameHints": "none",
          "includeInlayParameterNameHintsWhenArgumentMatchesName": false,
          "includeInlayPropertyDeclarationTypeHints": false,
          "includeInlayVariableTypeHints": false,
          "includeInlayVariableTypeHintsWhenTypeMatchesName": false,
          "includePackageJsonAutoImports": "auto",
          "jsxAttributeCompletionStyle": "auto",
          "lazyConfiguredProjectsFromExternalProject": false,
          "organizeImportsAccentCollation": true,
          "organizeImportsCaseFirst": false,
          "organizeImportsCollation": "ordinal",
          "organizeImportsCollationLocale": "en",
          "organizeImportsIgnoreCase": "auto",
          "organizeImportsNumericCollation": false,
          "providePrefixAndSuffixTextForRename": true,
          "provideRefactorNotApplicableReason": true,
          "quotePreference": "auto"
        }
      }
    }
Info 6    [19:04:38.043] Format host information updated
Info 7    [19:04:38.043] response:
    {"seq":0,"type":"response","command":"configure","request_seq":0,"success":true}
Perf 8    [19:04:38.043] 0::configure: async elapsed time (in milliseconds) 0.6759
Info 9    [19:04:38.044] request:
    {
      "seq": 1,
      "type": "request",
      "command": "open",
      "arguments": {
        "file": "/Users/joshuaying/emblem/semantic-graph/test-ts/src/sequence-generator.ts",
        "fileContent": "abstract class SequenceGenerator<T> {\n    combiner: Combiner<T>;\n    windowSize: number;\n    generationLength: number;\n\n    constructor(windowSize: number, generationLength: number, combiner: Combiner<T>) {\n        this.windowSize = windowSize;\n        this.generationLength = generationLength;\n        this.combiner = combiner;\n    }\n\n    generateSequence(): T[] {\n        var sequence = this.getStartingSequence();\n        for (var i = 0; i < this.generationLength; i++) {\n            const latest_window = sequence.slice(sequence.length - this.windowSize);\n            sequence.push(this.combiner.combine(latest_window))\n        }\n        return sequence;\n    }\n\n    abstract getStartingSequence(): T[];\n}\n\n\ninterface Combiner<T> {\n    combine(l: T[]): T\n}\n\nclass NumberAdder implements Combiner<number> {\n    combine(l: number[]): number {\n        return l.reduce((prev, curr) => prev + curr)\n    }\n}\n\nclass ConcreteSequenceGenerator extends SequenceGenerator<number> {\n    generationLength: number;\n    constructor(generationLength: number) {\n        super(2, generationLength, new NumberAdder());\n        this.generationLength = generationLength;\n    }\n\n    getStartingSequence(): number[] {\n        return [0, 1];\n    }\n}\n\nfunction main() {\n    console.log((new ConcreteSequenceGenerator(10)).generateSequence());\n}\n\nmain();",
        "scriptKindName": "TS",
        "projectRootPath": "/Users/joshuaying/emblem/semantic-graph/test-ts/src"
      }
    }
Info 10   [19:04:38.046] Starting updateGraphWorker: Project: /dev/null/inferredProject1*
Info 11   [19:04:38.243] Finishing updateGraphWorker: Project: /dev/null/inferredProject1* Version: 1 structureChanged: true structureIsReused:: Not Elapsed: 197.08291673660278ms
Info 12   [19:04:38.243] Project '/dev/null/inferredProject1*' (Inferred)
Info 13   [19:04:38.244] 	Files (8)
	/Users/joshuaying/emblem/semantic-graph/test-ts/node_modules/typescript/lib/lib.d.ts
	/Users/joshuaying/emblem/semantic-graph/test-ts/node_modules/typescript/lib/lib.es5.d.ts
	/Users/joshuaying/emblem/semantic-graph/test-ts/node_modules/typescript/lib/lib.dom.d.ts
	/Users/joshuaying/emblem/semantic-graph/test-ts/node_modules/typescript/lib/lib.webworker.importscripts.d.ts
	/Users/joshuaying/emblem/semantic-graph/test-ts/node_modules/typescript/lib/lib.scripthost.d.ts
	/Users/joshuaying/emblem/semantic-graph/test-ts/node_modules/typescript/lib/lib.decorators.d.ts
	/Users/joshuaying/emblem/semantic-graph/test-ts/node_modules/typescript/lib/lib.decorators.legacy.d.ts
	/Users/joshuaying/emblem/semantic-graph/test-ts/src/sequence-generator.ts


	../node_modules/typescript/lib/lib.d.ts
	  Default library for target 'es5'
	../node_modules/typescript/lib/lib.es5.d.ts
	  Library referenced via 'es5' from file '../node_modules/typescript/lib/lib.d.ts'
	../node_modules/typescript/lib/lib.dom.d.ts
	  Library referenced via 'dom' from file '../node_modules/typescript/lib/lib.d.ts'
	../node_modules/typescript/lib/lib.webworker.importscripts.d.ts
	  Library referenced via 'webworker.importscripts' from file '../node_modules/typescript/lib/lib.d.ts'
	../node_modules/typescript/lib/lib.scripthost.d.ts
	  Library referenced via 'scripthost' from file '../node_modules/typescript/lib/lib.d.ts'
	../node_modules/typescript/lib/lib.decorators.d.ts
	  Library referenced via 'decorators' from file '../node_modules/typescript/lib/lib.es5.d.ts'
	../node_modules/typescript/lib/lib.decorators.legacy.d.ts
	  Library referenced via 'decorators.legacy' from file '../node_modules/typescript/lib/lib.es5.d.ts'
	sequence-generator.ts
	  Root file specified for compilation

Info 14   [19:04:38.244] -----------------------------------------------
Info 15   [19:04:38.244] Project '/dev/null/inferredProject1*' (Inferred)
Info 15   [19:04:38.244] 	Files (8)

Info 15   [19:04:38.244] -----------------------------------------------
Info 15   [19:04:38.244] Open files: 
Info 15   [19:04:38.244] 	FileName: /Users/joshuaying/emblem/semantic-graph/test-ts/src/sequence-generator.ts ProjectRootPath: /Users/joshuaying/emblem/semantic-graph/test-ts/src
Info 15   [19:04:38.244] 		Projects: /dev/null/inferredProject1*
Perf 15   [19:04:38.244] 1::open: async elapsed time (in milliseconds) 200.5668
Info 16   [19:04:38.244] request:
    {
      "seq": 2,
      "type": "request",
      "command": "open",
      "arguments": {
        "file": "/Users/joshuaying/emblem/semantic-graph/test-ts/src/index.ts",
        "fileContent": "// // demonstrating why we need to bubble up from child to parent\n// type WrappedType = number | void;\n\n// type WrapperType = {\n//   a: string,\n//   b: WrappedType\n// }\n\n// function f() {\n//   const x: WrapperType = {\n//     a: 'hello',\n//     b: 5\n//   }\n\n//   console.log(x.b);\n// }\n\n// interface I {\n//   m(): string;\n// }\n\n// class C implements I {\n//   m() {\n//     return \"hello\";\n//   }\n// }\n\n\n\n/*\n// Tests for LSP idiosyncracy where subclass overriding / implementation methods are referencedBy the superclass method/field.\n// method1 should NOT referenceInDefinition B.method2 (only A.method2)\nabstract class A {\n  method1() {\n    this.method2()\n  }\n  abstract method2();\n}\n\nclass B extends A {\n  method2() {}\n}\n*/\n\n\n\n/*\n// Tests for bubbling children's referenceInDefinition up to parents.\n// A should referenceInDefinition B.\nfunction B() {}\n\nclass A {\n  m1() {\n    B()\n  }\n}\n*/\n\n// class A {\n//   b: B\n// }\n\n// class B {\n//   a: A\n//   constructor(a: A) {\n//     this.a = a;\n//     this.a.b = this;\n//   }\n// }\n\n// console.log(new B(new A()));",
        "scriptKindName": "TS",
        "projectRootPath": "/Users/joshuaying/emblem/semantic-graph/test-ts/src"
      }
    }
Info 17   [19:04:38.245] Starting updateGraphWorker: Project: /dev/null/inferredProject1*
Info 18   [19:04:38.246] Finishing updateGraphWorker: Project: /dev/null/inferredProject1* Version: 2 structureChanged: true structureIsReused:: Not Elapsed: 1.8735413551330566ms
Info 19   [19:04:38.247] Project '/dev/null/inferredProject1*' (Inferred)
Info 20   [19:04:38.247] 	Files (9)
	/Users/joshuaying/emblem/semantic-graph/test-ts/node_modules/typescript/lib/lib.d.ts
	/Users/joshuaying/emblem/semantic-graph/test-ts/node_modules/typescript/lib/lib.es5.d.ts
	/Users/joshuaying/emblem/semantic-graph/test-ts/node_modules/typescript/lib/lib.dom.d.ts
	/Users/joshuaying/emblem/semantic-graph/test-ts/node_modules/typescript/lib/lib.webworker.importscripts.d.ts
	/Users/joshuaying/emblem/semantic-graph/test-ts/node_modules/typescript/lib/lib.scripthost.d.ts
	/Users/joshuaying/emblem/semantic-graph/test-ts/node_modules/typescript/lib/lib.decorators.d.ts
	/Users/joshuaying/emblem/semantic-graph/test-ts/node_modules/typescript/lib/lib.decorators.legacy.d.ts
	/Users/joshuaying/emblem/semantic-graph/test-ts/src/sequence-generator.ts
	/Users/joshuaying/emblem/semantic-graph/test-ts/src/index.ts


	../node_modules/typescript/lib/lib.d.ts
	  Default library for target 'es5'
	../node_modules/typescript/lib/lib.es5.d.ts
	  Library referenced via 'es5' from file '../node_modules/typescript/lib/lib.d.ts'
	../node_modules/typescript/lib/lib.dom.d.ts
	  Library referenced via 'dom' from file '../node_modules/typescript/lib/lib.d.ts'
	../node_modules/typescript/lib/lib.webworker.importscripts.d.ts
	  Library referenced via 'webworker.importscripts' from file '../node_modules/typescript/lib/lib.d.ts'
	../node_modules/typescript/lib/lib.scripthost.d.ts
	  Library referenced via 'scripthost' from file '../node_modules/typescript/lib/lib.d.ts'
	../node_modules/typescript/lib/lib.decorators.d.ts
	  Library referenced via 'decorators' from file '../node_modules/typescript/lib/lib.es5.d.ts'
	../node_modules/typescript/lib/lib.decorators.legacy.d.ts
	  Library referenced via 'decorators.legacy' from file '../node_modules/typescript/lib/lib.es5.d.ts'
	sequence-generator.ts
	  Root file specified for compilation
	index.ts
	  Root file specified for compilation

Info 21   [19:04:38.247] -----------------------------------------------
Info 22   [19:04:38.247] Project '/dev/null/inferredProject1*' (Inferred)
Info 22   [19:04:38.247] 	Files (9)

Info 22   [19:04:38.247] -----------------------------------------------
Info 22   [19:04:38.247] Open files: 
Info 22   [19:04:38.247] 	FileName: /Users/joshuaying/emblem/semantic-graph/test-ts/src/sequence-generator.ts ProjectRootPath: /Users/joshuaying/emblem/semantic-graph/test-ts/src
Info 22   [19:04:38.247] 		Projects: /dev/null/inferredProject1*
Info 22   [19:04:38.247] 	FileName: /Users/joshuaying/emblem/semantic-graph/test-ts/src/index.ts ProjectRootPath: /Users/joshuaying/emblem/semantic-graph/test-ts/src
Info 22   [19:04:38.247] 		Projects: /dev/null/inferredProject1*
Perf 22   [19:04:38.247] 2::open: async elapsed time (in milliseconds) 2.3814
Info 23   [19:04:38.247] request:
    {
      "seq": 3,
      "type": "request",
      "command": "navtree",
      "arguments": {
        "file": "/Users/joshuaying/emblem/semantic-graph/test-ts/src/sequence-generator.ts"
      }
    }
Perf 24   [19:04:38.257] 3::navtree: elapsed time (in milliseconds) 10.2552
Info 25   [19:04:38.257] response:
    {"seq":0,"type":"response","command":"navtree","request_seq":3,"success":true,"body":{"text":"<global>","kind":"script","kindModifiers":"","spans":[{"start":{"line":1,"offset":1},"end":{"line":51,"offset":8}}],"childItems":[{"text":"Combiner","kind":"interface","kindModifiers":"","spans":[{"start":{"line":25,"offset":1},"end":{"line":27,"offset":2}}],"nameSpan":{"start":{"line":25,"offset":11},"end":{"line":25,"offset":19}},"childItems":[{"text":"combine","kind":"method","kindModifiers":"","spans":[{"start":{"line":26,"offset":5},"end":{"line":26,"offset":23}}],"nameSpan":{"start":{"line":26,"offset":5},"end":{"line":26,"offset":12}}}]},{"text":"ConcreteSequenceGenerator","kind":"class","kindModifiers":"","spans":[{"start":{"line":35,"offset":1},"end":{"line":45,"offset":2}}],"nameSpan":{"start":{"line":35,"offset":7},"end":{"line":35,"offset":32}},"childItems":[{"text":"constructor","kind":"constructor","kindModifiers":"","spans":[{"start":{"line":37,"offset":5},"end":{"line":40,"offset":6}}]},{"text":"generationLength","kind":"property","kindModifiers":"","spans":[{"start":{"line":36,"offset":5},"end":{"line":36,"offset":30}}],"nameSpan":{"start":{"line":36,"offset":5},"end":{"line":36,"offset":21}}},{"text":"getStartingSequence","kind":"method","kindModifiers":"","spans":[{"start":{"line":42,"offset":5},"end":{"line":44,"offset":6}}],"nameSpan":{"start":{"line":42,"offset":5},"end":{"line":42,"offset":24}}}]},{"text":"main","kind":"function","kindModifiers":"","spans":[{"start":{"line":47,"offset":1},"end":{"line":49,"offset":2}}],"nameSpan":{"start":{"line":47,"offset":10},"end":{"line":47,"offset":14}}},{"text":"NumberAdder","kind":"class","kindModifiers":"","spans":[{"start":{"line":29,"offset":1},"end":{"line":33,"offset":2}}],"nameSpan":{"start":{"line":29,"offset":7},"end":{"line":29,"offset":18}},"childItems":[{"text":"combine","kind":"method","kindModifiers":"","spans":[{"start":{"line":30,"offset":5},"end":{"line":32,"offset":6}}],"nameSpan":{"start":{"line":30,"offset":5},"end":{"line":30,"offset":12}},"childItems":[{"text":"l.reduce() callback","kind":"function","kindModifiers":"","spans":[{"start":{"line":31,"offset":25},"end":{"line":31,"offset":52}}]}]}]},{"text":"SequenceGenerator","kind":"class","kindModifiers":"abstract","spans":[{"start":{"line":1,"offset":1},"end":{"line":22,"offset":2}}],"nameSpan":{"start":{"line":1,"offset":16},"end":{"line":1,"offset":33}},"childItems":[{"text":"constructor","kind":"constructor","kindModifiers":"","spans":[{"start":{"line":6,"offset":5},"end":{"line":10,"offset":6}}]},{"text":"combiner","kind":"property","kindModifiers":"","spans":[{"start":{"line":2,"offset":5},"end":{"line":2,"offset":27}}],"nameSpan":{"start":{"line":2,"offset":5},"end":{"line":2,"offset":13}}},{"text":"generateSequence","kind":"method","kindModifiers":"","spans":[{"start":{"line":12,"offset":5},"end":{"line":19,"offset":6}}],"nameSpan":{"start":{"line":12,"offset":5},"end":{"line":12,"offset":21}},"childItems":[{"text":"i","kind":"var","kindModifiers":"","spans":[{"start":{"line":14,"offset":18},"end":{"line":14,"offset":23}}],"nameSpan":{"start":{"line":14,"offset":18},"end":{"line":14,"offset":19}}},{"text":"latest_window","kind":"const","kindModifiers":"","spans":[{"start":{"line":15,"offset":19},"end":{"line":15,"offset":84}}],"nameSpan":{"start":{"line":15,"offset":19},"end":{"line":15,"offset":32}}},{"text":"sequence","kind":"var","kindModifiers":"","spans":[{"start":{"line":13,"offset":13},"end":{"line":13,"offset":50}}],"nameSpan":{"start":{"line":13,"offset":13},"end":{"line":13,"offset":21}}}]},{"text":"generationLength","kind":"property","kindModifiers":"","spans":[{"start":{"line":4,"offset":5},"end":{"line":4,"offset":30}}],"nameSpan":{"start":{"line":4,"offset":5},"end":{"line":4,"offset":21}}},{"text":"getStartingSequence","kind":"method","kindModifiers":"abstract","spans":[{"start":{"line":21,"offset":5},"end":{"line":21,"offset":41}}],"nameSpan":{"start":{"line":21,"offset":14},"end":{"line":21,"offset":33}}},{"text":"windowSize","kind":"property","kindModifiers":"","spans":[{"start":{"line":3,"offset":5},"end":{"line":3,"offset":24}}],"nameSpan":{"start":{"line":3,"offset":5},"end":{"line":3,"offset":15}}}]}]}}
Info 26   [19:04:38.261] request:
    {
      "seq": 4,
      "type": "request",
      "command": "navtree",
      "arguments": {
        "file": "/Users/joshuaying/emblem/semantic-graph/test-ts/src/index.ts"
      }
    }
Perf 27   [19:04:38.262] 4::navtree: elapsed time (in milliseconds) 0.2688
Info 28   [19:04:38.262] response:
    {"seq":0,"type":"response","command":"navtree","request_seq":4,"success":true,"body":{"text":"<global>","kind":"script","kindModifiers":"","spans":[{"start":{"line":1,"offset":1},"end":{"line":71,"offset":32}}]}}
Info 29   [19:04:38.263] request:
    {
      "seq": 5,
      "type": "request",
      "command": "references",
      "arguments": {
        "file": "/Users/joshuaying/emblem/semantic-graph/test-ts/src/sequence-generator.ts",
        "line": 1,
        "offset": 1
      }
    }
Info 30   [19:04:38.264] Finding references to /Users/joshuaying/emblem/semantic-graph/test-ts/src/sequence-generator.ts position 0 in project /dev/null/inferredProject1*
Perf 31   [19:04:38.285] 5::references: elapsed time (in milliseconds) 22.7145
Info 32   [19:04:38.286] response:
    {"seq":0,"type":"response","command":"references","request_seq":5,"success":true,"body":{"refs":[{"file":"/Users/joshuaying/emblem/semantic-graph/test-ts/src/sequence-generator.ts","start":{"line":1,"offset":16},"end":{"line":1,"offset":33},"contextStart":{"line":1,"offset":1},"contextEnd":{"line":22,"offset":2},"isWriteAccess":true,"isDefinition":true},{"file":"/Users/joshuaying/emblem/semantic-graph/test-ts/src/sequence-generator.ts","start":{"line":35,"offset":41},"end":{"line":35,"offset":58},"isWriteAccess":false,"isDefinition":false}],"symbolName":"","symbolStartOffset":0,"symbolDisplayString":""}}
Info 33   [19:04:38.287] request:
    {
      "seq": 6,
      "type": "request",
      "command": "references",
      "arguments": {
        "file": "/Users/joshuaying/emblem/semantic-graph/test-ts/src/sequence-generator.ts",
        "line": 2,
        "offset": 5
      }
    }
Info 34   [19:04:38.287] Finding references to /Users/joshuaying/emblem/semantic-graph/test-ts/src/sequence-generator.ts position 42 in project /dev/null/inferredProject1*
Perf 35   [19:04:38.294] 6::references: elapsed time (in milliseconds) 7.1221
Info 36   [19:04:38.294] response:
    {"seq":0,"type":"response","command":"references","request_seq":6,"success":true,"body":{"refs":[{"file":"/Users/joshuaying/emblem/semantic-graph/test-ts/src/sequence-generator.ts","start":{"line":2,"offset":5},"end":{"line":2,"offset":13},"contextStart":{"line":2,"offset":5},"contextEnd":{"line":2,"offset":27},"isWriteAccess":false,"isDefinition":true},{"file":"/Users/joshuaying/emblem/semantic-graph/test-ts/src/sequence-generator.ts","start":{"line":9,"offset":14},"end":{"line":9,"offset":22},"isWriteAccess":true,"isDefinition":false},{"file":"/Users/joshuaying/emblem/semantic-graph/test-ts/src/sequence-generator.ts","start":{"line":16,"offset":32},"end":{"line":16,"offset":40},"isWriteAccess":false,"isDefinition":false}],"symbolName":"combiner","symbolStartOffset":5,"symbolDisplayString":"(property) SequenceGenerator<T>.combiner: Combiner<T>"}}
Info 37   [19:04:38.295] request:
    {
      "seq": 7,
      "type": "request",
      "command": "references",
      "arguments": {
        "file": "/Users/joshuaying/emblem/semantic-graph/test-ts/src/sequence-generator.ts",
        "line": 3,
        "offset": 5
      }
    }
Info 38   [19:04:38.295] Finding references to /Users/joshuaying/emblem/semantic-graph/test-ts/src/sequence-generator.ts position 69 in project /dev/null/inferredProject1*
Perf 39   [19:04:38.297] 7::references: elapsed time (in milliseconds) 1.8488
Info 40   [19:04:38.297] response:
    {"seq":0,"type":"response","command":"references","request_seq":7,"success":true,"body":{"refs":[{"file":"/Users/joshuaying/emblem/semantic-graph/test-ts/src/sequence-generator.ts","start":{"line":3,"offset":5},"end":{"line":3,"offset":15},"contextStart":{"line":3,"offset":5},"contextEnd":{"line":3,"offset":24},"isWriteAccess":false,"isDefinition":true},{"file":"/Users/joshuaying/emblem/semantic-graph/test-ts/src/sequence-generator.ts","start":{"line":7,"offset":14},"end":{"line":7,"offset":24},"isWriteAccess":true,"isDefinition":false},{"file":"/Users/joshuaying/emblem/semantic-graph/test-ts/src/sequence-generator.ts","start":{"line":15,"offset":73},"end":{"line":15,"offset":83},"isWriteAccess":false,"isDefinition":false}],"symbolName":"windowSize","symbolStartOffset":5,"symbolDisplayString":"(property) SequenceGenerator<T>.windowSize: number"}}
Info 41   [19:04:38.298] request:
    {
      "seq": 8,
      "type": "request",
      "command": "references",
      "arguments": {
        "file": "/Users/joshuaying/emblem/semantic-graph/test-ts/src/sequence-generator.ts",
        "line": 4,
        "offset": 5
      }
    }
Info 42   [19:04:38.298] Finding references to /Users/joshuaying/emblem/semantic-graph/test-ts/src/sequence-generator.ts position 93 in project /dev/null/inferredProject1*
Perf 43   [19:04:38.302] 8::references: elapsed time (in milliseconds) 3.8769
Info 44   [19:04:38.302] response:
    {"seq":0,"type":"response","command":"references","request_seq":8,"success":true,"body":{"refs":[{"file":"/Users/joshuaying/emblem/semantic-graph/test-ts/src/sequence-generator.ts","start":{"line":4,"offset":5},"end":{"line":4,"offset":21},"contextStart":{"line":4,"offset":5},"contextEnd":{"line":4,"offset":30},"isWriteAccess":false,"isDefinition":true},{"file":"/Users/joshuaying/emblem/semantic-graph/test-ts/src/sequence-generator.ts","start":{"line":8,"offset":14},"end":{"line":8,"offset":30},"isWriteAccess":true,"isDefinition":false},{"file":"/Users/joshuaying/emblem/semantic-graph/test-ts/src/sequence-generator.ts","start":{"line":14,"offset":34},"end":{"line":14,"offset":50},"isWriteAccess":false,"isDefinition":false},{"file":"/Users/joshuaying/emblem/semantic-graph/test-ts/src/sequence-generator.ts","start":{"line":36,"offset":5},"end":{"line":36,"offset":21},"contextStart":{"line":36,"offset":5},"contextEnd":{"line":36,"offset":30},"isWriteAccess":false,"isDefinition":false},{"file":"/Users/joshuaying/emblem/semantic-graph/test-ts/src/sequence-generator.ts","start":{"line":39,"offset":14},"end":{"line":39,"offset":30},"isWriteAccess":true,"isDefinition":false}],"symbolName":"generationLength","symbolStartOffset":5,"symbolDisplayString":"(property) SequenceGenerator<T>.generationLength: number"}}
Info 45   [19:04:38.303] request:
    {
      "seq": 9,
      "type": "request",
      "command": "references",
      "arguments": {
        "file": "/Users/joshuaying/emblem/semantic-graph/test-ts/src/sequence-generator.ts",
        "line": 6,
        "offset": 5
      }
    }
Info 46   [19:04:38.303] Finding references to /Users/joshuaying/emblem/semantic-graph/test-ts/src/sequence-generator.ts position 124 in project /dev/null/inferredProject1*
Perf 47   [19:04:38.307] 9::references: elapsed time (in milliseconds) 3.7697
Info 48   [19:04:38.307] response:
    {"seq":0,"type":"response","command":"references","request_seq":9,"success":true,"body":{"refs":[{"file":"/Users/joshuaying/emblem/semantic-graph/test-ts/src/sequence-generator.ts","start":{"line":6,"offset":5},"end":{"line":6,"offset":16},"contextStart":{"line":6,"offset":5},"contextEnd":{"line":10,"offset":6},"isWriteAccess":false,"isDefinition":true},{"file":"/Users/joshuaying/emblem/semantic-graph/test-ts/src/sequence-generator.ts","start":{"line":38,"offset":9},"end":{"line":38,"offset":14},"isWriteAccess":false,"isDefinition":false}],"symbolName":"constructor","symbolStartOffset":5,"symbolDisplayString":"constructor SequenceGenerator<T>(windowSize: number, generationLength: number, combiner: Combiner<T>): SequenceGenerator<T>"}}
Info 49   [19:04:38.308] request:
    {
      "seq": 10,
      "type": "request",
      "command": "references",
      "arguments": {
        "file": "/Users/joshuaying/emblem/semantic-graph/test-ts/src/sequence-generator.ts",
        "line": 12,
        "offset": 5
      }
    }
Info 50   [19:04:38.308] Finding references to /Users/joshuaying/emblem/semantic-graph/test-ts/src/sequence-generator.ts position 340 in project /dev/null/inferredProject1*
Perf 51   [19:04:38.311] 10::references: elapsed time (in milliseconds) 3.1804
Info 52   [19:04:38.311] response:
    {"seq":0,"type":"response","command":"references","request_seq":10,"success":true,"body":{"refs":[{"file":"/Users/joshuaying/emblem/semantic-graph/test-ts/src/sequence-generator.ts","start":{"line":12,"offset":5},"end":{"line":12,"offset":21},"contextStart":{"line":12,"offset":5},"contextEnd":{"line":19,"offset":6},"isWriteAccess":true,"isDefinition":true},{"file":"/Users/joshuaying/emblem/semantic-graph/test-ts/src/sequence-generator.ts","start":{"line":48,"offset":53},"end":{"line":48,"offset":69},"isWriteAccess":false,"isDefinition":false}],"symbolName":"generateSequence","symbolStartOffset":5,"symbolDisplayString":"(method) SequenceGenerator<T>.generateSequence(): T[]"}}
Info 53   [19:04:38.312] request:
    {
      "seq": 11,
      "type": "request",
      "command": "references",
      "arguments": {
        "file": "/Users/joshuaying/emblem/semantic-graph/test-ts/src/sequence-generator.ts",
        "line": 21,
        "offset": 5
      }
    }
Info 54   [19:04:38.312] Finding references to /Users/joshuaying/emblem/semantic-graph/test-ts/src/sequence-generator.ts position 670 in project /dev/null/inferredProject1*
Perf 55   [19:04:38.313] 11::references: elapsed time (in milliseconds) 1.3656
Info 56   [19:04:38.313] response:
    {"seq":0,"type":"response","command":"references","request_seq":11,"success":true,"body":{"refs":[{"file":"/Users/joshuaying/emblem/semantic-graph/test-ts/src/sequence-generator.ts","start":{"line":13,"offset":29},"end":{"line":13,"offset":48},"isWriteAccess":false,"isDefinition":false},{"file":"/Users/joshuaying/emblem/semantic-graph/test-ts/src/sequence-generator.ts","start":{"line":21,"offset":14},"end":{"line":21,"offset":33},"contextStart":{"line":21,"offset":5},"contextEnd":{"line":21,"offset":41},"isWriteAccess":false,"isDefinition":true},{"file":"/Users/joshuaying/emblem/semantic-graph/test-ts/src/sequence-generator.ts","start":{"line":42,"offset":5},"end":{"line":42,"offset":24},"contextStart":{"line":42,"offset":5},"contextEnd":{"line":44,"offset":6},"isWriteAccess":true,"isDefinition":false}],"symbolName":"","symbolStartOffset":0,"symbolDisplayString":""}}
Info 57   [19:04:38.314] request:
    {
      "seq": 12,
      "type": "request",
      "command": "references",
      "arguments": {
        "file": "/Users/joshuaying/emblem/semantic-graph/test-ts/src/sequence-generator.ts",
        "line": 25,
        "offset": 1
      }
    }
Info 58   [19:04:38.314] Finding references to /Users/joshuaying/emblem/semantic-graph/test-ts/src/sequence-generator.ts position 711 in project /dev/null/inferredProject1*
Perf 59   [19:04:38.315] 12::references: elapsed time (in milliseconds) 0.6702
Info 60   [19:04:38.315] response:
    {"seq":0,"type":"response","command":"references","request_seq":12,"success":true,"body":{"refs":[{"file":"/Users/joshuaying/emblem/semantic-graph/test-ts/src/sequence-generator.ts","start":{"line":2,"offset":15},"end":{"line":2,"offset":23},"isWriteAccess":false,"isDefinition":false},{"file":"/Users/joshuaying/emblem/semantic-graph/test-ts/src/sequence-generator.ts","start":{"line":6,"offset":73},"end":{"line":6,"offset":81},"isWriteAccess":false,"isDefinition":false},{"file":"/Users/joshuaying/emblem/semantic-graph/test-ts/src/sequence-generator.ts","start":{"line":25,"offset":11},"end":{"line":25,"offset":19},"contextStart":{"line":25,"offset":1},"contextEnd":{"line":27,"offset":2},"isWriteAccess":true,"isDefinition":true},{"file":"/Users/joshuaying/emblem/semantic-graph/test-ts/src/sequence-generator.ts","start":{"line":29,"offset":30},"end":{"line":29,"offset":38},"isWriteAccess":false,"isDefinition":false}],"symbolName":"","symbolStartOffset":0,"symbolDisplayString":""}}
Info 61   [19:04:38.315] request:
    {
      "seq": 13,
      "type": "request",
      "command": "references",
      "arguments": {
        "file": "/Users/joshuaying/emblem/semantic-graph/test-ts/src/sequence-generator.ts",
        "line": 26,
        "offset": 5
      }
    }
Info 62   [19:04:38.315] Finding references to /Users/joshuaying/emblem/semantic-graph/test-ts/src/sequence-generator.ts position 739 in project /dev/null/inferredProject1*
Perf 63   [19:04:38.318] 13::references: elapsed time (in milliseconds) 2.9708
Info 64   [19:04:38.318] response:
    {"seq":0,"type":"response","command":"references","request_seq":13,"success":true,"body":{"refs":[{"file":"/Users/joshuaying/emblem/semantic-graph/test-ts/src/sequence-generator.ts","start":{"line":16,"offset":41},"end":{"line":16,"offset":48},"isWriteAccess":false,"isDefinition":false},{"file":"/Users/joshuaying/emblem/semantic-graph/test-ts/src/sequence-generator.ts","start":{"line":26,"offset":5},"end":{"line":26,"offset":12},"contextStart":{"line":26,"offset":5},"contextEnd":{"line":26,"offset":23},"isWriteAccess":false,"isDefinition":true},{"file":"/Users/joshuaying/emblem/semantic-graph/test-ts/src/sequence-generator.ts","start":{"line":30,"offset":5},"end":{"line":30,"offset":12},"contextStart":{"line":30,"offset":5},"contextEnd":{"line":32,"offset":6},"isWriteAccess":true,"isDefinition":false}],"symbolName":"combine","symbolStartOffset":5,"symbolDisplayString":"(method) Combiner<T>.combine(l: T[]): T"}}
Info 65   [19:04:38.319] request:
    {
      "seq": 14,
      "type": "request",
      "command": "references",
      "arguments": {
        "file": "/Users/joshuaying/emblem/semantic-graph/test-ts/src/sequence-generator.ts",
        "line": 29,
        "offset": 1
      }
    }
Info 66   [19:04:38.319] Finding references to /Users/joshuaying/emblem/semantic-graph/test-ts/src/sequence-generator.ts position 761 in project /dev/null/inferredProject1*
Perf 67   [19:04:38.320] 14::references: elapsed time (in milliseconds) 0.7489
Info 68   [19:04:38.320] response:
    {"seq":0,"type":"response","command":"references","request_seq":14,"success":true,"body":{"refs":[{"file":"/Users/joshuaying/emblem/semantic-graph/test-ts/src/sequence-generator.ts","start":{"line":29,"offset":7},"end":{"line":29,"offset":18},"contextStart":{"line":29,"offset":1},"contextEnd":{"line":33,"offset":2},"isWriteAccess":true,"isDefinition":true},{"file":"/Users/joshuaying/emblem/semantic-graph/test-ts/src/sequence-generator.ts","start":{"line":38,"offset":40},"end":{"line":38,"offset":51},"isWriteAccess":false,"isDefinition":false}],"symbolName":"class","symbolStartOffset":1,"symbolDisplayString":"class NumberAdder"}}
Info 69   [19:04:38.321] request:
    {
      "seq": 15,
      "type": "request",
      "command": "references",
      "arguments": {
        "file": "/Users/joshuaying/emblem/semantic-graph/test-ts/src/sequence-generator.ts",
        "line": 30,
        "offset": 5
      }
    }
Info 70   [19:04:38.321] Finding references to /Users/joshuaying/emblem/semantic-graph/test-ts/src/sequence-generator.ts position 813 in project /dev/null/inferredProject1*
Perf 71   [19:04:38.322] 15::references: elapsed time (in milliseconds) 1.1816
Info 72   [19:04:38.322] response:
    {"seq":0,"type":"response","command":"references","request_seq":15,"success":true,"body":{"refs":[{"file":"/Users/joshuaying/emblem/semantic-graph/test-ts/src/sequence-generator.ts","start":{"line":16,"offset":41},"end":{"line":16,"offset":48},"isWriteAccess":false,"isDefinition":false},{"file":"/Users/joshuaying/emblem/semantic-graph/test-ts/src/sequence-generator.ts","start":{"line":26,"offset":5},"end":{"line":26,"offset":12},"contextStart":{"line":26,"offset":5},"contextEnd":{"line":26,"offset":23},"isWriteAccess":false,"isDefinition":false},{"file":"/Users/joshuaying/emblem/semantic-graph/test-ts/src/sequence-generator.ts","start":{"line":30,"offset":5},"end":{"line":30,"offset":12},"contextStart":{"line":30,"offset":5},"contextEnd":{"line":32,"offset":6},"isWriteAccess":true,"isDefinition":true}],"symbolName":"combine","symbolStartOffset":5,"symbolDisplayString":"(method) NumberAdder.combine(l: number[]): number"}}
Info 73   [19:04:38.322] request:
    {
      "seq": 16,
      "type": "request",
      "command": "references",
      "arguments": {
        "file": "/Users/joshuaying/emblem/semantic-graph/test-ts/src/sequence-generator.ts",
        "line": 35,
        "offset": 1
      }
    }
Info 74   [19:04:38.323] Finding references to /Users/joshuaying/emblem/semantic-graph/test-ts/src/sequence-generator.ts position 906 in project /dev/null/inferredProject1*
Perf 75   [19:04:38.323] 16::references: elapsed time (in milliseconds) 0.6806
Info 76   [19:04:38.323] response:
    {"seq":0,"type":"response","command":"references","request_seq":16,"success":true,"body":{"refs":[{"file":"/Users/joshuaying/emblem/semantic-graph/test-ts/src/sequence-generator.ts","start":{"line":35,"offset":7},"end":{"line":35,"offset":32},"contextStart":{"line":35,"offset":1},"contextEnd":{"line":45,"offset":2},"isWriteAccess":true,"isDefinition":true},{"file":"/Users/joshuaying/emblem/semantic-graph/test-ts/src/sequence-generator.ts","start":{"line":48,"offset":22},"end":{"line":48,"offset":47},"isWriteAccess":false,"isDefinition":false}],"symbolName":"class","symbolStartOffset":1,"symbolDisplayString":"class ConcreteSequenceGenerator"}}
Info 77   [19:04:38.324] request:
    {
      "seq": 17,
      "type": "request",
      "command": "references",
      "arguments": {
        "file": "/Users/joshuaying/emblem/semantic-graph/test-ts/src/sequence-generator.ts",
        "line": 36,
        "offset": 5
      }
    }
Info 78   [19:04:38.324] Finding references to /Users/joshuaying/emblem/semantic-graph/test-ts/src/sequence-generator.ts position 978 in project /dev/null/inferredProject1*
Perf 79   [19:04:38.325] 17::references: elapsed time (in milliseconds) 1.1659
Info 80   [19:04:38.325] response:
    {"seq":0,"type":"response","command":"references","request_seq":17,"success":true,"body":{"refs":[{"file":"/Users/joshuaying/emblem/semantic-graph/test-ts/src/sequence-generator.ts","start":{"line":4,"offset":5},"end":{"line":4,"offset":21},"contextStart":{"line":4,"offset":5},"contextEnd":{"line":4,"offset":30},"isWriteAccess":false,"isDefinition":false},{"file":"/Users/joshuaying/emblem/semantic-graph/test-ts/src/sequence-generator.ts","start":{"line":8,"offset":14},"end":{"line":8,"offset":30},"isWriteAccess":true,"isDefinition":false},{"file":"/Users/joshuaying/emblem/semantic-graph/test-ts/src/sequence-generator.ts","start":{"line":14,"offset":34},"end":{"line":14,"offset":50},"isWriteAccess":false,"isDefinition":false},{"file":"/Users/joshuaying/emblem/semantic-graph/test-ts/src/sequence-generator.ts","start":{"line":36,"offset":5},"end":{"line":36,"offset":21},"contextStart":{"line":36,"offset":5},"contextEnd":{"line":36,"offset":30},"isWriteAccess":false,"isDefinition":true},{"file":"/Users/joshuaying/emblem/semantic-graph/test-ts/src/sequence-generator.ts","start":{"line":39,"offset":14},"end":{"line":39,"offset":30},"isWriteAccess":true,"isDefinition":false}],"symbolName":"generationLength","symbolStartOffset":5,"symbolDisplayString":"(property) ConcreteSequenceGenerator.generationLength: number"}}
Info 81   [19:04:38.325] request:
    {
      "seq": 18,
      "type": "request",
      "command": "references",
      "arguments": {
        "file": "/Users/joshuaying/emblem/semantic-graph/test-ts/src/sequence-generator.ts",
        "line": 37,
        "offset": 5
      }
    }
Info 82   [19:04:38.325] Finding references to /Users/joshuaying/emblem/semantic-graph/test-ts/src/sequence-generator.ts position 1008 in project /dev/null/inferredProject1*
Perf 83   [19:04:38.326] 18::references: elapsed time (in milliseconds) 0.8301
Info 84   [19:04:38.326] response:
    {"seq":0,"type":"response","command":"references","request_seq":18,"success":true,"body":{"refs":[{"file":"/Users/joshuaying/emblem/semantic-graph/test-ts/src/sequence-generator.ts","start":{"line":37,"offset":5},"end":{"line":37,"offset":16},"contextStart":{"line":37,"offset":5},"contextEnd":{"line":40,"offset":6},"isWriteAccess":false,"isDefinition":true},{"file":"/Users/joshuaying/emblem/semantic-graph/test-ts/src/sequence-generator.ts","start":{"line":48,"offset":22},"end":{"line":48,"offset":47},"isWriteAccess":false,"isDefinition":false}],"symbolName":"constructor","symbolStartOffset":5,"symbolDisplayString":"constructor ConcreteSequenceGenerator(generationLength: number): ConcreteSequenceGenerator"}}
Info 85   [19:04:38.327] request:
    {
      "seq": 19,
      "type": "request",
      "command": "references",
      "arguments": {
        "file": "/Users/joshuaying/emblem/semantic-graph/test-ts/src/sequence-generator.ts",
        "line": 42,
        "offset": 5
      }
    }
Info 86   [19:04:38.327] Finding references to /Users/joshuaying/emblem/semantic-graph/test-ts/src/sequence-generator.ts position 1164 in project /dev/null/inferredProject1*
Perf 87   [19:04:38.328] 19::references: elapsed time (in milliseconds) 0.9506
Info 88   [19:04:38.328] response:
    {"seq":0,"type":"response","command":"references","request_seq":19,"success":true,"body":{"refs":[{"file":"/Users/joshuaying/emblem/semantic-graph/test-ts/src/sequence-generator.ts","start":{"line":13,"offset":29},"end":{"line":13,"offset":48},"isWriteAccess":false,"isDefinition":false},{"file":"/Users/joshuaying/emblem/semantic-graph/test-ts/src/sequence-generator.ts","start":{"line":21,"offset":14},"end":{"line":21,"offset":33},"contextStart":{"line":21,"offset":5},"contextEnd":{"line":21,"offset":41},"isWriteAccess":false,"isDefinition":false},{"file":"/Users/joshuaying/emblem/semantic-graph/test-ts/src/sequence-generator.ts","start":{"line":42,"offset":5},"end":{"line":42,"offset":24},"contextStart":{"line":42,"offset":5},"contextEnd":{"line":44,"offset":6},"isWriteAccess":true,"isDefinition":true}],"symbolName":"getStartingSequence","symbolStartOffset":5,"symbolDisplayString":"(method) ConcreteSequenceGenerator.getStartingSequence(): number[]"}}
Info 89   [19:04:38.328] request:
    {
      "seq": 20,
      "type": "request",
      "command": "references",
      "arguments": {
        "file": "/Users/joshuaying/emblem/semantic-graph/test-ts/src/sequence-generator.ts",
        "line": 47,
        "offset": 1
      }
    }
Info 90   [19:04:38.329] Finding references to /Users/joshuaying/emblem/semantic-graph/test-ts/src/sequence-generator.ts position 1230 in project /dev/null/inferredProject1*
Perf 91   [19:04:38.331] 20::references: elapsed time (in milliseconds) 2.3616
Info 92   [19:04:38.331] response:
    {"seq":0,"type":"response","command":"references","request_seq":20,"success":true,"body":{"refs":[{"file":"/Users/joshuaying/emblem/semantic-graph/test-ts/src/sequence-generator.ts","start":{"line":47,"offset":10},"end":{"line":47,"offset":14},"contextStart":{"line":47,"offset":1},"contextEnd":{"line":49,"offset":2},"isWriteAccess":true,"isDefinition":true},{"file":"/Users/joshuaying/emblem/semantic-graph/test-ts/src/sequence-generator.ts","start":{"line":51,"offset":1},"end":{"line":51,"offset":5},"isWriteAccess":false,"isDefinition":false}],"symbolName":"function","symbolStartOffset":1,"symbolDisplayString":"function main(): void"}}
