Info 0    [19:32:41.937] Starting TS Server
Info 1    [19:32:41.938] Version: 5.2.2
Info 2    [19:32:41.938] Arguments: /usr/local/bin/node /Users/joshuaying/emblem/semantic-graph/test-ts/node_modules/typescript/lib/tsserver.js --serverMode partialSemantic --useInferredProjectPerProjectRoot --disableAutomaticTypingAcquisition --cancellationPipeName /private/var/folders/1k/1hld73x1599dxmy2mtdx1jg00000gn/T/4c7c0ede999bf78d396f9bba3559d992/tscancellation* --logVerbosity verbose --logFile /Users/joshuaying/emblem/semantic-graph/test-ts/src/.log/tsserver-log-k63GwI/tsserver.log --locale en --validateDefaultNpmLocation --useNodeIpc
Info 3    [19:32:41.938] Platform: darwin NodeVersion: v19.6.0 CaseSensitive: false
Info 4    [19:32:41.938] ServerMode: 1 hasUnknownServerMode: undefined
Info 5    [19:32:41.943] request:
    {
      "seq": 0,
      "type": "request",
      "command": "configure",
      "arguments": {
        "formatOptions": {
          "newLineCharacter": "\n"
        },
        "preferences": {
          "allowIncompleteCompletions": true,
          "allowRenameOfImportPath": true,
          "allowTextChangesInNewFiles": true,
          "disableLineTextInReferences": true,
          "disableSuggestions": false,
          "displayPartsForJSDoc": true,
          "generateReturnInDocTemplate": true,
          "importModuleSpecifierEnding": "auto",
          "importModuleSpecifierPreference": "shortest",
          "includeAutomaticOptionalChainCompletions": true,
          "includeCompletionsForImportStatements": true,
          "includeCompletionsForModuleExports": true,
          "includeCompletionsWithClassMemberSnippets": true,
          "includeCompletionsWithInsertText": true,
          "includeCompletionsWithObjectLiteralMethodSnippets": true,
          "includeCompletionsWithSnippetText": true,
          "includeInlayEnumMemberValueHints": false,
          "includeInlayFunctionLikeReturnTypeHints": false,
          "includeInlayFunctionParameterTypeHints": false,
          "includeInlayParameterNameHints": "none",
          "includeInlayParameterNameHintsWhenArgumentMatchesName": false,
          "includeInlayPropertyDeclarationTypeHints": false,
          "includeInlayVariableTypeHints": false,
          "includeInlayVariableTypeHintsWhenTypeMatchesName": false,
          "includePackageJsonAutoImports": "auto",
          "jsxAttributeCompletionStyle": "auto",
          "lazyConfiguredProjectsFromExternalProject": false,
          "organizeImportsAccentCollation": true,
          "organizeImportsCaseFirst": false,
          "organizeImportsCollation": "ordinal",
          "organizeImportsCollationLocale": "en",
          "organizeImportsIgnoreCase": "auto",
          "organizeImportsNumericCollation": false,
          "providePrefixAndSuffixTextForRename": true,
          "provideRefactorNotApplicableReason": true,
          "quotePreference": "auto"
        }
      }
    }
Info 6    [19:32:41.943] Format host information updated
Info 7    [19:32:41.943] response:
    {"seq":0,"type":"response","command":"configure","request_seq":0,"success":true}
Perf 8    [19:32:41.943] 0::configure: async elapsed time (in milliseconds) 0.5094
Info 9    [19:32:41.949] request:
    {
      "seq": 1,
      "type": "request",
      "command": "open",
      "arguments": {
        "file": "/Users/joshuaying/emblem/semantic-graph/test-ts/src/sequence-generator.ts",
        "fileContent": "// abstract class SequenceGenerator<T> {\n//     combiner: Combiner<T>;\n//     windowSize: number;\n//     generationLength: number;\n\n//     constructor(windowSize: number, generationLength: number, combiner: Combiner<T>) {\n//         this.windowSize = windowSize;\n//         this.generationLength = generationLength;\n//         this.combiner = combiner;\n//     }\n\n//     generateSequence(): T[] {\n//         var sequence = this.getStartingSequence();\n//         for (var i = 0; i < this.generationLength; i++) {\n//             const latest_window = sequence.slice(sequence.length - this.windowSize);\n//             sequence.push(this.combiner.combine(latest_window))\n//         }\n//         return sequence;\n//     }\n\n//     abstract getStartingSequence(): T[];\n// }\n\n\n// interface Combiner<T> {\n//     combine(l: T[]): T\n// }\n\n// class NumberAdder implements Combiner<number> {\n//     combine(l: number[]): number {\n//         return l.reduce((prev, curr) => prev + curr)\n//     }\n// }\n\n// class ConcreteSequenceGenerator extends SequenceGenerator<number> {\n//     constructor(generationLength: number) {\n//         super(2, generationLength, new NumberAdder());\n//     }\n\n//     getStartingSequence(): number[] {\n//         return [0, 1];\n//     }\n// }\n\n// function main() {\n//     console.log((new ConcreteSequenceGenerator(10)).generateSequence());\n// }\n\n// main();",
        "scriptKindName": "TS",
        "projectRootPath": "/Users/joshuaying/emblem/semantic-graph/test-ts/src"
      }
    }
Info 10   [19:32:41.951] Starting updateGraphWorker: Project: /dev/null/inferredProject1*
Info 11   [19:32:42.147] Finishing updateGraphWorker: Project: /dev/null/inferredProject1* Version: 1 structureChanged: true structureIsReused:: Not Elapsed: 196.0279998779297ms
Info 12   [19:32:42.147] Project '/dev/null/inferredProject1*' (Inferred)
Info 13   [19:32:42.148] 	Files (8)
	/Users/joshuaying/emblem/semantic-graph/test-ts/node_modules/typescript/lib/lib.d.ts
	/Users/joshuaying/emblem/semantic-graph/test-ts/node_modules/typescript/lib/lib.es5.d.ts
	/Users/joshuaying/emblem/semantic-graph/test-ts/node_modules/typescript/lib/lib.dom.d.ts
	/Users/joshuaying/emblem/semantic-graph/test-ts/node_modules/typescript/lib/lib.webworker.importscripts.d.ts
	/Users/joshuaying/emblem/semantic-graph/test-ts/node_modules/typescript/lib/lib.scripthost.d.ts
	/Users/joshuaying/emblem/semantic-graph/test-ts/node_modules/typescript/lib/lib.decorators.d.ts
	/Users/joshuaying/emblem/semantic-graph/test-ts/node_modules/typescript/lib/lib.decorators.legacy.d.ts
	/Users/joshuaying/emblem/semantic-graph/test-ts/src/sequence-generator.ts


	../node_modules/typescript/lib/lib.d.ts
	  Default library for target 'es5'
	../node_modules/typescript/lib/lib.es5.d.ts
	  Library referenced via 'es5' from file '../node_modules/typescript/lib/lib.d.ts'
	../node_modules/typescript/lib/lib.dom.d.ts
	  Library referenced via 'dom' from file '../node_modules/typescript/lib/lib.d.ts'
	../node_modules/typescript/lib/lib.webworker.importscripts.d.ts
	  Library referenced via 'webworker.importscripts' from file '../node_modules/typescript/lib/lib.d.ts'
	../node_modules/typescript/lib/lib.scripthost.d.ts
	  Library referenced via 'scripthost' from file '../node_modules/typescript/lib/lib.d.ts'
	../node_modules/typescript/lib/lib.decorators.d.ts
	  Library referenced via 'decorators' from file '../node_modules/typescript/lib/lib.es5.d.ts'
	../node_modules/typescript/lib/lib.decorators.legacy.d.ts
	  Library referenced via 'decorators.legacy' from file '../node_modules/typescript/lib/lib.es5.d.ts'
	sequence-generator.ts
	  Root file specified for compilation

Info 14   [19:32:42.148] -----------------------------------------------
Info 15   [19:32:42.148] Project '/dev/null/inferredProject1*' (Inferred)
Info 15   [19:32:42.148] 	Files (8)

Info 15   [19:32:42.148] -----------------------------------------------
Info 15   [19:32:42.148] Open files: 
Info 15   [19:32:42.148] 	FileName: /Users/joshuaying/emblem/semantic-graph/test-ts/src/sequence-generator.ts ProjectRootPath: /Users/joshuaying/emblem/semantic-graph/test-ts/src
Info 15   [19:32:42.148] 		Projects: /dev/null/inferredProject1*
Perf 15   [19:32:42.148] 1::open: async elapsed time (in milliseconds) 199.3286
Info 16   [19:32:42.148] request:
    {
      "seq": 2,
      "type": "request",
      "command": "open",
      "arguments": {
        "file": "/Users/joshuaying/emblem/semantic-graph/test-ts/src/index.ts",
        "fileContent": "// // demonstrating why we need to bubble up from child to parent\n// type WrappedType = number | void;\n\n// type WrapperType = {\n//   a: string,\n//   b: WrappedType\n// }\n\n// function f() {\n//   const x: WrapperType = {\n//     a: 'hello',\n//     b: 5\n//   }\n\n//   console.log(x.b);\n// }\n\n// interface I {\n//   m(): string;\n// }\n\n// class C implements I {\n//   m() {\n//     return \"hello\";\n//   }\n// }\n\n\n\n/*\n// Tests for LSP idiosyncracy where subclass overriding / implementation methods are referencedBy the superclass method/field.\n// method1 should NOT referenceInDefinition B.method2 (only A.method2)\nabstract class A {\n  method1() {\n    this.method2()\n  }\n  abstract method2();\n}\n\nclass B extends A {\n  method2() {}\n}\n*/\n\n\n\n/*\n// Tests for bubbling children's referenceInDefinition up to parents.\n// A should referenceInDefinition B.\nfunction B() {}\n\nclass A {\n  m1() {\n    B()\n  }\n}\n*/\n\n// class A {\n//   b: B\n// }\n\n// class B {\n//   a: A\n//   constructor(a: A) {\n//     this.a = a;\n//     this.a.b = this;\n//   }\n// }\n\n// console.log(new B(new A()));",
        "scriptKindName": "TS",
        "projectRootPath": "/Users/joshuaying/emblem/semantic-graph/test-ts/src"
      }
    }
Info 17   [19:32:42.148] Starting updateGraphWorker: Project: /dev/null/inferredProject1*
Info 18   [19:32:42.150] Finishing updateGraphWorker: Project: /dev/null/inferredProject1* Version: 2 structureChanged: true structureIsReused:: Not Elapsed: 2.000791549682617ms
Info 19   [19:32:42.151] Project '/dev/null/inferredProject1*' (Inferred)
Info 20   [19:32:42.151] 	Files (9)
	/Users/joshuaying/emblem/semantic-graph/test-ts/node_modules/typescript/lib/lib.d.ts
	/Users/joshuaying/emblem/semantic-graph/test-ts/node_modules/typescript/lib/lib.es5.d.ts
	/Users/joshuaying/emblem/semantic-graph/test-ts/node_modules/typescript/lib/lib.dom.d.ts
	/Users/joshuaying/emblem/semantic-graph/test-ts/node_modules/typescript/lib/lib.webworker.importscripts.d.ts
	/Users/joshuaying/emblem/semantic-graph/test-ts/node_modules/typescript/lib/lib.scripthost.d.ts
	/Users/joshuaying/emblem/semantic-graph/test-ts/node_modules/typescript/lib/lib.decorators.d.ts
	/Users/joshuaying/emblem/semantic-graph/test-ts/node_modules/typescript/lib/lib.decorators.legacy.d.ts
	/Users/joshuaying/emblem/semantic-graph/test-ts/src/sequence-generator.ts
	/Users/joshuaying/emblem/semantic-graph/test-ts/src/index.ts


	../node_modules/typescript/lib/lib.d.ts
	  Default library for target 'es5'
	../node_modules/typescript/lib/lib.es5.d.ts
	  Library referenced via 'es5' from file '../node_modules/typescript/lib/lib.d.ts'
	../node_modules/typescript/lib/lib.dom.d.ts
	  Library referenced via 'dom' from file '../node_modules/typescript/lib/lib.d.ts'
	../node_modules/typescript/lib/lib.webworker.importscripts.d.ts
	  Library referenced via 'webworker.importscripts' from file '../node_modules/typescript/lib/lib.d.ts'
	../node_modules/typescript/lib/lib.scripthost.d.ts
	  Library referenced via 'scripthost' from file '../node_modules/typescript/lib/lib.d.ts'
	../node_modules/typescript/lib/lib.decorators.d.ts
	  Library referenced via 'decorators' from file '../node_modules/typescript/lib/lib.es5.d.ts'
	../node_modules/typescript/lib/lib.decorators.legacy.d.ts
	  Library referenced via 'decorators.legacy' from file '../node_modules/typescript/lib/lib.es5.d.ts'
	sequence-generator.ts
	  Root file specified for compilation
	index.ts
	  Root file specified for compilation

Info 21   [19:32:42.151] -----------------------------------------------
Info 22   [19:32:42.151] Project '/dev/null/inferredProject1*' (Inferred)
Info 22   [19:32:42.151] 	Files (9)

Info 22   [19:32:42.151] -----------------------------------------------
Info 22   [19:32:42.151] Open files: 
Info 22   [19:32:42.151] 	FileName: /Users/joshuaying/emblem/semantic-graph/test-ts/src/sequence-generator.ts ProjectRootPath: /Users/joshuaying/emblem/semantic-graph/test-ts/src
Info 22   [19:32:42.151] 		Projects: /dev/null/inferredProject1*
Info 22   [19:32:42.151] 	FileName: /Users/joshuaying/emblem/semantic-graph/test-ts/src/index.ts ProjectRootPath: /Users/joshuaying/emblem/semantic-graph/test-ts/src
Info 22   [19:32:42.151] 		Projects: /dev/null/inferredProject1*
Perf 22   [19:32:42.151] 2::open: async elapsed time (in milliseconds) 2.6393
Info 23   [19:32:42.151] request:
    {
      "seq": 3,
      "type": "request",
      "command": "open",
      "arguments": {
        "file": "/Users/joshuaying/emblem/semantic-graph/test-ts/src/bfs-test.ts",
        "fileContent": "class A {\n    aField: number\n    constructor() {\n        this.aField = 3\n    }\n    M() {\n        const b = new B();\n        b.C();\n        b.bField2;\n        this.aField;\n    }\n}\n\nclass B {\n    bField: number\n    bField2: number\n    bField3: number\n    constructor() {\n        this.bField = 4;\n        this.bField2 = 6;\n        this.bField3 = 8;\n    }\n\n    C() {\n        this.bField;\n    }\n\n    D() {\n\n    }\n}",
        "scriptKindName": "TS",
        "projectRootPath": "/Users/joshuaying/emblem/semantic-graph/test-ts/src"
      }
    }
Info 24   [19:32:42.151] Starting updateGraphWorker: Project: /dev/null/inferredProject1*
Info 25   [19:32:42.154] Finishing updateGraphWorker: Project: /dev/null/inferredProject1* Version: 3 structureChanged: true structureIsReused:: Not Elapsed: 3.3940839767456055ms
Info 26   [19:32:42.155] Project '/dev/null/inferredProject1*' (Inferred)
Info 27   [19:32:42.155] 	Files (10)
	/Users/joshuaying/emblem/semantic-graph/test-ts/node_modules/typescript/lib/lib.d.ts
	/Users/joshuaying/emblem/semantic-graph/test-ts/node_modules/typescript/lib/lib.es5.d.ts
	/Users/joshuaying/emblem/semantic-graph/test-ts/node_modules/typescript/lib/lib.dom.d.ts
	/Users/joshuaying/emblem/semantic-graph/test-ts/node_modules/typescript/lib/lib.webworker.importscripts.d.ts
	/Users/joshuaying/emblem/semantic-graph/test-ts/node_modules/typescript/lib/lib.scripthost.d.ts
	/Users/joshuaying/emblem/semantic-graph/test-ts/node_modules/typescript/lib/lib.decorators.d.ts
	/Users/joshuaying/emblem/semantic-graph/test-ts/node_modules/typescript/lib/lib.decorators.legacy.d.ts
	/Users/joshuaying/emblem/semantic-graph/test-ts/src/sequence-generator.ts
	/Users/joshuaying/emblem/semantic-graph/test-ts/src/index.ts
	/Users/joshuaying/emblem/semantic-graph/test-ts/src/bfs-test.ts


	../node_modules/typescript/lib/lib.d.ts
	  Default library for target 'es5'
	../node_modules/typescript/lib/lib.es5.d.ts
	  Library referenced via 'es5' from file '../node_modules/typescript/lib/lib.d.ts'
	../node_modules/typescript/lib/lib.dom.d.ts
	  Library referenced via 'dom' from file '../node_modules/typescript/lib/lib.d.ts'
	../node_modules/typescript/lib/lib.webworker.importscripts.d.ts
	  Library referenced via 'webworker.importscripts' from file '../node_modules/typescript/lib/lib.d.ts'
	../node_modules/typescript/lib/lib.scripthost.d.ts
	  Library referenced via 'scripthost' from file '../node_modules/typescript/lib/lib.d.ts'
	../node_modules/typescript/lib/lib.decorators.d.ts
	  Library referenced via 'decorators' from file '../node_modules/typescript/lib/lib.es5.d.ts'
	../node_modules/typescript/lib/lib.decorators.legacy.d.ts
	  Library referenced via 'decorators.legacy' from file '../node_modules/typescript/lib/lib.es5.d.ts'
	sequence-generator.ts
	  Root file specified for compilation
	index.ts
	  Root file specified for compilation
	bfs-test.ts
	  Root file specified for compilation

Info 28   [19:32:42.155] -----------------------------------------------
Info 29   [19:32:42.155] Project '/dev/null/inferredProject1*' (Inferred)
Info 29   [19:32:42.155] 	Files (10)

Info 29   [19:32:42.155] -----------------------------------------------
Info 29   [19:32:42.155] Open files: 
Info 29   [19:32:42.155] 	FileName: /Users/joshuaying/emblem/semantic-graph/test-ts/src/sequence-generator.ts ProjectRootPath: /Users/joshuaying/emblem/semantic-graph/test-ts/src
Info 29   [19:32:42.155] 		Projects: /dev/null/inferredProject1*
Info 29   [19:32:42.155] 	FileName: /Users/joshuaying/emblem/semantic-graph/test-ts/src/index.ts ProjectRootPath: /Users/joshuaying/emblem/semantic-graph/test-ts/src
Info 29   [19:32:42.155] 		Projects: /dev/null/inferredProject1*
Info 29   [19:32:42.155] 	FileName: /Users/joshuaying/emblem/semantic-graph/test-ts/src/bfs-test.ts ProjectRootPath: /Users/joshuaying/emblem/semantic-graph/test-ts/src
Info 29   [19:32:42.155] 		Projects: /dev/null/inferredProject1*
Perf 29   [19:32:42.155] 3::open: async elapsed time (in milliseconds) 3.8898
Info 30   [19:32:42.155] request:
    {
      "seq": 4,
      "type": "request",
      "command": "navtree",
      "arguments": {
        "file": "/Users/joshuaying/emblem/semantic-graph/test-ts/src/sequence-generator.ts"
      }
    }
Perf 31   [19:32:42.156] 4::navtree: elapsed time (in milliseconds) 0.7816
Info 32   [19:32:42.156] response:
    {"seq":0,"type":"response","command":"navtree","request_seq":4,"success":true,"body":{"text":"<global>","kind":"script","kindModifiers":"","spans":[{"start":{"line":1,"offset":1},"end":{"line":49,"offset":11}}]}}
Info 33   [19:32:42.158] request:
    {
      "seq": 5,
      "type": "request",
      "command": "navtree",
      "arguments": {
        "file": "/Users/joshuaying/emblem/semantic-graph/test-ts/src/index.ts"
      }
    }
Perf 34   [19:32:42.158] 5::navtree: elapsed time (in milliseconds) 0.2025
Info 35   [19:32:42.158] response:
    {"seq":0,"type":"response","command":"navtree","request_seq":5,"success":true,"body":{"text":"<global>","kind":"script","kindModifiers":"","spans":[{"start":{"line":1,"offset":1},"end":{"line":71,"offset":32}}]}}
Info 36   [19:32:42.159] request:
    {
      "seq": 6,
      "type": "request",
      "command": "navtree",
      "arguments": {
        "file": "/Users/joshuaying/emblem/semantic-graph/test-ts/src/bfs-test.ts"
      }
    }
Perf 37   [19:32:42.168] 6::navtree: elapsed time (in milliseconds) 8.8629
Info 38   [19:32:42.168] response:
    {"seq":0,"type":"response","command":"navtree","request_seq":6,"success":true,"body":{"text":"<global>","kind":"script","kindModifiers":"","spans":[{"start":{"line":1,"offset":1},"end":{"line":31,"offset":2}}],"childItems":[{"text":"A","kind":"class","kindModifiers":"","spans":[{"start":{"line":1,"offset":1},"end":{"line":12,"offset":2}}],"nameSpan":{"start":{"line":1,"offset":7},"end":{"line":1,"offset":8}},"childItems":[{"text":"constructor","kind":"constructor","kindModifiers":"","spans":[{"start":{"line":3,"offset":5},"end":{"line":5,"offset":6}}]},{"text":"aField","kind":"property","kindModifiers":"","spans":[{"start":{"line":2,"offset":5},"end":{"line":2,"offset":19}}],"nameSpan":{"start":{"line":2,"offset":5},"end":{"line":2,"offset":11}}},{"text":"M","kind":"method","kindModifiers":"","spans":[{"start":{"line":6,"offset":5},"end":{"line":11,"offset":6}}],"nameSpan":{"start":{"line":6,"offset":5},"end":{"line":6,"offset":6}},"childItems":[{"text":"b","kind":"const","kindModifiers":"","spans":[{"start":{"line":7,"offset":15},"end":{"line":7,"offset":26}}],"nameSpan":{"start":{"line":7,"offset":15},"end":{"line":7,"offset":16}}}]}]},{"text":"B","kind":"class","kindModifiers":"","spans":[{"start":{"line":14,"offset":1},"end":{"line":31,"offset":2}}],"nameSpan":{"start":{"line":14,"offset":7},"end":{"line":14,"offset":8}},"childItems":[{"text":"constructor","kind":"constructor","kindModifiers":"","spans":[{"start":{"line":18,"offset":5},"end":{"line":22,"offset":6}}]},{"text":"bField","kind":"property","kindModifiers":"","spans":[{"start":{"line":15,"offset":5},"end":{"line":15,"offset":19}}],"nameSpan":{"start":{"line":15,"offset":5},"end":{"line":15,"offset":11}}},{"text":"bField2","kind":"property","kindModifiers":"","spans":[{"start":{"line":16,"offset":5},"end":{"line":16,"offset":20}}],"nameSpan":{"start":{"line":16,"offset":5},"end":{"line":16,"offset":12}}},{"text":"bField3","kind":"property","kindModifiers":"","spans":[{"start":{"line":17,"offset":5},"end":{"line":17,"offset":20}}],"nameSpan":{"start":{"line":17,"offset":5},"end":{"line":17,"offset":12}}},{"text":"C","kind":"method","kindModifiers":"","spans":[{"start":{"line":24,"offset":5},"end":{"line":26,"offset":6}}],"nameSpan":{"start":{"line":24,"offset":5},"end":{"line":24,"offset":6}}},{"text":"D","kind":"method","kindModifiers":"","spans":[{"start":{"line":28,"offset":5},"end":{"line":30,"offset":6}}],"nameSpan":{"start":{"line":28,"offset":5},"end":{"line":28,"offset":6}}}]}]}}
Info 39   [19:32:42.170] request:
    {
      "seq": 7,
      "type": "request",
      "command": "references",
      "arguments": {
        "file": "/Users/joshuaying/emblem/semantic-graph/test-ts/src/bfs-test.ts",
        "line": 1,
        "offset": 1
      }
    }
Info 40   [19:32:42.174] Finding references to /Users/joshuaying/emblem/semantic-graph/test-ts/src/bfs-test.ts position 0 in project /dev/null/inferredProject1*
Perf 41   [19:32:42.201] 7::references: elapsed time (in milliseconds) 30.2524
Info 42   [19:32:42.201] response:
    {"seq":0,"type":"response","command":"references","request_seq":7,"success":true,"body":{"refs":[{"file":"/Users/joshuaying/emblem/semantic-graph/test-ts/src/bfs-test.ts","start":{"line":1,"offset":7},"end":{"line":1,"offset":8},"contextStart":{"line":1,"offset":1},"contextEnd":{"line":12,"offset":2},"isWriteAccess":true,"isDefinition":true}],"symbolName":"class","symbolStartOffset":1,"symbolDisplayString":"class A"}}
Info 43   [19:32:42.202] request:
    {
      "seq": 8,
      "type": "request",
      "command": "references",
      "arguments": {
        "file": "/Users/joshuaying/emblem/semantic-graph/test-ts/src/bfs-test.ts",
        "line": 2,
        "offset": 5
      }
    }
Info 44   [19:32:42.202] Finding references to /Users/joshuaying/emblem/semantic-graph/test-ts/src/bfs-test.ts position 14 in project /dev/null/inferredProject1*
Perf 45   [19:32:42.207] 8::references: elapsed time (in milliseconds) 5.1675
Info 46   [19:32:42.207] response:
    {"seq":0,"type":"response","command":"references","request_seq":8,"success":true,"body":{"refs":[{"file":"/Users/joshuaying/emblem/semantic-graph/test-ts/src/bfs-test.ts","start":{"line":2,"offset":5},"end":{"line":2,"offset":11},"contextStart":{"line":2,"offset":5},"contextEnd":{"line":2,"offset":19},"isWriteAccess":false,"isDefinition":true},{"file":"/Users/joshuaying/emblem/semantic-graph/test-ts/src/bfs-test.ts","start":{"line":4,"offset":14},"end":{"line":4,"offset":20},"isWriteAccess":true,"isDefinition":false},{"file":"/Users/joshuaying/emblem/semantic-graph/test-ts/src/bfs-test.ts","start":{"line":10,"offset":14},"end":{"line":10,"offset":20},"isWriteAccess":false,"isDefinition":false}],"symbolName":"aField","symbolStartOffset":5,"symbolDisplayString":"(property) A.aField: number"}}
Info 47   [19:32:42.208] request:
    {
      "seq": 9,
      "type": "request",
      "command": "references",
      "arguments": {
        "file": "/Users/joshuaying/emblem/semantic-graph/test-ts/src/bfs-test.ts",
        "line": 3,
        "offset": 5
      }
    }
Info 48   [19:32:42.208] Finding references to /Users/joshuaying/emblem/semantic-graph/test-ts/src/bfs-test.ts position 33 in project /dev/null/inferredProject1*
Perf 49   [19:32:42.213] 9::references: elapsed time (in milliseconds) 4.5229
Info 50   [19:32:42.213] response:
    {"seq":0,"type":"response","command":"references","request_seq":9,"success":true,"body":{"refs":[{"file":"/Users/joshuaying/emblem/semantic-graph/test-ts/src/bfs-test.ts","start":{"line":3,"offset":5},"end":{"line":3,"offset":16},"contextStart":{"line":3,"offset":5},"contextEnd":{"line":5,"offset":6},"isWriteAccess":false,"isDefinition":true}],"symbolName":"constructor","symbolStartOffset":5,"symbolDisplayString":"constructor A(): A"}}
Info 51   [19:32:42.213] request:
    {
      "seq": 10,
      "type": "request",
      "command": "references",
      "arguments": {
        "file": "/Users/joshuaying/emblem/semantic-graph/test-ts/src/bfs-test.ts",
        "line": 6,
        "offset": 5
      }
    }
Info 52   [19:32:42.214] Finding references to /Users/joshuaying/emblem/semantic-graph/test-ts/src/bfs-test.ts position 83 in project /dev/null/inferredProject1*
Perf 53   [19:32:42.215] 10::references: elapsed time (in milliseconds) 1.3389
Info 54   [19:32:42.215] response:
    {"seq":0,"type":"response","command":"references","request_seq":10,"success":true,"body":{"refs":[{"file":"/Users/joshuaying/emblem/semantic-graph/test-ts/src/bfs-test.ts","start":{"line":6,"offset":5},"end":{"line":6,"offset":6},"contextStart":{"line":6,"offset":5},"contextEnd":{"line":11,"offset":6},"isWriteAccess":true,"isDefinition":true}],"symbolName":"M","symbolStartOffset":5,"symbolDisplayString":"(method) A.M(): void"}}
Info 55   [19:32:42.215] request:
    {
      "seq": 11,
      "type": "request",
      "command": "references",
      "arguments": {
        "file": "/Users/joshuaying/emblem/semantic-graph/test-ts/src/bfs-test.ts",
        "line": 14,
        "offset": 1
      }
    }
Info 56   [19:32:42.216] Finding references to /Users/joshuaying/emblem/semantic-graph/test-ts/src/bfs-test.ts position 180 in project /dev/null/inferredProject1*
Perf 57   [19:32:42.216] 11::references: elapsed time (in milliseconds) 0.8599
Info 58   [19:32:42.216] response:
    {"seq":0,"type":"response","command":"references","request_seq":11,"success":true,"body":{"refs":[{"file":"/Users/joshuaying/emblem/semantic-graph/test-ts/src/bfs-test.ts","start":{"line":7,"offset":23},"end":{"line":7,"offset":24},"isWriteAccess":false,"isDefinition":false},{"file":"/Users/joshuaying/emblem/semantic-graph/test-ts/src/bfs-test.ts","start":{"line":14,"offset":7},"end":{"line":14,"offset":8},"contextStart":{"line":14,"offset":1},"contextEnd":{"line":31,"offset":2},"isWriteAccess":true,"isDefinition":true}],"symbolName":"class","symbolStartOffset":1,"symbolDisplayString":"class B"}}
Info 59   [19:32:42.217] request:
    {
      "seq": 12,
      "type": "request",
      "command": "references",
      "arguments": {
        "file": "/Users/joshuaying/emblem/semantic-graph/test-ts/src/bfs-test.ts",
        "line": 15,
        "offset": 5
      }
    }
Info 60   [19:32:42.217] Finding references to /Users/joshuaying/emblem/semantic-graph/test-ts/src/bfs-test.ts position 194 in project /dev/null/inferredProject1*
Perf 61   [19:32:42.218] 12::references: elapsed time (in milliseconds) 1.0633
Info 62   [19:32:42.218] response:
    {"seq":0,"type":"response","command":"references","request_seq":12,"success":true,"body":{"refs":[{"file":"/Users/joshuaying/emblem/semantic-graph/test-ts/src/bfs-test.ts","start":{"line":15,"offset":5},"end":{"line":15,"offset":11},"contextStart":{"line":15,"offset":5},"contextEnd":{"line":15,"offset":19},"isWriteAccess":false,"isDefinition":true},{"file":"/Users/joshuaying/emblem/semantic-graph/test-ts/src/bfs-test.ts","start":{"line":19,"offset":14},"end":{"line":19,"offset":20},"isWriteAccess":true,"isDefinition":false},{"file":"/Users/joshuaying/emblem/semantic-graph/test-ts/src/bfs-test.ts","start":{"line":25,"offset":14},"end":{"line":25,"offset":20},"isWriteAccess":false,"isDefinition":false}],"symbolName":"bField","symbolStartOffset":5,"symbolDisplayString":"(property) B.bField: number"}}
Info 63   [19:32:42.219] request:
    {
      "seq": 13,
      "type": "request",
      "command": "references",
      "arguments": {
        "file": "/Users/joshuaying/emblem/semantic-graph/test-ts/src/bfs-test.ts",
        "line": 16,
        "offset": 5
      }
    }
Info 64   [19:32:42.219] Finding references to /Users/joshuaying/emblem/semantic-graph/test-ts/src/bfs-test.ts position 213 in project /dev/null/inferredProject1*
Perf 65   [19:32:42.221] 13::references: elapsed time (in milliseconds) 2.5195
Info 66   [19:32:42.221] response:
    {"seq":0,"type":"response","command":"references","request_seq":13,"success":true,"body":{"refs":[{"file":"/Users/joshuaying/emblem/semantic-graph/test-ts/src/bfs-test.ts","start":{"line":9,"offset":11},"end":{"line":9,"offset":18},"isWriteAccess":false,"isDefinition":false},{"file":"/Users/joshuaying/emblem/semantic-graph/test-ts/src/bfs-test.ts","start":{"line":16,"offset":5},"end":{"line":16,"offset":12},"contextStart":{"line":16,"offset":5},"contextEnd":{"line":16,"offset":20},"isWriteAccess":false,"isDefinition":true},{"file":"/Users/joshuaying/emblem/semantic-graph/test-ts/src/bfs-test.ts","start":{"line":20,"offset":14},"end":{"line":20,"offset":21},"isWriteAccess":true,"isDefinition":false}],"symbolName":"bField2","symbolStartOffset":5,"symbolDisplayString":"(property) B.bField2: number"}}
Info 67   [19:32:42.222] request:
    {
      "seq": 14,
      "type": "request",
      "command": "references",
      "arguments": {
        "file": "/Users/joshuaying/emblem/semantic-graph/test-ts/src/bfs-test.ts",
        "line": 17,
        "offset": 5
      }
    }
Info 68   [19:32:42.223] Finding references to /Users/joshuaying/emblem/semantic-graph/test-ts/src/bfs-test.ts position 233 in project /dev/null/inferredProject1*
Perf 69   [19:32:42.223] 14::references: elapsed time (in milliseconds) 1.0330
Info 70   [19:32:42.223] response:
    {"seq":0,"type":"response","command":"references","request_seq":14,"success":true,"body":{"refs":[{"file":"/Users/joshuaying/emblem/semantic-graph/test-ts/src/bfs-test.ts","start":{"line":17,"offset":5},"end":{"line":17,"offset":12},"contextStart":{"line":17,"offset":5},"contextEnd":{"line":17,"offset":20},"isWriteAccess":false,"isDefinition":true},{"file":"/Users/joshuaying/emblem/semantic-graph/test-ts/src/bfs-test.ts","start":{"line":21,"offset":14},"end":{"line":21,"offset":21},"isWriteAccess":true,"isDefinition":false}],"symbolName":"bField3","symbolStartOffset":5,"symbolDisplayString":"(property) B.bField3: number"}}
Info 71   [19:32:42.224] request:
    {
      "seq": 15,
      "type": "request",
      "command": "references",
      "arguments": {
        "file": "/Users/joshuaying/emblem/semantic-graph/test-ts/src/bfs-test.ts",
        "line": 18,
        "offset": 5
      }
    }
Info 72   [19:32:42.225] Finding references to /Users/joshuaying/emblem/semantic-graph/test-ts/src/bfs-test.ts position 253 in project /dev/null/inferredProject1*
Perf 73   [19:32:42.225] 15::references: elapsed time (in milliseconds) 1.2054
Info 74   [19:32:42.226] response:
    {"seq":0,"type":"response","command":"references","request_seq":15,"success":true,"body":{"refs":[{"file":"/Users/joshuaying/emblem/semantic-graph/test-ts/src/bfs-test.ts","start":{"line":7,"offset":23},"end":{"line":7,"offset":24},"isWriteAccess":false,"isDefinition":false},{"file":"/Users/joshuaying/emblem/semantic-graph/test-ts/src/bfs-test.ts","start":{"line":18,"offset":5},"end":{"line":18,"offset":16},"contextStart":{"line":18,"offset":5},"contextEnd":{"line":22,"offset":6},"isWriteAccess":false,"isDefinition":true}],"symbolName":"constructor","symbolStartOffset":5,"symbolDisplayString":"constructor B(): B"}}
Info 75   [19:32:42.226] request:
    {
      "seq": 16,
      "type": "request",
      "command": "references",
      "arguments": {
        "file": "/Users/joshuaying/emblem/semantic-graph/test-ts/src/bfs-test.ts",
        "line": 24,
        "offset": 5
      }
    }
Info 76   [19:32:42.227] Finding references to /Users/joshuaying/emblem/semantic-graph/test-ts/src/bfs-test.ts position 357 in project /dev/null/inferredProject1*
Perf 77   [19:32:42.228] 16::references: elapsed time (in milliseconds) 1.4683
Info 78   [19:32:42.228] response:
    {"seq":0,"type":"response","command":"references","request_seq":16,"success":true,"body":{"refs":[{"file":"/Users/joshuaying/emblem/semantic-graph/test-ts/src/bfs-test.ts","start":{"line":8,"offset":11},"end":{"line":8,"offset":12},"isWriteAccess":false,"isDefinition":false},{"file":"/Users/joshuaying/emblem/semantic-graph/test-ts/src/bfs-test.ts","start":{"line":24,"offset":5},"end":{"line":24,"offset":6},"contextStart":{"line":24,"offset":5},"contextEnd":{"line":26,"offset":6},"isWriteAccess":true,"isDefinition":true}],"symbolName":"C","symbolStartOffset":5,"symbolDisplayString":"(method) B.C(): void"}}
