Info 0    [19:47:53.826] Starting TS Server
Info 1    [19:47:53.826] Version: 5.2.2
Info 2    [19:47:53.826] Arguments: /usr/local/bin/node /Users/joshuaying/emblem/semantic-graph/test-ts/node_modules/typescript/lib/tsserver.js --useInferredProjectPerProjectRoot --cancellationPipeName /private/var/folders/1k/1hld73x1599dxmy2mtdx1jg00000gn/T/f7a462a42603184766913de48ec1b044/tscancellation* --logVerbosity verbose --logFile /Users/joshuaying/emblem/semantic-graph/test-ts/src/.log/tsserver-log-6bojju/tsserver.log --locale en --validateDefaultNpmLocation --useNodeIpc
Info 3    [19:47:53.826] Platform: darwin NodeVersion: v19.6.0 CaseSensitive: false
Info 4    [19:47:53.826] ServerMode: undefined hasUnknownServerMode: undefined
Info 5    [19:47:53.830] Binding...
Info 6    [19:47:53.832] request:
    {
      "seq": 0,
      "type": "request",
      "command": "configure",
      "arguments": {
        "formatOptions": {
          "newLineCharacter": "\n"
        },
        "preferences": {
          "allowIncompleteCompletions": true,
          "allowRenameOfImportPath": true,
          "allowTextChangesInNewFiles": true,
          "disableLineTextInReferences": true,
          "disableSuggestions": false,
          "displayPartsForJSDoc": true,
          "generateReturnInDocTemplate": true,
          "importModuleSpecifierEnding": "auto",
          "importModuleSpecifierPreference": "shortest",
          "includeAutomaticOptionalChainCompletions": true,
          "includeCompletionsForImportStatements": true,
          "includeCompletionsForModuleExports": true,
          "includeCompletionsWithClassMemberSnippets": true,
          "includeCompletionsWithInsertText": true,
          "includeCompletionsWithObjectLiteralMethodSnippets": true,
          "includeCompletionsWithSnippetText": true,
          "includeInlayEnumMemberValueHints": false,
          "includeInlayFunctionLikeReturnTypeHints": false,
          "includeInlayFunctionParameterTypeHints": false,
          "includeInlayParameterNameHints": "none",
          "includeInlayParameterNameHintsWhenArgumentMatchesName": false,
          "includeInlayPropertyDeclarationTypeHints": false,
          "includeInlayVariableTypeHints": false,
          "includeInlayVariableTypeHintsWhenTypeMatchesName": false,
          "includePackageJsonAutoImports": "auto",
          "jsxAttributeCompletionStyle": "auto",
          "lazyConfiguredProjectsFromExternalProject": false,
          "organizeImportsAccentCollation": true,
          "organizeImportsCaseFirst": false,
          "organizeImportsCollation": "ordinal",
          "organizeImportsCollationLocale": "en",
          "organizeImportsIgnoreCase": "auto",
          "organizeImportsNumericCollation": false,
          "providePrefixAndSuffixTextForRename": true,
          "provideRefactorNotApplicableReason": true,
          "quotePreference": "auto"
        }
      }
    }
Info 7    [19:47:53.832] Format host information updated
Info 8    [19:47:53.832] response:
    {"seq":0,"type":"response","command":"configure","request_seq":0,"success":true}
Perf 9    [19:47:53.832] 0::configure: async elapsed time (in milliseconds) 0.4279
Info 10   [19:47:53.832] event:
    {"seq":0,"type":"event","event":"typingsInstallerPid","body":{"pid":38611}}
Info 11   [19:47:53.832] request:
    {
      "seq": 1,
      "type": "request",
      "command": "compilerOptionsForInferredProjects",
      "arguments": {
        "options": {
          "module": "ESNext",
          "moduleResolution": "Node",
          "target": "ES2020",
          "jsx": "React",
          "strictNullChecks": true,
          "strictFunctionTypes": true,
          "sourceMap": true,
          "allowJs": true,
          "allowNonTsExtensions": true,
          "allowSyntheticDefaultImports": true,
          "resolveJsonModule": true
        }
      }
    }
Perf 12   [19:47:53.832] 1::compilerOptionsForInferredProjects: elapsed time (in milliseconds) 0.1661
Info 13   [19:47:53.832] response:
    {"seq":0,"type":"response","command":"compilerOptionsForInferredProjects","request_seq":1,"success":true,"body":true}
Info 14   [19:47:53.833] request:
    {
      "seq": 2,
      "type": "request",
      "command": "open",
      "arguments": {
        "file": "/Users/joshuaying/emblem/semantic-graph/test-ts/src/sequence-generator.ts",
        "fileContent": "// abstract class SequenceGenerator<T> {\n//     combiner: Combiner<T>;\n//     windowSize: number;\n//     generationLength: number;\n\n//     constructor(windowSize: number, generationLength: number, combiner: Combiner<T>) {\n//         this.windowSize = windowSize;\n//         this.generationLength = generationLength;\n//         this.combiner = combiner;\n//     }\n\n//     generateSequence(): T[] {\n//         var sequence = this.getStartingSequence();\n//         for (var i = 0; i < this.generationLength; i++) {\n//             const latest_window = sequence.slice(sequence.length - this.windowSize);\n//             sequence.push(this.combiner.combine(latest_window))\n//         }\n//         return sequence;\n//     }\n\n//     abstract getStartingSequence(): T[];\n// }\n\n\n// interface Combiner<T> {\n//     combine(l: T[]): T\n// }\n\n// class NumberAdder implements Combiner<number> {\n//     combine(l: number[]): number {\n//         return l.reduce((prev, curr) => prev + curr)\n//     }\n// }\n\n// class ConcreteSequenceGenerator extends SequenceGenerator<number> {\n//     constructor(generationLength: number) {\n//         super(2, generationLength, new NumberAdder());\n//     }\n\n//     getStartingSequence(): number[] {\n//         return [0, 1];\n//     }\n// }\n\n// function main() {\n//     console.log((new ConcreteSequenceGenerator(10)).generateSequence());\n// }\n\n// main();",
        "scriptKindName": "TS",
        "projectRootPath": "/Users/joshuaying/emblem/semantic-graph/test-ts/src"
      }
    }
Info 15   [19:47:53.833] Search path: /Users/joshuaying/emblem/semantic-graph/test-ts/src
Info 16   [19:47:53.833] For info: /Users/joshuaying/emblem/semantic-graph/test-ts/src/sequence-generator.ts :: No config files found.
Info 17   [19:47:53.834] FileWatcher:: Added:: WatchInfo: /Users/joshuaying/emblem/semantic-graph/test-ts/src/tsconfig.json 2000 undefined WatchType: Config file for the inferred project root
Info 18   [19:47:53.835] FileWatcher:: Added:: WatchInfo: /Users/joshuaying/emblem/semantic-graph/test-ts/src/jsconfig.json 2000 undefined WatchType: Config file for the inferred project root
Info 19   [19:47:53.835] Starting updateGraphWorker: Project: /dev/null/inferredProject1*
Info 20   [19:47:53.840] DirectoryWatcher:: Added:: WatchInfo: /users/joshuaying/emblem/semantic-graph/test-ts/node_modules 1 undefined WatchType: node_modules for closed script infos and package.jsons affecting module specifier cache
Info 21   [19:47:53.840] Elapsed:: 0.47349977493286133ms DirectoryWatcher:: Added:: WatchInfo: /users/joshuaying/emblem/semantic-graph/test-ts/node_modules 1 undefined WatchType: node_modules for closed script infos and package.jsons affecting module specifier cache
Info 22   [19:47:53.843] DirectoryWatcher:: Added:: WatchInfo: /Users/joshuaying/emblem/semantic-graph/test-ts/src/node_modules 1 undefined Project: /dev/null/inferredProject1* WatchType: Failed Lookup Locations
Info 23   [19:47:53.843] Elapsed:: 0.03758430480957031ms DirectoryWatcher:: Added:: WatchInfo: /Users/joshuaying/emblem/semantic-graph/test-ts/src/node_modules 1 undefined Project: /dev/null/inferredProject1* WatchType: Failed Lookup Locations
Info 24   [19:47:53.844] DirectoryWatcher:: Added:: WatchInfo: /Users/joshuaying/emblem/semantic-graph/test-ts/node_modules 1 undefined Project: /dev/null/inferredProject1* WatchType: Failed Lookup Locations
Info 25   [19:47:53.844] Elapsed:: 0.006000041961669922ms DirectoryWatcher:: Added:: WatchInfo: /Users/joshuaying/emblem/semantic-graph/test-ts/node_modules 1 undefined Project: /dev/null/inferredProject1* WatchType: Failed Lookup Locations
Info 26   [19:47:53.844] DirectoryWatcher:: Added:: WatchInfo: /Users/joshuaying/emblem/semantic-graph/node_modules 1 undefined Project: /dev/null/inferredProject1* WatchType: Failed Lookup Locations
Info 27   [19:47:53.844] Elapsed:: 0.06758308410644531ms DirectoryWatcher:: Added:: WatchInfo: /Users/joshuaying/emblem/semantic-graph/node_modules 1 undefined Project: /dev/null/inferredProject1* WatchType: Failed Lookup Locations
Info 28   [19:47:53.844] DirectoryWatcher:: Added:: WatchInfo: /Users/joshuaying/emblem/node_modules 1 undefined Project: /dev/null/inferredProject1* WatchType: Failed Lookup Locations
Info 29   [19:47:53.844] Elapsed:: 0.032000064849853516ms DirectoryWatcher:: Added:: WatchInfo: /Users/joshuaying/emblem/node_modules 1 undefined Project: /dev/null/inferredProject1* WatchType: Failed Lookup Locations
Info 30   [19:47:54.079] DirectoryWatcher:: Added:: WatchInfo: /Users/joshuaying/emblem/semantic-graph/test-ts/src/node_modules/@types 1 undefined Project: /dev/null/inferredProject1* WatchType: Type roots
Info 31   [19:47:54.079] Elapsed:: 0.08808279037475586ms DirectoryWatcher:: Added:: WatchInfo: /Users/joshuaying/emblem/semantic-graph/test-ts/src/node_modules/@types 1 undefined Project: /dev/null/inferredProject1* WatchType: Type roots
Info 32   [19:47:54.079] DirectoryWatcher:: Added:: WatchInfo: /Users/joshuaying/emblem/semantic-graph/test-ts/node_modules/@types 1 undefined Project: /dev/null/inferredProject1* WatchType: Type roots
Info 33   [19:47:54.079] Elapsed:: 0.032124996185302734ms DirectoryWatcher:: Added:: WatchInfo: /Users/joshuaying/emblem/semantic-graph/test-ts/node_modules/@types 1 undefined Project: /dev/null/inferredProject1* WatchType: Type roots
Info 34   [19:47:54.079] DirectoryWatcher:: Added:: WatchInfo: /Users/joshuaying/emblem/semantic-graph/node_modules/@types 1 undefined Project: /dev/null/inferredProject1* WatchType: Type roots
Info 35   [19:47:54.079] Elapsed:: 0.09129190444946289ms DirectoryWatcher:: Added:: WatchInfo: /Users/joshuaying/emblem/semantic-graph/node_modules/@types 1 undefined Project: /dev/null/inferredProject1* WatchType: Type roots
Info 36   [19:47:54.079] DirectoryWatcher:: Added:: WatchInfo: /Users/joshuaying/emblem/node_modules/@types 1 undefined Project: /dev/null/inferredProject1* WatchType: Type roots
Info 37   [19:47:54.079] Elapsed:: 0.08358430862426758ms DirectoryWatcher:: Added:: WatchInfo: /Users/joshuaying/emblem/node_modules/@types 1 undefined Project: /dev/null/inferredProject1* WatchType: Type roots
Info 38   [19:47:54.080] Finishing updateGraphWorker: Project: /dev/null/inferredProject1* Version: 1 structureChanged: true structureIsReused:: Not Elapsed: 244.19345808029175ms
Info 39   [19:47:54.080] Project '/dev/null/inferredProject1*' (Inferred)
Info 40   [19:47:54.081] 	Files (49)
	/Users/joshuaying/emblem/semantic-graph/test-ts/node_modules/typescript/lib/lib.es5.d.ts
	/Users/joshuaying/emblem/semantic-graph/test-ts/node_modules/typescript/lib/lib.es2015.d.ts
	/Users/joshuaying/emblem/semantic-graph/test-ts/node_modules/typescript/lib/lib.es2016.d.ts
	/Users/joshuaying/emblem/semantic-graph/test-ts/node_modules/typescript/lib/lib.es2017.d.ts
	/Users/joshuaying/emblem/semantic-graph/test-ts/node_modules/typescript/lib/lib.es2018.d.ts
	/Users/joshuaying/emblem/semantic-graph/test-ts/node_modules/typescript/lib/lib.es2019.d.ts
	/Users/joshuaying/emblem/semantic-graph/test-ts/node_modules/typescript/lib/lib.es2020.d.ts
	/Users/joshuaying/emblem/semantic-graph/test-ts/node_modules/typescript/lib/lib.dom.d.ts
	/Users/joshuaying/emblem/semantic-graph/test-ts/node_modules/typescript/lib/lib.dom.iterable.d.ts
	/Users/joshuaying/emblem/semantic-graph/test-ts/node_modules/typescript/lib/lib.webworker.importscripts.d.ts
	/Users/joshuaying/emblem/semantic-graph/test-ts/node_modules/typescript/lib/lib.scripthost.d.ts
	/Users/joshuaying/emblem/semantic-graph/test-ts/node_modules/typescript/lib/lib.es2015.core.d.ts
	/Users/joshuaying/emblem/semantic-graph/test-ts/node_modules/typescript/lib/lib.es2015.collection.d.ts
	/Users/joshuaying/emblem/semantic-graph/test-ts/node_modules/typescript/lib/lib.es2015.generator.d.ts
	/Users/joshuaying/emblem/semantic-graph/test-ts/node_modules/typescript/lib/lib.es2015.iterable.d.ts
	/Users/joshuaying/emblem/semantic-graph/test-ts/node_modules/typescript/lib/lib.es2015.promise.d.ts
	/Users/joshuaying/emblem/semantic-graph/test-ts/node_modules/typescript/lib/lib.es2015.proxy.d.ts
	/Users/joshuaying/emblem/semantic-graph/test-ts/node_modules/typescript/lib/lib.es2015.reflect.d.ts
	/Users/joshuaying/emblem/semantic-graph/test-ts/node_modules/typescript/lib/lib.es2015.symbol.d.ts
	/Users/joshuaying/emblem/semantic-graph/test-ts/node_modules/typescript/lib/lib.es2015.symbol.wellknown.d.ts
	/Users/joshuaying/emblem/semantic-graph/test-ts/node_modules/typescript/lib/lib.es2016.array.include.d.ts
	/Users/joshuaying/emblem/semantic-graph/test-ts/node_modules/typescript/lib/lib.es2017.date.d.ts
	/Users/joshuaying/emblem/semantic-graph/test-ts/node_modules/typescript/lib/lib.es2017.object.d.ts
	/Users/joshuaying/emblem/semantic-graph/test-ts/node_modules/typescript/lib/lib.es2017.sharedmemory.d.ts
	/Users/joshuaying/emblem/semantic-graph/test-ts/node_modules/typescript/lib/lib.es2017.string.d.ts
	/Users/joshuaying/emblem/semantic-graph/test-ts/node_modules/typescript/lib/lib.es2017.intl.d.ts
	/Users/joshuaying/emblem/semantic-graph/test-ts/node_modules/typescript/lib/lib.es2017.typedarrays.d.ts
	/Users/joshuaying/emblem/semantic-graph/test-ts/node_modules/typescript/lib/lib.es2018.asyncgenerator.d.ts
	/Users/joshuaying/emblem/semantic-graph/test-ts/node_modules/typescript/lib/lib.es2018.asynciterable.d.ts
	/Users/joshuaying/emblem/semantic-graph/test-ts/node_modules/typescript/lib/lib.es2018.intl.d.ts
	/Users/joshuaying/emblem/semantic-graph/test-ts/node_modules/typescript/lib/lib.es2018.promise.d.ts
	/Users/joshuaying/emblem/semantic-graph/test-ts/node_modules/typescript/lib/lib.es2018.regexp.d.ts
	/Users/joshuaying/emblem/semantic-graph/test-ts/node_modules/typescript/lib/lib.es2019.array.d.ts
	/Users/joshuaying/emblem/semantic-graph/test-ts/node_modules/typescript/lib/lib.es2019.object.d.ts
	/Users/joshuaying/emblem/semantic-graph/test-ts/node_modules/typescript/lib/lib.es2019.string.d.ts
	/Users/joshuaying/emblem/semantic-graph/test-ts/node_modules/typescript/lib/lib.es2019.symbol.d.ts
	/Users/joshuaying/emblem/semantic-graph/test-ts/node_modules/typescript/lib/lib.es2019.intl.d.ts
	/Users/joshuaying/emblem/semantic-graph/test-ts/node_modules/typescript/lib/lib.es2020.bigint.d.ts
	/Users/joshuaying/emblem/semantic-graph/test-ts/node_modules/typescript/lib/lib.es2020.date.d.ts
	/Users/joshuaying/emblem/semantic-graph/test-ts/node_modules/typescript/lib/lib.es2020.promise.d.ts
	/Users/joshuaying/emblem/semantic-graph/test-ts/node_modules/typescript/lib/lib.es2020.sharedmemory.d.ts
	/Users/joshuaying/emblem/semantic-graph/test-ts/node_modules/typescript/lib/lib.es2020.string.d.ts
	/Users/joshuaying/emblem/semantic-graph/test-ts/node_modules/typescript/lib/lib.es2020.symbol.wellknown.d.ts
	/Users/joshuaying/emblem/semantic-graph/test-ts/node_modules/typescript/lib/lib.es2020.intl.d.ts
	/Users/joshuaying/emblem/semantic-graph/test-ts/node_modules/typescript/lib/lib.es2020.number.d.ts
	/Users/joshuaying/emblem/semantic-graph/test-ts/node_modules/typescript/lib/lib.decorators.d.ts
	/Users/joshuaying/emblem/semantic-graph/test-ts/node_modules/typescript/lib/lib.decorators.legacy.d.ts
	/Users/joshuaying/emblem/semantic-graph/test-ts/node_modules/typescript/lib/lib.es2020.full.d.ts
	/Users/joshuaying/emblem/semantic-graph/test-ts/src/sequence-generator.ts


	../node_modules/typescript/lib/lib.es5.d.ts
	  Library referenced via 'es5' from file '../node_modules/typescript/lib/lib.es2015.d.ts'
	../node_modules/typescript/lib/lib.es2015.d.ts
	  Library referenced via 'es2015' from file '../node_modules/typescript/lib/lib.es2016.d.ts'
	../node_modules/typescript/lib/lib.es2016.d.ts
	  Library referenced via 'es2016' from file '../node_modules/typescript/lib/lib.es2017.d.ts'
	../node_modules/typescript/lib/lib.es2017.d.ts
	  Library referenced via 'es2017' from file '../node_modules/typescript/lib/lib.es2018.d.ts'
	../node_modules/typescript/lib/lib.es2018.d.ts
	  Library referenced via 'es2018' from file '../node_modules/typescript/lib/lib.es2019.d.ts'
	../node_modules/typescript/lib/lib.es2019.d.ts
	  Library referenced via 'es2019' from file '../node_modules/typescript/lib/lib.es2020.d.ts'
	../node_modules/typescript/lib/lib.es2020.d.ts
	  Library referenced via 'es2020' from file '../node_modules/typescript/lib/lib.es2020.full.d.ts'
	../node_modules/typescript/lib/lib.dom.d.ts
	  Library referenced via 'dom' from file '../node_modules/typescript/lib/lib.es2020.full.d.ts'
	../node_modules/typescript/lib/lib.dom.iterable.d.ts
	  Library referenced via 'dom.iterable' from file '../node_modules/typescript/lib/lib.es2020.full.d.ts'
	../node_modules/typescript/lib/lib.webworker.importscripts.d.ts
	  Library referenced via 'webworker.importscripts' from file '../node_modules/typescript/lib/lib.es2020.full.d.ts'
	../node_modules/typescript/lib/lib.scripthost.d.ts
	  Library referenced via 'scripthost' from file '../node_modules/typescript/lib/lib.es2020.full.d.ts'
	../node_modules/typescript/lib/lib.es2015.core.d.ts
	  Library referenced via 'es2015.core' from file '../node_modules/typescript/lib/lib.es2015.d.ts'
	../node_modules/typescript/lib/lib.es2015.collection.d.ts
	  Library referenced via 'es2015.collection' from file '../node_modules/typescript/lib/lib.es2015.d.ts'
	../node_modules/typescript/lib/lib.es2015.generator.d.ts
	  Library referenced via 'es2015.generator' from file '../node_modules/typescript/lib/lib.es2015.d.ts'
	../node_modules/typescript/lib/lib.es2015.iterable.d.ts
	  Library referenced via 'es2015.iterable' from file '../node_modules/typescript/lib/lib.es2015.d.ts'
	  Library referenced via 'es2015.iterable' from file '../node_modules/typescript/lib/lib.es2015.generator.d.ts'
	  Library referenced via 'es2015.iterable' from file '../node_modules/typescript/lib/lib.es2018.asynciterable.d.ts'
	  Library referenced via 'es2015.iterable' from file '../node_modules/typescript/lib/lib.es2019.object.d.ts'
	  Library referenced via 'es2015.iterable' from file '../node_modules/typescript/lib/lib.es2020.string.d.ts'
	  Library referenced via 'es2015.iterable' from file '../node_modules/typescript/lib/lib.es2020.symbol.wellknown.d.ts'
	../node_modules/typescript/lib/lib.es2015.promise.d.ts
	  Library referenced via 'es2015.promise' from file '../node_modules/typescript/lib/lib.es2015.d.ts'
	../node_modules/typescript/lib/lib.es2015.proxy.d.ts
	  Library referenced via 'es2015.proxy' from file '../node_modules/typescript/lib/lib.es2015.d.ts'
	../node_modules/typescript/lib/lib.es2015.reflect.d.ts
	  Library referenced via 'es2015.reflect' from file '../node_modules/typescript/lib/lib.es2015.d.ts'
	../node_modules/typescript/lib/lib.es2015.symbol.d.ts
	  Library referenced via 'es2015.symbol' from file '../node_modules/typescript/lib/lib.es2015.iterable.d.ts'
	  Library referenced via 'es2015.symbol' from file '../node_modules/typescript/lib/lib.es2015.d.ts'
	  Library referenced via 'es2015.symbol' from file '../node_modules/typescript/lib/lib.es2015.symbol.wellknown.d.ts'
	  Library referenced via 'es2015.symbol' from file '../node_modules/typescript/lib/lib.es2017.sharedmemory.d.ts'
	  Library referenced via 'es2015.symbol' from file '../node_modules/typescript/lib/lib.es2018.asynciterable.d.ts'
	  Library referenced via 'es2015.symbol' from file '../node_modules/typescript/lib/lib.es2020.symbol.wellknown.d.ts'
	../node_modules/typescript/lib/lib.es2015.symbol.wellknown.d.ts
	  Library referenced via 'es2015.symbol.wellknown' from file '../node_modules/typescript/lib/lib.es2015.d.ts'
	  Library referenced via 'es2015.symbol.wellknown' from file '../node_modules/typescript/lib/lib.es2017.sharedmemory.d.ts'
	../node_modules/typescript/lib/lib.es2016.array.include.d.ts
	  Library referenced via 'es2016.array.include' from file '../node_modules/typescript/lib/lib.es2016.d.ts'
	../node_modules/typescript/lib/lib.es2017.date.d.ts
	  Library referenced via 'es2017.date' from file '../node_modules/typescript/lib/lib.es2017.d.ts'
	../node_modules/typescript/lib/lib.es2017.object.d.ts
	  Library referenced via 'es2017.object' from file '../node_modules/typescript/lib/lib.es2017.d.ts'
	../node_modules/typescript/lib/lib.es2017.sharedmemory.d.ts
	  Library referenced via 'es2017.sharedmemory' from file '../node_modules/typescript/lib/lib.es2017.d.ts'
	../node_modules/typescript/lib/lib.es2017.string.d.ts
	  Library referenced via 'es2017.string' from file '../node_modules/typescript/lib/lib.es2017.d.ts'
	../node_modules/typescript/lib/lib.es2017.intl.d.ts
	  Library referenced via 'es2017.intl' from file '../node_modules/typescript/lib/lib.es2017.d.ts'
	../node_modules/typescript/lib/lib.es2017.typedarrays.d.ts
	  Library referenced via 'es2017.typedarrays' from file '../node_modules/typescript/lib/lib.es2017.d.ts'
	../node_modules/typescript/lib/lib.es2018.asyncgenerator.d.ts
	  Library referenced via 'es2018.asyncgenerator' from file '../node_modules/typescript/lib/lib.es2018.d.ts'
	../node_modules/typescript/lib/lib.es2018.asynciterable.d.ts
	  Library referenced via 'es2018.asynciterable' from file '../node_modules/typescript/lib/lib.es2018.d.ts'
	  Library referenced via 'es2018.asynciterable' from file '../node_modules/typescript/lib/lib.es2018.asyncgenerator.d.ts'
	../node_modules/typescript/lib/lib.es2018.intl.d.ts
	  Library referenced via 'es2018.intl' from file '../node_modules/typescript/lib/lib.es2018.d.ts'
	  Library referenced via 'es2018.intl' from file '../node_modules/typescript/lib/lib.es2020.intl.d.ts'
	../node_modules/typescript/lib/lib.es2018.promise.d.ts
	  Library referenced via 'es2018.promise' from file '../node_modules/typescript/lib/lib.es2018.d.ts'
	../node_modules/typescript/lib/lib.es2018.regexp.d.ts
	  Library referenced via 'es2018.regexp' from file '../node_modules/typescript/lib/lib.es2018.d.ts'
	../node_modules/typescript/lib/lib.es2019.array.d.ts
	  Library referenced via 'es2019.array' from file '../node_modules/typescript/lib/lib.es2019.d.ts'
	../node_modules/typescript/lib/lib.es2019.object.d.ts
	  Library referenced via 'es2019.object' from file '../node_modules/typescript/lib/lib.es2019.d.ts'
	../node_modules/typescript/lib/lib.es2019.string.d.ts
	  Library referenced via 'es2019.string' from file '../node_modules/typescript/lib/lib.es2019.d.ts'
	../node_modules/typescript/lib/lib.es2019.symbol.d.ts
	  Library referenced via 'es2019.symbol' from file '../node_modules/typescript/lib/lib.es2019.d.ts'
	../node_modules/typescript/lib/lib.es2019.intl.d.ts
	  Library referenced via 'es2019.intl' from file '../node_modules/typescript/lib/lib.es2019.d.ts'
	../node_modules/typescript/lib/lib.es2020.bigint.d.ts
	  Library referenced via 'es2020.bigint' from file '../node_modules/typescript/lib/lib.es2020.d.ts'
	../node_modules/typescript/lib/lib.es2020.date.d.ts
	  Library referenced via 'es2020.date' from file '../node_modules/typescript/lib/lib.es2020.d.ts'
	../node_modules/typescript/lib/lib.es2020.promise.d.ts
	  Library referenced via 'es2020.promise' from file '../node_modules/typescript/lib/lib.es2020.d.ts'
	../node_modules/typescript/lib/lib.es2020.sharedmemory.d.ts
	  Library referenced via 'es2020.sharedmemory' from file '../node_modules/typescript/lib/lib.es2020.d.ts'
	../node_modules/typescript/lib/lib.es2020.string.d.ts
	  Library referenced via 'es2020.string' from file '../node_modules/typescript/lib/lib.es2020.d.ts'
	../node_modules/typescript/lib/lib.es2020.symbol.wellknown.d.ts
	  Library referenced via 'es2020.symbol.wellknown' from file '../node_modules/typescript/lib/lib.es2020.d.ts'
	../node_modules/typescript/lib/lib.es2020.intl.d.ts
	  Library referenced via 'es2020.intl' from file '../node_modules/typescript/lib/lib.es2020.bigint.d.ts'
	  Library referenced via 'es2020.intl' from file '../node_modules/typescript/lib/lib.es2020.date.d.ts'
	  Library referenced via 'es2020.intl' from file '../node_modules/typescript/lib/lib.es2020.number.d.ts'
	  Library referenced via 'es2020.intl' from file '../node_modules/typescript/lib/lib.es2020.d.ts'
	../node_modules/typescript/lib/lib.es2020.number.d.ts
	  Library referenced via 'es2020.number' from file '../node_modules/typescript/lib/lib.es2020.d.ts'
	../node_modules/typescript/lib/lib.decorators.d.ts
	  Library referenced via 'decorators' from file '../node_modules/typescript/lib/lib.es5.d.ts'
	../node_modules/typescript/lib/lib.decorators.legacy.d.ts
	  Library referenced via 'decorators.legacy' from file '../node_modules/typescript/lib/lib.es5.d.ts'
	../node_modules/typescript/lib/lib.es2020.full.d.ts
	  Default library for target 'es2020'
	sequence-generator.ts
	  Root file specified for compilation

Info 41   [19:47:54.092] -----------------------------------------------
Info 42   [19:47:54.094] FileWatcher:: Added:: WatchInfo: /users/joshuaying/emblem/semantic-graph/test-ts/package.json 250 undefined WatchType: package.json file
Info 43   [19:47:54.095] Project '/dev/null/inferredProject1*' (Inferred)
Info 43   [19:47:54.095] 	Files (49)

Info 43   [19:47:54.095] -----------------------------------------------
Info 43   [19:47:54.095] Open files: 
Info 43   [19:47:54.095] 	FileName: /Users/joshuaying/emblem/semantic-graph/test-ts/src/sequence-generator.ts ProjectRootPath: /Users/joshuaying/emblem/semantic-graph/test-ts/src
Info 43   [19:47:54.095] 		Projects: /dev/null/inferredProject1*
Perf 43   [19:47:54.095] 2::open: async elapsed time (in milliseconds) 262.4236
Info 44   [19:47:54.095] request:
    {
      "seq": 3,
      "type": "request",
      "command": "open",
      "arguments": {
        "file": "/Users/joshuaying/emblem/semantic-graph/test-ts/src/index.ts",
        "fileContent": "// // demonstrating why we need to bubble up from child to parent\n// type WrappedType = number | void;\n\n// type WrapperType = {\n//   a: string,\n//   b: WrappedType\n// }\n\n// function f() {\n//   const x: WrapperType = {\n//     a: 'hello',\n//     b: 5\n//   }\n\n//   console.log(x.b);\n// }\n\n// interface I {\n//   m(): string;\n// }\n\n// class C implements I {\n//   m() {\n//     return \"hello\";\n//   }\n// }\n\n\n\n/*\n// Tests for LSP idiosyncracy where subclass overriding / implementation methods are referencedBy the superclass method/field.\n// method1 should NOT referenceInDefinition B.method2 (only A.method2)\nabstract class A {\n  method1() {\n    this.method2()\n  }\n  abstract method2();\n}\n\nclass B extends A {\n  method2() {}\n}\n*/\n\n\n\n/*\n// Tests for bubbling children's referenceInDefinition up to parents.\n// A should referenceInDefinition B.\nfunction B() {}\n\nclass A {\n  m1() {\n    B()\n  }\n}\n*/\n\n// class A {\n//   b: B\n// }\n\n// class B {\n//   a: A\n//   constructor(a: A) {\n//     this.a = a;\n//     this.a.b = this;\n//   }\n// }\n\n// console.log(new B(new A()));",
        "scriptKindName": "TS",
        "projectRootPath": "/Users/joshuaying/emblem/semantic-graph/test-ts/src"
      }
    }
Info 45   [19:47:54.095] Search path: /Users/joshuaying/emblem/semantic-graph/test-ts/src
Info 46   [19:47:54.095] For info: /Users/joshuaying/emblem/semantic-graph/test-ts/src/index.ts :: No config files found.
Info 47   [19:47:54.095] Starting updateGraphWorker: Project: /dev/null/inferredProject1*
Info 48   [19:47:54.099] Finishing updateGraphWorker: Project: /dev/null/inferredProject1* Version: 2 structureChanged: true structureIsReused:: Not Elapsed: 3.8139166831970215ms
Info 49   [19:47:54.099] Project '/dev/null/inferredProject1*' (Inferred)
Info 50   [19:47:54.100] 	Files (50)
	/Users/joshuaying/emblem/semantic-graph/test-ts/node_modules/typescript/lib/lib.es5.d.ts
	/Users/joshuaying/emblem/semantic-graph/test-ts/node_modules/typescript/lib/lib.es2015.d.ts
	/Users/joshuaying/emblem/semantic-graph/test-ts/node_modules/typescript/lib/lib.es2016.d.ts
	/Users/joshuaying/emblem/semantic-graph/test-ts/node_modules/typescript/lib/lib.es2017.d.ts
	/Users/joshuaying/emblem/semantic-graph/test-ts/node_modules/typescript/lib/lib.es2018.d.ts
	/Users/joshuaying/emblem/semantic-graph/test-ts/node_modules/typescript/lib/lib.es2019.d.ts
	/Users/joshuaying/emblem/semantic-graph/test-ts/node_modules/typescript/lib/lib.es2020.d.ts
	/Users/joshuaying/emblem/semantic-graph/test-ts/node_modules/typescript/lib/lib.dom.d.ts
	/Users/joshuaying/emblem/semantic-graph/test-ts/node_modules/typescript/lib/lib.dom.iterable.d.ts
	/Users/joshuaying/emblem/semantic-graph/test-ts/node_modules/typescript/lib/lib.webworker.importscripts.d.ts
	/Users/joshuaying/emblem/semantic-graph/test-ts/node_modules/typescript/lib/lib.scripthost.d.ts
	/Users/joshuaying/emblem/semantic-graph/test-ts/node_modules/typescript/lib/lib.es2015.core.d.ts
	/Users/joshuaying/emblem/semantic-graph/test-ts/node_modules/typescript/lib/lib.es2015.collection.d.ts
	/Users/joshuaying/emblem/semantic-graph/test-ts/node_modules/typescript/lib/lib.es2015.generator.d.ts
	/Users/joshuaying/emblem/semantic-graph/test-ts/node_modules/typescript/lib/lib.es2015.iterable.d.ts
	/Users/joshuaying/emblem/semantic-graph/test-ts/node_modules/typescript/lib/lib.es2015.promise.d.ts
	/Users/joshuaying/emblem/semantic-graph/test-ts/node_modules/typescript/lib/lib.es2015.proxy.d.ts
	/Users/joshuaying/emblem/semantic-graph/test-ts/node_modules/typescript/lib/lib.es2015.reflect.d.ts
	/Users/joshuaying/emblem/semantic-graph/test-ts/node_modules/typescript/lib/lib.es2015.symbol.d.ts
	/Users/joshuaying/emblem/semantic-graph/test-ts/node_modules/typescript/lib/lib.es2015.symbol.wellknown.d.ts
	/Users/joshuaying/emblem/semantic-graph/test-ts/node_modules/typescript/lib/lib.es2016.array.include.d.ts
	/Users/joshuaying/emblem/semantic-graph/test-ts/node_modules/typescript/lib/lib.es2017.date.d.ts
	/Users/joshuaying/emblem/semantic-graph/test-ts/node_modules/typescript/lib/lib.es2017.object.d.ts
	/Users/joshuaying/emblem/semantic-graph/test-ts/node_modules/typescript/lib/lib.es2017.sharedmemory.d.ts
	/Users/joshuaying/emblem/semantic-graph/test-ts/node_modules/typescript/lib/lib.es2017.string.d.ts
	/Users/joshuaying/emblem/semantic-graph/test-ts/node_modules/typescript/lib/lib.es2017.intl.d.ts
	/Users/joshuaying/emblem/semantic-graph/test-ts/node_modules/typescript/lib/lib.es2017.typedarrays.d.ts
	/Users/joshuaying/emblem/semantic-graph/test-ts/node_modules/typescript/lib/lib.es2018.asyncgenerator.d.ts
	/Users/joshuaying/emblem/semantic-graph/test-ts/node_modules/typescript/lib/lib.es2018.asynciterable.d.ts
	/Users/joshuaying/emblem/semantic-graph/test-ts/node_modules/typescript/lib/lib.es2018.intl.d.ts
	/Users/joshuaying/emblem/semantic-graph/test-ts/node_modules/typescript/lib/lib.es2018.promise.d.ts
	/Users/joshuaying/emblem/semantic-graph/test-ts/node_modules/typescript/lib/lib.es2018.regexp.d.ts
	/Users/joshuaying/emblem/semantic-graph/test-ts/node_modules/typescript/lib/lib.es2019.array.d.ts
	/Users/joshuaying/emblem/semantic-graph/test-ts/node_modules/typescript/lib/lib.es2019.object.d.ts
	/Users/joshuaying/emblem/semantic-graph/test-ts/node_modules/typescript/lib/lib.es2019.string.d.ts
	/Users/joshuaying/emblem/semantic-graph/test-ts/node_modules/typescript/lib/lib.es2019.symbol.d.ts
	/Users/joshuaying/emblem/semantic-graph/test-ts/node_modules/typescript/lib/lib.es2019.intl.d.ts
	/Users/joshuaying/emblem/semantic-graph/test-ts/node_modules/typescript/lib/lib.es2020.bigint.d.ts
	/Users/joshuaying/emblem/semantic-graph/test-ts/node_modules/typescript/lib/lib.es2020.date.d.ts
	/Users/joshuaying/emblem/semantic-graph/test-ts/node_modules/typescript/lib/lib.es2020.promise.d.ts
	/Users/joshuaying/emblem/semantic-graph/test-ts/node_modules/typescript/lib/lib.es2020.sharedmemory.d.ts
	/Users/joshuaying/emblem/semantic-graph/test-ts/node_modules/typescript/lib/lib.es2020.string.d.ts
	/Users/joshuaying/emblem/semantic-graph/test-ts/node_modules/typescript/lib/lib.es2020.symbol.wellknown.d.ts
	/Users/joshuaying/emblem/semantic-graph/test-ts/node_modules/typescript/lib/lib.es2020.intl.d.ts
	/Users/joshuaying/emblem/semantic-graph/test-ts/node_modules/typescript/lib/lib.es2020.number.d.ts
	/Users/joshuaying/emblem/semantic-graph/test-ts/node_modules/typescript/lib/lib.decorators.d.ts
	/Users/joshuaying/emblem/semantic-graph/test-ts/node_modules/typescript/lib/lib.decorators.legacy.d.ts
	/Users/joshuaying/emblem/semantic-graph/test-ts/node_modules/typescript/lib/lib.es2020.full.d.ts
	/Users/joshuaying/emblem/semantic-graph/test-ts/src/sequence-generator.ts
	/Users/joshuaying/emblem/semantic-graph/test-ts/src/index.ts


	../node_modules/typescript/lib/lib.es5.d.ts
	  Library referenced via 'es5' from file '../node_modules/typescript/lib/lib.es2015.d.ts'
	../node_modules/typescript/lib/lib.es2015.d.ts
	  Library referenced via 'es2015' from file '../node_modules/typescript/lib/lib.es2016.d.ts'
	../node_modules/typescript/lib/lib.es2016.d.ts
	  Library referenced via 'es2016' from file '../node_modules/typescript/lib/lib.es2017.d.ts'
	../node_modules/typescript/lib/lib.es2017.d.ts
	  Library referenced via 'es2017' from file '../node_modules/typescript/lib/lib.es2018.d.ts'
	../node_modules/typescript/lib/lib.es2018.d.ts
	  Library referenced via 'es2018' from file '../node_modules/typescript/lib/lib.es2019.d.ts'
	../node_modules/typescript/lib/lib.es2019.d.ts
	  Library referenced via 'es2019' from file '../node_modules/typescript/lib/lib.es2020.d.ts'
	../node_modules/typescript/lib/lib.es2020.d.ts
	  Library referenced via 'es2020' from file '../node_modules/typescript/lib/lib.es2020.full.d.ts'
	../node_modules/typescript/lib/lib.dom.d.ts
	  Library referenced via 'dom' from file '../node_modules/typescript/lib/lib.es2020.full.d.ts'
	../node_modules/typescript/lib/lib.dom.iterable.d.ts
	  Library referenced via 'dom.iterable' from file '../node_modules/typescript/lib/lib.es2020.full.d.ts'
	../node_modules/typescript/lib/lib.webworker.importscripts.d.ts
	  Library referenced via 'webworker.importscripts' from file '../node_modules/typescript/lib/lib.es2020.full.d.ts'
	../node_modules/typescript/lib/lib.scripthost.d.ts
	  Library referenced via 'scripthost' from file '../node_modules/typescript/lib/lib.es2020.full.d.ts'
	../node_modules/typescript/lib/lib.es2015.core.d.ts
	  Library referenced via 'es2015.core' from file '../node_modules/typescript/lib/lib.es2015.d.ts'
	../node_modules/typescript/lib/lib.es2015.collection.d.ts
	  Library referenced via 'es2015.collection' from file '../node_modules/typescript/lib/lib.es2015.d.ts'
	../node_modules/typescript/lib/lib.es2015.generator.d.ts
	  Library referenced via 'es2015.generator' from file '../node_modules/typescript/lib/lib.es2015.d.ts'
	../node_modules/typescript/lib/lib.es2015.iterable.d.ts
	  Library referenced via 'es2015.iterable' from file '../node_modules/typescript/lib/lib.es2015.d.ts'
	  Library referenced via 'es2015.iterable' from file '../node_modules/typescript/lib/lib.es2015.generator.d.ts'
	  Library referenced via 'es2015.iterable' from file '../node_modules/typescript/lib/lib.es2018.asynciterable.d.ts'
	  Library referenced via 'es2015.iterable' from file '../node_modules/typescript/lib/lib.es2019.object.d.ts'
	  Library referenced via 'es2015.iterable' from file '../node_modules/typescript/lib/lib.es2020.string.d.ts'
	  Library referenced via 'es2015.iterable' from file '../node_modules/typescript/lib/lib.es2020.symbol.wellknown.d.ts'
	../node_modules/typescript/lib/lib.es2015.promise.d.ts
	  Library referenced via 'es2015.promise' from file '../node_modules/typescript/lib/lib.es2015.d.ts'
	../node_modules/typescript/lib/lib.es2015.proxy.d.ts
	  Library referenced via 'es2015.proxy' from file '../node_modules/typescript/lib/lib.es2015.d.ts'
	../node_modules/typescript/lib/lib.es2015.reflect.d.ts
	  Library referenced via 'es2015.reflect' from file '../node_modules/typescript/lib/lib.es2015.d.ts'
	../node_modules/typescript/lib/lib.es2015.symbol.d.ts
	  Library referenced via 'es2015.symbol' from file '../node_modules/typescript/lib/lib.es2015.iterable.d.ts'
	  Library referenced via 'es2015.symbol' from file '../node_modules/typescript/lib/lib.es2015.d.ts'
	  Library referenced via 'es2015.symbol' from file '../node_modules/typescript/lib/lib.es2015.symbol.wellknown.d.ts'
	  Library referenced via 'es2015.symbol' from file '../node_modules/typescript/lib/lib.es2017.sharedmemory.d.ts'
	  Library referenced via 'es2015.symbol' from file '../node_modules/typescript/lib/lib.es2018.asynciterable.d.ts'
	  Library referenced via 'es2015.symbol' from file '../node_modules/typescript/lib/lib.es2020.symbol.wellknown.d.ts'
	../node_modules/typescript/lib/lib.es2015.symbol.wellknown.d.ts
	  Library referenced via 'es2015.symbol.wellknown' from file '../node_modules/typescript/lib/lib.es2015.d.ts'
	  Library referenced via 'es2015.symbol.wellknown' from file '../node_modules/typescript/lib/lib.es2017.sharedmemory.d.ts'
	../node_modules/typescript/lib/lib.es2016.array.include.d.ts
	  Library referenced via 'es2016.array.include' from file '../node_modules/typescript/lib/lib.es2016.d.ts'
	../node_modules/typescript/lib/lib.es2017.date.d.ts
	  Library referenced via 'es2017.date' from file '../node_modules/typescript/lib/lib.es2017.d.ts'
	../node_modules/typescript/lib/lib.es2017.object.d.ts
	  Library referenced via 'es2017.object' from file '../node_modules/typescript/lib/lib.es2017.d.ts'
	../node_modules/typescript/lib/lib.es2017.sharedmemory.d.ts
	  Library referenced via 'es2017.sharedmemory' from file '../node_modules/typescript/lib/lib.es2017.d.ts'
	../node_modules/typescript/lib/lib.es2017.string.d.ts
	  Library referenced via 'es2017.string' from file '../node_modules/typescript/lib/lib.es2017.d.ts'
	../node_modules/typescript/lib/lib.es2017.intl.d.ts
	  Library referenced via 'es2017.intl' from file '../node_modules/typescript/lib/lib.es2017.d.ts'
	../node_modules/typescript/lib/lib.es2017.typedarrays.d.ts
	  Library referenced via 'es2017.typedarrays' from file '../node_modules/typescript/lib/lib.es2017.d.ts'
	../node_modules/typescript/lib/lib.es2018.asyncgenerator.d.ts
	  Library referenced via 'es2018.asyncgenerator' from file '../node_modules/typescript/lib/lib.es2018.d.ts'
	../node_modules/typescript/lib/lib.es2018.asynciterable.d.ts
	  Library referenced via 'es2018.asynciterable' from file '../node_modules/typescript/lib/lib.es2018.d.ts'
	  Library referenced via 'es2018.asynciterable' from file '../node_modules/typescript/lib/lib.es2018.asyncgenerator.d.ts'
	../node_modules/typescript/lib/lib.es2018.intl.d.ts
	  Library referenced via 'es2018.intl' from file '../node_modules/typescript/lib/lib.es2018.d.ts'
	  Library referenced via 'es2018.intl' from file '../node_modules/typescript/lib/lib.es2020.intl.d.ts'
	../node_modules/typescript/lib/lib.es2018.promise.d.ts
	  Library referenced via 'es2018.promise' from file '../node_modules/typescript/lib/lib.es2018.d.ts'
	../node_modules/typescript/lib/lib.es2018.regexp.d.ts
	  Library referenced via 'es2018.regexp' from file '../node_modules/typescript/lib/lib.es2018.d.ts'
	../node_modules/typescript/lib/lib.es2019.array.d.ts
	  Library referenced via 'es2019.array' from file '../node_modules/typescript/lib/lib.es2019.d.ts'
	../node_modules/typescript/lib/lib.es2019.object.d.ts
	  Library referenced via 'es2019.object' from file '../node_modules/typescript/lib/lib.es2019.d.ts'
	../node_modules/typescript/lib/lib.es2019.string.d.ts
	  Library referenced via 'es2019.string' from file '../node_modules/typescript/lib/lib.es2019.d.ts'
	../node_modules/typescript/lib/lib.es2019.symbol.d.ts
	  Library referenced via 'es2019.symbol' from file '../node_modules/typescript/lib/lib.es2019.d.ts'
	../node_modules/typescript/lib/lib.es2019.intl.d.ts
	  Library referenced via 'es2019.intl' from file '../node_modules/typescript/lib/lib.es2019.d.ts'
	../node_modules/typescript/lib/lib.es2020.bigint.d.ts
	  Library referenced via 'es2020.bigint' from file '../node_modules/typescript/lib/lib.es2020.d.ts'
	../node_modules/typescript/lib/lib.es2020.date.d.ts
	  Library referenced via 'es2020.date' from file '../node_modules/typescript/lib/lib.es2020.d.ts'
	../node_modules/typescript/lib/lib.es2020.promise.d.ts
	  Library referenced via 'es2020.promise' from file '../node_modules/typescript/lib/lib.es2020.d.ts'
	../node_modules/typescript/lib/lib.es2020.sharedmemory.d.ts
	  Library referenced via 'es2020.sharedmemory' from file '../node_modules/typescript/lib/lib.es2020.d.ts'
	../node_modules/typescript/lib/lib.es2020.string.d.ts
	  Library referenced via 'es2020.string' from file '../node_modules/typescript/lib/lib.es2020.d.ts'
	../node_modules/typescript/lib/lib.es2020.symbol.wellknown.d.ts
	  Library referenced via 'es2020.symbol.wellknown' from file '../node_modules/typescript/lib/lib.es2020.d.ts'
	../node_modules/typescript/lib/lib.es2020.intl.d.ts
	  Library referenced via 'es2020.intl' from file '../node_modules/typescript/lib/lib.es2020.bigint.d.ts'
	  Library referenced via 'es2020.intl' from file '../node_modules/typescript/lib/lib.es2020.date.d.ts'
	  Library referenced via 'es2020.intl' from file '../node_modules/typescript/lib/lib.es2020.number.d.ts'
	  Library referenced via 'es2020.intl' from file '../node_modules/typescript/lib/lib.es2020.d.ts'
	../node_modules/typescript/lib/lib.es2020.number.d.ts
	  Library referenced via 'es2020.number' from file '../node_modules/typescript/lib/lib.es2020.d.ts'
	../node_modules/typescript/lib/lib.decorators.d.ts
	  Library referenced via 'decorators' from file '../node_modules/typescript/lib/lib.es5.d.ts'
	../node_modules/typescript/lib/lib.decorators.legacy.d.ts
	  Library referenced via 'decorators.legacy' from file '../node_modules/typescript/lib/lib.es5.d.ts'
	../node_modules/typescript/lib/lib.es2020.full.d.ts
	  Default library for target 'es2020'
	sequence-generator.ts
	  Root file specified for compilation
	index.ts
	  Root file specified for compilation

Info 51   [19:47:54.100] -----------------------------------------------
Info 52   [19:47:54.100] Project '/dev/null/inferredProject1*' (Inferred)
Info 52   [19:47:54.100] 	Files (50)

Info 52   [19:47:54.100] -----------------------------------------------
Info 52   [19:47:54.100] Open files: 
Info 52   [19:47:54.100] 	FileName: /Users/joshuaying/emblem/semantic-graph/test-ts/src/sequence-generator.ts ProjectRootPath: /Users/joshuaying/emblem/semantic-graph/test-ts/src
Info 52   [19:47:54.100] 		Projects: /dev/null/inferredProject1*
Info 52   [19:47:54.100] 	FileName: /Users/joshuaying/emblem/semantic-graph/test-ts/src/index.ts ProjectRootPath: /Users/joshuaying/emblem/semantic-graph/test-ts/src
Info 52   [19:47:54.100] 		Projects: /dev/null/inferredProject1*
Perf 52   [19:47:54.100] 3::open: async elapsed time (in milliseconds) 4.9578
Info 53   [19:47:54.100] request:
    {
      "seq": 4,
      "type": "request",
      "command": "open",
      "arguments": {
        "file": "/Users/joshuaying/emblem/semantic-graph/test-ts/src/bfs-test.ts",
        "fileContent": "class A {\n    aField: number\n    constructor() {\n        this.aField = 3\n    }\n    M() {\n        const b = new B();\n        b.C();\n        b.bField2;\n        this.aField;\n    }\n}\n\nclass B {\n    bField: number\n    bField2: number\n    bField3: number\n    constructor() {\n        this.bField = 4;\n        this.bField2 = 6;\n        this.bField3 = 8;\n    }\n\n    C() {\n        this.bField;\n    }\n\n    D() {\n\n    }\n}",
        "scriptKindName": "TS",
        "projectRootPath": "/Users/joshuaying/emblem/semantic-graph/test-ts/src"
      }
    }
Info 54   [19:47:54.100] Search path: /Users/joshuaying/emblem/semantic-graph/test-ts/src
Info 55   [19:47:54.100] For info: /Users/joshuaying/emblem/semantic-graph/test-ts/src/bfs-test.ts :: No config files found.
Info 56   [19:47:54.100] Starting updateGraphWorker: Project: /dev/null/inferredProject1*
Info 57   [19:47:54.105] Finishing updateGraphWorker: Project: /dev/null/inferredProject1* Version: 3 structureChanged: true structureIsReused:: Not Elapsed: 4.716833114624023ms
Info 58   [19:47:54.105] Project '/dev/null/inferredProject1*' (Inferred)
Info 59   [19:47:54.105] 	Files (51)
	/Users/joshuaying/emblem/semantic-graph/test-ts/node_modules/typescript/lib/lib.es5.d.ts
	/Users/joshuaying/emblem/semantic-graph/test-ts/node_modules/typescript/lib/lib.es2015.d.ts
	/Users/joshuaying/emblem/semantic-graph/test-ts/node_modules/typescript/lib/lib.es2016.d.ts
	/Users/joshuaying/emblem/semantic-graph/test-ts/node_modules/typescript/lib/lib.es2017.d.ts
	/Users/joshuaying/emblem/semantic-graph/test-ts/node_modules/typescript/lib/lib.es2018.d.ts
	/Users/joshuaying/emblem/semantic-graph/test-ts/node_modules/typescript/lib/lib.es2019.d.ts
	/Users/joshuaying/emblem/semantic-graph/test-ts/node_modules/typescript/lib/lib.es2020.d.ts
	/Users/joshuaying/emblem/semantic-graph/test-ts/node_modules/typescript/lib/lib.dom.d.ts
	/Users/joshuaying/emblem/semantic-graph/test-ts/node_modules/typescript/lib/lib.dom.iterable.d.ts
	/Users/joshuaying/emblem/semantic-graph/test-ts/node_modules/typescript/lib/lib.webworker.importscripts.d.ts
	/Users/joshuaying/emblem/semantic-graph/test-ts/node_modules/typescript/lib/lib.scripthost.d.ts
	/Users/joshuaying/emblem/semantic-graph/test-ts/node_modules/typescript/lib/lib.es2015.core.d.ts
	/Users/joshuaying/emblem/semantic-graph/test-ts/node_modules/typescript/lib/lib.es2015.collection.d.ts
	/Users/joshuaying/emblem/semantic-graph/test-ts/node_modules/typescript/lib/lib.es2015.generator.d.ts
	/Users/joshuaying/emblem/semantic-graph/test-ts/node_modules/typescript/lib/lib.es2015.iterable.d.ts
	/Users/joshuaying/emblem/semantic-graph/test-ts/node_modules/typescript/lib/lib.es2015.promise.d.ts
	/Users/joshuaying/emblem/semantic-graph/test-ts/node_modules/typescript/lib/lib.es2015.proxy.d.ts
	/Users/joshuaying/emblem/semantic-graph/test-ts/node_modules/typescript/lib/lib.es2015.reflect.d.ts
	/Users/joshuaying/emblem/semantic-graph/test-ts/node_modules/typescript/lib/lib.es2015.symbol.d.ts
	/Users/joshuaying/emblem/semantic-graph/test-ts/node_modules/typescript/lib/lib.es2015.symbol.wellknown.d.ts
	/Users/joshuaying/emblem/semantic-graph/test-ts/node_modules/typescript/lib/lib.es2016.array.include.d.ts
	/Users/joshuaying/emblem/semantic-graph/test-ts/node_modules/typescript/lib/lib.es2017.date.d.ts
	/Users/joshuaying/emblem/semantic-graph/test-ts/node_modules/typescript/lib/lib.es2017.object.d.ts
	/Users/joshuaying/emblem/semantic-graph/test-ts/node_modules/typescript/lib/lib.es2017.sharedmemory.d.ts
	/Users/joshuaying/emblem/semantic-graph/test-ts/node_modules/typescript/lib/lib.es2017.string.d.ts
	/Users/joshuaying/emblem/semantic-graph/test-ts/node_modules/typescript/lib/lib.es2017.intl.d.ts
	/Users/joshuaying/emblem/semantic-graph/test-ts/node_modules/typescript/lib/lib.es2017.typedarrays.d.ts
	/Users/joshuaying/emblem/semantic-graph/test-ts/node_modules/typescript/lib/lib.es2018.asyncgenerator.d.ts
	/Users/joshuaying/emblem/semantic-graph/test-ts/node_modules/typescript/lib/lib.es2018.asynciterable.d.ts
	/Users/joshuaying/emblem/semantic-graph/test-ts/node_modules/typescript/lib/lib.es2018.intl.d.ts
	/Users/joshuaying/emblem/semantic-graph/test-ts/node_modules/typescript/lib/lib.es2018.promise.d.ts
	/Users/joshuaying/emblem/semantic-graph/test-ts/node_modules/typescript/lib/lib.es2018.regexp.d.ts
	/Users/joshuaying/emblem/semantic-graph/test-ts/node_modules/typescript/lib/lib.es2019.array.d.ts
	/Users/joshuaying/emblem/semantic-graph/test-ts/node_modules/typescript/lib/lib.es2019.object.d.ts
	/Users/joshuaying/emblem/semantic-graph/test-ts/node_modules/typescript/lib/lib.es2019.string.d.ts
	/Users/joshuaying/emblem/semantic-graph/test-ts/node_modules/typescript/lib/lib.es2019.symbol.d.ts
	/Users/joshuaying/emblem/semantic-graph/test-ts/node_modules/typescript/lib/lib.es2019.intl.d.ts
	/Users/joshuaying/emblem/semantic-graph/test-ts/node_modules/typescript/lib/lib.es2020.bigint.d.ts
	/Users/joshuaying/emblem/semantic-graph/test-ts/node_modules/typescript/lib/lib.es2020.date.d.ts
	/Users/joshuaying/emblem/semantic-graph/test-ts/node_modules/typescript/lib/lib.es2020.promise.d.ts
	/Users/joshuaying/emblem/semantic-graph/test-ts/node_modules/typescript/lib/lib.es2020.sharedmemory.d.ts
	/Users/joshuaying/emblem/semantic-graph/test-ts/node_modules/typescript/lib/lib.es2020.string.d.ts
	/Users/joshuaying/emblem/semantic-graph/test-ts/node_modules/typescript/lib/lib.es2020.symbol.wellknown.d.ts
	/Users/joshuaying/emblem/semantic-graph/test-ts/node_modules/typescript/lib/lib.es2020.intl.d.ts
	/Users/joshuaying/emblem/semantic-graph/test-ts/node_modules/typescript/lib/lib.es2020.number.d.ts
	/Users/joshuaying/emblem/semantic-graph/test-ts/node_modules/typescript/lib/lib.decorators.d.ts
	/Users/joshuaying/emblem/semantic-graph/test-ts/node_modules/typescript/lib/lib.decorators.legacy.d.ts
	/Users/joshuaying/emblem/semantic-graph/test-ts/node_modules/typescript/lib/lib.es2020.full.d.ts
	/Users/joshuaying/emblem/semantic-graph/test-ts/src/sequence-generator.ts
	/Users/joshuaying/emblem/semantic-graph/test-ts/src/index.ts
	/Users/joshuaying/emblem/semantic-graph/test-ts/src/bfs-test.ts


	../node_modules/typescript/lib/lib.es5.d.ts
	  Library referenced via 'es5' from file '../node_modules/typescript/lib/lib.es2015.d.ts'
	../node_modules/typescript/lib/lib.es2015.d.ts
	  Library referenced via 'es2015' from file '../node_modules/typescript/lib/lib.es2016.d.ts'
	../node_modules/typescript/lib/lib.es2016.d.ts
	  Library referenced via 'es2016' from file '../node_modules/typescript/lib/lib.es2017.d.ts'
	../node_modules/typescript/lib/lib.es2017.d.ts
	  Library referenced via 'es2017' from file '../node_modules/typescript/lib/lib.es2018.d.ts'
	../node_modules/typescript/lib/lib.es2018.d.ts
	  Library referenced via 'es2018' from file '../node_modules/typescript/lib/lib.es2019.d.ts'
	../node_modules/typescript/lib/lib.es2019.d.ts
	  Library referenced via 'es2019' from file '../node_modules/typescript/lib/lib.es2020.d.ts'
	../node_modules/typescript/lib/lib.es2020.d.ts
	  Library referenced via 'es2020' from file '../node_modules/typescript/lib/lib.es2020.full.d.ts'
	../node_modules/typescript/lib/lib.dom.d.ts
	  Library referenced via 'dom' from file '../node_modules/typescript/lib/lib.es2020.full.d.ts'
	../node_modules/typescript/lib/lib.dom.iterable.d.ts
	  Library referenced via 'dom.iterable' from file '../node_modules/typescript/lib/lib.es2020.full.d.ts'
	../node_modules/typescript/lib/lib.webworker.importscripts.d.ts
	  Library referenced via 'webworker.importscripts' from file '../node_modules/typescript/lib/lib.es2020.full.d.ts'
	../node_modules/typescript/lib/lib.scripthost.d.ts
	  Library referenced via 'scripthost' from file '../node_modules/typescript/lib/lib.es2020.full.d.ts'
	../node_modules/typescript/lib/lib.es2015.core.d.ts
	  Library referenced via 'es2015.core' from file '../node_modules/typescript/lib/lib.es2015.d.ts'
	../node_modules/typescript/lib/lib.es2015.collection.d.ts
	  Library referenced via 'es2015.collection' from file '../node_modules/typescript/lib/lib.es2015.d.ts'
	../node_modules/typescript/lib/lib.es2015.generator.d.ts
	  Library referenced via 'es2015.generator' from file '../node_modules/typescript/lib/lib.es2015.d.ts'
	../node_modules/typescript/lib/lib.es2015.iterable.d.ts
	  Library referenced via 'es2015.iterable' from file '../node_modules/typescript/lib/lib.es2015.d.ts'
	  Library referenced via 'es2015.iterable' from file '../node_modules/typescript/lib/lib.es2015.generator.d.ts'
	  Library referenced via 'es2015.iterable' from file '../node_modules/typescript/lib/lib.es2018.asynciterable.d.ts'
	  Library referenced via 'es2015.iterable' from file '../node_modules/typescript/lib/lib.es2019.object.d.ts'
	  Library referenced via 'es2015.iterable' from file '../node_modules/typescript/lib/lib.es2020.string.d.ts'
	  Library referenced via 'es2015.iterable' from file '../node_modules/typescript/lib/lib.es2020.symbol.wellknown.d.ts'
	../node_modules/typescript/lib/lib.es2015.promise.d.ts
	  Library referenced via 'es2015.promise' from file '../node_modules/typescript/lib/lib.es2015.d.ts'
	../node_modules/typescript/lib/lib.es2015.proxy.d.ts
	  Library referenced via 'es2015.proxy' from file '../node_modules/typescript/lib/lib.es2015.d.ts'
	../node_modules/typescript/lib/lib.es2015.reflect.d.ts
	  Library referenced via 'es2015.reflect' from file '../node_modules/typescript/lib/lib.es2015.d.ts'
	../node_modules/typescript/lib/lib.es2015.symbol.d.ts
	  Library referenced via 'es2015.symbol' from file '../node_modules/typescript/lib/lib.es2015.iterable.d.ts'
	  Library referenced via 'es2015.symbol' from file '../node_modules/typescript/lib/lib.es2015.d.ts'
	  Library referenced via 'es2015.symbol' from file '../node_modules/typescript/lib/lib.es2015.symbol.wellknown.d.ts'
	  Library referenced via 'es2015.symbol' from file '../node_modules/typescript/lib/lib.es2017.sharedmemory.d.ts'
	  Library referenced via 'es2015.symbol' from file '../node_modules/typescript/lib/lib.es2018.asynciterable.d.ts'
	  Library referenced via 'es2015.symbol' from file '../node_modules/typescript/lib/lib.es2020.symbol.wellknown.d.ts'
	../node_modules/typescript/lib/lib.es2015.symbol.wellknown.d.ts
	  Library referenced via 'es2015.symbol.wellknown' from file '../node_modules/typescript/lib/lib.es2015.d.ts'
	  Library referenced via 'es2015.symbol.wellknown' from file '../node_modules/typescript/lib/lib.es2017.sharedmemory.d.ts'
	../node_modules/typescript/lib/lib.es2016.array.include.d.ts
	  Library referenced via 'es2016.array.include' from file '../node_modules/typescript/lib/lib.es2016.d.ts'
	../node_modules/typescript/lib/lib.es2017.date.d.ts
	  Library referenced via 'es2017.date' from file '../node_modules/typescript/lib/lib.es2017.d.ts'
	../node_modules/typescript/lib/lib.es2017.object.d.ts
	  Library referenced via 'es2017.object' from file '../node_modules/typescript/lib/lib.es2017.d.ts'
	../node_modules/typescript/lib/lib.es2017.sharedmemory.d.ts
	  Library referenced via 'es2017.sharedmemory' from file '../node_modules/typescript/lib/lib.es2017.d.ts'
	../node_modules/typescript/lib/lib.es2017.string.d.ts
	  Library referenced via 'es2017.string' from file '../node_modules/typescript/lib/lib.es2017.d.ts'
	../node_modules/typescript/lib/lib.es2017.intl.d.ts
	  Library referenced via 'es2017.intl' from file '../node_modules/typescript/lib/lib.es2017.d.ts'
	../node_modules/typescript/lib/lib.es2017.typedarrays.d.ts
	  Library referenced via 'es2017.typedarrays' from file '../node_modules/typescript/lib/lib.es2017.d.ts'
	../node_modules/typescript/lib/lib.es2018.asyncgenerator.d.ts
	  Library referenced via 'es2018.asyncgenerator' from file '../node_modules/typescript/lib/lib.es2018.d.ts'
	../node_modules/typescript/lib/lib.es2018.asynciterable.d.ts
	  Library referenced via 'es2018.asynciterable' from file '../node_modules/typescript/lib/lib.es2018.d.ts'
	  Library referenced via 'es2018.asynciterable' from file '../node_modules/typescript/lib/lib.es2018.asyncgenerator.d.ts'
	../node_modules/typescript/lib/lib.es2018.intl.d.ts
	  Library referenced via 'es2018.intl' from file '../node_modules/typescript/lib/lib.es2018.d.ts'
	  Library referenced via 'es2018.intl' from file '../node_modules/typescript/lib/lib.es2020.intl.d.ts'
	../node_modules/typescript/lib/lib.es2018.promise.d.ts
	  Library referenced via 'es2018.promise' from file '../node_modules/typescript/lib/lib.es2018.d.ts'
	../node_modules/typescript/lib/lib.es2018.regexp.d.ts
	  Library referenced via 'es2018.regexp' from file '../node_modules/typescript/lib/lib.es2018.d.ts'
	../node_modules/typescript/lib/lib.es2019.array.d.ts
	  Library referenced via 'es2019.array' from file '../node_modules/typescript/lib/lib.es2019.d.ts'
	../node_modules/typescript/lib/lib.es2019.object.d.ts
	  Library referenced via 'es2019.object' from file '../node_modules/typescript/lib/lib.es2019.d.ts'
	../node_modules/typescript/lib/lib.es2019.string.d.ts
	  Library referenced via 'es2019.string' from file '../node_modules/typescript/lib/lib.es2019.d.ts'
	../node_modules/typescript/lib/lib.es2019.symbol.d.ts
	  Library referenced via 'es2019.symbol' from file '../node_modules/typescript/lib/lib.es2019.d.ts'
	../node_modules/typescript/lib/lib.es2019.intl.d.ts
	  Library referenced via 'es2019.intl' from file '../node_modules/typescript/lib/lib.es2019.d.ts'
	../node_modules/typescript/lib/lib.es2020.bigint.d.ts
	  Library referenced via 'es2020.bigint' from file '../node_modules/typescript/lib/lib.es2020.d.ts'
	../node_modules/typescript/lib/lib.es2020.date.d.ts
	  Library referenced via 'es2020.date' from file '../node_modules/typescript/lib/lib.es2020.d.ts'
	../node_modules/typescript/lib/lib.es2020.promise.d.ts
	  Library referenced via 'es2020.promise' from file '../node_modules/typescript/lib/lib.es2020.d.ts'
	../node_modules/typescript/lib/lib.es2020.sharedmemory.d.ts
	  Library referenced via 'es2020.sharedmemory' from file '../node_modules/typescript/lib/lib.es2020.d.ts'
	../node_modules/typescript/lib/lib.es2020.string.d.ts
	  Library referenced via 'es2020.string' from file '../node_modules/typescript/lib/lib.es2020.d.ts'
	../node_modules/typescript/lib/lib.es2020.symbol.wellknown.d.ts
	  Library referenced via 'es2020.symbol.wellknown' from file '../node_modules/typescript/lib/lib.es2020.d.ts'
	../node_modules/typescript/lib/lib.es2020.intl.d.ts
	  Library referenced via 'es2020.intl' from file '../node_modules/typescript/lib/lib.es2020.bigint.d.ts'
	  Library referenced via 'es2020.intl' from file '../node_modules/typescript/lib/lib.es2020.date.d.ts'
	  Library referenced via 'es2020.intl' from file '../node_modules/typescript/lib/lib.es2020.number.d.ts'
	  Library referenced via 'es2020.intl' from file '../node_modules/typescript/lib/lib.es2020.d.ts'
	../node_modules/typescript/lib/lib.es2020.number.d.ts
	  Library referenced via 'es2020.number' from file '../node_modules/typescript/lib/lib.es2020.d.ts'
	../node_modules/typescript/lib/lib.decorators.d.ts
	  Library referenced via 'decorators' from file '../node_modules/typescript/lib/lib.es5.d.ts'
	../node_modules/typescript/lib/lib.decorators.legacy.d.ts
	  Library referenced via 'decorators.legacy' from file '../node_modules/typescript/lib/lib.es5.d.ts'
	../node_modules/typescript/lib/lib.es2020.full.d.ts
	  Default library for target 'es2020'
	sequence-generator.ts
	  Root file specified for compilation
	index.ts
	  Root file specified for compilation
	bfs-test.ts
	  Root file specified for compilation

Info 60   [19:47:54.105] -----------------------------------------------
Info 61   [19:47:54.106] Project '/dev/null/inferredProject1*' (Inferred)
Info 61   [19:47:54.106] 	Files (51)

Info 61   [19:47:54.106] -----------------------------------------------
Info 61   [19:47:54.106] Open files: 
Info 61   [19:47:54.106] 	FileName: /Users/joshuaying/emblem/semantic-graph/test-ts/src/sequence-generator.ts ProjectRootPath: /Users/joshuaying/emblem/semantic-graph/test-ts/src
Info 61   [19:47:54.106] 		Projects: /dev/null/inferredProject1*
Info 61   [19:47:54.106] 	FileName: /Users/joshuaying/emblem/semantic-graph/test-ts/src/index.ts ProjectRootPath: /Users/joshuaying/emblem/semantic-graph/test-ts/src
Info 61   [19:47:54.106] 		Projects: /dev/null/inferredProject1*
Info 61   [19:47:54.106] 	FileName: /Users/joshuaying/emblem/semantic-graph/test-ts/src/bfs-test.ts ProjectRootPath: /Users/joshuaying/emblem/semantic-graph/test-ts/src
Info 61   [19:47:54.106] 		Projects: /dev/null/inferredProject1*
Perf 61   [19:47:54.106] 4::open: async elapsed time (in milliseconds) 5.6860
Info 62   [19:47:54.106] request:
    {
      "seq": 5,
      "type": "request",
      "command": "geterr",
      "arguments": {
        "delay": 0,
        "files": [
          "/Users/joshuaying/emblem/semantic-graph/test-ts/src/bfs-test.ts",
          "/Users/joshuaying/emblem/semantic-graph/test-ts/src/index.ts",
          "/Users/joshuaying/emblem/semantic-graph/test-ts/src/sequence-generator.ts"
        ]
      }
    }
Perf 63   [19:47:54.106] 5::geterr: async elapsed time (in milliseconds) 0.4085
Info 64   [19:47:54.109] event:
    {"seq":0,"type":"event","event":"syntaxDiag","body":{"file":"/Users/joshuaying/emblem/semantic-graph/test-ts/src/bfs-test.ts","diagnostics":[]}}
Info 65   [19:47:54.119] event:
    {"seq":0,"type":"event","event":"semanticDiag","body":{"file":"/Users/joshuaying/emblem/semantic-graph/test-ts/src/bfs-test.ts","diagnostics":[]}}
Info 66   [19:47:54.119] request:
    {
      "seq": 6,
      "type": "request",
      "command": "references",
      "arguments": {
        "file": "/Users/joshuaying/emblem/semantic-graph/test-ts/src/bfs-test.ts",
        "line": 14,
        "offset": 1
      }
    }
Info 67   [19:47:54.121] Finding references to /Users/joshuaying/emblem/semantic-graph/test-ts/src/bfs-test.ts position 180 in project /dev/null/inferredProject1*
Perf 68   [19:47:54.140] 6::references: elapsed time (in milliseconds) 20.9694
Info 69   [19:47:54.140] response:
    {"seq":0,"type":"response","command":"references","request_seq":6,"success":true,"body":{"refs":[{"file":"/Users/joshuaying/emblem/semantic-graph/test-ts/src/bfs-test.ts","start":{"line":7,"offset":23},"end":{"line":7,"offset":24},"isWriteAccess":false,"isDefinition":false},{"file":"/Users/joshuaying/emblem/semantic-graph/test-ts/src/bfs-test.ts","start":{"line":14,"offset":7},"end":{"line":14,"offset":8},"contextStart":{"line":14,"offset":1},"contextEnd":{"line":31,"offset":2},"isWriteAccess":true,"isDefinition":true}],"symbolName":"class","symbolStartOffset":1,"symbolDisplayString":"class B"}}
Info 70   [19:47:54.141] event:
    {"seq":0,"type":"event","event":"suggestionDiag","body":{"file":"/Users/joshuaying/emblem/semantic-graph/test-ts/src/bfs-test.ts","diagnostics":[]}}
Info 71   [19:47:54.141] request:
    {
      "seq": 7,
      "type": "request",
      "command": "references",
      "arguments": {
        "file": "/Users/joshuaying/emblem/semantic-graph/test-ts/src/bfs-test.ts",
        "line": 15,
        "offset": 5
      }
    }
Info 72   [19:47:54.141] Finding references to /Users/joshuaying/emblem/semantic-graph/test-ts/src/bfs-test.ts position 194 in project /dev/null/inferredProject1*
Perf 73   [19:47:54.143] 7::references: elapsed time (in milliseconds) 2.0624
Info 74   [19:47:54.143] response:
    {"seq":0,"type":"response","command":"references","request_seq":7,"success":true,"body":{"refs":[{"file":"/Users/joshuaying/emblem/semantic-graph/test-ts/src/bfs-test.ts","start":{"line":15,"offset":5},"end":{"line":15,"offset":11},"contextStart":{"line":15,"offset":5},"contextEnd":{"line":15,"offset":19},"isWriteAccess":false,"isDefinition":true},{"file":"/Users/joshuaying/emblem/semantic-graph/test-ts/src/bfs-test.ts","start":{"line":19,"offset":14},"end":{"line":19,"offset":20},"isWriteAccess":true,"isDefinition":false},{"file":"/Users/joshuaying/emblem/semantic-graph/test-ts/src/bfs-test.ts","start":{"line":25,"offset":14},"end":{"line":25,"offset":20},"isWriteAccess":false,"isDefinition":false}],"symbolName":"bField","symbolStartOffset":5,"symbolDisplayString":"(property) B.bField: number"}}
Info 75   [19:47:54.143] event:
    {"seq":0,"type":"event","event":"syntaxDiag","body":{"file":"/Users/joshuaying/emblem/semantic-graph/test-ts/src/index.ts","diagnostics":[]}}
Info 76   [19:47:54.143] event:
    {"seq":0,"type":"event","event":"semanticDiag","body":{"file":"/Users/joshuaying/emblem/semantic-graph/test-ts/src/index.ts","diagnostics":[]}}
Info 77   [19:47:54.143] event:
    {"seq":0,"type":"event","event":"suggestionDiag","body":{"file":"/Users/joshuaying/emblem/semantic-graph/test-ts/src/index.ts","diagnostics":[]}}
Info 78   [19:47:54.144] request:
    {
      "seq": 8,
      "type": "request",
      "command": "references",
      "arguments": {
        "file": "/Users/joshuaying/emblem/semantic-graph/test-ts/src/bfs-test.ts",
        "line": 16,
        "offset": 5
      }
    }
Info 79   [19:47:54.144] Finding references to /Users/joshuaying/emblem/semantic-graph/test-ts/src/bfs-test.ts position 213 in project /dev/null/inferredProject1*
Perf 80   [19:47:54.145] 8::references: elapsed time (in milliseconds) 1.0021
Info 81   [19:47:54.145] response:
    {"seq":0,"type":"response","command":"references","request_seq":8,"success":true,"body":{"refs":[{"file":"/Users/joshuaying/emblem/semantic-graph/test-ts/src/bfs-test.ts","start":{"line":9,"offset":11},"end":{"line":9,"offset":18},"isWriteAccess":false,"isDefinition":false},{"file":"/Users/joshuaying/emblem/semantic-graph/test-ts/src/bfs-test.ts","start":{"line":16,"offset":5},"end":{"line":16,"offset":12},"contextStart":{"line":16,"offset":5},"contextEnd":{"line":16,"offset":20},"isWriteAccess":false,"isDefinition":true},{"file":"/Users/joshuaying/emblem/semantic-graph/test-ts/src/bfs-test.ts","start":{"line":20,"offset":14},"end":{"line":20,"offset":21},"isWriteAccess":true,"isDefinition":false}],"symbolName":"bField2","symbolStartOffset":5,"symbolDisplayString":"(property) B.bField2: number"}}
Info 82   [19:47:54.145] event:
    {"seq":0,"type":"event","event":"syntaxDiag","body":{"file":"/Users/joshuaying/emblem/semantic-graph/test-ts/src/sequence-generator.ts","diagnostics":[]}}
Info 83   [19:47:54.145] event:
    {"seq":0,"type":"event","event":"semanticDiag","body":{"file":"/Users/joshuaying/emblem/semantic-graph/test-ts/src/sequence-generator.ts","diagnostics":[]}}
Info 84   [19:47:54.145] event:
    {"seq":0,"type":"event","event":"suggestionDiag","body":{"file":"/Users/joshuaying/emblem/semantic-graph/test-ts/src/sequence-generator.ts","diagnostics":[]}}
Info 85   [19:47:54.145] event:
    {"seq":0,"type":"event","event":"requestCompleted","body":{"request_seq":5}}
Info 86   [19:47:54.145] request:
    {
      "seq": 9,
      "type": "request",
      "command": "references",
      "arguments": {
        "file": "/Users/joshuaying/emblem/semantic-graph/test-ts/src/bfs-test.ts",
        "line": 17,
        "offset": 5
      }
    }
Info 87   [19:47:54.145] Finding references to /Users/joshuaying/emblem/semantic-graph/test-ts/src/bfs-test.ts position 233 in project /dev/null/inferredProject1*
Perf 88   [19:47:54.146] 9::references: elapsed time (in milliseconds) 0.7611
Info 89   [19:47:54.146] response:
    {"seq":0,"type":"response","command":"references","request_seq":9,"success":true,"body":{"refs":[{"file":"/Users/joshuaying/emblem/semantic-graph/test-ts/src/bfs-test.ts","start":{"line":17,"offset":5},"end":{"line":17,"offset":12},"contextStart":{"line":17,"offset":5},"contextEnd":{"line":17,"offset":20},"isWriteAccess":false,"isDefinition":true},{"file":"/Users/joshuaying/emblem/semantic-graph/test-ts/src/bfs-test.ts","start":{"line":21,"offset":14},"end":{"line":21,"offset":21},"isWriteAccess":true,"isDefinition":false}],"symbolName":"bField3","symbolStartOffset":5,"symbolDisplayString":"(property) B.bField3: number"}}
Info 90   [19:47:54.146] request:
    {
      "seq": 10,
      "type": "request",
      "command": "references",
      "arguments": {
        "file": "/Users/joshuaying/emblem/semantic-graph/test-ts/src/bfs-test.ts",
        "line": 18,
        "offset": 5
      }
    }
Info 91   [19:47:54.147] Finding references to /Users/joshuaying/emblem/semantic-graph/test-ts/src/bfs-test.ts position 253 in project /dev/null/inferredProject1*
Perf 92   [19:47:54.149] 10::references: elapsed time (in milliseconds) 2.3143
Info 93   [19:47:54.149] response:
    {"seq":0,"type":"response","command":"references","request_seq":10,"success":true,"body":{"refs":[{"file":"/Users/joshuaying/emblem/semantic-graph/test-ts/src/bfs-test.ts","start":{"line":7,"offset":23},"end":{"line":7,"offset":24},"isWriteAccess":false,"isDefinition":false},{"file":"/Users/joshuaying/emblem/semantic-graph/test-ts/src/bfs-test.ts","start":{"line":18,"offset":5},"end":{"line":18,"offset":16},"contextStart":{"line":18,"offset":5},"contextEnd":{"line":22,"offset":6},"isWriteAccess":false,"isDefinition":true}],"symbolName":"constructor","symbolStartOffset":5,"symbolDisplayString":"constructor B(): B"}}
Info 94   [19:47:54.149] request:
    {
      "seq": 11,
      "type": "request",
      "command": "references",
      "arguments": {
        "file": "/Users/joshuaying/emblem/semantic-graph/test-ts/src/bfs-test.ts",
        "line": 24,
        "offset": 5
      }
    }
Info 95   [19:47:54.150] Finding references to /Users/joshuaying/emblem/semantic-graph/test-ts/src/bfs-test.ts position 357 in project /dev/null/inferredProject1*
Perf 96   [19:47:54.150] 11::references: elapsed time (in milliseconds) 0.9288
Info 97   [19:47:54.150] response:
    {"seq":0,"type":"response","command":"references","request_seq":11,"success":true,"body":{"refs":[{"file":"/Users/joshuaying/emblem/semantic-graph/test-ts/src/bfs-test.ts","start":{"line":8,"offset":11},"end":{"line":8,"offset":12},"isWriteAccess":false,"isDefinition":false},{"file":"/Users/joshuaying/emblem/semantic-graph/test-ts/src/bfs-test.ts","start":{"line":24,"offset":5},"end":{"line":24,"offset":6},"contextStart":{"line":24,"offset":5},"contextEnd":{"line":26,"offset":6},"isWriteAccess":true,"isDefinition":true}],"symbolName":"C","symbolStartOffset":5,"symbolDisplayString":"(method) B.C(): void"}}
Info 98   [19:47:54.151] request:
    {
      "seq": 12,
      "type": "request",
      "command": "references",
      "arguments": {
        "file": "/Users/joshuaying/emblem/semantic-graph/test-ts/src/bfs-test.ts",
        "line": 28,
        "offset": 5
      }
    }
Info 99   [19:47:54.151] Finding references to /Users/joshuaying/emblem/semantic-graph/test-ts/src/bfs-test.ts position 395 in project /dev/null/inferredProject1*
Perf 100  [19:47:54.152] 12::references: elapsed time (in milliseconds) 1.2354
Info 101  [19:47:54.152] response:
    {"seq":0,"type":"response","command":"references","request_seq":12,"success":true,"body":{"refs":[{"file":"/Users/joshuaying/emblem/semantic-graph/test-ts/src/bfs-test.ts","start":{"line":28,"offset":5},"end":{"line":28,"offset":6},"contextStart":{"line":28,"offset":5},"contextEnd":{"line":30,"offset":6},"isWriteAccess":true,"isDefinition":true}],"symbolName":"D","symbolStartOffset":5,"symbolDisplayString":"(method) B.D(): void"}}
