Info 0    [21:34:01.340] Starting TS Server
Info 1    [21:34:01.341] Version: 5.2.2
Info 2    [21:34:01.341] Arguments: /usr/local/bin/node /Users/joshuaying/emblem/semantic-graph/test-ts/node_modules/typescript/lib/tsserver.js --serverMode partialSemantic --useInferredProjectPerProjectRoot --disableAutomaticTypingAcquisition --cancellationPipeName /private/var/folders/1k/1hld73x1599dxmy2mtdx1jg00000gn/T/9f3dc6f23c6ef830750b21db29e9dd8f/tscancellation* --logVerbosity verbose --logFile /Users/joshuaying/emblem/semantic-graph/test-ts/src/.log/tsserver-log-KRKAF0/tsserver.log --locale en --validateDefaultNpmLocation --useNodeIpc
Info 3    [21:34:01.341] Platform: darwin NodeVersion: v19.6.0 CaseSensitive: false
Info 4    [21:34:01.341] ServerMode: 1 hasUnknownServerMode: undefined
Info 5    [21:34:01.345] request:
    {
      "seq": 0,
      "type": "request",
      "command": "configure",
      "arguments": {
        "formatOptions": {
          "newLineCharacter": "\n"
        },
        "preferences": {
          "allowIncompleteCompletions": true,
          "allowRenameOfImportPath": true,
          "allowTextChangesInNewFiles": true,
          "disableLineTextInReferences": true,
          "disableSuggestions": false,
          "displayPartsForJSDoc": true,
          "generateReturnInDocTemplate": true,
          "importModuleSpecifierEnding": "auto",
          "importModuleSpecifierPreference": "shortest",
          "includeAutomaticOptionalChainCompletions": true,
          "includeCompletionsForImportStatements": true,
          "includeCompletionsForModuleExports": true,
          "includeCompletionsWithClassMemberSnippets": true,
          "includeCompletionsWithInsertText": true,
          "includeCompletionsWithObjectLiteralMethodSnippets": true,
          "includeCompletionsWithSnippetText": true,
          "includeInlayEnumMemberValueHints": false,
          "includeInlayFunctionLikeReturnTypeHints": false,
          "includeInlayFunctionParameterTypeHints": false,
          "includeInlayParameterNameHints": "none",
          "includeInlayParameterNameHintsWhenArgumentMatchesName": false,
          "includeInlayPropertyDeclarationTypeHints": false,
          "includeInlayVariableTypeHints": false,
          "includeInlayVariableTypeHintsWhenTypeMatchesName": false,
          "includePackageJsonAutoImports": "auto",
          "jsxAttributeCompletionStyle": "auto",
          "lazyConfiguredProjectsFromExternalProject": false,
          "organizeImportsAccentCollation": true,
          "organizeImportsCaseFirst": false,
          "organizeImportsCollation": "ordinal",
          "organizeImportsCollationLocale": "en",
          "organizeImportsIgnoreCase": "auto",
          "organizeImportsNumericCollation": false,
          "providePrefixAndSuffixTextForRename": true,
          "provideRefactorNotApplicableReason": true,
          "quotePreference": "auto"
        }
      }
    }
Info 6    [21:34:01.345] Format host information updated
Info 7    [21:34:01.345] response:
    {"seq":0,"type":"response","command":"configure","request_seq":0,"success":true}
Perf 8    [21:34:01.345] 0::configure: async elapsed time (in milliseconds) 0.4919
Info 9    [21:34:01.346] request:
    {
      "seq": 1,
      "type": "request",
      "command": "open",
      "arguments": {
        "file": "/Users/joshuaying/emblem/semantic-graph/test-ts/src/index.ts",
        "fileContent": "\n// // demonstrating why we need to bubble up from child to parent\n// type WrappedType = number | void;\n\n// type WrapperType = {\n//   a: string,\n//   b: WrappedType\n// }\n\n// function f() {\n//   const x: WrapperType = {\n//     a: 'hello',\n//     b: 5\n//   }\n\n//   console.log(x.b);\n// }\n\n// interface I {\n//   m(): string;\n// }\n\n// class C implements I {\n//   m() {\n//     return \"hello\";\n//   }\n// }\n\nabstract class A {\n  method1() {\n    this.method2()\n  }\n  abstract method2();\n}\n\nclass B extends A {\n  method2() {}\n}",
        "scriptKindName": "TS",
        "projectRootPath": "/Users/joshuaying/emblem/semantic-graph/test-ts/src"
      }
    }
Info 10   [21:34:01.348] Starting updateGraphWorker: Project: /dev/null/inferredProject1*
Info 11   [21:34:01.546] Finishing updateGraphWorker: Project: /dev/null/inferredProject1* Version: 1 structureChanged: true structureIsReused:: Not Elapsed: 197.70191717147827ms
Info 12   [21:34:01.546] Project '/dev/null/inferredProject1*' (Inferred)
Info 13   [21:34:01.546] 	Files (8)
	/Users/joshuaying/emblem/semantic-graph/test-ts/node_modules/typescript/lib/lib.d.ts
	/Users/joshuaying/emblem/semantic-graph/test-ts/node_modules/typescript/lib/lib.es5.d.ts
	/Users/joshuaying/emblem/semantic-graph/test-ts/node_modules/typescript/lib/lib.dom.d.ts
	/Users/joshuaying/emblem/semantic-graph/test-ts/node_modules/typescript/lib/lib.webworker.importscripts.d.ts
	/Users/joshuaying/emblem/semantic-graph/test-ts/node_modules/typescript/lib/lib.scripthost.d.ts
	/Users/joshuaying/emblem/semantic-graph/test-ts/node_modules/typescript/lib/lib.decorators.d.ts
	/Users/joshuaying/emblem/semantic-graph/test-ts/node_modules/typescript/lib/lib.decorators.legacy.d.ts
	/Users/joshuaying/emblem/semantic-graph/test-ts/src/index.ts


	../node_modules/typescript/lib/lib.d.ts
	  Default library for target 'es5'
	../node_modules/typescript/lib/lib.es5.d.ts
	  Library referenced via 'es5' from file '../node_modules/typescript/lib/lib.d.ts'
	../node_modules/typescript/lib/lib.dom.d.ts
	  Library referenced via 'dom' from file '../node_modules/typescript/lib/lib.d.ts'
	../node_modules/typescript/lib/lib.webworker.importscripts.d.ts
	  Library referenced via 'webworker.importscripts' from file '../node_modules/typescript/lib/lib.d.ts'
	../node_modules/typescript/lib/lib.scripthost.d.ts
	  Library referenced via 'scripthost' from file '../node_modules/typescript/lib/lib.d.ts'
	../node_modules/typescript/lib/lib.decorators.d.ts
	  Library referenced via 'decorators' from file '../node_modules/typescript/lib/lib.es5.d.ts'
	../node_modules/typescript/lib/lib.decorators.legacy.d.ts
	  Library referenced via 'decorators.legacy' from file '../node_modules/typescript/lib/lib.es5.d.ts'
	index.ts
	  Root file specified for compilation

Info 14   [21:34:01.546] -----------------------------------------------
Info 15   [21:34:01.547] Project '/dev/null/inferredProject1*' (Inferred)
Info 15   [21:34:01.547] 	Files (8)

Info 15   [21:34:01.547] -----------------------------------------------
Info 15   [21:34:01.547] Open files: 
Info 15   [21:34:01.547] 	FileName: /Users/joshuaying/emblem/semantic-graph/test-ts/src/index.ts ProjectRootPath: /Users/joshuaying/emblem/semantic-graph/test-ts/src
Info 15   [21:34:01.547] 		Projects: /dev/null/inferredProject1*
Perf 15   [21:34:01.547] 1::open: async elapsed time (in milliseconds) 200.8935
Info 16   [21:34:01.547] request:
    {
      "seq": 2,
      "type": "request",
      "command": "navtree",
      "arguments": {
        "file": "/Users/joshuaying/emblem/semantic-graph/test-ts/src/index.ts"
      }
    }
Perf 17   [21:34:01.556] 2::navtree: elapsed time (in milliseconds) 8.7887
Info 18   [21:34:01.556] response:
    {"seq":0,"type":"response","command":"navtree","request_seq":2,"success":true,"body":{"text":"<global>","kind":"script","kindModifiers":"","spans":[{"start":{"line":1,"offset":1},"end":{"line":38,"offset":2}}],"childItems":[{"text":"A","kind":"class","kindModifiers":"abstract","spans":[{"start":{"line":29,"offset":1},"end":{"line":34,"offset":2}}],"nameSpan":{"start":{"line":29,"offset":16},"end":{"line":29,"offset":17}},"childItems":[{"text":"method1","kind":"method","kindModifiers":"","spans":[{"start":{"line":30,"offset":3},"end":{"line":32,"offset":4}}],"nameSpan":{"start":{"line":30,"offset":3},"end":{"line":30,"offset":10}}},{"text":"method2","kind":"method","kindModifiers":"abstract","spans":[{"start":{"line":33,"offset":3},"end":{"line":33,"offset":22}}],"nameSpan":{"start":{"line":33,"offset":12},"end":{"line":33,"offset":19}}}]},{"text":"B","kind":"class","kindModifiers":"","spans":[{"start":{"line":36,"offset":1},"end":{"line":38,"offset":2}}],"nameSpan":{"start":{"line":36,"offset":7},"end":{"line":36,"offset":8}},"childItems":[{"text":"method2","kind":"method","kindModifiers":"","spans":[{"start":{"line":37,"offset":3},"end":{"line":37,"offset":15}}],"nameSpan":{"start":{"line":37,"offset":3},"end":{"line":37,"offset":10}}}]}]}}
Info 19   [21:34:01.558] request:
    {
      "seq": 3,
      "type": "request",
      "command": "references",
      "arguments": {
        "file": "/Users/joshuaying/emblem/semantic-graph/test-ts/src/index.ts",
        "line": 29,
        "offset": 1
      }
    }
Info 20   [21:34:01.560] Finding references to /Users/joshuaying/emblem/semantic-graph/test-ts/src/index.ts position 401 in project /dev/null/inferredProject1*
Perf 21   [21:34:01.587] 3::references: elapsed time (in milliseconds) 29.0838
Info 22   [21:34:01.587] response:
    {"seq":0,"type":"response","command":"references","request_seq":3,"success":true,"body":{"refs":[{"file":"/Users/joshuaying/emblem/semantic-graph/test-ts/src/index.ts","start":{"line":29,"offset":16},"end":{"line":29,"offset":17},"contextStart":{"line":29,"offset":1},"contextEnd":{"line":34,"offset":2},"isWriteAccess":true,"isDefinition":true},{"file":"/Users/joshuaying/emblem/semantic-graph/test-ts/src/index.ts","start":{"line":36,"offset":17},"end":{"line":36,"offset":18},"isWriteAccess":false,"isDefinition":false}],"symbolName":"","symbolStartOffset":0,"symbolDisplayString":""}}
Info 23   [21:34:01.590] request:
    {
      "seq": 4,
      "type": "request",
      "command": "references",
      "arguments": {
        "file": "/Users/joshuaying/emblem/semantic-graph/test-ts/src/index.ts",
        "line": 30,
        "offset": 3
      }
    }
Info 24   [21:34:01.591] Finding references to /Users/joshuaying/emblem/semantic-graph/test-ts/src/index.ts position 422 in project /dev/null/inferredProject1*
Perf 25   [21:34:01.594] 4::references: elapsed time (in milliseconds) 4.3516
Info 26   [21:34:01.594] response:
    {"seq":0,"type":"response","command":"references","request_seq":4,"success":true,"body":{"refs":[{"file":"/Users/joshuaying/emblem/semantic-graph/test-ts/src/index.ts","start":{"line":30,"offset":3},"end":{"line":30,"offset":10},"contextStart":{"line":30,"offset":3},"contextEnd":{"line":32,"offset":4},"isWriteAccess":true,"isDefinition":true}],"symbolName":"method1","symbolStartOffset":3,"symbolDisplayString":"(method) A.method1(): void"}}
