Info 0    [22:17:45.306] Starting TS Server
Info 1    [22:17:45.307] Version: 5.2.2
Info 2    [22:17:45.307] Arguments: /usr/local/bin/node /Users/joshuaying/emblem/semantic-graph/test-ts/node_modules/typescript/lib/tsserver.js --serverMode partialSemantic --useInferredProjectPerProjectRoot --disableAutomaticTypingAcquisition --cancellationPipeName /private/var/folders/1k/1hld73x1599dxmy2mtdx1jg00000gn/T/b1c893ebd187733683af19cd4a359f07/tscancellation* --logVerbosity verbose --logFile /Users/joshuaying/emblem/semantic-graph/test-ts/src/.log/tsserver-log-85xsCd/tsserver.log --locale en --validateDefaultNpmLocation --useNodeIpc
Info 3    [22:17:45.307] Platform: darwin NodeVersion: v19.6.0 CaseSensitive: false
Info 4    [22:17:45.307] ServerMode: 1 hasUnknownServerMode: undefined
Info 5    [22:17:45.311] request:
    {
      "seq": 0,
      "type": "request",
      "command": "configure",
      "arguments": {
        "formatOptions": {
          "newLineCharacter": "\n"
        },
        "preferences": {
          "allowIncompleteCompletions": true,
          "allowRenameOfImportPath": true,
          "allowTextChangesInNewFiles": true,
          "disableLineTextInReferences": true,
          "disableSuggestions": false,
          "displayPartsForJSDoc": true,
          "generateReturnInDocTemplate": true,
          "importModuleSpecifierEnding": "auto",
          "importModuleSpecifierPreference": "shortest",
          "includeAutomaticOptionalChainCompletions": true,
          "includeCompletionsForImportStatements": true,
          "includeCompletionsForModuleExports": true,
          "includeCompletionsWithClassMemberSnippets": true,
          "includeCompletionsWithInsertText": true,
          "includeCompletionsWithObjectLiteralMethodSnippets": true,
          "includeCompletionsWithSnippetText": true,
          "includeInlayEnumMemberValueHints": false,
          "includeInlayFunctionLikeReturnTypeHints": false,
          "includeInlayFunctionParameterTypeHints": false,
          "includeInlayParameterNameHints": "none",
          "includeInlayParameterNameHintsWhenArgumentMatchesName": false,
          "includeInlayPropertyDeclarationTypeHints": false,
          "includeInlayVariableTypeHints": false,
          "includeInlayVariableTypeHintsWhenTypeMatchesName": false,
          "includePackageJsonAutoImports": "auto",
          "jsxAttributeCompletionStyle": "auto",
          "lazyConfiguredProjectsFromExternalProject": false,
          "organizeImportsAccentCollation": true,
          "organizeImportsCaseFirst": false,
          "organizeImportsCollation": "ordinal",
          "organizeImportsCollationLocale": "en",
          "organizeImportsIgnoreCase": "auto",
          "organizeImportsNumericCollation": false,
          "providePrefixAndSuffixTextForRename": true,
          "provideRefactorNotApplicableReason": true,
          "quotePreference": "auto"
        }
      }
    }
Info 6    [22:17:45.311] Format host information updated
Info 7    [22:17:45.311] response:
    {"seq":0,"type":"response","command":"configure","request_seq":0,"success":true}
Perf 8    [22:17:45.311] 0::configure: async elapsed time (in milliseconds) 0.5378
Info 9    [22:17:45.312] request:
    {
      "seq": 1,
      "type": "request",
      "command": "open",
      "arguments": {
        "file": "/Users/joshuaying/emblem/semantic-graph/test-ts/src/sequence-generator.ts",
        "fileContent": "abstract class SequenceGenerator<T> {\n    combiner: Combiner<T>;\n    windowSize: number;\n    generationLength: number;\n\n    constructor(windowSize: number, generationLength: number, combiner: Combiner<T>) {\n        this.windowSize = windowSize;\n        this.generationLength = generationLength;\n        this.combiner = combiner;\n    }\n\n    generateSequence(): T[] {\n        var sequence = this.getStartingSequence();\n        for (var i = 0; i < this.generationLength; i++) {\n            const latest_window = sequence.slice(sequence.length - this.windowSize);\n            sequence.push(this.combiner.combine(latest_window))\n        }\n        return sequence;\n    }\n\n    abstract getStartingSequence(): T[];\n}\n\n\ninterface Combiner<T> {\n    combine(l: T[]): T\n}\n\nclass NumberAdder implements Combiner<number> {\n    combine(l: number[]): number {\n        return l.reduce((prev, curr) => prev + curr)\n    }\n}\n\nclass ConcreteSequenceGenerator extends SequenceGenerator<number> {\n    constructor(generationLength: number) {\n        super(2, generationLength, new NumberAdder());\n    }\n\n    getStartingSequence(): number[] {\n        return [0, 1];\n    }\n}\n\nfunction main() {\n    console.log((new ConcreteSequenceGenerator(10)).generateSequence());\n}\n\nmain();",
        "scriptKindName": "TS",
        "projectRootPath": "/Users/joshuaying/emblem/semantic-graph/test-ts/src"
      }
    }
Info 10   [22:17:45.314] Starting updateGraphWorker: Project: /dev/null/inferredProject1*
Info 11   [22:17:45.526] Finishing updateGraphWorker: Project: /dev/null/inferredProject1* Version: 1 structureChanged: true structureIsReused:: Not Elapsed: 212.36158418655396ms
Info 12   [22:17:45.526] Project '/dev/null/inferredProject1*' (Inferred)
Info 13   [22:17:45.527] 	Files (8)
	/Users/joshuaying/emblem/semantic-graph/test-ts/node_modules/typescript/lib/lib.d.ts
	/Users/joshuaying/emblem/semantic-graph/test-ts/node_modules/typescript/lib/lib.es5.d.ts
	/Users/joshuaying/emblem/semantic-graph/test-ts/node_modules/typescript/lib/lib.dom.d.ts
	/Users/joshuaying/emblem/semantic-graph/test-ts/node_modules/typescript/lib/lib.webworker.importscripts.d.ts
	/Users/joshuaying/emblem/semantic-graph/test-ts/node_modules/typescript/lib/lib.scripthost.d.ts
	/Users/joshuaying/emblem/semantic-graph/test-ts/node_modules/typescript/lib/lib.decorators.d.ts
	/Users/joshuaying/emblem/semantic-graph/test-ts/node_modules/typescript/lib/lib.decorators.legacy.d.ts
	/Users/joshuaying/emblem/semantic-graph/test-ts/src/sequence-generator.ts


	../node_modules/typescript/lib/lib.d.ts
	  Default library for target 'es5'
	../node_modules/typescript/lib/lib.es5.d.ts
	  Library referenced via 'es5' from file '../node_modules/typescript/lib/lib.d.ts'
	../node_modules/typescript/lib/lib.dom.d.ts
	  Library referenced via 'dom' from file '../node_modules/typescript/lib/lib.d.ts'
	../node_modules/typescript/lib/lib.webworker.importscripts.d.ts
	  Library referenced via 'webworker.importscripts' from file '../node_modules/typescript/lib/lib.d.ts'
	../node_modules/typescript/lib/lib.scripthost.d.ts
	  Library referenced via 'scripthost' from file '../node_modules/typescript/lib/lib.d.ts'
	../node_modules/typescript/lib/lib.decorators.d.ts
	  Library referenced via 'decorators' from file '../node_modules/typescript/lib/lib.es5.d.ts'
	../node_modules/typescript/lib/lib.decorators.legacy.d.ts
	  Library referenced via 'decorators.legacy' from file '../node_modules/typescript/lib/lib.es5.d.ts'
	sequence-generator.ts
	  Root file specified for compilation

Info 14   [22:17:45.527] -----------------------------------------------
Info 15   [22:17:45.527] Project '/dev/null/inferredProject1*' (Inferred)
Info 15   [22:17:45.527] 	Files (8)

Info 15   [22:17:45.527] -----------------------------------------------
Info 15   [22:17:45.527] Open files: 
Info 15   [22:17:45.527] 	FileName: /Users/joshuaying/emblem/semantic-graph/test-ts/src/sequence-generator.ts ProjectRootPath: /Users/joshuaying/emblem/semantic-graph/test-ts/src
Info 15   [22:17:45.527] 		Projects: /dev/null/inferredProject1*
Perf 15   [22:17:45.527] 1::open: async elapsed time (in milliseconds) 215.5023
Info 16   [22:17:45.527] request:
    {
      "seq": 2,
      "type": "request",
      "command": "open",
      "arguments": {
        "file": "/Users/joshuaying/emblem/semantic-graph/test-ts/src/index.ts",
        "fileContent": "// // demonstrating why we need to bubble up from child to parent\n// type WrappedType = number | void;\n\n// type WrapperType = {\n//   a: string,\n//   b: WrappedType\n// }\n\n// function f() {\n//   const x: WrapperType = {\n//     a: 'hello',\n//     b: 5\n//   }\n\n//   console.log(x.b);\n// }\n\n// interface I {\n//   m(): string;\n// }\n\n// class C implements I {\n//   m() {\n//     return \"hello\";\n//   }\n// }\n\n\n\n/*\n// Tests for LSP idiosyncracy where subclass overriding / implementation methods are referencedBy the superclass method/field.\n// method1 should NOT referenceInDefinition B.method2 (only A.method2)\nabstract class A {\n  method1() {\n    this.method2()\n  }\n  abstract method2();\n}\n\nclass B extends A {\n  method2() {}\n}\n*/\n\n\n\n/*\n// Tests for bubbling children's referenceInDefinition up to parents.\n// A should referenceInDefinition B.\nfunction B() {}\n\nclass A {\n  m1() {\n    B()\n  }\n}\n*/\n\n// class A {\n//   b: B\n// }\n\n// class B {\n//   a: A\n//   constructor(a: A) {\n//     this.a = a;\n//     this.a.b = this;\n//   }\n// }\n\n// console.log(new B(new A()));",
        "scriptKindName": "TS",
        "projectRootPath": "/Users/joshuaying/emblem/semantic-graph/test-ts/src"
      }
    }
Info 17   [22:17:45.527] Starting updateGraphWorker: Project: /dev/null/inferredProject1*
Info 18   [22:17:45.529] Finishing updateGraphWorker: Project: /dev/null/inferredProject1* Version: 2 structureChanged: true structureIsReused:: Not Elapsed: 1.788750171661377ms
Info 19   [22:17:45.529] Project '/dev/null/inferredProject1*' (Inferred)
Info 20   [22:17:45.529] 	Files (9)
	/Users/joshuaying/emblem/semantic-graph/test-ts/node_modules/typescript/lib/lib.d.ts
	/Users/joshuaying/emblem/semantic-graph/test-ts/node_modules/typescript/lib/lib.es5.d.ts
	/Users/joshuaying/emblem/semantic-graph/test-ts/node_modules/typescript/lib/lib.dom.d.ts
	/Users/joshuaying/emblem/semantic-graph/test-ts/node_modules/typescript/lib/lib.webworker.importscripts.d.ts
	/Users/joshuaying/emblem/semantic-graph/test-ts/node_modules/typescript/lib/lib.scripthost.d.ts
	/Users/joshuaying/emblem/semantic-graph/test-ts/node_modules/typescript/lib/lib.decorators.d.ts
	/Users/joshuaying/emblem/semantic-graph/test-ts/node_modules/typescript/lib/lib.decorators.legacy.d.ts
	/Users/joshuaying/emblem/semantic-graph/test-ts/src/sequence-generator.ts
	/Users/joshuaying/emblem/semantic-graph/test-ts/src/index.ts


	../node_modules/typescript/lib/lib.d.ts
	  Default library for target 'es5'
	../node_modules/typescript/lib/lib.es5.d.ts
	  Library referenced via 'es5' from file '../node_modules/typescript/lib/lib.d.ts'
	../node_modules/typescript/lib/lib.dom.d.ts
	  Library referenced via 'dom' from file '../node_modules/typescript/lib/lib.d.ts'
	../node_modules/typescript/lib/lib.webworker.importscripts.d.ts
	  Library referenced via 'webworker.importscripts' from file '../node_modules/typescript/lib/lib.d.ts'
	../node_modules/typescript/lib/lib.scripthost.d.ts
	  Library referenced via 'scripthost' from file '../node_modules/typescript/lib/lib.d.ts'
	../node_modules/typescript/lib/lib.decorators.d.ts
	  Library referenced via 'decorators' from file '../node_modules/typescript/lib/lib.es5.d.ts'
	../node_modules/typescript/lib/lib.decorators.legacy.d.ts
	  Library referenced via 'decorators.legacy' from file '../node_modules/typescript/lib/lib.es5.d.ts'
	sequence-generator.ts
	  Root file specified for compilation
	index.ts
	  Root file specified for compilation

Info 21   [22:17:45.529] -----------------------------------------------
Info 22   [22:17:45.530] Project '/dev/null/inferredProject1*' (Inferred)
Info 22   [22:17:45.530] 	Files (9)

Info 22   [22:17:45.530] -----------------------------------------------
Info 22   [22:17:45.530] Open files: 
Info 22   [22:17:45.530] 	FileName: /Users/joshuaying/emblem/semantic-graph/test-ts/src/sequence-generator.ts ProjectRootPath: /Users/joshuaying/emblem/semantic-graph/test-ts/src
Info 22   [22:17:45.530] 		Projects: /dev/null/inferredProject1*
Info 22   [22:17:45.530] 	FileName: /Users/joshuaying/emblem/semantic-graph/test-ts/src/index.ts ProjectRootPath: /Users/joshuaying/emblem/semantic-graph/test-ts/src
Info 22   [22:17:45.530] 		Projects: /dev/null/inferredProject1*
Perf 22   [22:17:45.530] 2::open: async elapsed time (in milliseconds) 2.3012
Info 23   [22:17:45.530] request:
    {
      "seq": 3,
      "type": "request",
      "command": "open",
      "arguments": {
        "file": "/Users/joshuaying/emblem/semantic-graph/test-ts/src/bfs-test.ts",
        "fileContent": "class A {\n    aField: number\n    constructor() {\n        this.aField = 3\n    }\n    M() {\n        const b = new B();\n        b.C();\n        b.bField2;\n        this.aField;\n    }\n}\n\nclass B {\n    bField: number\n    bField2: number\n    bField3: number\n    constructor() {\n        this.bField = 4;\n        this.bField2 = 6;\n    }\n\n    C() {\n        this.bField;\n    }\n\n    D() {\n\n    }\n}",
        "scriptKindName": "TS",
        "projectRootPath": "/Users/joshuaying/emblem/semantic-graph/test-ts/src"
      }
    }
Info 24   [22:17:45.530] Starting updateGraphWorker: Project: /dev/null/inferredProject1*
Info 25   [22:17:45.532] Finishing updateGraphWorker: Project: /dev/null/inferredProject1* Version: 3 structureChanged: true structureIsReused:: Not Elapsed: 1.9434170722961426ms
Info 26   [22:17:45.532] Project '/dev/null/inferredProject1*' (Inferred)
Info 27   [22:17:45.532] 	Files (10)
	/Users/joshuaying/emblem/semantic-graph/test-ts/node_modules/typescript/lib/lib.d.ts
	/Users/joshuaying/emblem/semantic-graph/test-ts/node_modules/typescript/lib/lib.es5.d.ts
	/Users/joshuaying/emblem/semantic-graph/test-ts/node_modules/typescript/lib/lib.dom.d.ts
	/Users/joshuaying/emblem/semantic-graph/test-ts/node_modules/typescript/lib/lib.webworker.importscripts.d.ts
	/Users/joshuaying/emblem/semantic-graph/test-ts/node_modules/typescript/lib/lib.scripthost.d.ts
	/Users/joshuaying/emblem/semantic-graph/test-ts/node_modules/typescript/lib/lib.decorators.d.ts
	/Users/joshuaying/emblem/semantic-graph/test-ts/node_modules/typescript/lib/lib.decorators.legacy.d.ts
	/Users/joshuaying/emblem/semantic-graph/test-ts/src/sequence-generator.ts
	/Users/joshuaying/emblem/semantic-graph/test-ts/src/index.ts
	/Users/joshuaying/emblem/semantic-graph/test-ts/src/bfs-test.ts


	../node_modules/typescript/lib/lib.d.ts
	  Default library for target 'es5'
	../node_modules/typescript/lib/lib.es5.d.ts
	  Library referenced via 'es5' from file '../node_modules/typescript/lib/lib.d.ts'
	../node_modules/typescript/lib/lib.dom.d.ts
	  Library referenced via 'dom' from file '../node_modules/typescript/lib/lib.d.ts'
	../node_modules/typescript/lib/lib.webworker.importscripts.d.ts
	  Library referenced via 'webworker.importscripts' from file '../node_modules/typescript/lib/lib.d.ts'
	../node_modules/typescript/lib/lib.scripthost.d.ts
	  Library referenced via 'scripthost' from file '../node_modules/typescript/lib/lib.d.ts'
	../node_modules/typescript/lib/lib.decorators.d.ts
	  Library referenced via 'decorators' from file '../node_modules/typescript/lib/lib.es5.d.ts'
	../node_modules/typescript/lib/lib.decorators.legacy.d.ts
	  Library referenced via 'decorators.legacy' from file '../node_modules/typescript/lib/lib.es5.d.ts'
	sequence-generator.ts
	  Root file specified for compilation
	index.ts
	  Root file specified for compilation
	bfs-test.ts
	  Root file specified for compilation

Info 28   [22:17:45.532] -----------------------------------------------
Info 29   [22:17:45.532] Project '/dev/null/inferredProject1*' (Inferred)
Info 29   [22:17:45.532] 	Files (10)

Info 29   [22:17:45.532] -----------------------------------------------
Info 29   [22:17:45.532] Open files: 
Info 29   [22:17:45.532] 	FileName: /Users/joshuaying/emblem/semantic-graph/test-ts/src/sequence-generator.ts ProjectRootPath: /Users/joshuaying/emblem/semantic-graph/test-ts/src
Info 29   [22:17:45.532] 		Projects: /dev/null/inferredProject1*
Info 29   [22:17:45.532] 	FileName: /Users/joshuaying/emblem/semantic-graph/test-ts/src/index.ts ProjectRootPath: /Users/joshuaying/emblem/semantic-graph/test-ts/src
Info 29   [22:17:45.532] 		Projects: /dev/null/inferredProject1*
Info 29   [22:17:45.532] 	FileName: /Users/joshuaying/emblem/semantic-graph/test-ts/src/bfs-test.ts ProjectRootPath: /Users/joshuaying/emblem/semantic-graph/test-ts/src
Info 29   [22:17:45.532] 		Projects: /dev/null/inferredProject1*
Perf 29   [22:17:45.532] 3::open: async elapsed time (in milliseconds) 2.3465
Info 30   [22:17:45.532] request:
    {
      "seq": 4,
      "type": "request",
      "command": "navtree",
      "arguments": {
        "file": "/Users/joshuaying/emblem/semantic-graph/test-ts/src/sequence-generator.ts"
      }
    }
Perf 31   [22:17:45.543] 4::navtree: elapsed time (in milliseconds) 10.5690
Info 32   [22:17:45.543] response:
    {"seq":0,"type":"response","command":"navtree","request_seq":4,"success":true,"body":{"text":"<global>","kind":"script","kindModifiers":"","spans":[{"start":{"line":1,"offset":1},"end":{"line":49,"offset":8}}],"childItems":[{"text":"Combiner","kind":"interface","kindModifiers":"","spans":[{"start":{"line":25,"offset":1},"end":{"line":27,"offset":2}}],"nameSpan":{"start":{"line":25,"offset":11},"end":{"line":25,"offset":19}},"childItems":[{"text":"combine","kind":"method","kindModifiers":"","spans":[{"start":{"line":26,"offset":5},"end":{"line":26,"offset":23}}],"nameSpan":{"start":{"line":26,"offset":5},"end":{"line":26,"offset":12}}}]},{"text":"ConcreteSequenceGenerator","kind":"class","kindModifiers":"","spans":[{"start":{"line":35,"offset":1},"end":{"line":43,"offset":2}}],"nameSpan":{"start":{"line":35,"offset":7},"end":{"line":35,"offset":32}},"childItems":[{"text":"constructor","kind":"constructor","kindModifiers":"","spans":[{"start":{"line":36,"offset":5},"end":{"line":38,"offset":6}}]},{"text":"getStartingSequence","kind":"method","kindModifiers":"","spans":[{"start":{"line":40,"offset":5},"end":{"line":42,"offset":6}}],"nameSpan":{"start":{"line":40,"offset":5},"end":{"line":40,"offset":24}}}]},{"text":"main","kind":"function","kindModifiers":"","spans":[{"start":{"line":45,"offset":1},"end":{"line":47,"offset":2}}],"nameSpan":{"start":{"line":45,"offset":10},"end":{"line":45,"offset":14}}},{"text":"NumberAdder","kind":"class","kindModifiers":"","spans":[{"start":{"line":29,"offset":1},"end":{"line":33,"offset":2}}],"nameSpan":{"start":{"line":29,"offset":7},"end":{"line":29,"offset":18}},"childItems":[{"text":"combine","kind":"method","kindModifiers":"","spans":[{"start":{"line":30,"offset":5},"end":{"line":32,"offset":6}}],"nameSpan":{"start":{"line":30,"offset":5},"end":{"line":30,"offset":12}},"childItems":[{"text":"l.reduce() callback","kind":"function","kindModifiers":"","spans":[{"start":{"line":31,"offset":25},"end":{"line":31,"offset":52}}]}]}]},{"text":"SequenceGenerator","kind":"class","kindModifiers":"abstract","spans":[{"start":{"line":1,"offset":1},"end":{"line":22,"offset":2}}],"nameSpan":{"start":{"line":1,"offset":16},"end":{"line":1,"offset":33}},"childItems":[{"text":"constructor","kind":"constructor","kindModifiers":"","spans":[{"start":{"line":6,"offset":5},"end":{"line":10,"offset":6}}]},{"text":"combiner","kind":"property","kindModifiers":"","spans":[{"start":{"line":2,"offset":5},"end":{"line":2,"offset":27}}],"nameSpan":{"start":{"line":2,"offset":5},"end":{"line":2,"offset":13}}},{"text":"generateSequence","kind":"method","kindModifiers":"","spans":[{"start":{"line":12,"offset":5},"end":{"line":19,"offset":6}}],"nameSpan":{"start":{"line":12,"offset":5},"end":{"line":12,"offset":21}},"childItems":[{"text":"i","kind":"var","kindModifiers":"","spans":[{"start":{"line":14,"offset":18},"end":{"line":14,"offset":23}}],"nameSpan":{"start":{"line":14,"offset":18},"end":{"line":14,"offset":19}}},{"text":"latest_window","kind":"const","kindModifiers":"","spans":[{"start":{"line":15,"offset":19},"end":{"line":15,"offset":84}}],"nameSpan":{"start":{"line":15,"offset":19},"end":{"line":15,"offset":32}}},{"text":"sequence","kind":"var","kindModifiers":"","spans":[{"start":{"line":13,"offset":13},"end":{"line":13,"offset":50}}],"nameSpan":{"start":{"line":13,"offset":13},"end":{"line":13,"offset":21}}}]},{"text":"generationLength","kind":"property","kindModifiers":"","spans":[{"start":{"line":4,"offset":5},"end":{"line":4,"offset":30}}],"nameSpan":{"start":{"line":4,"offset":5},"end":{"line":4,"offset":21}}},{"text":"getStartingSequence","kind":"method","kindModifiers":"abstract","spans":[{"start":{"line":21,"offset":5},"end":{"line":21,"offset":41}}],"nameSpan":{"start":{"line":21,"offset":14},"end":{"line":21,"offset":33}}},{"text":"windowSize","kind":"property","kindModifiers":"","spans":[{"start":{"line":3,"offset":5},"end":{"line":3,"offset":24}}],"nameSpan":{"start":{"line":3,"offset":5},"end":{"line":3,"offset":15}}}]}]}}
Info 33   [22:17:45.550] request:
    {
      "seq": 5,
      "type": "request",
      "command": "navtree",
      "arguments": {
        "file": "/Users/joshuaying/emblem/semantic-graph/test-ts/src/index.ts"
      }
    }
Perf 34   [22:17:45.550] 5::navtree: elapsed time (in milliseconds) 0.2715
Info 35   [22:17:45.550] response:
    {"seq":0,"type":"response","command":"navtree","request_seq":5,"success":true,"body":{"text":"<global>","kind":"script","kindModifiers":"","spans":[{"start":{"line":1,"offset":1},"end":{"line":71,"offset":32}}]}}
Info 36   [22:17:45.551] request:
    {
      "seq": 6,
      "type": "request",
      "command": "navtree",
      "arguments": {
        "file": "/Users/joshuaying/emblem/semantic-graph/test-ts/src/bfs-test.ts"
      }
    }
Perf 37   [22:17:45.552] 6::navtree: elapsed time (in milliseconds) 0.5731
Info 38   [22:17:45.552] response:
    {"seq":0,"type":"response","command":"navtree","request_seq":6,"success":true,"body":{"text":"<global>","kind":"script","kindModifiers":"","spans":[{"start":{"line":1,"offset":1},"end":{"line":30,"offset":2}}],"childItems":[{"text":"A","kind":"class","kindModifiers":"","spans":[{"start":{"line":1,"offset":1},"end":{"line":12,"offset":2}}],"nameSpan":{"start":{"line":1,"offset":7},"end":{"line":1,"offset":8}},"childItems":[{"text":"constructor","kind":"constructor","kindModifiers":"","spans":[{"start":{"line":3,"offset":5},"end":{"line":5,"offset":6}}]},{"text":"aField","kind":"property","kindModifiers":"","spans":[{"start":{"line":2,"offset":5},"end":{"line":2,"offset":19}}],"nameSpan":{"start":{"line":2,"offset":5},"end":{"line":2,"offset":11}}},{"text":"M","kind":"method","kindModifiers":"","spans":[{"start":{"line":6,"offset":5},"end":{"line":11,"offset":6}}],"nameSpan":{"start":{"line":6,"offset":5},"end":{"line":6,"offset":6}},"childItems":[{"text":"b","kind":"const","kindModifiers":"","spans":[{"start":{"line":7,"offset":15},"end":{"line":7,"offset":26}}],"nameSpan":{"start":{"line":7,"offset":15},"end":{"line":7,"offset":16}}}]}]},{"text":"B","kind":"class","kindModifiers":"","spans":[{"start":{"line":14,"offset":1},"end":{"line":30,"offset":2}}],"nameSpan":{"start":{"line":14,"offset":7},"end":{"line":14,"offset":8}},"childItems":[{"text":"constructor","kind":"constructor","kindModifiers":"","spans":[{"start":{"line":18,"offset":5},"end":{"line":21,"offset":6}}]},{"text":"bField","kind":"property","kindModifiers":"","spans":[{"start":{"line":15,"offset":5},"end":{"line":15,"offset":19}}],"nameSpan":{"start":{"line":15,"offset":5},"end":{"line":15,"offset":11}}},{"text":"bField2","kind":"property","kindModifiers":"","spans":[{"start":{"line":16,"offset":5},"end":{"line":16,"offset":20}}],"nameSpan":{"start":{"line":16,"offset":5},"end":{"line":16,"offset":12}}},{"text":"bField3","kind":"property","kindModifiers":"","spans":[{"start":{"line":17,"offset":5},"end":{"line":17,"offset":20}}],"nameSpan":{"start":{"line":17,"offset":5},"end":{"line":17,"offset":12}}},{"text":"C","kind":"method","kindModifiers":"","spans":[{"start":{"line":23,"offset":5},"end":{"line":25,"offset":6}}],"nameSpan":{"start":{"line":23,"offset":5},"end":{"line":23,"offset":6}}},{"text":"D","kind":"method","kindModifiers":"","spans":[{"start":{"line":27,"offset":5},"end":{"line":29,"offset":6}}],"nameSpan":{"start":{"line":27,"offset":5},"end":{"line":27,"offset":6}}}]}]}}
Info 39   [22:17:45.553] request:
    {
      "seq": 7,
      "type": "request",
      "command": "references",
      "arguments": {
        "file": "/Users/joshuaying/emblem/semantic-graph/test-ts/src/sequence-generator.ts",
        "line": 1,
        "offset": 1
      }
    }
Info 40   [22:17:45.554] Finding references to /Users/joshuaying/emblem/semantic-graph/test-ts/src/sequence-generator.ts position 0 in project /dev/null/inferredProject1*
Perf 41   [22:17:45.573] 7::references: elapsed time (in milliseconds) 19.6692
Info 42   [22:17:45.573] response:
    {"seq":0,"type":"response","command":"references","request_seq":7,"success":true,"body":{"refs":[{"file":"/Users/joshuaying/emblem/semantic-graph/test-ts/src/sequence-generator.ts","start":{"line":1,"offset":16},"end":{"line":1,"offset":33},"contextStart":{"line":1,"offset":1},"contextEnd":{"line":22,"offset":2},"isWriteAccess":true,"isDefinition":true},{"file":"/Users/joshuaying/emblem/semantic-graph/test-ts/src/sequence-generator.ts","start":{"line":35,"offset":41},"end":{"line":35,"offset":58},"isWriteAccess":false,"isDefinition":false}],"symbolName":"","symbolStartOffset":0,"symbolDisplayString":""}}
Info 43   [22:17:45.574] request:
    {
      "seq": 8,
      "type": "request",
      "command": "references",
      "arguments": {
        "file": "/Users/joshuaying/emblem/semantic-graph/test-ts/src/sequence-generator.ts",
        "line": 2,
        "offset": 5
      }
    }
Info 44   [22:17:45.575] Finding references to /Users/joshuaying/emblem/semantic-graph/test-ts/src/sequence-generator.ts position 42 in project /dev/null/inferredProject1*
Perf 45   [22:17:45.580] 8::references: elapsed time (in milliseconds) 6.2420
Info 46   [22:17:45.580] response:
    {"seq":0,"type":"response","command":"references","request_seq":8,"success":true,"body":{"refs":[{"file":"/Users/joshuaying/emblem/semantic-graph/test-ts/src/sequence-generator.ts","start":{"line":2,"offset":5},"end":{"line":2,"offset":13},"contextStart":{"line":2,"offset":5},"contextEnd":{"line":2,"offset":27},"isWriteAccess":false,"isDefinition":true},{"file":"/Users/joshuaying/emblem/semantic-graph/test-ts/src/sequence-generator.ts","start":{"line":9,"offset":14},"end":{"line":9,"offset":22},"isWriteAccess":true,"isDefinition":false},{"file":"/Users/joshuaying/emblem/semantic-graph/test-ts/src/sequence-generator.ts","start":{"line":16,"offset":32},"end":{"line":16,"offset":40},"isWriteAccess":false,"isDefinition":false}],"symbolName":"combiner","symbolStartOffset":5,"symbolDisplayString":"(property) SequenceGenerator<T>.combiner: Combiner<T>"}}
Info 47   [22:17:45.581] request:
    {
      "seq": 9,
      "type": "request",
      "command": "references",
      "arguments": {
        "file": "/Users/joshuaying/emblem/semantic-graph/test-ts/src/sequence-generator.ts",
        "line": 3,
        "offset": 5
      }
    }
Info 48   [22:17:45.581] Finding references to /Users/joshuaying/emblem/semantic-graph/test-ts/src/sequence-generator.ts position 69 in project /dev/null/inferredProject1*
Perf 49   [22:17:45.583] 9::references: elapsed time (in milliseconds) 1.4494
Info 50   [22:17:45.583] response:
    {"seq":0,"type":"response","command":"references","request_seq":9,"success":true,"body":{"refs":[{"file":"/Users/joshuaying/emblem/semantic-graph/test-ts/src/sequence-generator.ts","start":{"line":3,"offset":5},"end":{"line":3,"offset":15},"contextStart":{"line":3,"offset":5},"contextEnd":{"line":3,"offset":24},"isWriteAccess":false,"isDefinition":true},{"file":"/Users/joshuaying/emblem/semantic-graph/test-ts/src/sequence-generator.ts","start":{"line":7,"offset":14},"end":{"line":7,"offset":24},"isWriteAccess":true,"isDefinition":false},{"file":"/Users/joshuaying/emblem/semantic-graph/test-ts/src/sequence-generator.ts","start":{"line":15,"offset":73},"end":{"line":15,"offset":83},"isWriteAccess":false,"isDefinition":false}],"symbolName":"windowSize","symbolStartOffset":5,"symbolDisplayString":"(property) SequenceGenerator<T>.windowSize: number"}}
Info 51   [22:17:45.583] request:
    {
      "seq": 10,
      "type": "request",
      "command": "references",
      "arguments": {
        "file": "/Users/joshuaying/emblem/semantic-graph/test-ts/src/sequence-generator.ts",
        "line": 4,
        "offset": 5
      }
    }
Info 52   [22:17:45.584] Finding references to /Users/joshuaying/emblem/semantic-graph/test-ts/src/sequence-generator.ts position 93 in project /dev/null/inferredProject1*
Perf 53   [22:17:45.585] 10::references: elapsed time (in milliseconds) 1.2795
Info 54   [22:17:45.585] response:
    {"seq":0,"type":"response","command":"references","request_seq":10,"success":true,"body":{"refs":[{"file":"/Users/joshuaying/emblem/semantic-graph/test-ts/src/sequence-generator.ts","start":{"line":4,"offset":5},"end":{"line":4,"offset":21},"contextStart":{"line":4,"offset":5},"contextEnd":{"line":4,"offset":30},"isWriteAccess":false,"isDefinition":true},{"file":"/Users/joshuaying/emblem/semantic-graph/test-ts/src/sequence-generator.ts","start":{"line":8,"offset":14},"end":{"line":8,"offset":30},"isWriteAccess":true,"isDefinition":false},{"file":"/Users/joshuaying/emblem/semantic-graph/test-ts/src/sequence-generator.ts","start":{"line":14,"offset":34},"end":{"line":14,"offset":50},"isWriteAccess":false,"isDefinition":false}],"symbolName":"generationLength","symbolStartOffset":5,"symbolDisplayString":"(property) SequenceGenerator<T>.generationLength: number"}}
Info 55   [22:17:45.585] request:
    {
      "seq": 11,
      "type": "request",
      "command": "references",
      "arguments": {
        "file": "/Users/joshuaying/emblem/semantic-graph/test-ts/src/sequence-generator.ts",
        "line": 6,
        "offset": 5
      }
    }
Info 56   [22:17:45.586] Finding references to /Users/joshuaying/emblem/semantic-graph/test-ts/src/sequence-generator.ts position 124 in project /dev/null/inferredProject1*
Perf 57   [22:17:45.589] 11::references: elapsed time (in milliseconds) 3.6902
Info 58   [22:17:45.589] response:
    {"seq":0,"type":"response","command":"references","request_seq":11,"success":true,"body":{"refs":[{"file":"/Users/joshuaying/emblem/semantic-graph/test-ts/src/sequence-generator.ts","start":{"line":6,"offset":5},"end":{"line":6,"offset":16},"contextStart":{"line":6,"offset":5},"contextEnd":{"line":10,"offset":6},"isWriteAccess":false,"isDefinition":true},{"file":"/Users/joshuaying/emblem/semantic-graph/test-ts/src/sequence-generator.ts","start":{"line":37,"offset":9},"end":{"line":37,"offset":14},"isWriteAccess":false,"isDefinition":false}],"symbolName":"constructor","symbolStartOffset":5,"symbolDisplayString":"constructor SequenceGenerator<T>(windowSize: number, generationLength: number, combiner: Combiner<T>): SequenceGenerator<T>"}}
Info 59   [22:17:45.590] request:
    {
      "seq": 12,
      "type": "request",
      "command": "references",
      "arguments": {
        "file": "/Users/joshuaying/emblem/semantic-graph/test-ts/src/sequence-generator.ts",
        "line": 12,
        "offset": 5
      }
    }
Info 60   [22:17:45.590] Finding references to /Users/joshuaying/emblem/semantic-graph/test-ts/src/sequence-generator.ts position 340 in project /dev/null/inferredProject1*
Perf 61   [22:17:45.593] 12::references: elapsed time (in milliseconds) 3.2041
Info 62   [22:17:45.593] response:
    {"seq":0,"type":"response","command":"references","request_seq":12,"success":true,"body":{"refs":[{"file":"/Users/joshuaying/emblem/semantic-graph/test-ts/src/sequence-generator.ts","start":{"line":12,"offset":5},"end":{"line":12,"offset":21},"contextStart":{"line":12,"offset":5},"contextEnd":{"line":19,"offset":6},"isWriteAccess":true,"isDefinition":true},{"file":"/Users/joshuaying/emblem/semantic-graph/test-ts/src/sequence-generator.ts","start":{"line":46,"offset":53},"end":{"line":46,"offset":69},"isWriteAccess":false,"isDefinition":false}],"symbolName":"generateSequence","symbolStartOffset":5,"symbolDisplayString":"(method) SequenceGenerator<T>.generateSequence(): T[]"}}
