Info 0    [17:39:31.866] Starting TS Server
Info 1    [17:39:31.866] Version: 5.2.2
Info 2    [17:39:31.866] Arguments: /usr/local/bin/node /Users/joshuaying/emblem/semantic-graph/test-ts/node_modules/typescript/lib/tsserver.js --useInferredProjectPerProjectRoot --cancellationPipeName /private/var/folders/1k/1hld73x1599dxmy2mtdx1jg00000gn/T/b3c47f5c74d959a5da78e97b273d6601/tscancellation* --logVerbosity verbose --logFile /Users/joshuaying/emblem/semantic-graph/test-ts/src/.log/tsserver-log-ld2pA0/tsserver.log --locale en --validateDefaultNpmLocation --useNodeIpc
Info 3    [17:39:31.866] Platform: darwin NodeVersion: v19.6.0 CaseSensitive: false
Info 4    [17:39:31.866] ServerMode: undefined hasUnknownServerMode: undefined
Info 5    [17:39:31.869] Binding...
Info 6    [17:39:31.872] request:
    {
      "seq": 0,
      "type": "request",
      "command": "configure",
      "arguments": {
        "formatOptions": {
          "newLineCharacter": "\n"
        },
        "preferences": {
          "allowIncompleteCompletions": true,
          "allowRenameOfImportPath": true,
          "allowTextChangesInNewFiles": true,
          "disableLineTextInReferences": true,
          "disableSuggestions": false,
          "displayPartsForJSDoc": true,
          "generateReturnInDocTemplate": true,
          "importModuleSpecifierEnding": "auto",
          "importModuleSpecifierPreference": "shortest",
          "includeAutomaticOptionalChainCompletions": true,
          "includeCompletionsForImportStatements": true,
          "includeCompletionsForModuleExports": true,
          "includeCompletionsWithClassMemberSnippets": true,
          "includeCompletionsWithInsertText": true,
          "includeCompletionsWithObjectLiteralMethodSnippets": true,
          "includeCompletionsWithSnippetText": true,
          "includeInlayEnumMemberValueHints": false,
          "includeInlayFunctionLikeReturnTypeHints": false,
          "includeInlayFunctionParameterTypeHints": false,
          "includeInlayParameterNameHints": "none",
          "includeInlayParameterNameHintsWhenArgumentMatchesName": false,
          "includeInlayPropertyDeclarationTypeHints": false,
          "includeInlayVariableTypeHints": false,
          "includeInlayVariableTypeHintsWhenTypeMatchesName": false,
          "includePackageJsonAutoImports": "auto",
          "jsxAttributeCompletionStyle": "auto",
          "lazyConfiguredProjectsFromExternalProject": false,
          "organizeImportsAccentCollation": true,
          "organizeImportsCaseFirst": false,
          "organizeImportsCollation": "ordinal",
          "organizeImportsCollationLocale": "en",
          "organizeImportsIgnoreCase": "auto",
          "organizeImportsNumericCollation": false,
          "providePrefixAndSuffixTextForRename": true,
          "provideRefactorNotApplicableReason": true,
          "quotePreference": "auto"
        }
      }
    }
Info 7    [17:39:31.872] Format host information updated
Info 8    [17:39:31.872] response:
    {"seq":0,"type":"response","command":"configure","request_seq":0,"success":true}
Perf 9    [17:39:31.872] 0::configure: async elapsed time (in milliseconds) 0.4249
Info 10   [17:39:31.872] event:
    {"seq":0,"type":"event","event":"typingsInstallerPid","body":{"pid":53798}}
Info 11   [17:39:31.872] request:
    {
      "seq": 1,
      "type": "request",
      "command": "compilerOptionsForInferredProjects",
      "arguments": {
        "options": {
          "module": "ESNext",
          "moduleResolution": "Node",
          "target": "ES2020",
          "jsx": "React",
          "strictNullChecks": true,
          "strictFunctionTypes": true,
          "sourceMap": true,
          "allowJs": true,
          "allowNonTsExtensions": true,
          "allowSyntheticDefaultImports": true,
          "resolveJsonModule": true
        }
      }
    }
Perf 12   [17:39:31.872] 1::compilerOptionsForInferredProjects: elapsed time (in milliseconds) 0.1570
Info 13   [17:39:31.872] response:
    {"seq":0,"type":"response","command":"compilerOptionsForInferredProjects","request_seq":1,"success":true,"body":true}
Info 14   [17:39:31.873] request:
    {
      "seq": 2,
      "type": "request",
      "command": "open",
      "arguments": {
        "file": "/Users/joshuaying/emblem/semantic-graph/test-ts/src/sequence-generator.ts",
        "fileContent": "////The SequenceGenerator class is an abstract class that allows for the creation\n//of\n////sequences of any type. It has a generic type parameter T, which allows for\n//the\n////generation of sequences of any type. The class has three properties:\n//combiner,\n////windowSize, and generationLength. The combiner property is of type\n//Combiner<T>,\n////which is an interface that defines a method for combining\n//elements of type T.\n////The windowSize property is a number that determines the\n//size of the window used\n////for combining elements in the sequence. The\n//generationLength property is also a\n////number that determines the length of the\n//sequence to be generated.\n//\n////The constructor of the SequenceGenerator class\n//takes in three parameters:\n////windowSize, generationLength, and combiner. These\n//parameters are used to\n////initialize the corresponding properties of the class.\n//The constructor ensures\n////that the properties are properly set before the\n//sequence generation process\n////begins.\n//\n////The generateSequence method is\n//responsible for generating the sequence. It uses\n////the getStartingSequence\n//method, which is an abstract method that must be\n////implemented by any class that\n//extends the SequenceGenerator class. This method\n////returns the starting sequence\n//for the generation process. The generateSequence\n////method then uses a for loop\n//to iterate through the generationLength and\n////generate the sequence by combining\n//the latest window of elements using the\n////combiner's combine method. The final\n//sequence is then returned.\n//\n////Overall, the SequenceGenerator class provides a\n//flexible and customizable way\n////to generate sequences of any type by allowing\n//for the use of different types of\n////combiners and window sizes. It also promotes\n//code reusability by using the\n////generic type parameter and abstract\n//methods.\n//ce-generator.ts__0_0-21_1[Class][SequenceGenerator]\nabstract class SequenceGenerator<T> {\n// ce-generator.ts__1_4-1_26[Property][combiner]\n    combiner: Combiner<T>;\n// ce-generator.ts__2_4-2_23[Property][windowSize]\n    windowSize: number;\n// ce-generator.ts__3_4-3_29[Property][generationLength]\n    generationLength: number;\n\n// ce-generator.ts__5_4-9_5[Method][constructor]\n    constructor(windowSize: number, generationLength: number, combiner: Combiner<T>) {\n        this.windowSize = windowSize;\n        this.generationLength = generationLength;\n        this.combiner = combiner;\n    }\n\n// ce-generator.ts__11_4-18_5[Method][generateSequence]\n    generateSequence(): T[] {\n        var sequence = this.getStartingSequence();\n        for (var i = 0; i < this.generationLength; i++) {\n            const latest_window = sequence.slice(sequence.length - this.windowSize);\n            sequence.push(this.combiner.combine(latest_window))\n        }\n        return sequence;\n    }\n\n// ce-generator.ts__20_4-20_40[Method][getStartingSequence]\n    abstract getStartingSequence(): T[];\n}\n\n\n//ce-generator.ts__24_0-26_1[Interface][Combiner]\ninterface Combiner<T> {\n// ce-generator.ts__25_4-25_22[Method][combine]\n    combine(l: T[]): T\n}\n\n//The class NumberAdder is a type of Combiner that specifically works with\n//numbers. It has a method called combine that takes in an array of numbers and\n//returns a single number that is the sum of all the numbers in the array. This is\n//achieved by using the reduce method on the array, which iterates through each\n//element and adds it to the previous element until a single value is returned.\n//The class implements the Combiner interface, which allows it to work with any\n//type of data as long as it has a combine method that takes in an array of that\n//type and returns a single value of that type. This makes the NumberAdder class\n//versatile and reusable for different types of\n//data.\n//ce-generator.ts__28_0-32_1[Class][NumberAdder]\nclass NumberAdder implements Combiner<number> {\n// ce-generator.ts__29_4-31_5[Method][combine]\n    combine(l: number[]): number {\n        return l.reduce((prev, curr) => prev + curr)\n    }\n}\n\n//ce-generator.ts__34_0-42_1[Class][ConcreteSequenceGenerator]\nclass ConcreteSequenceGenerator extends SequenceGenerator<number> {\n// ce-generator.ts__35_4-37_5[Method][constructor]\n    constructor(generationLength: number) {\n        super(2, generationLength, new NumberAdder());\n    }\n\n// ce-generator.ts__39_4-41_5[Method][getStartingSequence]\n    getStartingSequence(): number[] {\n        return [0, 1];\n    }\n}\n\n////The ConcreteSequenceGenerator class extends the SequenceGenerator class\n//and\n////provides a concrete implementation of the getStartingSequence method. It\n//takes\n////in a generationLength parameter and uses it to initialize the\n//generationLength\n////property of the parent class. It also takes in a NumberAdder\n//instance as the\n////combiner, which is used to combine the elements in the\n//sequence. This class\n////demonstrates how the SequenceGenerator class can be\n//extended and customized\n////for specific use cases. The generateSequence method is\n//called in the main\n////function, which creates a new instance of the\n//ConcreteSequenceGenerator class\n////with a generationLength of 10 and calls the\n//generateSequence method to generate\n////a sequence of numbers. The result is then\n//logged to the console using the\n////console.log method. This shows how the\n//SequenceGenerator class can be used in\n////a practical\n//application.\n//ce-generator.ts__44_0-46_1[Function][main]\nfunction main() {\n    console.log((new ConcreteSequenceGenerator(10)).generateSequence());\n}\n\nmain();",
        "scriptKindName": "TS",
        "projectRootPath": "/Users/joshuaying/emblem/semantic-graph/test-ts/src"
      }
    }
Info 15   [17:39:31.873] Search path: /Users/joshuaying/emblem/semantic-graph/test-ts/src
Info 16   [17:39:31.874] For info: /Users/joshuaying/emblem/semantic-graph/test-ts/src/sequence-generator.ts :: No config files found.
Info 17   [17:39:31.875] FileWatcher:: Added:: WatchInfo: /Users/joshuaying/emblem/semantic-graph/test-ts/src/tsconfig.json 2000 undefined WatchType: Config file for the inferred project root
Info 18   [17:39:31.875] FileWatcher:: Added:: WatchInfo: /Users/joshuaying/emblem/semantic-graph/test-ts/src/jsconfig.json 2000 undefined WatchType: Config file for the inferred project root
Info 19   [17:39:31.876] Starting updateGraphWorker: Project: /dev/null/inferredProject1*
Info 20   [17:39:31.886] DirectoryWatcher:: Added:: WatchInfo: /users/joshuaying/emblem/semantic-graph/test-ts/node_modules 1 undefined WatchType: node_modules for closed script infos and package.jsons affecting module specifier cache
Info 21   [17:39:31.886] Elapsed:: 0.5005826950073242ms DirectoryWatcher:: Added:: WatchInfo: /users/joshuaying/emblem/semantic-graph/test-ts/node_modules 1 undefined WatchType: node_modules for closed script infos and package.jsons affecting module specifier cache
Info 22   [17:39:31.889] DirectoryWatcher:: Added:: WatchInfo: /Users/joshuaying/emblem/semantic-graph/test-ts/src/node_modules 1 undefined Project: /dev/null/inferredProject1* WatchType: Failed Lookup Locations
Info 23   [17:39:31.889] Elapsed:: 0.05749988555908203ms DirectoryWatcher:: Added:: WatchInfo: /Users/joshuaying/emblem/semantic-graph/test-ts/src/node_modules 1 undefined Project: /dev/null/inferredProject1* WatchType: Failed Lookup Locations
Info 24   [17:39:31.890] DirectoryWatcher:: Added:: WatchInfo: /Users/joshuaying/emblem/semantic-graph/test-ts/node_modules 1 undefined Project: /dev/null/inferredProject1* WatchType: Failed Lookup Locations
Info 25   [17:39:31.890] Elapsed:: 0.006417274475097656ms DirectoryWatcher:: Added:: WatchInfo: /Users/joshuaying/emblem/semantic-graph/test-ts/node_modules 1 undefined Project: /dev/null/inferredProject1* WatchType: Failed Lookup Locations
Info 26   [17:39:31.890] DirectoryWatcher:: Added:: WatchInfo: /Users/joshuaying/emblem/semantic-graph/node_modules 1 undefined Project: /dev/null/inferredProject1* WatchType: Failed Lookup Locations
Info 27   [17:39:31.890] Elapsed:: 0.04195880889892578ms DirectoryWatcher:: Added:: WatchInfo: /Users/joshuaying/emblem/semantic-graph/node_modules 1 undefined Project: /dev/null/inferredProject1* WatchType: Failed Lookup Locations
Info 28   [17:39:31.890] DirectoryWatcher:: Added:: WatchInfo: /Users/joshuaying/emblem/node_modules 1 undefined Project: /dev/null/inferredProject1* WatchType: Failed Lookup Locations
Info 29   [17:39:31.890] Elapsed:: 0.028249740600585938ms DirectoryWatcher:: Added:: WatchInfo: /Users/joshuaying/emblem/node_modules 1 undefined Project: /dev/null/inferredProject1* WatchType: Failed Lookup Locations
Info 30   [17:39:32.114] DirectoryWatcher:: Added:: WatchInfo: /Users/joshuaying/emblem/semantic-graph/test-ts/src/node_modules/@types 1 undefined Project: /dev/null/inferredProject1* WatchType: Type roots
Info 31   [17:39:32.114] Elapsed:: 0.08216714859008789ms DirectoryWatcher:: Added:: WatchInfo: /Users/joshuaying/emblem/semantic-graph/test-ts/src/node_modules/@types 1 undefined Project: /dev/null/inferredProject1* WatchType: Type roots
Info 32   [17:39:32.114] DirectoryWatcher:: Added:: WatchInfo: /Users/joshuaying/emblem/semantic-graph/test-ts/node_modules/@types 1 undefined Project: /dev/null/inferredProject1* WatchType: Type roots
Info 33   [17:39:32.114] Elapsed:: 0.03199958801269531ms DirectoryWatcher:: Added:: WatchInfo: /Users/joshuaying/emblem/semantic-graph/test-ts/node_modules/@types 1 undefined Project: /dev/null/inferredProject1* WatchType: Type roots
Info 34   [17:39:32.114] DirectoryWatcher:: Added:: WatchInfo: /Users/joshuaying/emblem/semantic-graph/node_modules/@types 1 undefined Project: /dev/null/inferredProject1* WatchType: Type roots
Info 35   [17:39:32.114] Elapsed:: 0.08633279800415039ms DirectoryWatcher:: Added:: WatchInfo: /Users/joshuaying/emblem/semantic-graph/node_modules/@types 1 undefined Project: /dev/null/inferredProject1* WatchType: Type roots
Info 36   [17:39:32.114] DirectoryWatcher:: Added:: WatchInfo: /Users/joshuaying/emblem/node_modules/@types 1 undefined Project: /dev/null/inferredProject1* WatchType: Type roots
Info 37   [17:39:32.114] Elapsed:: 0.09062480926513672ms DirectoryWatcher:: Added:: WatchInfo: /Users/joshuaying/emblem/node_modules/@types 1 undefined Project: /dev/null/inferredProject1* WatchType: Type roots
Info 38   [17:39:32.115] Finishing updateGraphWorker: Project: /dev/null/inferredProject1* Version: 1 structureChanged: true structureIsReused:: Not Elapsed: 238.94108295440674ms
Info 39   [17:39:32.115] Project '/dev/null/inferredProject1*' (Inferred)
Info 40   [17:39:32.116] 	Files (49)
	/Users/joshuaying/emblem/semantic-graph/test-ts/node_modules/typescript/lib/lib.es5.d.ts
	/Users/joshuaying/emblem/semantic-graph/test-ts/node_modules/typescript/lib/lib.es2015.d.ts
	/Users/joshuaying/emblem/semantic-graph/test-ts/node_modules/typescript/lib/lib.es2016.d.ts
	/Users/joshuaying/emblem/semantic-graph/test-ts/node_modules/typescript/lib/lib.es2017.d.ts
	/Users/joshuaying/emblem/semantic-graph/test-ts/node_modules/typescript/lib/lib.es2018.d.ts
	/Users/joshuaying/emblem/semantic-graph/test-ts/node_modules/typescript/lib/lib.es2019.d.ts
	/Users/joshuaying/emblem/semantic-graph/test-ts/node_modules/typescript/lib/lib.es2020.d.ts
	/Users/joshuaying/emblem/semantic-graph/test-ts/node_modules/typescript/lib/lib.dom.d.ts
	/Users/joshuaying/emblem/semantic-graph/test-ts/node_modules/typescript/lib/lib.dom.iterable.d.ts
	/Users/joshuaying/emblem/semantic-graph/test-ts/node_modules/typescript/lib/lib.webworker.importscripts.d.ts
	/Users/joshuaying/emblem/semantic-graph/test-ts/node_modules/typescript/lib/lib.scripthost.d.ts
	/Users/joshuaying/emblem/semantic-graph/test-ts/node_modules/typescript/lib/lib.es2015.core.d.ts
	/Users/joshuaying/emblem/semantic-graph/test-ts/node_modules/typescript/lib/lib.es2015.collection.d.ts
	/Users/joshuaying/emblem/semantic-graph/test-ts/node_modules/typescript/lib/lib.es2015.generator.d.ts
	/Users/joshuaying/emblem/semantic-graph/test-ts/node_modules/typescript/lib/lib.es2015.iterable.d.ts
	/Users/joshuaying/emblem/semantic-graph/test-ts/node_modules/typescript/lib/lib.es2015.promise.d.ts
	/Users/joshuaying/emblem/semantic-graph/test-ts/node_modules/typescript/lib/lib.es2015.proxy.d.ts
	/Users/joshuaying/emblem/semantic-graph/test-ts/node_modules/typescript/lib/lib.es2015.reflect.d.ts
	/Users/joshuaying/emblem/semantic-graph/test-ts/node_modules/typescript/lib/lib.es2015.symbol.d.ts
	/Users/joshuaying/emblem/semantic-graph/test-ts/node_modules/typescript/lib/lib.es2015.symbol.wellknown.d.ts
	/Users/joshuaying/emblem/semantic-graph/test-ts/node_modules/typescript/lib/lib.es2016.array.include.d.ts
	/Users/joshuaying/emblem/semantic-graph/test-ts/node_modules/typescript/lib/lib.es2017.date.d.ts
	/Users/joshuaying/emblem/semantic-graph/test-ts/node_modules/typescript/lib/lib.es2017.object.d.ts
	/Users/joshuaying/emblem/semantic-graph/test-ts/node_modules/typescript/lib/lib.es2017.sharedmemory.d.ts
	/Users/joshuaying/emblem/semantic-graph/test-ts/node_modules/typescript/lib/lib.es2017.string.d.ts
	/Users/joshuaying/emblem/semantic-graph/test-ts/node_modules/typescript/lib/lib.es2017.intl.d.ts
	/Users/joshuaying/emblem/semantic-graph/test-ts/node_modules/typescript/lib/lib.es2017.typedarrays.d.ts
	/Users/joshuaying/emblem/semantic-graph/test-ts/node_modules/typescript/lib/lib.es2018.asyncgenerator.d.ts
	/Users/joshuaying/emblem/semantic-graph/test-ts/node_modules/typescript/lib/lib.es2018.asynciterable.d.ts
	/Users/joshuaying/emblem/semantic-graph/test-ts/node_modules/typescript/lib/lib.es2018.intl.d.ts
	/Users/joshuaying/emblem/semantic-graph/test-ts/node_modules/typescript/lib/lib.es2018.promise.d.ts
	/Users/joshuaying/emblem/semantic-graph/test-ts/node_modules/typescript/lib/lib.es2018.regexp.d.ts
	/Users/joshuaying/emblem/semantic-graph/test-ts/node_modules/typescript/lib/lib.es2019.array.d.ts
	/Users/joshuaying/emblem/semantic-graph/test-ts/node_modules/typescript/lib/lib.es2019.object.d.ts
	/Users/joshuaying/emblem/semantic-graph/test-ts/node_modules/typescript/lib/lib.es2019.string.d.ts
	/Users/joshuaying/emblem/semantic-graph/test-ts/node_modules/typescript/lib/lib.es2019.symbol.d.ts
	/Users/joshuaying/emblem/semantic-graph/test-ts/node_modules/typescript/lib/lib.es2019.intl.d.ts
	/Users/joshuaying/emblem/semantic-graph/test-ts/node_modules/typescript/lib/lib.es2020.bigint.d.ts
	/Users/joshuaying/emblem/semantic-graph/test-ts/node_modules/typescript/lib/lib.es2020.date.d.ts
	/Users/joshuaying/emblem/semantic-graph/test-ts/node_modules/typescript/lib/lib.es2020.promise.d.ts
	/Users/joshuaying/emblem/semantic-graph/test-ts/node_modules/typescript/lib/lib.es2020.sharedmemory.d.ts
	/Users/joshuaying/emblem/semantic-graph/test-ts/node_modules/typescript/lib/lib.es2020.string.d.ts
	/Users/joshuaying/emblem/semantic-graph/test-ts/node_modules/typescript/lib/lib.es2020.symbol.wellknown.d.ts
	/Users/joshuaying/emblem/semantic-graph/test-ts/node_modules/typescript/lib/lib.es2020.intl.d.ts
	/Users/joshuaying/emblem/semantic-graph/test-ts/node_modules/typescript/lib/lib.es2020.number.d.ts
	/Users/joshuaying/emblem/semantic-graph/test-ts/node_modules/typescript/lib/lib.decorators.d.ts
	/Users/joshuaying/emblem/semantic-graph/test-ts/node_modules/typescript/lib/lib.decorators.legacy.d.ts
	/Users/joshuaying/emblem/semantic-graph/test-ts/node_modules/typescript/lib/lib.es2020.full.d.ts
	/Users/joshuaying/emblem/semantic-graph/test-ts/src/sequence-generator.ts


	../node_modules/typescript/lib/lib.es5.d.ts
	  Library referenced via 'es5' from file '../node_modules/typescript/lib/lib.es2015.d.ts'
	../node_modules/typescript/lib/lib.es2015.d.ts
	  Library referenced via 'es2015' from file '../node_modules/typescript/lib/lib.es2016.d.ts'
	../node_modules/typescript/lib/lib.es2016.d.ts
	  Library referenced via 'es2016' from file '../node_modules/typescript/lib/lib.es2017.d.ts'
	../node_modules/typescript/lib/lib.es2017.d.ts
	  Library referenced via 'es2017' from file '../node_modules/typescript/lib/lib.es2018.d.ts'
	../node_modules/typescript/lib/lib.es2018.d.ts
	  Library referenced via 'es2018' from file '../node_modules/typescript/lib/lib.es2019.d.ts'
	../node_modules/typescript/lib/lib.es2019.d.ts
	  Library referenced via 'es2019' from file '../node_modules/typescript/lib/lib.es2020.d.ts'
	../node_modules/typescript/lib/lib.es2020.d.ts
	  Library referenced via 'es2020' from file '../node_modules/typescript/lib/lib.es2020.full.d.ts'
	../node_modules/typescript/lib/lib.dom.d.ts
	  Library referenced via 'dom' from file '../node_modules/typescript/lib/lib.es2020.full.d.ts'
	../node_modules/typescript/lib/lib.dom.iterable.d.ts
	  Library referenced via 'dom.iterable' from file '../node_modules/typescript/lib/lib.es2020.full.d.ts'
	../node_modules/typescript/lib/lib.webworker.importscripts.d.ts
	  Library referenced via 'webworker.importscripts' from file '../node_modules/typescript/lib/lib.es2020.full.d.ts'
	../node_modules/typescript/lib/lib.scripthost.d.ts
	  Library referenced via 'scripthost' from file '../node_modules/typescript/lib/lib.es2020.full.d.ts'
	../node_modules/typescript/lib/lib.es2015.core.d.ts
	  Library referenced via 'es2015.core' from file '../node_modules/typescript/lib/lib.es2015.d.ts'
	../node_modules/typescript/lib/lib.es2015.collection.d.ts
	  Library referenced via 'es2015.collection' from file '../node_modules/typescript/lib/lib.es2015.d.ts'
	../node_modules/typescript/lib/lib.es2015.generator.d.ts
	  Library referenced via 'es2015.generator' from file '../node_modules/typescript/lib/lib.es2015.d.ts'
	../node_modules/typescript/lib/lib.es2015.iterable.d.ts
	  Library referenced via 'es2015.iterable' from file '../node_modules/typescript/lib/lib.es2015.d.ts'
	  Library referenced via 'es2015.iterable' from file '../node_modules/typescript/lib/lib.es2015.generator.d.ts'
	  Library referenced via 'es2015.iterable' from file '../node_modules/typescript/lib/lib.es2018.asynciterable.d.ts'
	  Library referenced via 'es2015.iterable' from file '../node_modules/typescript/lib/lib.es2019.object.d.ts'
	  Library referenced via 'es2015.iterable' from file '../node_modules/typescript/lib/lib.es2020.string.d.ts'
	  Library referenced via 'es2015.iterable' from file '../node_modules/typescript/lib/lib.es2020.symbol.wellknown.d.ts'
	../node_modules/typescript/lib/lib.es2015.promise.d.ts
	  Library referenced via 'es2015.promise' from file '../node_modules/typescript/lib/lib.es2015.d.ts'
	../node_modules/typescript/lib/lib.es2015.proxy.d.ts
	  Library referenced via 'es2015.proxy' from file '../node_modules/typescript/lib/lib.es2015.d.ts'
	../node_modules/typescript/lib/lib.es2015.reflect.d.ts
	  Library referenced via 'es2015.reflect' from file '../node_modules/typescript/lib/lib.es2015.d.ts'
	../node_modules/typescript/lib/lib.es2015.symbol.d.ts
	  Library referenced via 'es2015.symbol' from file '../node_modules/typescript/lib/lib.es2015.iterable.d.ts'
	  Library referenced via 'es2015.symbol' from file '../node_modules/typescript/lib/lib.es2015.d.ts'
	  Library referenced via 'es2015.symbol' from file '../node_modules/typescript/lib/lib.es2015.symbol.wellknown.d.ts'
	  Library referenced via 'es2015.symbol' from file '../node_modules/typescript/lib/lib.es2017.sharedmemory.d.ts'
	  Library referenced via 'es2015.symbol' from file '../node_modules/typescript/lib/lib.es2018.asynciterable.d.ts'
	  Library referenced via 'es2015.symbol' from file '../node_modules/typescript/lib/lib.es2020.symbol.wellknown.d.ts'
	../node_modules/typescript/lib/lib.es2015.symbol.wellknown.d.ts
	  Library referenced via 'es2015.symbol.wellknown' from file '../node_modules/typescript/lib/lib.es2015.d.ts'
	  Library referenced via 'es2015.symbol.wellknown' from file '../node_modules/typescript/lib/lib.es2017.sharedmemory.d.ts'
	../node_modules/typescript/lib/lib.es2016.array.include.d.ts
	  Library referenced via 'es2016.array.include' from file '../node_modules/typescript/lib/lib.es2016.d.ts'
	../node_modules/typescript/lib/lib.es2017.date.d.ts
	  Library referenced via 'es2017.date' from file '../node_modules/typescript/lib/lib.es2017.d.ts'
	../node_modules/typescript/lib/lib.es2017.object.d.ts
	  Library referenced via 'es2017.object' from file '../node_modules/typescript/lib/lib.es2017.d.ts'
	../node_modules/typescript/lib/lib.es2017.sharedmemory.d.ts
	  Library referenced via 'es2017.sharedmemory' from file '../node_modules/typescript/lib/lib.es2017.d.ts'
	../node_modules/typescript/lib/lib.es2017.string.d.ts
	  Library referenced via 'es2017.string' from file '../node_modules/typescript/lib/lib.es2017.d.ts'
	../node_modules/typescript/lib/lib.es2017.intl.d.ts
	  Library referenced via 'es2017.intl' from file '../node_modules/typescript/lib/lib.es2017.d.ts'
	../node_modules/typescript/lib/lib.es2017.typedarrays.d.ts
	  Library referenced via 'es2017.typedarrays' from file '../node_modules/typescript/lib/lib.es2017.d.ts'
	../node_modules/typescript/lib/lib.es2018.asyncgenerator.d.ts
	  Library referenced via 'es2018.asyncgenerator' from file '../node_modules/typescript/lib/lib.es2018.d.ts'
	../node_modules/typescript/lib/lib.es2018.asynciterable.d.ts
	  Library referenced via 'es2018.asynciterable' from file '../node_modules/typescript/lib/lib.es2018.d.ts'
	  Library referenced via 'es2018.asynciterable' from file '../node_modules/typescript/lib/lib.es2018.asyncgenerator.d.ts'
	../node_modules/typescript/lib/lib.es2018.intl.d.ts
	  Library referenced via 'es2018.intl' from file '../node_modules/typescript/lib/lib.es2018.d.ts'
	  Library referenced via 'es2018.intl' from file '../node_modules/typescript/lib/lib.es2020.intl.d.ts'
	../node_modules/typescript/lib/lib.es2018.promise.d.ts
	  Library referenced via 'es2018.promise' from file '../node_modules/typescript/lib/lib.es2018.d.ts'
	../node_modules/typescript/lib/lib.es2018.regexp.d.ts
	  Library referenced via 'es2018.regexp' from file '../node_modules/typescript/lib/lib.es2018.d.ts'
	../node_modules/typescript/lib/lib.es2019.array.d.ts
	  Library referenced via 'es2019.array' from file '../node_modules/typescript/lib/lib.es2019.d.ts'
	../node_modules/typescript/lib/lib.es2019.object.d.ts
	  Library referenced via 'es2019.object' from file '../node_modules/typescript/lib/lib.es2019.d.ts'
	../node_modules/typescript/lib/lib.es2019.string.d.ts
	  Library referenced via 'es2019.string' from file '../node_modules/typescript/lib/lib.es2019.d.ts'
	../node_modules/typescript/lib/lib.es2019.symbol.d.ts
	  Library referenced via 'es2019.symbol' from file '../node_modules/typescript/lib/lib.es2019.d.ts'
	../node_modules/typescript/lib/lib.es2019.intl.d.ts
	  Library referenced via 'es2019.intl' from file '../node_modules/typescript/lib/lib.es2019.d.ts'
	../node_modules/typescript/lib/lib.es2020.bigint.d.ts
	  Library referenced via 'es2020.bigint' from file '../node_modules/typescript/lib/lib.es2020.d.ts'
	../node_modules/typescript/lib/lib.es2020.date.d.ts
	  Library referenced via 'es2020.date' from file '../node_modules/typescript/lib/lib.es2020.d.ts'
	../node_modules/typescript/lib/lib.es2020.promise.d.ts
	  Library referenced via 'es2020.promise' from file '../node_modules/typescript/lib/lib.es2020.d.ts'
	../node_modules/typescript/lib/lib.es2020.sharedmemory.d.ts
	  Library referenced via 'es2020.sharedmemory' from file '../node_modules/typescript/lib/lib.es2020.d.ts'
	../node_modules/typescript/lib/lib.es2020.string.d.ts
	  Library referenced via 'es2020.string' from file '../node_modules/typescript/lib/lib.es2020.d.ts'
	../node_modules/typescript/lib/lib.es2020.symbol.wellknown.d.ts
	  Library referenced via 'es2020.symbol.wellknown' from file '../node_modules/typescript/lib/lib.es2020.d.ts'
	../node_modules/typescript/lib/lib.es2020.intl.d.ts
	  Library referenced via 'es2020.intl' from file '../node_modules/typescript/lib/lib.es2020.bigint.d.ts'
	  Library referenced via 'es2020.intl' from file '../node_modules/typescript/lib/lib.es2020.date.d.ts'
	  Library referenced via 'es2020.intl' from file '../node_modules/typescript/lib/lib.es2020.number.d.ts'
	  Library referenced via 'es2020.intl' from file '../node_modules/typescript/lib/lib.es2020.d.ts'
	../node_modules/typescript/lib/lib.es2020.number.d.ts
	  Library referenced via 'es2020.number' from file '../node_modules/typescript/lib/lib.es2020.d.ts'
	../node_modules/typescript/lib/lib.decorators.d.ts
	  Library referenced via 'decorators' from file '../node_modules/typescript/lib/lib.es5.d.ts'
	../node_modules/typescript/lib/lib.decorators.legacy.d.ts
	  Library referenced via 'decorators.legacy' from file '../node_modules/typescript/lib/lib.es5.d.ts'
	../node_modules/typescript/lib/lib.es2020.full.d.ts
	  Default library for target 'es2020'
	sequence-generator.ts
	  Root file specified for compilation

Info 41   [17:39:32.116] -----------------------------------------------
Info 42   [17:39:32.118] FileWatcher:: Added:: WatchInfo: /users/joshuaying/emblem/semantic-graph/test-ts/package.json 250 undefined WatchType: package.json file
Info 43   [17:39:32.118] Project '/dev/null/inferredProject1*' (Inferred)
Info 43   [17:39:32.118] 	Files (49)

Info 43   [17:39:32.118] -----------------------------------------------
Info 43   [17:39:32.118] Open files: 
Info 43   [17:39:32.118] 	FileName: /Users/joshuaying/emblem/semantic-graph/test-ts/src/sequence-generator.ts ProjectRootPath: /Users/joshuaying/emblem/semantic-graph/test-ts/src
Info 43   [17:39:32.118] 		Projects: /dev/null/inferredProject1*
Perf 43   [17:39:32.118] 2::open: async elapsed time (in milliseconds) 245.7034
Info 44   [17:39:32.118] request:
    {
      "seq": 3,
      "type": "request",
      "command": "open",
      "arguments": {
        "file": "/Users/joshuaying/emblem/semantic-graph/test-ts/src/index.ts",
        "fileContent": "// // demonstrating why we need to bubble up from child to parent\n// type WrappedType = number | void;\n\n// type WrapperType = {\n//   a: string,\n//   b: WrappedType\n// }\n\n// function f() {\n//   const x: WrapperType = {\n//     a: 'hello',\n//     b: 5\n//   }\n\n//   console.log(x.b);\n// }\n\n// interface I {\n//   m(): string;\n// }\n\n// class C implements I {\n//   m() {\n//     return \"hello\";\n//   }\n// }\n\n\n\n/*\n// Tests for LSP idiosyncracy where subclass overriding / implementation methods are referencedBy the superclass method/field.\n// method1 should NOT referenceInDefinition B.method2 (only A.method2)\nabstract class A {\n  method1() {\n    this.method2()\n  }\n  abstract method2();\n}\n\nclass B extends A {\n  method2() {}\n}\n*/\n\n\n\n/*\n// Tests for bubbling children's referenceInDefinition up to parents.\n// A should referenceInDefinition B.\nfunction B() {}\n\nclass A {\n  m1() {\n    B()\n  }\n}\n*/\n\n// class A {\n//   b: B\n// }\n\n// class B {\n//   a: A\n//   constructor(a: A) {\n//     this.a = a;\n//     this.a.b = this;\n//   }\n// }\n\n// console.log(new B(new A()));",
        "scriptKindName": "TS",
        "projectRootPath": "/Users/joshuaying/emblem/semantic-graph/test-ts/src"
      }
    }
Info 45   [17:39:32.118] Search path: /Users/joshuaying/emblem/semantic-graph/test-ts/src
Info 46   [17:39:32.118] For info: /Users/joshuaying/emblem/semantic-graph/test-ts/src/index.ts :: No config files found.
Info 47   [17:39:32.119] Starting updateGraphWorker: Project: /dev/null/inferredProject1*
Info 48   [17:39:32.127] Finishing updateGraphWorker: Project: /dev/null/inferredProject1* Version: 2 structureChanged: true structureIsReused:: Not Elapsed: 8.080292224884033ms
Info 49   [17:39:32.127] Project '/dev/null/inferredProject1*' (Inferred)
Info 50   [17:39:32.127] 	Files (50)
	/Users/joshuaying/emblem/semantic-graph/test-ts/node_modules/typescript/lib/lib.es5.d.ts
	/Users/joshuaying/emblem/semantic-graph/test-ts/node_modules/typescript/lib/lib.es2015.d.ts
	/Users/joshuaying/emblem/semantic-graph/test-ts/node_modules/typescript/lib/lib.es2016.d.ts
	/Users/joshuaying/emblem/semantic-graph/test-ts/node_modules/typescript/lib/lib.es2017.d.ts
	/Users/joshuaying/emblem/semantic-graph/test-ts/node_modules/typescript/lib/lib.es2018.d.ts
	/Users/joshuaying/emblem/semantic-graph/test-ts/node_modules/typescript/lib/lib.es2019.d.ts
	/Users/joshuaying/emblem/semantic-graph/test-ts/node_modules/typescript/lib/lib.es2020.d.ts
	/Users/joshuaying/emblem/semantic-graph/test-ts/node_modules/typescript/lib/lib.dom.d.ts
	/Users/joshuaying/emblem/semantic-graph/test-ts/node_modules/typescript/lib/lib.dom.iterable.d.ts
	/Users/joshuaying/emblem/semantic-graph/test-ts/node_modules/typescript/lib/lib.webworker.importscripts.d.ts
	/Users/joshuaying/emblem/semantic-graph/test-ts/node_modules/typescript/lib/lib.scripthost.d.ts
	/Users/joshuaying/emblem/semantic-graph/test-ts/node_modules/typescript/lib/lib.es2015.core.d.ts
	/Users/joshuaying/emblem/semantic-graph/test-ts/node_modules/typescript/lib/lib.es2015.collection.d.ts
	/Users/joshuaying/emblem/semantic-graph/test-ts/node_modules/typescript/lib/lib.es2015.generator.d.ts
	/Users/joshuaying/emblem/semantic-graph/test-ts/node_modules/typescript/lib/lib.es2015.iterable.d.ts
	/Users/joshuaying/emblem/semantic-graph/test-ts/node_modules/typescript/lib/lib.es2015.promise.d.ts
	/Users/joshuaying/emblem/semantic-graph/test-ts/node_modules/typescript/lib/lib.es2015.proxy.d.ts
	/Users/joshuaying/emblem/semantic-graph/test-ts/node_modules/typescript/lib/lib.es2015.reflect.d.ts
	/Users/joshuaying/emblem/semantic-graph/test-ts/node_modules/typescript/lib/lib.es2015.symbol.d.ts
	/Users/joshuaying/emblem/semantic-graph/test-ts/node_modules/typescript/lib/lib.es2015.symbol.wellknown.d.ts
	/Users/joshuaying/emblem/semantic-graph/test-ts/node_modules/typescript/lib/lib.es2016.array.include.d.ts
	/Users/joshuaying/emblem/semantic-graph/test-ts/node_modules/typescript/lib/lib.es2017.date.d.ts
	/Users/joshuaying/emblem/semantic-graph/test-ts/node_modules/typescript/lib/lib.es2017.object.d.ts
	/Users/joshuaying/emblem/semantic-graph/test-ts/node_modules/typescript/lib/lib.es2017.sharedmemory.d.ts
	/Users/joshuaying/emblem/semantic-graph/test-ts/node_modules/typescript/lib/lib.es2017.string.d.ts
	/Users/joshuaying/emblem/semantic-graph/test-ts/node_modules/typescript/lib/lib.es2017.intl.d.ts
	/Users/joshuaying/emblem/semantic-graph/test-ts/node_modules/typescript/lib/lib.es2017.typedarrays.d.ts
	/Users/joshuaying/emblem/semantic-graph/test-ts/node_modules/typescript/lib/lib.es2018.asyncgenerator.d.ts
	/Users/joshuaying/emblem/semantic-graph/test-ts/node_modules/typescript/lib/lib.es2018.asynciterable.d.ts
	/Users/joshuaying/emblem/semantic-graph/test-ts/node_modules/typescript/lib/lib.es2018.intl.d.ts
	/Users/joshuaying/emblem/semantic-graph/test-ts/node_modules/typescript/lib/lib.es2018.promise.d.ts
	/Users/joshuaying/emblem/semantic-graph/test-ts/node_modules/typescript/lib/lib.es2018.regexp.d.ts
	/Users/joshuaying/emblem/semantic-graph/test-ts/node_modules/typescript/lib/lib.es2019.array.d.ts
	/Users/joshuaying/emblem/semantic-graph/test-ts/node_modules/typescript/lib/lib.es2019.object.d.ts
	/Users/joshuaying/emblem/semantic-graph/test-ts/node_modules/typescript/lib/lib.es2019.string.d.ts
	/Users/joshuaying/emblem/semantic-graph/test-ts/node_modules/typescript/lib/lib.es2019.symbol.d.ts
	/Users/joshuaying/emblem/semantic-graph/test-ts/node_modules/typescript/lib/lib.es2019.intl.d.ts
	/Users/joshuaying/emblem/semantic-graph/test-ts/node_modules/typescript/lib/lib.es2020.bigint.d.ts
	/Users/joshuaying/emblem/semantic-graph/test-ts/node_modules/typescript/lib/lib.es2020.date.d.ts
	/Users/joshuaying/emblem/semantic-graph/test-ts/node_modules/typescript/lib/lib.es2020.promise.d.ts
	/Users/joshuaying/emblem/semantic-graph/test-ts/node_modules/typescript/lib/lib.es2020.sharedmemory.d.ts
	/Users/joshuaying/emblem/semantic-graph/test-ts/node_modules/typescript/lib/lib.es2020.string.d.ts
	/Users/joshuaying/emblem/semantic-graph/test-ts/node_modules/typescript/lib/lib.es2020.symbol.wellknown.d.ts
	/Users/joshuaying/emblem/semantic-graph/test-ts/node_modules/typescript/lib/lib.es2020.intl.d.ts
	/Users/joshuaying/emblem/semantic-graph/test-ts/node_modules/typescript/lib/lib.es2020.number.d.ts
	/Users/joshuaying/emblem/semantic-graph/test-ts/node_modules/typescript/lib/lib.decorators.d.ts
	/Users/joshuaying/emblem/semantic-graph/test-ts/node_modules/typescript/lib/lib.decorators.legacy.d.ts
	/Users/joshuaying/emblem/semantic-graph/test-ts/node_modules/typescript/lib/lib.es2020.full.d.ts
	/Users/joshuaying/emblem/semantic-graph/test-ts/src/sequence-generator.ts
	/Users/joshuaying/emblem/semantic-graph/test-ts/src/index.ts


	../node_modules/typescript/lib/lib.es5.d.ts
	  Library referenced via 'es5' from file '../node_modules/typescript/lib/lib.es2015.d.ts'
	../node_modules/typescript/lib/lib.es2015.d.ts
	  Library referenced via 'es2015' from file '../node_modules/typescript/lib/lib.es2016.d.ts'
	../node_modules/typescript/lib/lib.es2016.d.ts
	  Library referenced via 'es2016' from file '../node_modules/typescript/lib/lib.es2017.d.ts'
	../node_modules/typescript/lib/lib.es2017.d.ts
	  Library referenced via 'es2017' from file '../node_modules/typescript/lib/lib.es2018.d.ts'
	../node_modules/typescript/lib/lib.es2018.d.ts
	  Library referenced via 'es2018' from file '../node_modules/typescript/lib/lib.es2019.d.ts'
	../node_modules/typescript/lib/lib.es2019.d.ts
	  Library referenced via 'es2019' from file '../node_modules/typescript/lib/lib.es2020.d.ts'
	../node_modules/typescript/lib/lib.es2020.d.ts
	  Library referenced via 'es2020' from file '../node_modules/typescript/lib/lib.es2020.full.d.ts'
	../node_modules/typescript/lib/lib.dom.d.ts
	  Library referenced via 'dom' from file '../node_modules/typescript/lib/lib.es2020.full.d.ts'
	../node_modules/typescript/lib/lib.dom.iterable.d.ts
	  Library referenced via 'dom.iterable' from file '../node_modules/typescript/lib/lib.es2020.full.d.ts'
	../node_modules/typescript/lib/lib.webworker.importscripts.d.ts
	  Library referenced via 'webworker.importscripts' from file '../node_modules/typescript/lib/lib.es2020.full.d.ts'
	../node_modules/typescript/lib/lib.scripthost.d.ts
	  Library referenced via 'scripthost' from file '../node_modules/typescript/lib/lib.es2020.full.d.ts'
	../node_modules/typescript/lib/lib.es2015.core.d.ts
	  Library referenced via 'es2015.core' from file '../node_modules/typescript/lib/lib.es2015.d.ts'
	../node_modules/typescript/lib/lib.es2015.collection.d.ts
	  Library referenced via 'es2015.collection' from file '../node_modules/typescript/lib/lib.es2015.d.ts'
	../node_modules/typescript/lib/lib.es2015.generator.d.ts
	  Library referenced via 'es2015.generator' from file '../node_modules/typescript/lib/lib.es2015.d.ts'
	../node_modules/typescript/lib/lib.es2015.iterable.d.ts
	  Library referenced via 'es2015.iterable' from file '../node_modules/typescript/lib/lib.es2015.d.ts'
	  Library referenced via 'es2015.iterable' from file '../node_modules/typescript/lib/lib.es2015.generator.d.ts'
	  Library referenced via 'es2015.iterable' from file '../node_modules/typescript/lib/lib.es2018.asynciterable.d.ts'
	  Library referenced via 'es2015.iterable' from file '../node_modules/typescript/lib/lib.es2019.object.d.ts'
	  Library referenced via 'es2015.iterable' from file '../node_modules/typescript/lib/lib.es2020.string.d.ts'
	  Library referenced via 'es2015.iterable' from file '../node_modules/typescript/lib/lib.es2020.symbol.wellknown.d.ts'
	../node_modules/typescript/lib/lib.es2015.promise.d.ts
	  Library referenced via 'es2015.promise' from file '../node_modules/typescript/lib/lib.es2015.d.ts'
	../node_modules/typescript/lib/lib.es2015.proxy.d.ts
	  Library referenced via 'es2015.proxy' from file '../node_modules/typescript/lib/lib.es2015.d.ts'
	../node_modules/typescript/lib/lib.es2015.reflect.d.ts
	  Library referenced via 'es2015.reflect' from file '../node_modules/typescript/lib/lib.es2015.d.ts'
	../node_modules/typescript/lib/lib.es2015.symbol.d.ts
	  Library referenced via 'es2015.symbol' from file '../node_modules/typescript/lib/lib.es2015.iterable.d.ts'
	  Library referenced via 'es2015.symbol' from file '../node_modules/typescript/lib/lib.es2015.d.ts'
	  Library referenced via 'es2015.symbol' from file '../node_modules/typescript/lib/lib.es2015.symbol.wellknown.d.ts'
	  Library referenced via 'es2015.symbol' from file '../node_modules/typescript/lib/lib.es2017.sharedmemory.d.ts'
	  Library referenced via 'es2015.symbol' from file '../node_modules/typescript/lib/lib.es2018.asynciterable.d.ts'
	  Library referenced via 'es2015.symbol' from file '../node_modules/typescript/lib/lib.es2020.symbol.wellknown.d.ts'
	../node_modules/typescript/lib/lib.es2015.symbol.wellknown.d.ts
	  Library referenced via 'es2015.symbol.wellknown' from file '../node_modules/typescript/lib/lib.es2015.d.ts'
	  Library referenced via 'es2015.symbol.wellknown' from file '../node_modules/typescript/lib/lib.es2017.sharedmemory.d.ts'
	../node_modules/typescript/lib/lib.es2016.array.include.d.ts
	  Library referenced via 'es2016.array.include' from file '../node_modules/typescript/lib/lib.es2016.d.ts'
	../node_modules/typescript/lib/lib.es2017.date.d.ts
	  Library referenced via 'es2017.date' from file '../node_modules/typescript/lib/lib.es2017.d.ts'
	../node_modules/typescript/lib/lib.es2017.object.d.ts
	  Library referenced via 'es2017.object' from file '../node_modules/typescript/lib/lib.es2017.d.ts'
	../node_modules/typescript/lib/lib.es2017.sharedmemory.d.ts
	  Library referenced via 'es2017.sharedmemory' from file '../node_modules/typescript/lib/lib.es2017.d.ts'
	../node_modules/typescript/lib/lib.es2017.string.d.ts
	  Library referenced via 'es2017.string' from file '../node_modules/typescript/lib/lib.es2017.d.ts'
	../node_modules/typescript/lib/lib.es2017.intl.d.ts
	  Library referenced via 'es2017.intl' from file '../node_modules/typescript/lib/lib.es2017.d.ts'
	../node_modules/typescript/lib/lib.es2017.typedarrays.d.ts
	  Library referenced via 'es2017.typedarrays' from file '../node_modules/typescript/lib/lib.es2017.d.ts'
	../node_modules/typescript/lib/lib.es2018.asyncgenerator.d.ts
	  Library referenced via 'es2018.asyncgenerator' from file '../node_modules/typescript/lib/lib.es2018.d.ts'
	../node_modules/typescript/lib/lib.es2018.asynciterable.d.ts
	  Library referenced via 'es2018.asynciterable' from file '../node_modules/typescript/lib/lib.es2018.d.ts'
	  Library referenced via 'es2018.asynciterable' from file '../node_modules/typescript/lib/lib.es2018.asyncgenerator.d.ts'
	../node_modules/typescript/lib/lib.es2018.intl.d.ts
	  Library referenced via 'es2018.intl' from file '../node_modules/typescript/lib/lib.es2018.d.ts'
	  Library referenced via 'es2018.intl' from file '../node_modules/typescript/lib/lib.es2020.intl.d.ts'
	../node_modules/typescript/lib/lib.es2018.promise.d.ts
	  Library referenced via 'es2018.promise' from file '../node_modules/typescript/lib/lib.es2018.d.ts'
	../node_modules/typescript/lib/lib.es2018.regexp.d.ts
	  Library referenced via 'es2018.regexp' from file '../node_modules/typescript/lib/lib.es2018.d.ts'
	../node_modules/typescript/lib/lib.es2019.array.d.ts
	  Library referenced via 'es2019.array' from file '../node_modules/typescript/lib/lib.es2019.d.ts'
	../node_modules/typescript/lib/lib.es2019.object.d.ts
	  Library referenced via 'es2019.object' from file '../node_modules/typescript/lib/lib.es2019.d.ts'
	../node_modules/typescript/lib/lib.es2019.string.d.ts
	  Library referenced via 'es2019.string' from file '../node_modules/typescript/lib/lib.es2019.d.ts'
	../node_modules/typescript/lib/lib.es2019.symbol.d.ts
	  Library referenced via 'es2019.symbol' from file '../node_modules/typescript/lib/lib.es2019.d.ts'
	../node_modules/typescript/lib/lib.es2019.intl.d.ts
	  Library referenced via 'es2019.intl' from file '../node_modules/typescript/lib/lib.es2019.d.ts'
	../node_modules/typescript/lib/lib.es2020.bigint.d.ts
	  Library referenced via 'es2020.bigint' from file '../node_modules/typescript/lib/lib.es2020.d.ts'
	../node_modules/typescript/lib/lib.es2020.date.d.ts
	  Library referenced via 'es2020.date' from file '../node_modules/typescript/lib/lib.es2020.d.ts'
	../node_modules/typescript/lib/lib.es2020.promise.d.ts
	  Library referenced via 'es2020.promise' from file '../node_modules/typescript/lib/lib.es2020.d.ts'
	../node_modules/typescript/lib/lib.es2020.sharedmemory.d.ts
	  Library referenced via 'es2020.sharedmemory' from file '../node_modules/typescript/lib/lib.es2020.d.ts'
	../node_modules/typescript/lib/lib.es2020.string.d.ts
	  Library referenced via 'es2020.string' from file '../node_modules/typescript/lib/lib.es2020.d.ts'
	../node_modules/typescript/lib/lib.es2020.symbol.wellknown.d.ts
	  Library referenced via 'es2020.symbol.wellknown' from file '../node_modules/typescript/lib/lib.es2020.d.ts'
	../node_modules/typescript/lib/lib.es2020.intl.d.ts
	  Library referenced via 'es2020.intl' from file '../node_modules/typescript/lib/lib.es2020.bigint.d.ts'
	  Library referenced via 'es2020.intl' from file '../node_modules/typescript/lib/lib.es2020.date.d.ts'
	  Library referenced via 'es2020.intl' from file '../node_modules/typescript/lib/lib.es2020.number.d.ts'
	  Library referenced via 'es2020.intl' from file '../node_modules/typescript/lib/lib.es2020.d.ts'
	../node_modules/typescript/lib/lib.es2020.number.d.ts
	  Library referenced via 'es2020.number' from file '../node_modules/typescript/lib/lib.es2020.d.ts'
	../node_modules/typescript/lib/lib.decorators.d.ts
	  Library referenced via 'decorators' from file '../node_modules/typescript/lib/lib.es5.d.ts'
	../node_modules/typescript/lib/lib.decorators.legacy.d.ts
	  Library referenced via 'decorators.legacy' from file '../node_modules/typescript/lib/lib.es5.d.ts'
	../node_modules/typescript/lib/lib.es2020.full.d.ts
	  Default library for target 'es2020'
	sequence-generator.ts
	  Root file specified for compilation
	index.ts
	  Root file specified for compilation

Info 51   [17:39:32.127] -----------------------------------------------
Info 52   [17:39:32.128] Project '/dev/null/inferredProject1*' (Inferred)
Info 52   [17:39:32.128] 	Files (50)

Info 52   [17:39:32.128] -----------------------------------------------
Info 52   [17:39:32.128] Open files: 
Info 52   [17:39:32.128] 	FileName: /Users/joshuaying/emblem/semantic-graph/test-ts/src/sequence-generator.ts ProjectRootPath: /Users/joshuaying/emblem/semantic-graph/test-ts/src
Info 52   [17:39:32.128] 		Projects: /dev/null/inferredProject1*
Info 52   [17:39:32.128] 	FileName: /Users/joshuaying/emblem/semantic-graph/test-ts/src/index.ts ProjectRootPath: /Users/joshuaying/emblem/semantic-graph/test-ts/src
Info 52   [17:39:32.128] 		Projects: /dev/null/inferredProject1*
Perf 52   [17:39:32.128] 3::open: async elapsed time (in milliseconds) 9.2534
Info 53   [17:39:32.128] request:
    {
      "seq": 4,
      "type": "request",
      "command": "open",
      "arguments": {
        "file": "/Users/joshuaying/emblem/semantic-graph/test-ts/src/bfs-test.ts",
        "fileContent": "//st.ts__0_0-11_1[Class][A]\nclass A {\n// st.ts__1_4-1_18[Property][aField]\n    aField: number\n// st.ts__2_4-4_5[Method][constructor]\n    constructor() {\n        this.aField = 3\n    }\n// st.ts__5_4-10_5[Method][M]\n    M() {\n        const b = new B();\n        b.C();\n        b.bField2;\n        this.aField;\n    }\n}\n\n//Class B is a blueprint for creating objects that have three fields: bField,\n//bField2, and bField3. These fields are all of type number. The constructor\n//function initializes the values of bField and bField2 to 4 and 6, respectively.\n//The C method allows access to the value of bField, while the D method does not\n//have any functionality. This class can be used to create objects with specific\n//numerical properties and methods.\n//st.ts__13_0-29_1[Class][B]\nclass B {\n// st.ts__14_4-14_18[Property][bField]\n    bField: number\n// st.ts__15_4-15_19[Property][bField2]\n    bField2: number\n// st.ts__16_4-16_19[Property][bField3]\n    bField3: number\n// st.ts__17_4-20_5[Method][constructor]\n    constructor() {\n        this.bField = 4;\n        this.bField2 = 6;\n    }\n\n// st.ts__22_4-24_5[Method][C]\n    C() {\n        this.bField;\n    }\n\n// st.ts__26_4-28_5[Method][D]\n    D() {\n\n    }\n}",
        "scriptKindName": "TS",
        "projectRootPath": "/Users/joshuaying/emblem/semantic-graph/test-ts/src"
      }
    }
Info 54   [17:39:32.128] Search path: /Users/joshuaying/emblem/semantic-graph/test-ts/src
Info 55   [17:39:32.128] For info: /Users/joshuaying/emblem/semantic-graph/test-ts/src/bfs-test.ts :: No config files found.
Info 56   [17:39:32.128] Starting updateGraphWorker: Project: /dev/null/inferredProject1*
Info 57   [17:39:32.132] Finishing updateGraphWorker: Project: /dev/null/inferredProject1* Version: 3 structureChanged: true structureIsReused:: Not Elapsed: 3.6433334350585938ms
Info 58   [17:39:32.132] Project '/dev/null/inferredProject1*' (Inferred)
Info 59   [17:39:32.132] 	Files (51)
	/Users/joshuaying/emblem/semantic-graph/test-ts/node_modules/typescript/lib/lib.es5.d.ts
	/Users/joshuaying/emblem/semantic-graph/test-ts/node_modules/typescript/lib/lib.es2015.d.ts
	/Users/joshuaying/emblem/semantic-graph/test-ts/node_modules/typescript/lib/lib.es2016.d.ts
	/Users/joshuaying/emblem/semantic-graph/test-ts/node_modules/typescript/lib/lib.es2017.d.ts
	/Users/joshuaying/emblem/semantic-graph/test-ts/node_modules/typescript/lib/lib.es2018.d.ts
	/Users/joshuaying/emblem/semantic-graph/test-ts/node_modules/typescript/lib/lib.es2019.d.ts
	/Users/joshuaying/emblem/semantic-graph/test-ts/node_modules/typescript/lib/lib.es2020.d.ts
	/Users/joshuaying/emblem/semantic-graph/test-ts/node_modules/typescript/lib/lib.dom.d.ts
	/Users/joshuaying/emblem/semantic-graph/test-ts/node_modules/typescript/lib/lib.dom.iterable.d.ts
	/Users/joshuaying/emblem/semantic-graph/test-ts/node_modules/typescript/lib/lib.webworker.importscripts.d.ts
	/Users/joshuaying/emblem/semantic-graph/test-ts/node_modules/typescript/lib/lib.scripthost.d.ts
	/Users/joshuaying/emblem/semantic-graph/test-ts/node_modules/typescript/lib/lib.es2015.core.d.ts
	/Users/joshuaying/emblem/semantic-graph/test-ts/node_modules/typescript/lib/lib.es2015.collection.d.ts
	/Users/joshuaying/emblem/semantic-graph/test-ts/node_modules/typescript/lib/lib.es2015.generator.d.ts
	/Users/joshuaying/emblem/semantic-graph/test-ts/node_modules/typescript/lib/lib.es2015.iterable.d.ts
	/Users/joshuaying/emblem/semantic-graph/test-ts/node_modules/typescript/lib/lib.es2015.promise.d.ts
	/Users/joshuaying/emblem/semantic-graph/test-ts/node_modules/typescript/lib/lib.es2015.proxy.d.ts
	/Users/joshuaying/emblem/semantic-graph/test-ts/node_modules/typescript/lib/lib.es2015.reflect.d.ts
	/Users/joshuaying/emblem/semantic-graph/test-ts/node_modules/typescript/lib/lib.es2015.symbol.d.ts
	/Users/joshuaying/emblem/semantic-graph/test-ts/node_modules/typescript/lib/lib.es2015.symbol.wellknown.d.ts
	/Users/joshuaying/emblem/semantic-graph/test-ts/node_modules/typescript/lib/lib.es2016.array.include.d.ts
	/Users/joshuaying/emblem/semantic-graph/test-ts/node_modules/typescript/lib/lib.es2017.date.d.ts
	/Users/joshuaying/emblem/semantic-graph/test-ts/node_modules/typescript/lib/lib.es2017.object.d.ts
	/Users/joshuaying/emblem/semantic-graph/test-ts/node_modules/typescript/lib/lib.es2017.sharedmemory.d.ts
	/Users/joshuaying/emblem/semantic-graph/test-ts/node_modules/typescript/lib/lib.es2017.string.d.ts
	/Users/joshuaying/emblem/semantic-graph/test-ts/node_modules/typescript/lib/lib.es2017.intl.d.ts
	/Users/joshuaying/emblem/semantic-graph/test-ts/node_modules/typescript/lib/lib.es2017.typedarrays.d.ts
	/Users/joshuaying/emblem/semantic-graph/test-ts/node_modules/typescript/lib/lib.es2018.asyncgenerator.d.ts
	/Users/joshuaying/emblem/semantic-graph/test-ts/node_modules/typescript/lib/lib.es2018.asynciterable.d.ts
	/Users/joshuaying/emblem/semantic-graph/test-ts/node_modules/typescript/lib/lib.es2018.intl.d.ts
	/Users/joshuaying/emblem/semantic-graph/test-ts/node_modules/typescript/lib/lib.es2018.promise.d.ts
	/Users/joshuaying/emblem/semantic-graph/test-ts/node_modules/typescript/lib/lib.es2018.regexp.d.ts
	/Users/joshuaying/emblem/semantic-graph/test-ts/node_modules/typescript/lib/lib.es2019.array.d.ts
	/Users/joshuaying/emblem/semantic-graph/test-ts/node_modules/typescript/lib/lib.es2019.object.d.ts
	/Users/joshuaying/emblem/semantic-graph/test-ts/node_modules/typescript/lib/lib.es2019.string.d.ts
	/Users/joshuaying/emblem/semantic-graph/test-ts/node_modules/typescript/lib/lib.es2019.symbol.d.ts
	/Users/joshuaying/emblem/semantic-graph/test-ts/node_modules/typescript/lib/lib.es2019.intl.d.ts
	/Users/joshuaying/emblem/semantic-graph/test-ts/node_modules/typescript/lib/lib.es2020.bigint.d.ts
	/Users/joshuaying/emblem/semantic-graph/test-ts/node_modules/typescript/lib/lib.es2020.date.d.ts
	/Users/joshuaying/emblem/semantic-graph/test-ts/node_modules/typescript/lib/lib.es2020.promise.d.ts
	/Users/joshuaying/emblem/semantic-graph/test-ts/node_modules/typescript/lib/lib.es2020.sharedmemory.d.ts
	/Users/joshuaying/emblem/semantic-graph/test-ts/node_modules/typescript/lib/lib.es2020.string.d.ts
	/Users/joshuaying/emblem/semantic-graph/test-ts/node_modules/typescript/lib/lib.es2020.symbol.wellknown.d.ts
	/Users/joshuaying/emblem/semantic-graph/test-ts/node_modules/typescript/lib/lib.es2020.intl.d.ts
	/Users/joshuaying/emblem/semantic-graph/test-ts/node_modules/typescript/lib/lib.es2020.number.d.ts
	/Users/joshuaying/emblem/semantic-graph/test-ts/node_modules/typescript/lib/lib.decorators.d.ts
	/Users/joshuaying/emblem/semantic-graph/test-ts/node_modules/typescript/lib/lib.decorators.legacy.d.ts
	/Users/joshuaying/emblem/semantic-graph/test-ts/node_modules/typescript/lib/lib.es2020.full.d.ts
	/Users/joshuaying/emblem/semantic-graph/test-ts/src/sequence-generator.ts
	/Users/joshuaying/emblem/semantic-graph/test-ts/src/index.ts
	/Users/joshuaying/emblem/semantic-graph/test-ts/src/bfs-test.ts


	../node_modules/typescript/lib/lib.es5.d.ts
	  Library referenced via 'es5' from file '../node_modules/typescript/lib/lib.es2015.d.ts'
	../node_modules/typescript/lib/lib.es2015.d.ts
	  Library referenced via 'es2015' from file '../node_modules/typescript/lib/lib.es2016.d.ts'
	../node_modules/typescript/lib/lib.es2016.d.ts
	  Library referenced via 'es2016' from file '../node_modules/typescript/lib/lib.es2017.d.ts'
	../node_modules/typescript/lib/lib.es2017.d.ts
	  Library referenced via 'es2017' from file '../node_modules/typescript/lib/lib.es2018.d.ts'
	../node_modules/typescript/lib/lib.es2018.d.ts
	  Library referenced via 'es2018' from file '../node_modules/typescript/lib/lib.es2019.d.ts'
	../node_modules/typescript/lib/lib.es2019.d.ts
	  Library referenced via 'es2019' from file '../node_modules/typescript/lib/lib.es2020.d.ts'
	../node_modules/typescript/lib/lib.es2020.d.ts
	  Library referenced via 'es2020' from file '../node_modules/typescript/lib/lib.es2020.full.d.ts'
	../node_modules/typescript/lib/lib.dom.d.ts
	  Library referenced via 'dom' from file '../node_modules/typescript/lib/lib.es2020.full.d.ts'
	../node_modules/typescript/lib/lib.dom.iterable.d.ts
	  Library referenced via 'dom.iterable' from file '../node_modules/typescript/lib/lib.es2020.full.d.ts'
	../node_modules/typescript/lib/lib.webworker.importscripts.d.ts
	  Library referenced via 'webworker.importscripts' from file '../node_modules/typescript/lib/lib.es2020.full.d.ts'
	../node_modules/typescript/lib/lib.scripthost.d.ts
	  Library referenced via 'scripthost' from file '../node_modules/typescript/lib/lib.es2020.full.d.ts'
	../node_modules/typescript/lib/lib.es2015.core.d.ts
	  Library referenced via 'es2015.core' from file '../node_modules/typescript/lib/lib.es2015.d.ts'
	../node_modules/typescript/lib/lib.es2015.collection.d.ts
	  Library referenced via 'es2015.collection' from file '../node_modules/typescript/lib/lib.es2015.d.ts'
	../node_modules/typescript/lib/lib.es2015.generator.d.ts
	  Library referenced via 'es2015.generator' from file '../node_modules/typescript/lib/lib.es2015.d.ts'
	../node_modules/typescript/lib/lib.es2015.iterable.d.ts
	  Library referenced via 'es2015.iterable' from file '../node_modules/typescript/lib/lib.es2015.d.ts'
	  Library referenced via 'es2015.iterable' from file '../node_modules/typescript/lib/lib.es2015.generator.d.ts'
	  Library referenced via 'es2015.iterable' from file '../node_modules/typescript/lib/lib.es2018.asynciterable.d.ts'
	  Library referenced via 'es2015.iterable' from file '../node_modules/typescript/lib/lib.es2019.object.d.ts'
	  Library referenced via 'es2015.iterable' from file '../node_modules/typescript/lib/lib.es2020.string.d.ts'
	  Library referenced via 'es2015.iterable' from file '../node_modules/typescript/lib/lib.es2020.symbol.wellknown.d.ts'
	../node_modules/typescript/lib/lib.es2015.promise.d.ts
	  Library referenced via 'es2015.promise' from file '../node_modules/typescript/lib/lib.es2015.d.ts'
	../node_modules/typescript/lib/lib.es2015.proxy.d.ts
	  Library referenced via 'es2015.proxy' from file '../node_modules/typescript/lib/lib.es2015.d.ts'
	../node_modules/typescript/lib/lib.es2015.reflect.d.ts
	  Library referenced via 'es2015.reflect' from file '../node_modules/typescript/lib/lib.es2015.d.ts'
	../node_modules/typescript/lib/lib.es2015.symbol.d.ts
	  Library referenced via 'es2015.symbol' from file '../node_modules/typescript/lib/lib.es2015.iterable.d.ts'
	  Library referenced via 'es2015.symbol' from file '../node_modules/typescript/lib/lib.es2015.d.ts'
	  Library referenced via 'es2015.symbol' from file '../node_modules/typescript/lib/lib.es2015.symbol.wellknown.d.ts'
	  Library referenced via 'es2015.symbol' from file '../node_modules/typescript/lib/lib.es2017.sharedmemory.d.ts'
	  Library referenced via 'es2015.symbol' from file '../node_modules/typescript/lib/lib.es2018.asynciterable.d.ts'
	  Library referenced via 'es2015.symbol' from file '../node_modules/typescript/lib/lib.es2020.symbol.wellknown.d.ts'
	../node_modules/typescript/lib/lib.es2015.symbol.wellknown.d.ts
	  Library referenced via 'es2015.symbol.wellknown' from file '../node_modules/typescript/lib/lib.es2015.d.ts'
	  Library referenced via 'es2015.symbol.wellknown' from file '../node_modules/typescript/lib/lib.es2017.sharedmemory.d.ts'
	../node_modules/typescript/lib/lib.es2016.array.include.d.ts
	  Library referenced via 'es2016.array.include' from file '../node_modules/typescript/lib/lib.es2016.d.ts'
	../node_modules/typescript/lib/lib.es2017.date.d.ts
	  Library referenced via 'es2017.date' from file '../node_modules/typescript/lib/lib.es2017.d.ts'
	../node_modules/typescript/lib/lib.es2017.object.d.ts
	  Library referenced via 'es2017.object' from file '../node_modules/typescript/lib/lib.es2017.d.ts'
	../node_modules/typescript/lib/lib.es2017.sharedmemory.d.ts
	  Library referenced via 'es2017.sharedmemory' from file '../node_modules/typescript/lib/lib.es2017.d.ts'
	../node_modules/typescript/lib/lib.es2017.string.d.ts
	  Library referenced via 'es2017.string' from file '../node_modules/typescript/lib/lib.es2017.d.ts'
	../node_modules/typescript/lib/lib.es2017.intl.d.ts
	  Library referenced via 'es2017.intl' from file '../node_modules/typescript/lib/lib.es2017.d.ts'
	../node_modules/typescript/lib/lib.es2017.typedarrays.d.ts
	  Library referenced via 'es2017.typedarrays' from file '../node_modules/typescript/lib/lib.es2017.d.ts'
	../node_modules/typescript/lib/lib.es2018.asyncgenerator.d.ts
	  Library referenced via 'es2018.asyncgenerator' from file '../node_modules/typescript/lib/lib.es2018.d.ts'
	../node_modules/typescript/lib/lib.es2018.asynciterable.d.ts
	  Library referenced via 'es2018.asynciterable' from file '../node_modules/typescript/lib/lib.es2018.d.ts'
	  Library referenced via 'es2018.asynciterable' from file '../node_modules/typescript/lib/lib.es2018.asyncgenerator.d.ts'
	../node_modules/typescript/lib/lib.es2018.intl.d.ts
	  Library referenced via 'es2018.intl' from file '../node_modules/typescript/lib/lib.es2018.d.ts'
	  Library referenced via 'es2018.intl' from file '../node_modules/typescript/lib/lib.es2020.intl.d.ts'
	../node_modules/typescript/lib/lib.es2018.promise.d.ts
	  Library referenced via 'es2018.promise' from file '../node_modules/typescript/lib/lib.es2018.d.ts'
	../node_modules/typescript/lib/lib.es2018.regexp.d.ts
	  Library referenced via 'es2018.regexp' from file '../node_modules/typescript/lib/lib.es2018.d.ts'
	../node_modules/typescript/lib/lib.es2019.array.d.ts
	  Library referenced via 'es2019.array' from file '../node_modules/typescript/lib/lib.es2019.d.ts'
	../node_modules/typescript/lib/lib.es2019.object.d.ts
	  Library referenced via 'es2019.object' from file '../node_modules/typescript/lib/lib.es2019.d.ts'
	../node_modules/typescript/lib/lib.es2019.string.d.ts
	  Library referenced via 'es2019.string' from file '../node_modules/typescript/lib/lib.es2019.d.ts'
	../node_modules/typescript/lib/lib.es2019.symbol.d.ts
	  Library referenced via 'es2019.symbol' from file '../node_modules/typescript/lib/lib.es2019.d.ts'
	../node_modules/typescript/lib/lib.es2019.intl.d.ts
	  Library referenced via 'es2019.intl' from file '../node_modules/typescript/lib/lib.es2019.d.ts'
	../node_modules/typescript/lib/lib.es2020.bigint.d.ts
	  Library referenced via 'es2020.bigint' from file '../node_modules/typescript/lib/lib.es2020.d.ts'
	../node_modules/typescript/lib/lib.es2020.date.d.ts
	  Library referenced via 'es2020.date' from file '../node_modules/typescript/lib/lib.es2020.d.ts'
	../node_modules/typescript/lib/lib.es2020.promise.d.ts
	  Library referenced via 'es2020.promise' from file '../node_modules/typescript/lib/lib.es2020.d.ts'
	../node_modules/typescript/lib/lib.es2020.sharedmemory.d.ts
	  Library referenced via 'es2020.sharedmemory' from file '../node_modules/typescript/lib/lib.es2020.d.ts'
	../node_modules/typescript/lib/lib.es2020.string.d.ts
	  Library referenced via 'es2020.string' from file '../node_modules/typescript/lib/lib.es2020.d.ts'
	../node_modules/typescript/lib/lib.es2020.symbol.wellknown.d.ts
	  Library referenced via 'es2020.symbol.wellknown' from file '../node_modules/typescript/lib/lib.es2020.d.ts'
	../node_modules/typescript/lib/lib.es2020.intl.d.ts
	  Library referenced via 'es2020.intl' from file '../node_modules/typescript/lib/lib.es2020.bigint.d.ts'
	  Library referenced via 'es2020.intl' from file '../node_modules/typescript/lib/lib.es2020.date.d.ts'
	  Library referenced via 'es2020.intl' from file '../node_modules/typescript/lib/lib.es2020.number.d.ts'
	  Library referenced via 'es2020.intl' from file '../node_modules/typescript/lib/lib.es2020.d.ts'
	../node_modules/typescript/lib/lib.es2020.number.d.ts
	  Library referenced via 'es2020.number' from file '../node_modules/typescript/lib/lib.es2020.d.ts'
	../node_modules/typescript/lib/lib.decorators.d.ts
	  Library referenced via 'decorators' from file '../node_modules/typescript/lib/lib.es5.d.ts'
	../node_modules/typescript/lib/lib.decorators.legacy.d.ts
	  Library referenced via 'decorators.legacy' from file '../node_modules/typescript/lib/lib.es5.d.ts'
	../node_modules/typescript/lib/lib.es2020.full.d.ts
	  Default library for target 'es2020'
	sequence-generator.ts
	  Root file specified for compilation
	index.ts
	  Root file specified for compilation
	bfs-test.ts
	  Root file specified for compilation

Info 60   [17:39:32.132] -----------------------------------------------
Info 61   [17:39:32.132] Project '/dev/null/inferredProject1*' (Inferred)
Info 61   [17:39:32.132] 	Files (51)

Info 61   [17:39:32.132] -----------------------------------------------
Info 61   [17:39:32.132] Open files: 
Info 61   [17:39:32.132] 	FileName: /Users/joshuaying/emblem/semantic-graph/test-ts/src/sequence-generator.ts ProjectRootPath: /Users/joshuaying/emblem/semantic-graph/test-ts/src
Info 61   [17:39:32.132] 		Projects: /dev/null/inferredProject1*
Info 61   [17:39:32.132] 	FileName: /Users/joshuaying/emblem/semantic-graph/test-ts/src/index.ts ProjectRootPath: /Users/joshuaying/emblem/semantic-graph/test-ts/src
Info 61   [17:39:32.132] 		Projects: /dev/null/inferredProject1*
Info 61   [17:39:32.132] 	FileName: /Users/joshuaying/emblem/semantic-graph/test-ts/src/bfs-test.ts ProjectRootPath: /Users/joshuaying/emblem/semantic-graph/test-ts/src
Info 61   [17:39:32.132] 		Projects: /dev/null/inferredProject1*
Perf 61   [17:39:32.132] 4::open: async elapsed time (in milliseconds) 4.6830
Info 62   [17:39:32.132] request:
    {
      "seq": 5,
      "type": "request",
      "command": "geterr",
      "arguments": {
        "delay": 0,
        "files": [
          "/Users/joshuaying/emblem/semantic-graph/test-ts/src/bfs-test.ts",
          "/Users/joshuaying/emblem/semantic-graph/test-ts/src/index.ts",
          "/Users/joshuaying/emblem/semantic-graph/test-ts/src/sequence-generator.ts"
        ]
      }
    }
Perf 63   [17:39:32.133] 5::geterr: async elapsed time (in milliseconds) 0.4042
Info 64   [17:39:32.135] event:
    {"seq":0,"type":"event","event":"syntaxDiag","body":{"file":"/Users/joshuaying/emblem/semantic-graph/test-ts/src/bfs-test.ts","diagnostics":[]}}
Info 65   [17:39:32.145] event:
    {"seq":0,"type":"event","event":"semanticDiag","body":{"file":"/Users/joshuaying/emblem/semantic-graph/test-ts/src/bfs-test.ts","diagnostics":[]}}
Info 66   [17:39:32.145] request:
    {
      "seq": 6,
      "type": "request",
      "command": "references",
      "arguments": {
        "file": "/Users/joshuaying/emblem/semantic-graph/test-ts/src/sequence-generator.ts",
        "line": 61,
        "offset": 5
      }
    }
Info 67   [17:39:32.148] Finding references to /Users/joshuaying/emblem/semantic-graph/test-ts/src/sequence-generator.ts position 2268 in project /dev/null/inferredProject1*
Perf 68   [17:39:32.171] 6::references: elapsed time (in milliseconds) 26.0201
Info 69   [17:39:32.171] response:
    {"seq":0,"type":"response","command":"references","request_seq":6,"success":true,"body":{"refs":[{"file":"/Users/joshuaying/emblem/semantic-graph/test-ts/src/sequence-generator.ts","start":{"line":61,"offset":5},"end":{"line":61,"offset":16},"contextStart":{"line":61,"offset":5},"contextEnd":{"line":65,"offset":6},"isWriteAccess":false,"isDefinition":true},{"file":"/Users/joshuaying/emblem/semantic-graph/test-ts/src/sequence-generator.ts","start":{"line":110,"offset":9},"end":{"line":110,"offset":14},"isWriteAccess":false,"isDefinition":false}],"symbolName":"constructor","symbolStartOffset":5,"symbolDisplayString":"constructor SequenceGenerator<T>(windowSize: number, generationLength: number, combiner: Combiner<T>): SequenceGenerator<T>"}}
Info 70   [17:39:32.172] event:
    {"seq":0,"type":"event","event":"suggestionDiag","body":{"file":"/Users/joshuaying/emblem/semantic-graph/test-ts/src/bfs-test.ts","diagnostics":[]}}
Info 71   [17:39:32.172] request:
    {
      "seq": 7,
      "type": "request",
      "command": "references",
      "arguments": {
        "file": "/Users/joshuaying/emblem/semantic-graph/test-ts/src/sequence-generator.ts",
        "line": 68,
        "offset": 5
      }
    }
Info 72   [17:39:32.172] Finding references to /Users/joshuaying/emblem/semantic-graph/test-ts/src/sequence-generator.ts position 2540 in project /dev/null/inferredProject1*
Perf 73   [17:39:32.175] 7::references: elapsed time (in milliseconds) 2.8433
Info 74   [17:39:32.175] response:
    {"seq":0,"type":"response","command":"references","request_seq":7,"success":true,"body":{"refs":[{"file":"/Users/joshuaying/emblem/semantic-graph/test-ts/src/sequence-generator.ts","start":{"line":68,"offset":5},"end":{"line":68,"offset":21},"contextStart":{"line":68,"offset":5},"contextEnd":{"line":75,"offset":6},"isWriteAccess":true,"isDefinition":true},{"file":"/Users/joshuaying/emblem/semantic-graph/test-ts/src/sequence-generator.ts","start":{"line":145,"offset":53},"end":{"line":145,"offset":69},"isWriteAccess":false,"isDefinition":false}],"symbolName":"generateSequence","symbolStartOffset":5,"symbolDisplayString":"(method) SequenceGenerator<T>.generateSequence(): T[]"}}
Info 75   [17:39:32.175] event:
    {"seq":0,"type":"event","event":"syntaxDiag","body":{"file":"/Users/joshuaying/emblem/semantic-graph/test-ts/src/index.ts","diagnostics":[]}}
Info 76   [17:39:32.175] event:
    {"seq":0,"type":"event","event":"semanticDiag","body":{"file":"/Users/joshuaying/emblem/semantic-graph/test-ts/src/index.ts","diagnostics":[]}}
Info 77   [17:39:32.175] event:
    {"seq":0,"type":"event","event":"suggestionDiag","body":{"file":"/Users/joshuaying/emblem/semantic-graph/test-ts/src/index.ts","diagnostics":[]}}
Info 78   [17:39:32.175] request:
    {
      "seq": 8,
      "type": "request",
      "command": "references",
      "arguments": {
        "file": "/Users/joshuaying/emblem/semantic-graph/test-ts/src/sequence-generator.ts",
        "line": 78,
        "offset": 5
      }
    }
Info 79   [17:39:32.175] Finding references to /Users/joshuaying/emblem/semantic-graph/test-ts/src/sequence-generator.ts position 2930 in project /dev/null/inferredProject1*
Perf 80   [17:39:32.177] 8::references: elapsed time (in milliseconds) 1.8146
Info 81   [17:39:32.177] response:
    {"seq":0,"type":"response","command":"references","request_seq":8,"success":true,"body":{"refs":[{"file":"/Users/joshuaying/emblem/semantic-graph/test-ts/src/sequence-generator.ts","start":{"line":69,"offset":29},"end":{"line":69,"offset":48},"isWriteAccess":false,"isDefinition":false},{"file":"/Users/joshuaying/emblem/semantic-graph/test-ts/src/sequence-generator.ts","start":{"line":78,"offset":14},"end":{"line":78,"offset":33},"contextStart":{"line":78,"offset":5},"contextEnd":{"line":78,"offset":41},"isWriteAccess":false,"isDefinition":true},{"file":"/Users/joshuaying/emblem/semantic-graph/test-ts/src/sequence-generator.ts","start":{"line":114,"offset":5},"end":{"line":114,"offset":24},"contextStart":{"line":114,"offset":5},"contextEnd":{"line":116,"offset":6},"isWriteAccess":true,"isDefinition":false}],"symbolName":"","symbolStartOffset":0,"symbolDisplayString":""}}
Info 82   [17:39:32.177] event:
    {"seq":0,"type":"event","event":"syntaxDiag","body":{"file":"/Users/joshuaying/emblem/semantic-graph/test-ts/src/sequence-generator.ts","diagnostics":[]}}
Info 83   [17:39:32.186] event:
    {"seq":0,"type":"event","event":"semanticDiag","body":{"file":"/Users/joshuaying/emblem/semantic-graph/test-ts/src/sequence-generator.ts","diagnostics":[]}}
Info 84   [17:39:32.186] request:
    {
      "seq": 9,
      "type": "request",
      "command": "references",
      "arguments": {
        "file": "/Users/joshuaying/emblem/semantic-graph/test-ts/src/sequence-generator.ts",
        "line": 83,
        "offset": 1
      }
    }
Info 85   [17:39:32.186] Finding references to /Users/joshuaying/emblem/semantic-graph/test-ts/src/sequence-generator.ts position 3021 in project /dev/null/inferredProject1*
Perf 86   [17:39:32.188] 9::references: elapsed time (in milliseconds) 1.2866
Info 87   [17:39:32.188] response:
    {"seq":0,"type":"response","command":"references","request_seq":9,"success":true,"body":{"refs":[{"file":"/Users/joshuaying/emblem/semantic-graph/test-ts/src/sequence-generator.ts","start":{"line":54,"offset":15},"end":{"line":54,"offset":23},"isWriteAccess":false,"isDefinition":false},{"file":"/Users/joshuaying/emblem/semantic-graph/test-ts/src/sequence-generator.ts","start":{"line":61,"offset":73},"end":{"line":61,"offset":81},"isWriteAccess":false,"isDefinition":false},{"file":"/Users/joshuaying/emblem/semantic-graph/test-ts/src/sequence-generator.ts","start":{"line":83,"offset":11},"end":{"line":83,"offset":19},"contextStart":{"line":83,"offset":1},"contextEnd":{"line":86,"offset":2},"isWriteAccess":true,"isDefinition":true},{"file":"/Users/joshuaying/emblem/semantic-graph/test-ts/src/sequence-generator.ts","start":{"line":99,"offset":30},"end":{"line":99,"offset":38},"isWriteAccess":false,"isDefinition":false}],"symbolName":"","symbolStartOffset":0,"symbolDisplayString":""}}
Info 88   [17:39:32.188] event:
    {"seq":0,"type":"event","event":"suggestionDiag","body":{"file":"/Users/joshuaying/emblem/semantic-graph/test-ts/src/sequence-generator.ts","diagnostics":[]}}
Info 89   [17:39:32.188] event:
    {"seq":0,"type":"event","event":"requestCompleted","body":{"request_seq":5}}
Info 90   [17:39:32.188] request:
    {
      "seq": 10,
      "type": "request",
      "command": "references",
      "arguments": {
        "file": "/Users/joshuaying/emblem/semantic-graph/test-ts/src/sequence-generator.ts",
        "line": 85,
        "offset": 5
      }
    }
Info 91   [17:39:32.188] Finding references to /Users/joshuaying/emblem/semantic-graph/test-ts/src/sequence-generator.ts position 3097 in project /dev/null/inferredProject1*
Perf 92   [17:39:32.191] 10::references: elapsed time (in milliseconds) 2.8410
Info 93   [17:39:32.191] response:
    {"seq":0,"type":"response","command":"references","request_seq":10,"success":true,"body":{"refs":[{"file":"/Users/joshuaying/emblem/semantic-graph/test-ts/src/sequence-generator.ts","start":{"line":72,"offset":41},"end":{"line":72,"offset":48},"isWriteAccess":false,"isDefinition":false},{"file":"/Users/joshuaying/emblem/semantic-graph/test-ts/src/sequence-generator.ts","start":{"line":85,"offset":5},"end":{"line":85,"offset":12},"contextStart":{"line":85,"offset":5},"contextEnd":{"line":85,"offset":23},"isWriteAccess":false,"isDefinition":true},{"file":"/Users/joshuaying/emblem/semantic-graph/test-ts/src/sequence-generator.ts","start":{"line":101,"offset":5},"end":{"line":101,"offset":12},"contextStart":{"line":101,"offset":5},"contextEnd":{"line":103,"offset":6},"isWriteAccess":true,"isDefinition":false}],"symbolName":"combine","symbolStartOffset":5,"symbolDisplayString":"(method) Combiner<T>.combine(l: T[]): T"}}
Info 94   [17:39:32.194] request:
    {
      "seq": 11,
      "type": "request",
      "command": "references",
      "arguments": {
        "file": "/Users/joshuaying/emblem/semantic-graph/test-ts/src/sequence-generator.ts",
        "line": 99,
        "offset": 1
      }
    }
Info 95   [17:39:32.194] Finding references to /Users/joshuaying/emblem/semantic-graph/test-ts/src/sequence-generator.ts position 3864 in project /dev/null/inferredProject1*
Perf 96   [17:39:32.195] 11::references: elapsed time (in milliseconds) 0.9452
Info 97   [17:39:32.195] response:
    {"seq":0,"type":"response","command":"references","request_seq":11,"success":true,"body":{"refs":[{"file":"/Users/joshuaying/emblem/semantic-graph/test-ts/src/sequence-generator.ts","start":{"line":99,"offset":7},"end":{"line":99,"offset":18},"contextStart":{"line":99,"offset":1},"contextEnd":{"line":104,"offset":2},"isWriteAccess":true,"isDefinition":true},{"file":"/Users/joshuaying/emblem/semantic-graph/test-ts/src/sequence-generator.ts","start":{"line":110,"offset":40},"end":{"line":110,"offset":51},"isWriteAccess":false,"isDefinition":false}],"symbolName":"class","symbolStartOffset":1,"symbolDisplayString":"class NumberAdder"}}
Info 98   [17:39:32.195] request:
    {
      "seq": 12,
      "type": "request",
      "command": "references",
      "arguments": {
        "file": "/Users/joshuaying/emblem/semantic-graph/test-ts/src/sequence-generator.ts",
        "line": 101,
        "offset": 5
      }
    }
Info 99   [17:39:32.195] Finding references to /Users/joshuaying/emblem/semantic-graph/test-ts/src/sequence-generator.ts position 3963 in project /dev/null/inferredProject1*
Perf 100  [17:39:32.197] 12::references: elapsed time (in milliseconds) 1.4652
Info 101  [17:39:32.197] response:
    {"seq":0,"type":"response","command":"references","request_seq":12,"success":true,"body":{"refs":[{"file":"/Users/joshuaying/emblem/semantic-graph/test-ts/src/sequence-generator.ts","start":{"line":72,"offset":41},"end":{"line":72,"offset":48},"isWriteAccess":false,"isDefinition":false},{"file":"/Users/joshuaying/emblem/semantic-graph/test-ts/src/sequence-generator.ts","start":{"line":85,"offset":5},"end":{"line":85,"offset":12},"contextStart":{"line":85,"offset":5},"contextEnd":{"line":85,"offset":23},"isWriteAccess":false,"isDefinition":false},{"file":"/Users/joshuaying/emblem/semantic-graph/test-ts/src/sequence-generator.ts","start":{"line":101,"offset":5},"end":{"line":101,"offset":12},"contextStart":{"line":101,"offset":5},"contextEnd":{"line":103,"offset":6},"isWriteAccess":true,"isDefinition":true}],"symbolName":"combine","symbolStartOffset":5,"symbolDisplayString":"(method) NumberAdder.combine(l: number[]): number"}}
Info 102  [17:39:32.197] request:
    {
      "seq": 13,
      "type": "request",
      "command": "references",
      "arguments": {
        "file": "/Users/joshuaying/emblem/semantic-graph/test-ts/src/sequence-generator.ts",
        "line": 107,
        "offset": 1
      }
    }
Info 103  [17:39:32.197] Finding references to /Users/joshuaying/emblem/semantic-graph/test-ts/src/sequence-generator.ts position 4119 in project /dev/null/inferredProject1*
Perf 104  [17:39:32.198] 13::references: elapsed time (in milliseconds) 0.6119
Info 105  [17:39:32.198] response:
    {"seq":0,"type":"response","command":"references","request_seq":13,"success":true,"body":{"refs":[{"file":"/Users/joshuaying/emblem/semantic-graph/test-ts/src/sequence-generator.ts","start":{"line":107,"offset":7},"end":{"line":107,"offset":32},"contextStart":{"line":107,"offset":1},"contextEnd":{"line":117,"offset":2},"isWriteAccess":true,"isDefinition":true},{"file":"/Users/joshuaying/emblem/semantic-graph/test-ts/src/sequence-generator.ts","start":{"line":145,"offset":22},"end":{"line":145,"offset":47},"isWriteAccess":false,"isDefinition":false}],"symbolName":"class","symbolStartOffset":1,"symbolDisplayString":"class ConcreteSequenceGenerator"}}
Info 106  [17:39:32.198] request:
    {
      "seq": 14,
      "type": "request",
      "command": "references",
      "arguments": {
        "file": "/Users/joshuaying/emblem/semantic-graph/test-ts/src/sequence-generator.ts",
        "line": 109,
        "offset": 5
      }
    }
Info 107  [17:39:32.198] Finding references to /Users/joshuaying/emblem/semantic-graph/test-ts/src/sequence-generator.ts position 4242 in project /dev/null/inferredProject1*
Perf 108  [17:39:32.199] 14::references: elapsed time (in milliseconds) 0.9268
Info 109  [17:39:32.199] response:
    {"seq":0,"type":"response","command":"references","request_seq":14,"success":true,"body":{"refs":[{"file":"/Users/joshuaying/emblem/semantic-graph/test-ts/src/sequence-generator.ts","start":{"line":109,"offset":5},"end":{"line":109,"offset":16},"contextStart":{"line":109,"offset":5},"contextEnd":{"line":111,"offset":6},"isWriteAccess":false,"isDefinition":true},{"file":"/Users/joshuaying/emblem/semantic-graph/test-ts/src/sequence-generator.ts","start":{"line":145,"offset":22},"end":{"line":145,"offset":47},"isWriteAccess":false,"isDefinition":false}],"symbolName":"constructor","symbolStartOffset":5,"symbolDisplayString":"constructor ConcreteSequenceGenerator(generationLength: number): ConcreteSequenceGenerator"}}
Info 110  [17:39:32.199] request:
    {
      "seq": 15,
      "type": "request",
      "command": "references",
      "arguments": {
        "file": "/Users/joshuaying/emblem/semantic-graph/test-ts/src/sequence-generator.ts",
        "line": 114,
        "offset": 5
      }
    }
Info 111  [17:39:32.199] Finding references to /Users/joshuaying/emblem/semantic-graph/test-ts/src/sequence-generator.ts position 4407 in project /dev/null/inferredProject1*
Perf 112  [17:39:32.200] 15::references: elapsed time (in milliseconds) 0.8870
Info 113  [17:39:32.200] response:
    {"seq":0,"type":"response","command":"references","request_seq":15,"success":true,"body":{"refs":[{"file":"/Users/joshuaying/emblem/semantic-graph/test-ts/src/sequence-generator.ts","start":{"line":69,"offset":29},"end":{"line":69,"offset":48},"isWriteAccess":false,"isDefinition":false},{"file":"/Users/joshuaying/emblem/semantic-graph/test-ts/src/sequence-generator.ts","start":{"line":78,"offset":14},"end":{"line":78,"offset":33},"contextStart":{"line":78,"offset":5},"contextEnd":{"line":78,"offset":41},"isWriteAccess":false,"isDefinition":false},{"file":"/Users/joshuaying/emblem/semantic-graph/test-ts/src/sequence-generator.ts","start":{"line":114,"offset":5},"end":{"line":114,"offset":24},"contextStart":{"line":114,"offset":5},"contextEnd":{"line":116,"offset":6},"isWriteAccess":true,"isDefinition":true}],"symbolName":"getStartingSequence","symbolStartOffset":5,"symbolDisplayString":"(method) ConcreteSequenceGenerator.getStartingSequence(): number[]"}}
Info 114  [17:39:32.201] request:
    {
      "seq": 16,
      "type": "request",
      "command": "references",
      "arguments": {
        "file": "/Users/joshuaying/emblem/semantic-graph/test-ts/src/sequence-generator.ts",
        "line": 144,
        "offset": 1
      }
    }
Info 115  [17:39:32.201] Finding references to /Users/joshuaying/emblem/semantic-graph/test-ts/src/sequence-generator.ts position 5462 in project /dev/null/inferredProject1*
Perf 116  [17:39:32.203] 16::references: elapsed time (in milliseconds) 2.0328
Info 117  [17:39:32.203] response:
    {"seq":0,"type":"response","command":"references","request_seq":16,"success":true,"body":{"refs":[{"file":"/Users/joshuaying/emblem/semantic-graph/test-ts/src/sequence-generator.ts","start":{"line":144,"offset":10},"end":{"line":144,"offset":14},"contextStart":{"line":144,"offset":1},"contextEnd":{"line":146,"offset":2},"isWriteAccess":true,"isDefinition":true},{"file":"/Users/joshuaying/emblem/semantic-graph/test-ts/src/sequence-generator.ts","start":{"line":148,"offset":1},"end":{"line":148,"offset":5},"isWriteAccess":false,"isDefinition":false}],"symbolName":"function","symbolStartOffset":1,"symbolDisplayString":"function main(): void"}}
Info 118  [17:39:32.203] request:
    {
      "seq": 17,
      "type": "request",
      "command": "references",
      "arguments": {
        "file": "/Users/joshuaying/emblem/semantic-graph/test-ts/src/bfs-test.ts",
        "line": 2,
        "offset": 1
      }
    }
Info 119  [17:39:32.203] Finding references to /Users/joshuaying/emblem/semantic-graph/test-ts/src/bfs-test.ts position 28 in project /dev/null/inferredProject1*
Perf 120  [17:39:32.211] 17::references: elapsed time (in milliseconds) 8.1855
Info 121  [17:39:32.211] response:
    {"seq":0,"type":"response","command":"references","request_seq":17,"success":true,"body":{"refs":[{"file":"/Users/joshuaying/emblem/semantic-graph/test-ts/src/bfs-test.ts","start":{"line":2,"offset":7},"end":{"line":2,"offset":8},"contextStart":{"line":2,"offset":1},"contextEnd":{"line":16,"offset":2},"isWriteAccess":true,"isDefinition":true}],"symbolName":"class","symbolStartOffset":1,"symbolDisplayString":"class A"}}
Info 122  [17:39:32.212] request:
    {
      "seq": 18,
      "type": "request",
      "command": "references",
      "arguments": {
        "file": "/Users/joshuaying/emblem/semantic-graph/test-ts/src/bfs-test.ts",
        "line": 4,
        "offset": 5
      }
    }
Info 123  [17:39:32.212] Finding references to /Users/joshuaying/emblem/semantic-graph/test-ts/src/bfs-test.ts position 79 in project /dev/null/inferredProject1*
Perf 124  [17:39:32.213] 18::references: elapsed time (in milliseconds) 0.7987
Info 125  [17:39:32.213] response:
    {"seq":0,"type":"response","command":"references","request_seq":18,"success":true,"body":{"refs":[{"file":"/Users/joshuaying/emblem/semantic-graph/test-ts/src/bfs-test.ts","start":{"line":4,"offset":5},"end":{"line":4,"offset":11},"contextStart":{"line":4,"offset":5},"contextEnd":{"line":4,"offset":19},"isWriteAccess":false,"isDefinition":true},{"file":"/Users/joshuaying/emblem/semantic-graph/test-ts/src/bfs-test.ts","start":{"line":7,"offset":14},"end":{"line":7,"offset":20},"isWriteAccess":true,"isDefinition":false},{"file":"/Users/joshuaying/emblem/semantic-graph/test-ts/src/bfs-test.ts","start":{"line":14,"offset":14},"end":{"line":14,"offset":20},"isWriteAccess":false,"isDefinition":false}],"symbolName":"aField","symbolStartOffset":5,"symbolDisplayString":"(property) A.aField: number"}}
Info 126  [17:39:32.213] request:
    {
      "seq": 19,
      "type": "request",
      "command": "references",
      "arguments": {
        "file": "/Users/joshuaying/emblem/semantic-graph/test-ts/src/bfs-test.ts",
        "line": 6,
        "offset": 5
      }
    }
Info 127  [17:39:32.213] Finding references to /Users/joshuaying/emblem/semantic-graph/test-ts/src/bfs-test.ts position 137 in project /dev/null/inferredProject1*
Perf 128  [17:39:32.216] 19::references: elapsed time (in milliseconds) 2.8147
Info 129  [17:39:32.216] response:
    {"seq":0,"type":"response","command":"references","request_seq":19,"success":true,"body":{"refs":[{"file":"/Users/joshuaying/emblem/semantic-graph/test-ts/src/bfs-test.ts","start":{"line":6,"offset":5},"end":{"line":6,"offset":16},"contextStart":{"line":6,"offset":5},"contextEnd":{"line":8,"offset":6},"isWriteAccess":false,"isDefinition":true}],"symbolName":"constructor","symbolStartOffset":5,"symbolDisplayString":"constructor A(): A"}}
Info 130  [17:39:32.217] request:
    {
      "seq": 20,
      "type": "request",
      "command": "references",
      "arguments": {
        "file": "/Users/joshuaying/emblem/semantic-graph/test-ts/src/bfs-test.ts",
        "line": 10,
        "offset": 5
      }
    }
Info 131  [17:39:32.217] Finding references to /Users/joshuaying/emblem/semantic-graph/test-ts/src/bfs-test.ts position 217 in project /dev/null/inferredProject1*
Perf 132  [17:39:32.217] 20::references: elapsed time (in milliseconds) 0.6802
Info 133  [17:39:32.217] response:
    {"seq":0,"type":"response","command":"references","request_seq":20,"success":true,"body":{"refs":[{"file":"/Users/joshuaying/emblem/semantic-graph/test-ts/src/bfs-test.ts","start":{"line":10,"offset":5},"end":{"line":10,"offset":6},"contextStart":{"line":10,"offset":5},"contextEnd":{"line":15,"offset":6},"isWriteAccess":true,"isDefinition":true}],"symbolName":"M","symbolStartOffset":5,"symbolDisplayString":"(method) A.M(): void"}}
Info 134  [17:39:32.218] request:
    {
      "seq": 21,
      "type": "request",
      "command": "references",
      "arguments": {
        "file": "/Users/joshuaying/emblem/semantic-graph/test-ts/src/bfs-test.ts",
        "line": 25,
        "offset": 1
      }
    }
Info 135  [17:39:32.218] Finding references to /Users/joshuaying/emblem/semantic-graph/test-ts/src/bfs-test.ts position 778 in project /dev/null/inferredProject1*
Perf 136  [17:39:32.218] 21::references: elapsed time (in milliseconds) 0.6854
Info 137  [17:39:32.218] response:
    {"seq":0,"type":"response","command":"references","request_seq":21,"success":true,"body":{"refs":[{"file":"/Users/joshuaying/emblem/semantic-graph/test-ts/src/bfs-test.ts","start":{"line":11,"offset":23},"end":{"line":11,"offset":24},"isWriteAccess":false,"isDefinition":false},{"file":"/Users/joshuaying/emblem/semantic-graph/test-ts/src/bfs-test.ts","start":{"line":25,"offset":7},"end":{"line":25,"offset":8},"contextStart":{"line":25,"offset":1},"contextEnd":{"line":47,"offset":2},"isWriteAccess":true,"isDefinition":true}],"symbolName":"class","symbolStartOffset":1,"symbolDisplayString":"class B"}}
Info 138  [17:39:32.219] request:
    {
      "seq": 22,
      "type": "request",
      "command": "references",
      "arguments": {
        "file": "/Users/joshuaying/emblem/semantic-graph/test-ts/src/bfs-test.ts",
        "line": 27,
        "offset": 5
      }
    }
Info 139  [17:39:32.219] Finding references to /Users/joshuaying/emblem/semantic-graph/test-ts/src/bfs-test.ts position 831 in project /dev/null/inferredProject1*
Perf 140  [17:39:32.219] 22::references: elapsed time (in milliseconds) 0.6122
Info 141  [17:39:32.219] response:
    {"seq":0,"type":"response","command":"references","request_seq":22,"success":true,"body":{"refs":[{"file":"/Users/joshuaying/emblem/semantic-graph/test-ts/src/bfs-test.ts","start":{"line":27,"offset":5},"end":{"line":27,"offset":11},"contextStart":{"line":27,"offset":5},"contextEnd":{"line":27,"offset":19},"isWriteAccess":false,"isDefinition":true},{"file":"/Users/joshuaying/emblem/semantic-graph/test-ts/src/bfs-test.ts","start":{"line":34,"offset":14},"end":{"line":34,"offset":20},"isWriteAccess":true,"isDefinition":false},{"file":"/Users/joshuaying/emblem/semantic-graph/test-ts/src/bfs-test.ts","start":{"line":40,"offset":14},"end":{"line":40,"offset":20},"isWriteAccess":false,"isDefinition":false}],"symbolName":"bField","symbolStartOffset":5,"symbolDisplayString":"(property) B.bField: number"}}
Info 142  [17:39:32.220] request:
    {
      "seq": 23,
      "type": "request",
      "command": "references",
      "arguments": {
        "file": "/Users/joshuaying/emblem/semantic-graph/test-ts/src/bfs-test.ts",
        "line": 29,
        "offset": 5
      }
    }
Info 143  [17:39:32.220] Finding references to /Users/joshuaying/emblem/semantic-graph/test-ts/src/bfs-test.ts position 890 in project /dev/null/inferredProject1*
Perf 144  [17:39:32.220] 23::references: elapsed time (in milliseconds) 0.4397
Info 145  [17:39:32.220] response:
    {"seq":0,"type":"response","command":"references","request_seq":23,"success":true,"body":{"refs":[{"file":"/Users/joshuaying/emblem/semantic-graph/test-ts/src/bfs-test.ts","start":{"line":13,"offset":11},"end":{"line":13,"offset":18},"isWriteAccess":false,"isDefinition":false},{"file":"/Users/joshuaying/emblem/semantic-graph/test-ts/src/bfs-test.ts","start":{"line":29,"offset":5},"end":{"line":29,"offset":12},"contextStart":{"line":29,"offset":5},"contextEnd":{"line":29,"offset":20},"isWriteAccess":false,"isDefinition":true},{"file":"/Users/joshuaying/emblem/semantic-graph/test-ts/src/bfs-test.ts","start":{"line":35,"offset":14},"end":{"line":35,"offset":21},"isWriteAccess":true,"isDefinition":false}],"symbolName":"bField2","symbolStartOffset":5,"symbolDisplayString":"(property) B.bField2: number"}}
Info 146  [17:39:32.221] request:
    {
      "seq": 24,
      "type": "request",
      "command": "references",
      "arguments": {
        "file": "/Users/joshuaying/emblem/semantic-graph/test-ts/src/bfs-test.ts",
        "line": 31,
        "offset": 5
      }
    }
Info 147  [17:39:32.221] Finding references to /Users/joshuaying/emblem/semantic-graph/test-ts/src/bfs-test.ts position 950 in project /dev/null/inferredProject1*
Perf 148  [17:39:32.221] 24::references: elapsed time (in milliseconds) 0.3340
Info 149  [17:39:32.221] response:
    {"seq":0,"type":"response","command":"references","request_seq":24,"success":true,"body":{"refs":[{"file":"/Users/joshuaying/emblem/semantic-graph/test-ts/src/bfs-test.ts","start":{"line":31,"offset":5},"end":{"line":31,"offset":12},"contextStart":{"line":31,"offset":5},"contextEnd":{"line":31,"offset":20},"isWriteAccess":false,"isDefinition":true}],"symbolName":"bField3","symbolStartOffset":5,"symbolDisplayString":"(property) B.bField3: number"}}
Info 150  [17:39:32.221] request:
    {
      "seq": 25,
      "type": "request",
      "command": "references",
      "arguments": {
        "file": "/Users/joshuaying/emblem/semantic-graph/test-ts/src/bfs-test.ts",
        "line": 33,
        "offset": 5
      }
    }
Info 151  [17:39:32.221] Finding references to /Users/joshuaying/emblem/semantic-graph/test-ts/src/bfs-test.ts position 1011 in project /dev/null/inferredProject1*
Perf 152  [17:39:32.222] 25::references: elapsed time (in milliseconds) 0.4637
Info 153  [17:39:32.222] response:
    {"seq":0,"type":"response","command":"references","request_seq":25,"success":true,"body":{"refs":[{"file":"/Users/joshuaying/emblem/semantic-graph/test-ts/src/bfs-test.ts","start":{"line":11,"offset":23},"end":{"line":11,"offset":24},"isWriteAccess":false,"isDefinition":false},{"file":"/Users/joshuaying/emblem/semantic-graph/test-ts/src/bfs-test.ts","start":{"line":33,"offset":5},"end":{"line":33,"offset":16},"contextStart":{"line":33,"offset":5},"contextEnd":{"line":36,"offset":6},"isWriteAccess":false,"isDefinition":true}],"symbolName":"constructor","symbolStartOffset":5,"symbolDisplayString":"constructor B(): B"}}
Info 154  [17:39:32.222] request:
    {
      "seq": 26,
      "type": "request",
      "command": "references",
      "arguments": {
        "file": "/Users/joshuaying/emblem/semantic-graph/test-ts/src/bfs-test.ts",
        "line": 39,
        "offset": 5
      }
    }
Info 155  [17:39:32.222] Finding references to /Users/joshuaying/emblem/semantic-graph/test-ts/src/bfs-test.ts position 1120 in project /dev/null/inferredProject1*
Perf 156  [17:39:32.223] 26::references: elapsed time (in milliseconds) 0.5586
Info 157  [17:39:32.223] response:
    {"seq":0,"type":"response","command":"references","request_seq":26,"success":true,"body":{"refs":[{"file":"/Users/joshuaying/emblem/semantic-graph/test-ts/src/bfs-test.ts","start":{"line":12,"offset":11},"end":{"line":12,"offset":12},"isWriteAccess":false,"isDefinition":false},{"file":"/Users/joshuaying/emblem/semantic-graph/test-ts/src/bfs-test.ts","start":{"line":39,"offset":5},"end":{"line":39,"offset":6},"contextStart":{"line":39,"offset":5},"contextEnd":{"line":41,"offset":6},"isWriteAccess":true,"isDefinition":true}],"symbolName":"C","symbolStartOffset":5,"symbolDisplayString":"(method) B.C(): void"}}
Info 158  [17:39:32.223] request:
    {
      "seq": 27,
      "type": "request",
      "command": "references",
      "arguments": {
        "file": "/Users/joshuaying/emblem/semantic-graph/test-ts/src/bfs-test.ts",
        "line": 44,
        "offset": 5
      }
    }
Info 159  [17:39:32.223] Finding references to /Users/joshuaying/emblem/semantic-graph/test-ts/src/bfs-test.ts position 1189 in project /dev/null/inferredProject1*
Perf 160  [17:39:32.223] 27::references: elapsed time (in milliseconds) 0.4977
Info 161  [17:39:32.223] response:
    {"seq":0,"type":"response","command":"references","request_seq":27,"success":true,"body":{"refs":[{"file":"/Users/joshuaying/emblem/semantic-graph/test-ts/src/bfs-test.ts","start":{"line":44,"offset":5},"end":{"line":44,"offset":6},"contextStart":{"line":44,"offset":5},"contextEnd":{"line":46,"offset":6},"isWriteAccess":true,"isDefinition":true}],"symbolName":"D","symbolStartOffset":5,"symbolDisplayString":"(method) B.D(): void"}}
