Info 0    [21:08:55.303] Starting TS Server
Info 1    [21:08:55.304] Version: 5.2.2
Info 2    [21:08:55.304] Arguments: /usr/local/bin/node /Users/joshuaying/emblem/semantic-graph/test-ts/node_modules/typescript/lib/tsserver.js --useInferredProjectPerProjectRoot --cancellationPipeName /private/var/folders/1k/1hld73x1599dxmy2mtdx1jg00000gn/T/0e2cc82b80a4dae700ba78d23c81f1b8/tscancellation* --logVerbosity verbose --logFile /Users/joshuaying/emblem/semantic-graph/test-ts/src/.log/tsserver-log-bXIYBv/tsserver.log --locale en --validateDefaultNpmLocation --useNodeIpc
Info 3    [21:08:55.304] Platform: darwin NodeVersion: v19.6.0 CaseSensitive: false
Info 4    [21:08:55.304] ServerMode: undefined hasUnknownServerMode: undefined
Info 5    [21:08:55.307] Binding...
Info 6    [21:08:55.311] request:
    {
      "seq": 0,
      "type": "request",
      "command": "configure",
      "arguments": {
        "formatOptions": {
          "newLineCharacter": "\n"
        },
        "preferences": {
          "allowIncompleteCompletions": true,
          "allowRenameOfImportPath": true,
          "allowTextChangesInNewFiles": true,
          "disableLineTextInReferences": true,
          "disableSuggestions": false,
          "displayPartsForJSDoc": true,
          "generateReturnInDocTemplate": true,
          "importModuleSpecifierEnding": "auto",
          "importModuleSpecifierPreference": "shortest",
          "includeAutomaticOptionalChainCompletions": true,
          "includeCompletionsForImportStatements": true,
          "includeCompletionsForModuleExports": true,
          "includeCompletionsWithClassMemberSnippets": true,
          "includeCompletionsWithInsertText": true,
          "includeCompletionsWithObjectLiteralMethodSnippets": true,
          "includeCompletionsWithSnippetText": true,
          "includeInlayEnumMemberValueHints": false,
          "includeInlayFunctionLikeReturnTypeHints": false,
          "includeInlayFunctionParameterTypeHints": false,
          "includeInlayParameterNameHints": "none",
          "includeInlayParameterNameHintsWhenArgumentMatchesName": false,
          "includeInlayPropertyDeclarationTypeHints": false,
          "includeInlayVariableTypeHints": false,
          "includeInlayVariableTypeHintsWhenTypeMatchesName": false,
          "includePackageJsonAutoImports": "auto",
          "jsxAttributeCompletionStyle": "auto",
          "lazyConfiguredProjectsFromExternalProject": false,
          "organizeImportsAccentCollation": true,
          "organizeImportsCaseFirst": false,
          "organizeImportsCollation": "ordinal",
          "organizeImportsCollationLocale": "en",
          "organizeImportsIgnoreCase": "auto",
          "organizeImportsNumericCollation": false,
          "providePrefixAndSuffixTextForRename": true,
          "provideRefactorNotApplicableReason": true,
          "quotePreference": "auto"
        }
      }
    }
Info 7    [21:08:55.311] Format host information updated
Info 8    [21:08:55.311] response:
    {"seq":0,"type":"response","command":"configure","request_seq":0,"success":true}
Perf 9    [21:08:55.311] 0::configure: async elapsed time (in milliseconds) 0.4699
Info 10   [21:08:55.311] event:
    {"seq":0,"type":"event","event":"typingsInstallerPid","body":{"pid":61400}}
Info 11   [21:08:55.313] request:
    {
      "seq": 1,
      "type": "request",
      "command": "compilerOptionsForInferredProjects",
      "arguments": {
        "options": {
          "module": "ESNext",
          "moduleResolution": "Node",
          "target": "ES2020",
          "jsx": "React",
          "strictNullChecks": true,
          "strictFunctionTypes": true,
          "sourceMap": true,
          "allowJs": true,
          "allowNonTsExtensions": true,
          "allowSyntheticDefaultImports": true,
          "resolveJsonModule": true
        }
      }
    }
Perf 12   [21:08:55.313] 1::compilerOptionsForInferredProjects: elapsed time (in milliseconds) 0.2274
Info 13   [21:08:55.313] response:
    {"seq":0,"type":"response","command":"compilerOptionsForInferredProjects","request_seq":1,"success":true,"body":true}
Info 14   [21:08:55.313] request:
    {
      "seq": 2,
      "type": "request",
      "command": "open",
      "arguments": {
        "file": "/Users/joshuaying/emblem/semantic-graph/test-ts/src/index.ts",
        "fileContent": "// type WrappedType = number | void;\n\n// type WrapperType = {\n//   a: string,\n//   b: WrappedType\n// }\n\n// function f() {\n//   const x: WrapperType = {\n//     a: 'hello',\n//     b: 5\n//   }\n\n//   console.log(x.b);\n// }\n\ninterface I {\n  m(): string;\n}\n\nclass C implements I {\n  m() {\n    return \"hello\";\n  }\n}",
        "scriptKindName": "TS",
        "projectRootPath": "/Users/joshuaying/emblem/semantic-graph/test-ts/src"
      }
    }
Info 15   [21:08:55.313] Search path: /Users/joshuaying/emblem/semantic-graph/test-ts/src
Info 16   [21:08:55.314] For info: /Users/joshuaying/emblem/semantic-graph/test-ts/src/index.ts :: No config files found.
Info 17   [21:08:55.315] FileWatcher:: Added:: WatchInfo: /Users/joshuaying/emblem/semantic-graph/test-ts/src/tsconfig.json 2000 undefined WatchType: Config file for the inferred project root
Info 18   [21:08:55.320] FileWatcher:: Added:: WatchInfo: /Users/joshuaying/emblem/semantic-graph/test-ts/src/jsconfig.json 2000 undefined WatchType: Config file for the inferred project root
Info 19   [21:08:55.320] Starting updateGraphWorker: Project: /dev/null/inferredProject1*
Info 20   [21:08:55.327] DirectoryWatcher:: Added:: WatchInfo: /users/joshuaying/emblem/semantic-graph/test-ts/node_modules 1 undefined WatchType: node_modules for closed script infos and package.jsons affecting module specifier cache
Info 21   [21:08:55.328] Elapsed:: 0.48816728591918945ms DirectoryWatcher:: Added:: WatchInfo: /users/joshuaying/emblem/semantic-graph/test-ts/node_modules 1 undefined WatchType: node_modules for closed script infos and package.jsons affecting module specifier cache
Info 22   [21:08:55.331] DirectoryWatcher:: Added:: WatchInfo: /Users/joshuaying/emblem/semantic-graph/test-ts/src/node_modules 1 undefined Project: /dev/null/inferredProject1* WatchType: Failed Lookup Locations
Info 23   [21:08:55.331] Elapsed:: 0.04862499237060547ms DirectoryWatcher:: Added:: WatchInfo: /Users/joshuaying/emblem/semantic-graph/test-ts/src/node_modules 1 undefined Project: /dev/null/inferredProject1* WatchType: Failed Lookup Locations
Info 24   [21:08:55.331] DirectoryWatcher:: Added:: WatchInfo: /Users/joshuaying/emblem/semantic-graph/test-ts/node_modules 1 undefined Project: /dev/null/inferredProject1* WatchType: Failed Lookup Locations
Info 25   [21:08:55.331] Elapsed:: 0.006500244140625ms DirectoryWatcher:: Added:: WatchInfo: /Users/joshuaying/emblem/semantic-graph/test-ts/node_modules 1 undefined Project: /dev/null/inferredProject1* WatchType: Failed Lookup Locations
Info 26   [21:08:55.331] DirectoryWatcher:: Added:: WatchInfo: /Users/joshuaying/emblem/semantic-graph/node_modules 1 undefined Project: /dev/null/inferredProject1* WatchType: Failed Lookup Locations
Info 27   [21:08:55.331] Elapsed:: 0.04045867919921875ms DirectoryWatcher:: Added:: WatchInfo: /Users/joshuaying/emblem/semantic-graph/node_modules 1 undefined Project: /dev/null/inferredProject1* WatchType: Failed Lookup Locations
Info 28   [21:08:55.331] DirectoryWatcher:: Added:: WatchInfo: /Users/joshuaying/emblem/node_modules 1 undefined Project: /dev/null/inferredProject1* WatchType: Failed Lookup Locations
Info 29   [21:08:55.331] Elapsed:: 0.02995920181274414ms DirectoryWatcher:: Added:: WatchInfo: /Users/joshuaying/emblem/node_modules 1 undefined Project: /dev/null/inferredProject1* WatchType: Failed Lookup Locations
Info 30   [21:08:55.564] DirectoryWatcher:: Added:: WatchInfo: /Users/joshuaying/emblem/semantic-graph/test-ts/src/node_modules/@types 1 undefined Project: /dev/null/inferredProject1* WatchType: Type roots
Info 31   [21:08:55.564] Elapsed:: 0.07262468338012695ms DirectoryWatcher:: Added:: WatchInfo: /Users/joshuaying/emblem/semantic-graph/test-ts/src/node_modules/@types 1 undefined Project: /dev/null/inferredProject1* WatchType: Type roots
Info 32   [21:08:55.564] DirectoryWatcher:: Added:: WatchInfo: /Users/joshuaying/emblem/semantic-graph/test-ts/node_modules/@types 1 undefined Project: /dev/null/inferredProject1* WatchType: Type roots
Info 33   [21:08:55.564] Elapsed:: 0.031042098999023438ms DirectoryWatcher:: Added:: WatchInfo: /Users/joshuaying/emblem/semantic-graph/test-ts/node_modules/@types 1 undefined Project: /dev/null/inferredProject1* WatchType: Type roots
Info 34   [21:08:55.564] DirectoryWatcher:: Added:: WatchInfo: /Users/joshuaying/emblem/semantic-graph/node_modules/@types 1 undefined Project: /dev/null/inferredProject1* WatchType: Type roots
Info 35   [21:08:55.565] Elapsed:: 0.14241695404052734ms DirectoryWatcher:: Added:: WatchInfo: /Users/joshuaying/emblem/semantic-graph/node_modules/@types 1 undefined Project: /dev/null/inferredProject1* WatchType: Type roots
Info 36   [21:08:55.565] DirectoryWatcher:: Added:: WatchInfo: /Users/joshuaying/emblem/node_modules/@types 1 undefined Project: /dev/null/inferredProject1* WatchType: Type roots
Info 37   [21:08:55.565] Elapsed:: 0.08150005340576172ms DirectoryWatcher:: Added:: WatchInfo: /Users/joshuaying/emblem/node_modules/@types 1 undefined Project: /dev/null/inferredProject1* WatchType: Type roots
Info 38   [21:08:55.565] Finishing updateGraphWorker: Project: /dev/null/inferredProject1* Version: 1 structureChanged: true structureIsReused:: Not Elapsed: 244.40266704559326ms
Info 39   [21:08:55.565] Project '/dev/null/inferredProject1*' (Inferred)
Info 40   [21:08:55.566] 	Files (49)
	/Users/joshuaying/emblem/semantic-graph/test-ts/node_modules/typescript/lib/lib.es5.d.ts
	/Users/joshuaying/emblem/semantic-graph/test-ts/node_modules/typescript/lib/lib.es2015.d.ts
	/Users/joshuaying/emblem/semantic-graph/test-ts/node_modules/typescript/lib/lib.es2016.d.ts
	/Users/joshuaying/emblem/semantic-graph/test-ts/node_modules/typescript/lib/lib.es2017.d.ts
	/Users/joshuaying/emblem/semantic-graph/test-ts/node_modules/typescript/lib/lib.es2018.d.ts
	/Users/joshuaying/emblem/semantic-graph/test-ts/node_modules/typescript/lib/lib.es2019.d.ts
	/Users/joshuaying/emblem/semantic-graph/test-ts/node_modules/typescript/lib/lib.es2020.d.ts
	/Users/joshuaying/emblem/semantic-graph/test-ts/node_modules/typescript/lib/lib.dom.d.ts
	/Users/joshuaying/emblem/semantic-graph/test-ts/node_modules/typescript/lib/lib.dom.iterable.d.ts
	/Users/joshuaying/emblem/semantic-graph/test-ts/node_modules/typescript/lib/lib.webworker.importscripts.d.ts
	/Users/joshuaying/emblem/semantic-graph/test-ts/node_modules/typescript/lib/lib.scripthost.d.ts
	/Users/joshuaying/emblem/semantic-graph/test-ts/node_modules/typescript/lib/lib.es2015.core.d.ts
	/Users/joshuaying/emblem/semantic-graph/test-ts/node_modules/typescript/lib/lib.es2015.collection.d.ts
	/Users/joshuaying/emblem/semantic-graph/test-ts/node_modules/typescript/lib/lib.es2015.generator.d.ts
	/Users/joshuaying/emblem/semantic-graph/test-ts/node_modules/typescript/lib/lib.es2015.iterable.d.ts
	/Users/joshuaying/emblem/semantic-graph/test-ts/node_modules/typescript/lib/lib.es2015.promise.d.ts
	/Users/joshuaying/emblem/semantic-graph/test-ts/node_modules/typescript/lib/lib.es2015.proxy.d.ts
	/Users/joshuaying/emblem/semantic-graph/test-ts/node_modules/typescript/lib/lib.es2015.reflect.d.ts
	/Users/joshuaying/emblem/semantic-graph/test-ts/node_modules/typescript/lib/lib.es2015.symbol.d.ts
	/Users/joshuaying/emblem/semantic-graph/test-ts/node_modules/typescript/lib/lib.es2015.symbol.wellknown.d.ts
	/Users/joshuaying/emblem/semantic-graph/test-ts/node_modules/typescript/lib/lib.es2016.array.include.d.ts
	/Users/joshuaying/emblem/semantic-graph/test-ts/node_modules/typescript/lib/lib.es2017.date.d.ts
	/Users/joshuaying/emblem/semantic-graph/test-ts/node_modules/typescript/lib/lib.es2017.object.d.ts
	/Users/joshuaying/emblem/semantic-graph/test-ts/node_modules/typescript/lib/lib.es2017.sharedmemory.d.ts
	/Users/joshuaying/emblem/semantic-graph/test-ts/node_modules/typescript/lib/lib.es2017.string.d.ts
	/Users/joshuaying/emblem/semantic-graph/test-ts/node_modules/typescript/lib/lib.es2017.intl.d.ts
	/Users/joshuaying/emblem/semantic-graph/test-ts/node_modules/typescript/lib/lib.es2017.typedarrays.d.ts
	/Users/joshuaying/emblem/semantic-graph/test-ts/node_modules/typescript/lib/lib.es2018.asyncgenerator.d.ts
	/Users/joshuaying/emblem/semantic-graph/test-ts/node_modules/typescript/lib/lib.es2018.asynciterable.d.ts
	/Users/joshuaying/emblem/semantic-graph/test-ts/node_modules/typescript/lib/lib.es2018.intl.d.ts
	/Users/joshuaying/emblem/semantic-graph/test-ts/node_modules/typescript/lib/lib.es2018.promise.d.ts
	/Users/joshuaying/emblem/semantic-graph/test-ts/node_modules/typescript/lib/lib.es2018.regexp.d.ts
	/Users/joshuaying/emblem/semantic-graph/test-ts/node_modules/typescript/lib/lib.es2019.array.d.ts
	/Users/joshuaying/emblem/semantic-graph/test-ts/node_modules/typescript/lib/lib.es2019.object.d.ts
	/Users/joshuaying/emblem/semantic-graph/test-ts/node_modules/typescript/lib/lib.es2019.string.d.ts
	/Users/joshuaying/emblem/semantic-graph/test-ts/node_modules/typescript/lib/lib.es2019.symbol.d.ts
	/Users/joshuaying/emblem/semantic-graph/test-ts/node_modules/typescript/lib/lib.es2019.intl.d.ts
	/Users/joshuaying/emblem/semantic-graph/test-ts/node_modules/typescript/lib/lib.es2020.bigint.d.ts
	/Users/joshuaying/emblem/semantic-graph/test-ts/node_modules/typescript/lib/lib.es2020.date.d.ts
	/Users/joshuaying/emblem/semantic-graph/test-ts/node_modules/typescript/lib/lib.es2020.promise.d.ts
	/Users/joshuaying/emblem/semantic-graph/test-ts/node_modules/typescript/lib/lib.es2020.sharedmemory.d.ts
	/Users/joshuaying/emblem/semantic-graph/test-ts/node_modules/typescript/lib/lib.es2020.string.d.ts
	/Users/joshuaying/emblem/semantic-graph/test-ts/node_modules/typescript/lib/lib.es2020.symbol.wellknown.d.ts
	/Users/joshuaying/emblem/semantic-graph/test-ts/node_modules/typescript/lib/lib.es2020.intl.d.ts
	/Users/joshuaying/emblem/semantic-graph/test-ts/node_modules/typescript/lib/lib.es2020.number.d.ts
	/Users/joshuaying/emblem/semantic-graph/test-ts/node_modules/typescript/lib/lib.decorators.d.ts
	/Users/joshuaying/emblem/semantic-graph/test-ts/node_modules/typescript/lib/lib.decorators.legacy.d.ts
	/Users/joshuaying/emblem/semantic-graph/test-ts/node_modules/typescript/lib/lib.es2020.full.d.ts
	/Users/joshuaying/emblem/semantic-graph/test-ts/src/index.ts


	../node_modules/typescript/lib/lib.es5.d.ts
	  Library referenced via 'es5' from file '../node_modules/typescript/lib/lib.es2015.d.ts'
	../node_modules/typescript/lib/lib.es2015.d.ts
	  Library referenced via 'es2015' from file '../node_modules/typescript/lib/lib.es2016.d.ts'
	../node_modules/typescript/lib/lib.es2016.d.ts
	  Library referenced via 'es2016' from file '../node_modules/typescript/lib/lib.es2017.d.ts'
	../node_modules/typescript/lib/lib.es2017.d.ts
	  Library referenced via 'es2017' from file '../node_modules/typescript/lib/lib.es2018.d.ts'
	../node_modules/typescript/lib/lib.es2018.d.ts
	  Library referenced via 'es2018' from file '../node_modules/typescript/lib/lib.es2019.d.ts'
	../node_modules/typescript/lib/lib.es2019.d.ts
	  Library referenced via 'es2019' from file '../node_modules/typescript/lib/lib.es2020.d.ts'
	../node_modules/typescript/lib/lib.es2020.d.ts
	  Library referenced via 'es2020' from file '../node_modules/typescript/lib/lib.es2020.full.d.ts'
	../node_modules/typescript/lib/lib.dom.d.ts
	  Library referenced via 'dom' from file '../node_modules/typescript/lib/lib.es2020.full.d.ts'
	../node_modules/typescript/lib/lib.dom.iterable.d.ts
	  Library referenced via 'dom.iterable' from file '../node_modules/typescript/lib/lib.es2020.full.d.ts'
	../node_modules/typescript/lib/lib.webworker.importscripts.d.ts
	  Library referenced via 'webworker.importscripts' from file '../node_modules/typescript/lib/lib.es2020.full.d.ts'
	../node_modules/typescript/lib/lib.scripthost.d.ts
	  Library referenced via 'scripthost' from file '../node_modules/typescript/lib/lib.es2020.full.d.ts'
	../node_modules/typescript/lib/lib.es2015.core.d.ts
	  Library referenced via 'es2015.core' from file '../node_modules/typescript/lib/lib.es2015.d.ts'
	../node_modules/typescript/lib/lib.es2015.collection.d.ts
	  Library referenced via 'es2015.collection' from file '../node_modules/typescript/lib/lib.es2015.d.ts'
	../node_modules/typescript/lib/lib.es2015.generator.d.ts
	  Library referenced via 'es2015.generator' from file '../node_modules/typescript/lib/lib.es2015.d.ts'
	../node_modules/typescript/lib/lib.es2015.iterable.d.ts
	  Library referenced via 'es2015.iterable' from file '../node_modules/typescript/lib/lib.es2015.d.ts'
	  Library referenced via 'es2015.iterable' from file '../node_modules/typescript/lib/lib.es2015.generator.d.ts'
	  Library referenced via 'es2015.iterable' from file '../node_modules/typescript/lib/lib.es2018.asynciterable.d.ts'
	  Library referenced via 'es2015.iterable' from file '../node_modules/typescript/lib/lib.es2019.object.d.ts'
	  Library referenced via 'es2015.iterable' from file '../node_modules/typescript/lib/lib.es2020.string.d.ts'
	  Library referenced via 'es2015.iterable' from file '../node_modules/typescript/lib/lib.es2020.symbol.wellknown.d.ts'
	../node_modules/typescript/lib/lib.es2015.promise.d.ts
	  Library referenced via 'es2015.promise' from file '../node_modules/typescript/lib/lib.es2015.d.ts'
	../node_modules/typescript/lib/lib.es2015.proxy.d.ts
	  Library referenced via 'es2015.proxy' from file '../node_modules/typescript/lib/lib.es2015.d.ts'
	../node_modules/typescript/lib/lib.es2015.reflect.d.ts
	  Library referenced via 'es2015.reflect' from file '../node_modules/typescript/lib/lib.es2015.d.ts'
	../node_modules/typescript/lib/lib.es2015.symbol.d.ts
	  Library referenced via 'es2015.symbol' from file '../node_modules/typescript/lib/lib.es2015.iterable.d.ts'
	  Library referenced via 'es2015.symbol' from file '../node_modules/typescript/lib/lib.es2015.d.ts'
	  Library referenced via 'es2015.symbol' from file '../node_modules/typescript/lib/lib.es2015.symbol.wellknown.d.ts'
	  Library referenced via 'es2015.symbol' from file '../node_modules/typescript/lib/lib.es2017.sharedmemory.d.ts'
	  Library referenced via 'es2015.symbol' from file '../node_modules/typescript/lib/lib.es2018.asynciterable.d.ts'
	  Library referenced via 'es2015.symbol' from file '../node_modules/typescript/lib/lib.es2020.symbol.wellknown.d.ts'
	../node_modules/typescript/lib/lib.es2015.symbol.wellknown.d.ts
	  Library referenced via 'es2015.symbol.wellknown' from file '../node_modules/typescript/lib/lib.es2015.d.ts'
	  Library referenced via 'es2015.symbol.wellknown' from file '../node_modules/typescript/lib/lib.es2017.sharedmemory.d.ts'
	../node_modules/typescript/lib/lib.es2016.array.include.d.ts
	  Library referenced via 'es2016.array.include' from file '../node_modules/typescript/lib/lib.es2016.d.ts'
	../node_modules/typescript/lib/lib.es2017.date.d.ts
	  Library referenced via 'es2017.date' from file '../node_modules/typescript/lib/lib.es2017.d.ts'
	../node_modules/typescript/lib/lib.es2017.object.d.ts
	  Library referenced via 'es2017.object' from file '../node_modules/typescript/lib/lib.es2017.d.ts'
	../node_modules/typescript/lib/lib.es2017.sharedmemory.d.ts
	  Library referenced via 'es2017.sharedmemory' from file '../node_modules/typescript/lib/lib.es2017.d.ts'
	../node_modules/typescript/lib/lib.es2017.string.d.ts
	  Library referenced via 'es2017.string' from file '../node_modules/typescript/lib/lib.es2017.d.ts'
	../node_modules/typescript/lib/lib.es2017.intl.d.ts
	  Library referenced via 'es2017.intl' from file '../node_modules/typescript/lib/lib.es2017.d.ts'
	../node_modules/typescript/lib/lib.es2017.typedarrays.d.ts
	  Library referenced via 'es2017.typedarrays' from file '../node_modules/typescript/lib/lib.es2017.d.ts'
	../node_modules/typescript/lib/lib.es2018.asyncgenerator.d.ts
	  Library referenced via 'es2018.asyncgenerator' from file '../node_modules/typescript/lib/lib.es2018.d.ts'
	../node_modules/typescript/lib/lib.es2018.asynciterable.d.ts
	  Library referenced via 'es2018.asynciterable' from file '../node_modules/typescript/lib/lib.es2018.d.ts'
	  Library referenced via 'es2018.asynciterable' from file '../node_modules/typescript/lib/lib.es2018.asyncgenerator.d.ts'
	../node_modules/typescript/lib/lib.es2018.intl.d.ts
	  Library referenced via 'es2018.intl' from file '../node_modules/typescript/lib/lib.es2018.d.ts'
	  Library referenced via 'es2018.intl' from file '../node_modules/typescript/lib/lib.es2020.intl.d.ts'
	../node_modules/typescript/lib/lib.es2018.promise.d.ts
	  Library referenced via 'es2018.promise' from file '../node_modules/typescript/lib/lib.es2018.d.ts'
	../node_modules/typescript/lib/lib.es2018.regexp.d.ts
	  Library referenced via 'es2018.regexp' from file '../node_modules/typescript/lib/lib.es2018.d.ts'
	../node_modules/typescript/lib/lib.es2019.array.d.ts
	  Library referenced via 'es2019.array' from file '../node_modules/typescript/lib/lib.es2019.d.ts'
	../node_modules/typescript/lib/lib.es2019.object.d.ts
	  Library referenced via 'es2019.object' from file '../node_modules/typescript/lib/lib.es2019.d.ts'
	../node_modules/typescript/lib/lib.es2019.string.d.ts
	  Library referenced via 'es2019.string' from file '../node_modules/typescript/lib/lib.es2019.d.ts'
	../node_modules/typescript/lib/lib.es2019.symbol.d.ts
	  Library referenced via 'es2019.symbol' from file '../node_modules/typescript/lib/lib.es2019.d.ts'
	../node_modules/typescript/lib/lib.es2019.intl.d.ts
	  Library referenced via 'es2019.intl' from file '../node_modules/typescript/lib/lib.es2019.d.ts'
	../node_modules/typescript/lib/lib.es2020.bigint.d.ts
	  Library referenced via 'es2020.bigint' from file '../node_modules/typescript/lib/lib.es2020.d.ts'
	../node_modules/typescript/lib/lib.es2020.date.d.ts
	  Library referenced via 'es2020.date' from file '../node_modules/typescript/lib/lib.es2020.d.ts'
	../node_modules/typescript/lib/lib.es2020.promise.d.ts
	  Library referenced via 'es2020.promise' from file '../node_modules/typescript/lib/lib.es2020.d.ts'
	../node_modules/typescript/lib/lib.es2020.sharedmemory.d.ts
	  Library referenced via 'es2020.sharedmemory' from file '../node_modules/typescript/lib/lib.es2020.d.ts'
	../node_modules/typescript/lib/lib.es2020.string.d.ts
	  Library referenced via 'es2020.string' from file '../node_modules/typescript/lib/lib.es2020.d.ts'
	../node_modules/typescript/lib/lib.es2020.symbol.wellknown.d.ts
	  Library referenced via 'es2020.symbol.wellknown' from file '../node_modules/typescript/lib/lib.es2020.d.ts'
	../node_modules/typescript/lib/lib.es2020.intl.d.ts
	  Library referenced via 'es2020.intl' from file '../node_modules/typescript/lib/lib.es2020.bigint.d.ts'
	  Library referenced via 'es2020.intl' from file '../node_modules/typescript/lib/lib.es2020.date.d.ts'
	  Library referenced via 'es2020.intl' from file '../node_modules/typescript/lib/lib.es2020.number.d.ts'
	  Library referenced via 'es2020.intl' from file '../node_modules/typescript/lib/lib.es2020.d.ts'
	../node_modules/typescript/lib/lib.es2020.number.d.ts
	  Library referenced via 'es2020.number' from file '../node_modules/typescript/lib/lib.es2020.d.ts'
	../node_modules/typescript/lib/lib.decorators.d.ts
	  Library referenced via 'decorators' from file '../node_modules/typescript/lib/lib.es5.d.ts'
	../node_modules/typescript/lib/lib.decorators.legacy.d.ts
	  Library referenced via 'decorators.legacy' from file '../node_modules/typescript/lib/lib.es5.d.ts'
	../node_modules/typescript/lib/lib.es2020.full.d.ts
	  Default library for target 'es2020'
	index.ts
	  Root file specified for compilation

Info 41   [21:08:55.567] -----------------------------------------------
Info 42   [21:08:55.569] FileWatcher:: Added:: WatchInfo: /users/joshuaying/emblem/semantic-graph/test-ts/package.json 250 undefined WatchType: package.json file
Info 43   [21:08:55.569] Project '/dev/null/inferredProject1*' (Inferred)
Info 43   [21:08:55.569] 	Files (49)

Info 43   [21:08:55.569] -----------------------------------------------
Info 43   [21:08:55.569] Open files: 
Info 43   [21:08:55.569] 	FileName: /Users/joshuaying/emblem/semantic-graph/test-ts/src/index.ts ProjectRootPath: /Users/joshuaying/emblem/semantic-graph/test-ts/src
Info 43   [21:08:55.569] 		Projects: /dev/null/inferredProject1*
Perf 43   [21:08:55.569] 2::open: async elapsed time (in milliseconds) 256.6030
Info 44   [21:08:55.570] request:
    {
      "seq": 3,
      "type": "request",
      "command": "geterr",
      "arguments": {
        "delay": 0,
        "files": [
          "/Users/joshuaying/emblem/semantic-graph/test-ts/src/index.ts"
        ]
      }
    }
Perf 45   [21:08:55.570] 3::geterr: async elapsed time (in milliseconds) 0.3905
Info 46   [21:08:55.573] event:
    {"seq":0,"type":"event","event":"syntaxDiag","body":{"file":"/Users/joshuaying/emblem/semantic-graph/test-ts/src/index.ts","diagnostics":[]}}
Info 47   [21:08:55.580] event:
    {"seq":0,"type":"event","event":"semanticDiag","body":{"file":"/Users/joshuaying/emblem/semantic-graph/test-ts/src/index.ts","diagnostics":[]}}
Info 48   [21:08:55.580] event:
    {"seq":0,"type":"event","event":"suggestionDiag","body":{"file":"/Users/joshuaying/emblem/semantic-graph/test-ts/src/index.ts","diagnostics":[]}}
Info 49   [21:08:55.581] event:
    {"seq":0,"type":"event","event":"requestCompleted","body":{"request_seq":3}}
