Info 0    [19:31:57.969] Starting TS Server
Info 1    [19:31:57.970] Version: 5.2.2
Info 2    [19:31:57.970] Arguments: /usr/local/bin/node /Users/joshuaying/emblem/semantic-graph/test-ts/node_modules/typescript/lib/tsserver.js --serverMode partialSemantic --useInferredProjectPerProjectRoot --disableAutomaticTypingAcquisition --cancellationPipeName /private/var/folders/1k/1hld73x1599dxmy2mtdx1jg00000gn/T/cba773c0e65ebc0738296e3926f3f965/tscancellation* --logVerbosity verbose --logFile /Users/joshuaying/emblem/semantic-graph/test-ts/src/.log/tsserver-log-qQ5lLK/tsserver.log --locale en --validateDefaultNpmLocation --useNodeIpc
Info 3    [19:31:57.970] Platform: darwin NodeVersion: v19.6.0 CaseSensitive: false
Info 4    [19:31:57.970] ServerMode: 1 hasUnknownServerMode: undefined
Info 5    [19:31:57.974] request:
    {
      "seq": 0,
      "type": "request",
      "command": "configure",
      "arguments": {
        "formatOptions": {
          "newLineCharacter": "\n"
        },
        "preferences": {
          "allowIncompleteCompletions": true,
          "allowRenameOfImportPath": true,
          "allowTextChangesInNewFiles": true,
          "disableLineTextInReferences": true,
          "disableSuggestions": false,
          "displayPartsForJSDoc": true,
          "generateReturnInDocTemplate": true,
          "importModuleSpecifierEnding": "auto",
          "importModuleSpecifierPreference": "shortest",
          "includeAutomaticOptionalChainCompletions": true,
          "includeCompletionsForImportStatements": true,
          "includeCompletionsForModuleExports": true,
          "includeCompletionsWithClassMemberSnippets": true,
          "includeCompletionsWithInsertText": true,
          "includeCompletionsWithObjectLiteralMethodSnippets": true,
          "includeCompletionsWithSnippetText": true,
          "includeInlayEnumMemberValueHints": false,
          "includeInlayFunctionLikeReturnTypeHints": false,
          "includeInlayFunctionParameterTypeHints": false,
          "includeInlayParameterNameHints": "none",
          "includeInlayParameterNameHintsWhenArgumentMatchesName": false,
          "includeInlayPropertyDeclarationTypeHints": false,
          "includeInlayVariableTypeHints": false,
          "includeInlayVariableTypeHintsWhenTypeMatchesName": false,
          "includePackageJsonAutoImports": "auto",
          "jsxAttributeCompletionStyle": "auto",
          "lazyConfiguredProjectsFromExternalProject": false,
          "organizeImportsAccentCollation": true,
          "organizeImportsCaseFirst": false,
          "organizeImportsCollation": "ordinal",
          "organizeImportsCollationLocale": "en",
          "organizeImportsIgnoreCase": "auto",
          "organizeImportsNumericCollation": false,
          "providePrefixAndSuffixTextForRename": true,
          "provideRefactorNotApplicableReason": true,
          "quotePreference": "auto"
        }
      }
    }
Info 6    [19:31:57.974] Format host information updated
Info 7    [19:31:57.975] response:
    {"seq":0,"type":"response","command":"configure","request_seq":0,"success":true}
Perf 8    [19:31:57.975] 0::configure: async elapsed time (in milliseconds) 0.5540
Info 9    [19:31:57.976] request:
    {
      "seq": 1,
      "type": "request",
      "command": "open",
      "arguments": {
        "file": "/Users/joshuaying/emblem/semantic-graph/test-ts/src/sequence-generator.ts",
        "fileContent": "// abstract class SequenceGenerator<T> {\n//     combiner: Combiner<T>;\n//     windowSize: number;\n//     generationLength: number;\n\n//     constructor(windowSize: number, generationLength: number, combiner: Combiner<T>) {\n//         this.windowSize = windowSize;\n//         this.generationLength = generationLength;\n//         this.combiner = combiner;\n//     }\n\n//     generateSequence(): T[] {\n//         var sequence = this.getStartingSequence();\n//         for (var i = 0; i < this.generationLength; i++) {\n//             const latest_window = sequence.slice(sequence.length - this.windowSize);\n//             sequence.push(this.combiner.combine(latest_window))\n//         }\n//         return sequence;\n//     }\n\n//     abstract getStartingSequence(): T[];\n// }\n\n\n// interface Combiner<T> {\n//     combine(l: T[]): T\n// }\n\n// class NumberAdder implements Combiner<number> {\n//     combine(l: number[]): number {\n//         return l.reduce((prev, curr) => prev + curr)\n//     }\n// }\n\n// class ConcreteSequenceGenerator extends SequenceGenerator<number> {\n//     constructor(generationLength: number) {\n//         super(2, generationLength, new NumberAdder());\n//     }\n\n//     getStartingSequence(): number[] {\n//         return [0, 1];\n//     }\n// }\n\n// function main() {\n//     console.log((new ConcreteSequenceGenerator(10)).generateSequence());\n// }\n\n// main();",
        "scriptKindName": "TS",
        "projectRootPath": "/Users/joshuaying/emblem/semantic-graph/test-ts/src"
      }
    }
Info 10   [19:31:57.978] Starting updateGraphWorker: Project: /dev/null/inferredProject1*
Info 11   [19:31:58.178] Finishing updateGraphWorker: Project: /dev/null/inferredProject1* Version: 1 structureChanged: true structureIsReused:: Not Elapsed: 200.08550024032593ms
Info 12   [19:31:58.178] Project '/dev/null/inferredProject1*' (Inferred)
Info 13   [19:31:58.179] 	Files (8)
	/Users/joshuaying/emblem/semantic-graph/test-ts/node_modules/typescript/lib/lib.d.ts
	/Users/joshuaying/emblem/semantic-graph/test-ts/node_modules/typescript/lib/lib.es5.d.ts
	/Users/joshuaying/emblem/semantic-graph/test-ts/node_modules/typescript/lib/lib.dom.d.ts
	/Users/joshuaying/emblem/semantic-graph/test-ts/node_modules/typescript/lib/lib.webworker.importscripts.d.ts
	/Users/joshuaying/emblem/semantic-graph/test-ts/node_modules/typescript/lib/lib.scripthost.d.ts
	/Users/joshuaying/emblem/semantic-graph/test-ts/node_modules/typescript/lib/lib.decorators.d.ts
	/Users/joshuaying/emblem/semantic-graph/test-ts/node_modules/typescript/lib/lib.decorators.legacy.d.ts
	/Users/joshuaying/emblem/semantic-graph/test-ts/src/sequence-generator.ts


	../node_modules/typescript/lib/lib.d.ts
	  Default library for target 'es5'
	../node_modules/typescript/lib/lib.es5.d.ts
	  Library referenced via 'es5' from file '../node_modules/typescript/lib/lib.d.ts'
	../node_modules/typescript/lib/lib.dom.d.ts
	  Library referenced via 'dom' from file '../node_modules/typescript/lib/lib.d.ts'
	../node_modules/typescript/lib/lib.webworker.importscripts.d.ts
	  Library referenced via 'webworker.importscripts' from file '../node_modules/typescript/lib/lib.d.ts'
	../node_modules/typescript/lib/lib.scripthost.d.ts
	  Library referenced via 'scripthost' from file '../node_modules/typescript/lib/lib.d.ts'
	../node_modules/typescript/lib/lib.decorators.d.ts
	  Library referenced via 'decorators' from file '../node_modules/typescript/lib/lib.es5.d.ts'
	../node_modules/typescript/lib/lib.decorators.legacy.d.ts
	  Library referenced via 'decorators.legacy' from file '../node_modules/typescript/lib/lib.es5.d.ts'
	sequence-generator.ts
	  Root file specified for compilation

Info 14   [19:31:58.179] -----------------------------------------------
Info 15   [19:31:58.179] Project '/dev/null/inferredProject1*' (Inferred)
Info 15   [19:31:58.179] 	Files (8)

Info 15   [19:31:58.179] -----------------------------------------------
Info 15   [19:31:58.179] Open files: 
Info 15   [19:31:58.179] 	FileName: /Users/joshuaying/emblem/semantic-graph/test-ts/src/sequence-generator.ts ProjectRootPath: /Users/joshuaying/emblem/semantic-graph/test-ts/src
Info 15   [19:31:58.179] 		Projects: /dev/null/inferredProject1*
Perf 15   [19:31:58.179] 1::open: async elapsed time (in milliseconds) 203.4877
Info 16   [19:31:58.179] request:
    {
      "seq": 2,
      "type": "request",
      "command": "open",
      "arguments": {
        "file": "/Users/joshuaying/emblem/semantic-graph/test-ts/src/index.ts",
        "fileContent": "// // demonstrating why we need to bubble up from child to parent\n// type WrappedType = number | void;\n\n// type WrapperType = {\n//   a: string,\n//   b: WrappedType\n// }\n\n// function f() {\n//   const x: WrapperType = {\n//     a: 'hello',\n//     b: 5\n//   }\n\n//   console.log(x.b);\n// }\n\n// interface I {\n//   m(): string;\n// }\n\n// class C implements I {\n//   m() {\n//     return \"hello\";\n//   }\n// }\n\n\n\n/*\n// Tests for LSP idiosyncracy where subclass overriding / implementation methods are referencedBy the superclass method/field.\n// method1 should NOT referenceInDefinition B.method2 (only A.method2)\nabstract class A {\n  method1() {\n    this.method2()\n  }\n  abstract method2();\n}\n\nclass B extends A {\n  method2() {}\n}\n*/\n\n\n\n/*\n// Tests for bubbling children's referenceInDefinition up to parents.\n// A should referenceInDefinition B.\nfunction B() {}\n\nclass A {\n  m1() {\n    B()\n  }\n}\n*/\n\n// class A {\n//   b: B\n// }\n\n// class B {\n//   a: A\n//   constructor(a: A) {\n//     this.a = a;\n//     this.a.b = this;\n//   }\n// }\n\n// console.log(new B(new A()));",
        "scriptKindName": "TS",
        "projectRootPath": "/Users/joshuaying/emblem/semantic-graph/test-ts/src"
      }
    }
Info 17   [19:31:58.179] Starting updateGraphWorker: Project: /dev/null/inferredProject1*
Info 18   [19:31:58.181] Finishing updateGraphWorker: Project: /dev/null/inferredProject1* Version: 2 structureChanged: true structureIsReused:: Not Elapsed: 1.9683327674865723ms
Info 19   [19:31:58.181] Project '/dev/null/inferredProject1*' (Inferred)
Info 20   [19:31:58.182] 	Files (9)
	/Users/joshuaying/emblem/semantic-graph/test-ts/node_modules/typescript/lib/lib.d.ts
	/Users/joshuaying/emblem/semantic-graph/test-ts/node_modules/typescript/lib/lib.es5.d.ts
	/Users/joshuaying/emblem/semantic-graph/test-ts/node_modules/typescript/lib/lib.dom.d.ts
	/Users/joshuaying/emblem/semantic-graph/test-ts/node_modules/typescript/lib/lib.webworker.importscripts.d.ts
	/Users/joshuaying/emblem/semantic-graph/test-ts/node_modules/typescript/lib/lib.scripthost.d.ts
	/Users/joshuaying/emblem/semantic-graph/test-ts/node_modules/typescript/lib/lib.decorators.d.ts
	/Users/joshuaying/emblem/semantic-graph/test-ts/node_modules/typescript/lib/lib.decorators.legacy.d.ts
	/Users/joshuaying/emblem/semantic-graph/test-ts/src/sequence-generator.ts
	/Users/joshuaying/emblem/semantic-graph/test-ts/src/index.ts


	../node_modules/typescript/lib/lib.d.ts
	  Default library for target 'es5'
	../node_modules/typescript/lib/lib.es5.d.ts
	  Library referenced via 'es5' from file '../node_modules/typescript/lib/lib.d.ts'
	../node_modules/typescript/lib/lib.dom.d.ts
	  Library referenced via 'dom' from file '../node_modules/typescript/lib/lib.d.ts'
	../node_modules/typescript/lib/lib.webworker.importscripts.d.ts
	  Library referenced via 'webworker.importscripts' from file '../node_modules/typescript/lib/lib.d.ts'
	../node_modules/typescript/lib/lib.scripthost.d.ts
	  Library referenced via 'scripthost' from file '../node_modules/typescript/lib/lib.d.ts'
	../node_modules/typescript/lib/lib.decorators.d.ts
	  Library referenced via 'decorators' from file '../node_modules/typescript/lib/lib.es5.d.ts'
	../node_modules/typescript/lib/lib.decorators.legacy.d.ts
	  Library referenced via 'decorators.legacy' from file '../node_modules/typescript/lib/lib.es5.d.ts'
	sequence-generator.ts
	  Root file specified for compilation
	index.ts
	  Root file specified for compilation

Info 21   [19:31:58.182] -----------------------------------------------
Info 22   [19:31:58.182] Project '/dev/null/inferredProject1*' (Inferred)
Info 22   [19:31:58.182] 	Files (9)

Info 22   [19:31:58.182] -----------------------------------------------
Info 22   [19:31:58.182] Open files: 
Info 22   [19:31:58.182] 	FileName: /Users/joshuaying/emblem/semantic-graph/test-ts/src/sequence-generator.ts ProjectRootPath: /Users/joshuaying/emblem/semantic-graph/test-ts/src
Info 22   [19:31:58.182] 		Projects: /dev/null/inferredProject1*
Info 22   [19:31:58.182] 	FileName: /Users/joshuaying/emblem/semantic-graph/test-ts/src/index.ts ProjectRootPath: /Users/joshuaying/emblem/semantic-graph/test-ts/src
Info 22   [19:31:58.182] 		Projects: /dev/null/inferredProject1*
Perf 22   [19:31:58.182] 2::open: async elapsed time (in milliseconds) 2.5373
Info 23   [19:31:58.182] request:
    {
      "seq": 3,
      "type": "request",
      "command": "open",
      "arguments": {
        "file": "/Users/joshuaying/emblem/semantic-graph/test-ts/src/bfs-test.ts",
        "fileContent": "class A {\n    aField: number\n    constructor() {\n        this.aField = 3\n    }\n    M() {\n        const b = new B();\n        b.C();\n        b.bField2;\n        this.aField;\n    }\n}\n\nclass B {\n    bField: number\n    bField2: number\n    bField3: number\n    constructor() {\n        this.bField = 4;\n        this.bField2 = 6;\n        this.bField3 = 8;\n    }\n\n    C() {\n        this.bField;\n    }\n\n    D() {\n\n    }\n}",
        "scriptKindName": "TS",
        "projectRootPath": "/Users/joshuaying/emblem/semantic-graph/test-ts/src"
      }
    }
Info 24   [19:31:58.182] Starting updateGraphWorker: Project: /dev/null/inferredProject1*
Info 25   [19:31:58.185] Finishing updateGraphWorker: Project: /dev/null/inferredProject1* Version: 3 structureChanged: true structureIsReused:: Not Elapsed: 3.3217086791992188ms
Info 26   [19:31:58.185] Project '/dev/null/inferredProject1*' (Inferred)
Info 27   [19:31:58.185] 	Files (10)
	/Users/joshuaying/emblem/semantic-graph/test-ts/node_modules/typescript/lib/lib.d.ts
	/Users/joshuaying/emblem/semantic-graph/test-ts/node_modules/typescript/lib/lib.es5.d.ts
	/Users/joshuaying/emblem/semantic-graph/test-ts/node_modules/typescript/lib/lib.dom.d.ts
	/Users/joshuaying/emblem/semantic-graph/test-ts/node_modules/typescript/lib/lib.webworker.importscripts.d.ts
	/Users/joshuaying/emblem/semantic-graph/test-ts/node_modules/typescript/lib/lib.scripthost.d.ts
	/Users/joshuaying/emblem/semantic-graph/test-ts/node_modules/typescript/lib/lib.decorators.d.ts
	/Users/joshuaying/emblem/semantic-graph/test-ts/node_modules/typescript/lib/lib.decorators.legacy.d.ts
	/Users/joshuaying/emblem/semantic-graph/test-ts/src/sequence-generator.ts
	/Users/joshuaying/emblem/semantic-graph/test-ts/src/index.ts
	/Users/joshuaying/emblem/semantic-graph/test-ts/src/bfs-test.ts


	../node_modules/typescript/lib/lib.d.ts
	  Default library for target 'es5'
	../node_modules/typescript/lib/lib.es5.d.ts
	  Library referenced via 'es5' from file '../node_modules/typescript/lib/lib.d.ts'
	../node_modules/typescript/lib/lib.dom.d.ts
	  Library referenced via 'dom' from file '../node_modules/typescript/lib/lib.d.ts'
	../node_modules/typescript/lib/lib.webworker.importscripts.d.ts
	  Library referenced via 'webworker.importscripts' from file '../node_modules/typescript/lib/lib.d.ts'
	../node_modules/typescript/lib/lib.scripthost.d.ts
	  Library referenced via 'scripthost' from file '../node_modules/typescript/lib/lib.d.ts'
	../node_modules/typescript/lib/lib.decorators.d.ts
	  Library referenced via 'decorators' from file '../node_modules/typescript/lib/lib.es5.d.ts'
	../node_modules/typescript/lib/lib.decorators.legacy.d.ts
	  Library referenced via 'decorators.legacy' from file '../node_modules/typescript/lib/lib.es5.d.ts'
	sequence-generator.ts
	  Root file specified for compilation
	index.ts
	  Root file specified for compilation
	bfs-test.ts
	  Root file specified for compilation

Info 28   [19:31:58.185] -----------------------------------------------
Info 29   [19:31:58.186] Project '/dev/null/inferredProject1*' (Inferred)
Info 29   [19:31:58.186] 	Files (10)

Info 29   [19:31:58.186] -----------------------------------------------
Info 29   [19:31:58.186] Open files: 
Info 29   [19:31:58.186] 	FileName: /Users/joshuaying/emblem/semantic-graph/test-ts/src/sequence-generator.ts ProjectRootPath: /Users/joshuaying/emblem/semantic-graph/test-ts/src
Info 29   [19:31:58.186] 		Projects: /dev/null/inferredProject1*
Info 29   [19:31:58.186] 	FileName: /Users/joshuaying/emblem/semantic-graph/test-ts/src/index.ts ProjectRootPath: /Users/joshuaying/emblem/semantic-graph/test-ts/src
Info 29   [19:31:58.186] 		Projects: /dev/null/inferredProject1*
Info 29   [19:31:58.186] 	FileName: /Users/joshuaying/emblem/semantic-graph/test-ts/src/bfs-test.ts ProjectRootPath: /Users/joshuaying/emblem/semantic-graph/test-ts/src
Info 29   [19:31:58.186] 		Projects: /dev/null/inferredProject1*
Perf 29   [19:31:58.186] 3::open: async elapsed time (in milliseconds) 3.8982
Info 30   [19:31:58.186] request:
    {
      "seq": 4,
      "type": "request",
      "command": "navtree",
      "arguments": {
        "file": "/Users/joshuaying/emblem/semantic-graph/test-ts/src/sequence-generator.ts"
      }
    }
Perf 31   [19:31:58.186] 4::navtree: elapsed time (in milliseconds) 0.8469
Info 32   [19:31:58.186] response:
    {"seq":0,"type":"response","command":"navtree","request_seq":4,"success":true,"body":{"text":"<global>","kind":"script","kindModifiers":"","spans":[{"start":{"line":1,"offset":1},"end":{"line":49,"offset":11}}]}}
Info 33   [19:31:58.192] request:
    {
      "seq": 5,
      "type": "request",
      "command": "navtree",
      "arguments": {
        "file": "/Users/joshuaying/emblem/semantic-graph/test-ts/src/index.ts"
      }
    }
Perf 34   [19:31:58.192] 5::navtree: elapsed time (in milliseconds) 0.3040
Info 35   [19:31:58.192] response:
    {"seq":0,"type":"response","command":"navtree","request_seq":5,"success":true,"body":{"text":"<global>","kind":"script","kindModifiers":"","spans":[{"start":{"line":1,"offset":1},"end":{"line":71,"offset":32}}]}}
Info 36   [19:31:58.194] request:
    {
      "seq": 6,
      "type": "request",
      "command": "navtree",
      "arguments": {
        "file": "/Users/joshuaying/emblem/semantic-graph/test-ts/src/bfs-test.ts"
      }
    }
Perf 37   [19:31:58.204] 6::navtree: elapsed time (in milliseconds) 10.1612
Info 38   [19:31:58.204] response:
    {"seq":0,"type":"response","command":"navtree","request_seq":6,"success":true,"body":{"text":"<global>","kind":"script","kindModifiers":"","spans":[{"start":{"line":1,"offset":1},"end":{"line":31,"offset":2}}],"childItems":[{"text":"A","kind":"class","kindModifiers":"","spans":[{"start":{"line":1,"offset":1},"end":{"line":12,"offset":2}}],"nameSpan":{"start":{"line":1,"offset":7},"end":{"line":1,"offset":8}},"childItems":[{"text":"constructor","kind":"constructor","kindModifiers":"","spans":[{"start":{"line":3,"offset":5},"end":{"line":5,"offset":6}}]},{"text":"aField","kind":"property","kindModifiers":"","spans":[{"start":{"line":2,"offset":5},"end":{"line":2,"offset":19}}],"nameSpan":{"start":{"line":2,"offset":5},"end":{"line":2,"offset":11}}},{"text":"M","kind":"method","kindModifiers":"","spans":[{"start":{"line":6,"offset":5},"end":{"line":11,"offset":6}}],"nameSpan":{"start":{"line":6,"offset":5},"end":{"line":6,"offset":6}},"childItems":[{"text":"b","kind":"const","kindModifiers":"","spans":[{"start":{"line":7,"offset":15},"end":{"line":7,"offset":26}}],"nameSpan":{"start":{"line":7,"offset":15},"end":{"line":7,"offset":16}}}]}]},{"text":"B","kind":"class","kindModifiers":"","spans":[{"start":{"line":14,"offset":1},"end":{"line":31,"offset":2}}],"nameSpan":{"start":{"line":14,"offset":7},"end":{"line":14,"offset":8}},"childItems":[{"text":"constructor","kind":"constructor","kindModifiers":"","spans":[{"start":{"line":18,"offset":5},"end":{"line":22,"offset":6}}]},{"text":"bField","kind":"property","kindModifiers":"","spans":[{"start":{"line":15,"offset":5},"end":{"line":15,"offset":19}}],"nameSpan":{"start":{"line":15,"offset":5},"end":{"line":15,"offset":11}}},{"text":"bField2","kind":"property","kindModifiers":"","spans":[{"start":{"line":16,"offset":5},"end":{"line":16,"offset":20}}],"nameSpan":{"start":{"line":16,"offset":5},"end":{"line":16,"offset":12}}},{"text":"bField3","kind":"property","kindModifiers":"","spans":[{"start":{"line":17,"offset":5},"end":{"line":17,"offset":20}}],"nameSpan":{"start":{"line":17,"offset":5},"end":{"line":17,"offset":12}}},{"text":"C","kind":"method","kindModifiers":"","spans":[{"start":{"line":24,"offset":5},"end":{"line":26,"offset":6}}],"nameSpan":{"start":{"line":24,"offset":5},"end":{"line":24,"offset":6}}},{"text":"D","kind":"method","kindModifiers":"","spans":[{"start":{"line":28,"offset":5},"end":{"line":30,"offset":6}}],"nameSpan":{"start":{"line":28,"offset":5},"end":{"line":28,"offset":6}}}]}]}}
Info 39   [19:31:58.207] request:
    {
      "seq": 7,
      "type": "request",
      "command": "references",
      "arguments": {
        "file": "/Users/joshuaying/emblem/semantic-graph/test-ts/src/bfs-test.ts",
        "line": 1,
        "offset": 1
      }
    }
Info 40   [19:31:58.211] Finding references to /Users/joshuaying/emblem/semantic-graph/test-ts/src/bfs-test.ts position 0 in project /dev/null/inferredProject1*
Perf 41   [19:31:58.237] 7::references: elapsed time (in milliseconds) 30.1191
Info 42   [19:31:58.237] response:
    {"seq":0,"type":"response","command":"references","request_seq":7,"success":true,"body":{"refs":[{"file":"/Users/joshuaying/emblem/semantic-graph/test-ts/src/bfs-test.ts","start":{"line":1,"offset":7},"end":{"line":1,"offset":8},"contextStart":{"line":1,"offset":1},"contextEnd":{"line":12,"offset":2},"isWriteAccess":true,"isDefinition":true}],"symbolName":"class","symbolStartOffset":1,"symbolDisplayString":"class A"}}
Info 43   [19:31:58.239] request:
    {
      "seq": 8,
      "type": "request",
      "command": "references",
      "arguments": {
        "file": "/Users/joshuaying/emblem/semantic-graph/test-ts/src/bfs-test.ts",
        "line": 2,
        "offset": 5
      }
    }
Info 44   [19:31:58.239] Finding references to /Users/joshuaying/emblem/semantic-graph/test-ts/src/bfs-test.ts position 14 in project /dev/null/inferredProject1*
Perf 45   [19:31:58.244] 8::references: elapsed time (in milliseconds) 5.3409
Info 46   [19:31:58.244] response:
    {"seq":0,"type":"response","command":"references","request_seq":8,"success":true,"body":{"refs":[{"file":"/Users/joshuaying/emblem/semantic-graph/test-ts/src/bfs-test.ts","start":{"line":2,"offset":5},"end":{"line":2,"offset":11},"contextStart":{"line":2,"offset":5},"contextEnd":{"line":2,"offset":19},"isWriteAccess":false,"isDefinition":true},{"file":"/Users/joshuaying/emblem/semantic-graph/test-ts/src/bfs-test.ts","start":{"line":4,"offset":14},"end":{"line":4,"offset":20},"isWriteAccess":true,"isDefinition":false},{"file":"/Users/joshuaying/emblem/semantic-graph/test-ts/src/bfs-test.ts","start":{"line":10,"offset":14},"end":{"line":10,"offset":20},"isWriteAccess":false,"isDefinition":false}],"symbolName":"aField","symbolStartOffset":5,"symbolDisplayString":"(property) A.aField: number"}}
Info 47   [19:31:58.245] request:
    {
      "seq": 9,
      "type": "request",
      "command": "references",
      "arguments": {
        "file": "/Users/joshuaying/emblem/semantic-graph/test-ts/src/bfs-test.ts",
        "line": 3,
        "offset": 5
      }
    }
Info 48   [19:31:58.246] Finding references to /Users/joshuaying/emblem/semantic-graph/test-ts/src/bfs-test.ts position 33 in project /dev/null/inferredProject1*
Perf 49   [19:31:58.250] 9::references: elapsed time (in milliseconds) 5.0498
Info 50   [19:31:58.250] response:
    {"seq":0,"type":"response","command":"references","request_seq":9,"success":true,"body":{"refs":[{"file":"/Users/joshuaying/emblem/semantic-graph/test-ts/src/bfs-test.ts","start":{"line":3,"offset":5},"end":{"line":3,"offset":16},"contextStart":{"line":3,"offset":5},"contextEnd":{"line":5,"offset":6},"isWriteAccess":false,"isDefinition":true}],"symbolName":"constructor","symbolStartOffset":5,"symbolDisplayString":"constructor A(): A"}}
