Info 0    [21:08:55.303] Starting TS Server
Info 1    [21:08:55.304] Version: 5.2.2
Info 2    [21:08:55.304] Arguments: /usr/local/bin/node /Users/joshuaying/emblem/semantic-graph/test-ts/node_modules/typescript/lib/tsserver.js --serverMode partialSemantic --useInferredProjectPerProjectRoot --disableAutomaticTypingAcquisition --cancellationPipeName /private/var/folders/1k/1hld73x1599dxmy2mtdx1jg00000gn/T/fe9a88f3a6143796851040d3189a2e5d/tscancellation* --logVerbosity verbose --logFile /Users/joshuaying/emblem/semantic-graph/test-ts/src/.log/tsserver-log-XUZMYg/tsserver.log --locale en --validateDefaultNpmLocation --useNodeIpc
Info 3    [21:08:55.304] Platform: darwin NodeVersion: v19.6.0 CaseSensitive: false
Info 4    [21:08:55.304] ServerMode: 1 hasUnknownServerMode: undefined
Info 5    [21:08:55.308] request:
    {
      "seq": 0,
      "type": "request",
      "command": "configure",
      "arguments": {
        "formatOptions": {
          "newLineCharacter": "\n"
        },
        "preferences": {
          "allowIncompleteCompletions": true,
          "allowRenameOfImportPath": true,
          "allowTextChangesInNewFiles": true,
          "disableLineTextInReferences": true,
          "disableSuggestions": false,
          "displayPartsForJSDoc": true,
          "generateReturnInDocTemplate": true,
          "importModuleSpecifierEnding": "auto",
          "importModuleSpecifierPreference": "shortest",
          "includeAutomaticOptionalChainCompletions": true,
          "includeCompletionsForImportStatements": true,
          "includeCompletionsForModuleExports": true,
          "includeCompletionsWithClassMemberSnippets": true,
          "includeCompletionsWithInsertText": true,
          "includeCompletionsWithObjectLiteralMethodSnippets": true,
          "includeCompletionsWithSnippetText": true,
          "includeInlayEnumMemberValueHints": false,
          "includeInlayFunctionLikeReturnTypeHints": false,
          "includeInlayFunctionParameterTypeHints": false,
          "includeInlayParameterNameHints": "none",
          "includeInlayParameterNameHintsWhenArgumentMatchesName": false,
          "includeInlayPropertyDeclarationTypeHints": false,
          "includeInlayVariableTypeHints": false,
          "includeInlayVariableTypeHintsWhenTypeMatchesName": false,
          "includePackageJsonAutoImports": "auto",
          "jsxAttributeCompletionStyle": "auto",
          "lazyConfiguredProjectsFromExternalProject": false,
          "organizeImportsAccentCollation": true,
          "organizeImportsCaseFirst": false,
          "organizeImportsCollation": "ordinal",
          "organizeImportsCollationLocale": "en",
          "organizeImportsIgnoreCase": "auto",
          "organizeImportsNumericCollation": false,
          "providePrefixAndSuffixTextForRename": true,
          "provideRefactorNotApplicableReason": true,
          "quotePreference": "auto"
        }
      }
    }
Info 6    [21:08:55.308] Format host information updated
Info 7    [21:08:55.308] response:
    {"seq":0,"type":"response","command":"configure","request_seq":0,"success":true}
Perf 8    [21:08:55.308] 0::configure: async elapsed time (in milliseconds) 0.4798
Info 9    [21:08:55.309] request:
    {
      "seq": 1,
      "type": "request",
      "command": "open",
      "arguments": {
        "file": "/Users/joshuaying/emblem/semantic-graph/test-ts/src/index.ts",
        "fileContent": "// type WrappedType = number | void;\n\n// type WrapperType = {\n//   a: string,\n//   b: WrappedType\n// }\n\n// function f() {\n//   const x: WrapperType = {\n//     a: 'hello',\n//     b: 5\n//   }\n\n//   console.log(x.b);\n// }\n\ninterface I {\n  m(): string;\n}\n\nclass C implements I {\n  m() {\n    return \"hello\";\n  }\n}",
        "scriptKindName": "TS",
        "projectRootPath": "/Users/joshuaying/emblem/semantic-graph/test-ts/src"
      }
    }
Info 10   [21:08:55.311] Starting updateGraphWorker: Project: /dev/null/inferredProject1*
Info 11   [21:08:55.510] Finishing updateGraphWorker: Project: /dev/null/inferredProject1* Version: 1 structureChanged: true structureIsReused:: Not Elapsed: 198.2572922706604ms
Info 12   [21:08:55.510] Project '/dev/null/inferredProject1*' (Inferred)
Info 13   [21:08:55.510] 	Files (8)
	/Users/joshuaying/emblem/semantic-graph/test-ts/node_modules/typescript/lib/lib.d.ts
	/Users/joshuaying/emblem/semantic-graph/test-ts/node_modules/typescript/lib/lib.es5.d.ts
	/Users/joshuaying/emblem/semantic-graph/test-ts/node_modules/typescript/lib/lib.dom.d.ts
	/Users/joshuaying/emblem/semantic-graph/test-ts/node_modules/typescript/lib/lib.webworker.importscripts.d.ts
	/Users/joshuaying/emblem/semantic-graph/test-ts/node_modules/typescript/lib/lib.scripthost.d.ts
	/Users/joshuaying/emblem/semantic-graph/test-ts/node_modules/typescript/lib/lib.decorators.d.ts
	/Users/joshuaying/emblem/semantic-graph/test-ts/node_modules/typescript/lib/lib.decorators.legacy.d.ts
	/Users/joshuaying/emblem/semantic-graph/test-ts/src/index.ts


	../node_modules/typescript/lib/lib.d.ts
	  Default library for target 'es5'
	../node_modules/typescript/lib/lib.es5.d.ts
	  Library referenced via 'es5' from file '../node_modules/typescript/lib/lib.d.ts'
	../node_modules/typescript/lib/lib.dom.d.ts
	  Library referenced via 'dom' from file '../node_modules/typescript/lib/lib.d.ts'
	../node_modules/typescript/lib/lib.webworker.importscripts.d.ts
	  Library referenced via 'webworker.importscripts' from file '../node_modules/typescript/lib/lib.d.ts'
	../node_modules/typescript/lib/lib.scripthost.d.ts
	  Library referenced via 'scripthost' from file '../node_modules/typescript/lib/lib.d.ts'
	../node_modules/typescript/lib/lib.decorators.d.ts
	  Library referenced via 'decorators' from file '../node_modules/typescript/lib/lib.es5.d.ts'
	../node_modules/typescript/lib/lib.decorators.legacy.d.ts
	  Library referenced via 'decorators.legacy' from file '../node_modules/typescript/lib/lib.es5.d.ts'
	index.ts
	  Root file specified for compilation

Info 14   [21:08:55.510] -----------------------------------------------
Info 15   [21:08:55.511] Project '/dev/null/inferredProject1*' (Inferred)
Info 15   [21:08:55.511] 	Files (8)

Info 15   [21:08:55.511] -----------------------------------------------
Info 15   [21:08:55.511] Open files: 
Info 15   [21:08:55.511] 	FileName: /Users/joshuaying/emblem/semantic-graph/test-ts/src/index.ts ProjectRootPath: /Users/joshuaying/emblem/semantic-graph/test-ts/src
Info 15   [21:08:55.511] 		Projects: /dev/null/inferredProject1*
Perf 15   [21:08:55.511] 1::open: async elapsed time (in milliseconds) 201.4159
Info 16   [21:08:55.511] request:
    {
      "seq": 2,
      "type": "request",
      "command": "navtree",
      "arguments": {
        "file": "/Users/joshuaying/emblem/semantic-graph/test-ts/src/index.ts"
      }
    }
Perf 17   [21:08:55.519] 2::navtree: elapsed time (in milliseconds) 8.4022
Info 18   [21:08:55.519] response:
    {"seq":0,"type":"response","command":"navtree","request_seq":2,"success":true,"body":{"text":"<global>","kind":"script","kindModifiers":"","spans":[{"start":{"line":1,"offset":1},"end":{"line":25,"offset":2}}],"childItems":[{"text":"C","kind":"class","kindModifiers":"","spans":[{"start":{"line":21,"offset":1},"end":{"line":25,"offset":2}}],"nameSpan":{"start":{"line":21,"offset":7},"end":{"line":21,"offset":8}},"childItems":[{"text":"m","kind":"method","kindModifiers":"","spans":[{"start":{"line":22,"offset":3},"end":{"line":24,"offset":4}}],"nameSpan":{"start":{"line":22,"offset":3},"end":{"line":22,"offset":4}}}]},{"text":"I","kind":"interface","kindModifiers":"","spans":[{"start":{"line":17,"offset":1},"end":{"line":19,"offset":2}}],"nameSpan":{"start":{"line":17,"offset":11},"end":{"line":17,"offset":12}},"childItems":[{"text":"m","kind":"method","kindModifiers":"","spans":[{"start":{"line":18,"offset":3},"end":{"line":18,"offset":15}}],"nameSpan":{"start":{"line":18,"offset":3},"end":{"line":18,"offset":4}}}]}]}}
Info 19   [21:08:55.522] request:
    {
      "seq": 3,
      "type": "request",
      "command": "references",
      "arguments": {
        "file": "/Users/joshuaying/emblem/semantic-graph/test-ts/src/index.ts",
        "line": 17,
        "offset": 1
      }
    }
Info 20   [21:08:55.523] Finding references to /Users/joshuaying/emblem/semantic-graph/test-ts/src/index.ts position 220 in project /dev/null/inferredProject1*
Perf 21   [21:08:55.543] 3::references: elapsed time (in milliseconds) 21.5238
Info 22   [21:08:55.544] response:
    {"seq":0,"type":"response","command":"references","request_seq":3,"success":true,"body":{"refs":[{"file":"/Users/joshuaying/emblem/semantic-graph/test-ts/src/index.ts","start":{"line":17,"offset":11},"end":{"line":17,"offset":12},"contextStart":{"line":17,"offset":1},"contextEnd":{"line":19,"offset":2},"isWriteAccess":true,"isDefinition":true},{"file":"/Users/joshuaying/emblem/semantic-graph/test-ts/src/index.ts","start":{"line":21,"offset":20},"end":{"line":21,"offset":21},"isWriteAccess":false,"isDefinition":false}],"symbolName":"","symbolStartOffset":0,"symbolDisplayString":""}}
Info 23   [21:08:55.547] request:
    {
      "seq": 4,
      "type": "request",
      "command": "references",
      "arguments": {
        "file": "/Users/joshuaying/emblem/semantic-graph/test-ts/src/index.ts",
        "line": 18,
        "offset": 3
      }
    }
Info 24   [21:08:55.548] Finding references to /Users/joshuaying/emblem/semantic-graph/test-ts/src/index.ts position 236 in project /dev/null/inferredProject1*
Perf 25   [21:08:55.553] 4::references: elapsed time (in milliseconds) 6.7660
Info 26   [21:08:55.553] response:
    {"seq":0,"type":"response","command":"references","request_seq":4,"success":true,"body":{"refs":[{"file":"/Users/joshuaying/emblem/semantic-graph/test-ts/src/index.ts","start":{"line":18,"offset":3},"end":{"line":18,"offset":4},"contextStart":{"line":18,"offset":3},"contextEnd":{"line":18,"offset":15},"isWriteAccess":false,"isDefinition":true},{"file":"/Users/joshuaying/emblem/semantic-graph/test-ts/src/index.ts","start":{"line":22,"offset":3},"end":{"line":22,"offset":4},"contextStart":{"line":22,"offset":3},"contextEnd":{"line":24,"offset":4},"isWriteAccess":true,"isDefinition":false}],"symbolName":"m","symbolStartOffset":3,"symbolDisplayString":"(method) I.m(): string"}}
Info 27   [21:08:55.554] request:
    {
      "seq": 5,
      "type": "request",
      "command": "references",
      "arguments": {
        "file": "/Users/joshuaying/emblem/semantic-graph/test-ts/src/index.ts",
        "line": 21,
        "offset": 1
      }
    }
Info 28   [21:08:55.555] Finding references to /Users/joshuaying/emblem/semantic-graph/test-ts/src/index.ts position 252 in project /dev/null/inferredProject1*
Perf 29   [21:08:55.555] 5::references: elapsed time (in milliseconds) 0.8982
Info 30   [21:08:55.555] response:
    {"seq":0,"type":"response","command":"references","request_seq":5,"success":true,"body":{"refs":[{"file":"/Users/joshuaying/emblem/semantic-graph/test-ts/src/index.ts","start":{"line":21,"offset":7},"end":{"line":21,"offset":8},"contextStart":{"line":21,"offset":1},"contextEnd":{"line":25,"offset":2},"isWriteAccess":true,"isDefinition":true}],"symbolName":"class","symbolStartOffset":1,"symbolDisplayString":"class C"}}
Info 31   [21:08:55.556] request:
    {
      "seq": 6,
      "type": "request",
      "command": "references",
      "arguments": {
        "file": "/Users/joshuaying/emblem/semantic-graph/test-ts/src/index.ts",
        "line": 22,
        "offset": 3
      }
    }
Info 32   [21:08:55.556] Finding references to /Users/joshuaying/emblem/semantic-graph/test-ts/src/index.ts position 277 in project /dev/null/inferredProject1*
Perf 33   [21:08:55.557] 6::references: elapsed time (in milliseconds) 1.3645
Info 34   [21:08:55.557] response:
    {"seq":0,"type":"response","command":"references","request_seq":6,"success":true,"body":{"refs":[{"file":"/Users/joshuaying/emblem/semantic-graph/test-ts/src/index.ts","start":{"line":18,"offset":3},"end":{"line":18,"offset":4},"contextStart":{"line":18,"offset":3},"contextEnd":{"line":18,"offset":15},"isWriteAccess":false,"isDefinition":false},{"file":"/Users/joshuaying/emblem/semantic-graph/test-ts/src/index.ts","start":{"line":22,"offset":3},"end":{"line":22,"offset":4},"contextStart":{"line":22,"offset":3},"contextEnd":{"line":24,"offset":4},"isWriteAccess":true,"isDefinition":true}],"symbolName":"m","symbolStartOffset":3,"symbolDisplayString":"(method) C.m(): string"}}
