Info 0    [21:05:59.159] Starting TS Server
Info 1    [21:05:59.159] Version: 5.2.2
Info 2    [21:05:59.160] Arguments: /usr/local/bin/node /Users/joshuaying/emblem/semantic-graph/test-ts/node_modules/typescript/lib/tsserver.js --useInferredProjectPerProjectRoot --cancellationPipeName /private/var/folders/1k/1hld73x1599dxmy2mtdx1jg00000gn/T/dd7e62ab8641d4134bcf22a3802cc56e/tscancellation* --logVerbosity verbose --logFile /Users/joshuaying/emblem/semantic-graph/test-ts/src/.log/tsserver-log-pWAvic/tsserver.log --locale en --validateDefaultNpmLocation --useNodeIpc
Info 3    [21:05:59.160] Platform: darwin NodeVersion: v19.6.0 CaseSensitive: false
Info 4    [21:05:59.160] ServerMode: undefined hasUnknownServerMode: undefined
Info 5    [21:05:59.163] Binding...
Info 6    [21:05:59.165] request:
    {
      "seq": 0,
      "type": "request",
      "command": "configure",
      "arguments": {
        "formatOptions": {
          "newLineCharacter": "\n"
        },
        "preferences": {
          "allowIncompleteCompletions": true,
          "allowRenameOfImportPath": true,
          "allowTextChangesInNewFiles": true,
          "disableLineTextInReferences": true,
          "disableSuggestions": false,
          "displayPartsForJSDoc": true,
          "generateReturnInDocTemplate": true,
          "importModuleSpecifierEnding": "auto",
          "importModuleSpecifierPreference": "shortest",
          "includeAutomaticOptionalChainCompletions": true,
          "includeCompletionsForImportStatements": true,
          "includeCompletionsForModuleExports": true,
          "includeCompletionsWithClassMemberSnippets": true,
          "includeCompletionsWithInsertText": true,
          "includeCompletionsWithObjectLiteralMethodSnippets": true,
          "includeCompletionsWithSnippetText": true,
          "includeInlayEnumMemberValueHints": false,
          "includeInlayFunctionLikeReturnTypeHints": false,
          "includeInlayFunctionParameterTypeHints": false,
          "includeInlayParameterNameHints": "none",
          "includeInlayParameterNameHintsWhenArgumentMatchesName": false,
          "includeInlayPropertyDeclarationTypeHints": false,
          "includeInlayVariableTypeHints": false,
          "includeInlayVariableTypeHintsWhenTypeMatchesName": false,
          "includePackageJsonAutoImports": "auto",
          "jsxAttributeCompletionStyle": "auto",
          "lazyConfiguredProjectsFromExternalProject": false,
          "organizeImportsAccentCollation": true,
          "organizeImportsCaseFirst": false,
          "organizeImportsCollation": "ordinal",
          "organizeImportsCollationLocale": "en",
          "organizeImportsIgnoreCase": "auto",
          "organizeImportsNumericCollation": false,
          "providePrefixAndSuffixTextForRename": true,
          "provideRefactorNotApplicableReason": true,
          "quotePreference": "auto"
        }
      }
    }
Info 7    [21:05:59.165] Format host information updated
Info 8    [21:05:59.165] response:
    {"seq":0,"type":"response","command":"configure","request_seq":0,"success":true}
Perf 9    [21:05:59.165] 0::configure: async elapsed time (in milliseconds) 0.4364
Info 10   [21:05:59.166] event:
    {"seq":0,"type":"event","event":"typingsInstallerPid","body":{"pid":70122}}
Info 11   [21:05:59.166] request:
    {
      "seq": 1,
      "type": "request",
      "command": "compilerOptionsForInferredProjects",
      "arguments": {
        "options": {
          "module": "ESNext",
          "moduleResolution": "Node",
          "target": "ES2020",
          "jsx": "React",
          "strictNullChecks": true,
          "strictFunctionTypes": true,
          "sourceMap": true,
          "allowJs": true,
          "allowNonTsExtensions": true,
          "allowSyntheticDefaultImports": true,
          "resolveJsonModule": true
        }
      }
    }
Perf 12   [21:05:59.166] 1::compilerOptionsForInferredProjects: elapsed time (in milliseconds) 0.1589
Info 13   [21:05:59.166] response:
    {"seq":0,"type":"response","command":"compilerOptionsForInferredProjects","request_seq":1,"success":true,"body":true}
Info 14   [21:05:59.166] request:
    {
      "seq": 2,
      "type": "request",
      "command": "open",
      "arguments": {
        "file": "/Users/joshuaying/emblem/semantic-graph/test-ts/src/sequence-generator.ts",
        "fileContent": "abstract class SequenceGenerator<T> {\n    combiner: Combiner<T>;\n    windowSize: number;\n    generationLength: number;\n\n    constructor(windowSize: number, generationLength: number, combiner: Combiner<T>) {\n        this.windowSize = windowSize;\n        this.generationLength = generationLength;\n        this.combiner = combiner;\n    }\n\n    generateSequence(): T[] {\n        var sequence = this.getStartingSequence();\n        for (var i = 0; i < this.generationLength; i++) {\n            const latest_window = sequence.slice(sequence.length - this.windowSize);\n            sequence.push(this.combiner.combine(latest_window))\n        }\n        return sequence;\n    }\n\n    abstract getStartingSequence(): T[];\n}\n\n\ninterface Combiner<T> {\n    combine(l: T[]): T\n}\n\nclass NumberAdder implements Combiner<number> {\n    combine(l: number[]): number {\n        return l.reduce((prev, curr) => prev + curr)\n    }\n}\n\nclass ConcreteSequenceGenerator extends SequenceGenerator<number> {\n    constructor(generationLength: number) {\n        super(2, generationLength, new NumberAdder());\n    }\n\n    getStartingSequence(): number[] {\n        return [0, 1];\n    }\n}\n\nfunction main() {\n    console.log((new ConcreteSequenceGenerator(10)).generateSequence());\n}\n\nmain();",
        "scriptKindName": "TS",
        "projectRootPath": "/Users/joshuaying/emblem/semantic-graph/test-ts/src"
      }
    }
Info 15   [21:05:59.167] Search path: /Users/joshuaying/emblem/semantic-graph/test-ts/src
Info 16   [21:05:59.167] For info: /Users/joshuaying/emblem/semantic-graph/test-ts/src/sequence-generator.ts :: No config files found.
Info 17   [21:05:59.168] FileWatcher:: Added:: WatchInfo: /Users/joshuaying/emblem/semantic-graph/test-ts/src/tsconfig.json 2000 undefined WatchType: Config file for the inferred project root
Info 18   [21:05:59.169] FileWatcher:: Added:: WatchInfo: /Users/joshuaying/emblem/semantic-graph/test-ts/src/jsconfig.json 2000 undefined WatchType: Config file for the inferred project root
Info 19   [21:05:59.169] Starting updateGraphWorker: Project: /dev/null/inferredProject1*
Info 20   [21:05:59.179] DirectoryWatcher:: Added:: WatchInfo: /users/joshuaying/emblem/semantic-graph/test-ts/node_modules 1 undefined WatchType: node_modules for closed script infos and package.jsons affecting module specifier cache
Info 21   [21:05:59.179] Elapsed:: 0.5897078514099121ms DirectoryWatcher:: Added:: WatchInfo: /users/joshuaying/emblem/semantic-graph/test-ts/node_modules 1 undefined WatchType: node_modules for closed script infos and package.jsons affecting module specifier cache
Info 22   [21:05:59.183] DirectoryWatcher:: Added:: WatchInfo: /Users/joshuaying/emblem/semantic-graph/test-ts/src/node_modules 1 undefined Project: /dev/null/inferredProject1* WatchType: Failed Lookup Locations
Info 23   [21:05:59.183] Elapsed:: 0.05841684341430664ms DirectoryWatcher:: Added:: WatchInfo: /Users/joshuaying/emblem/semantic-graph/test-ts/src/node_modules 1 undefined Project: /dev/null/inferredProject1* WatchType: Failed Lookup Locations
Info 24   [21:05:59.183] DirectoryWatcher:: Added:: WatchInfo: /Users/joshuaying/emblem/semantic-graph/test-ts/node_modules 1 undefined Project: /dev/null/inferredProject1* WatchType: Failed Lookup Locations
Info 25   [21:05:59.183] Elapsed:: 0.006916999816894531ms DirectoryWatcher:: Added:: WatchInfo: /Users/joshuaying/emblem/semantic-graph/test-ts/node_modules 1 undefined Project: /dev/null/inferredProject1* WatchType: Failed Lookup Locations
Info 26   [21:05:59.183] DirectoryWatcher:: Added:: WatchInfo: /Users/joshuaying/emblem/semantic-graph/node_modules 1 undefined Project: /dev/null/inferredProject1* WatchType: Failed Lookup Locations
Info 27   [21:05:59.183] Elapsed:: 0.040207862854003906ms DirectoryWatcher:: Added:: WatchInfo: /Users/joshuaying/emblem/semantic-graph/node_modules 1 undefined Project: /dev/null/inferredProject1* WatchType: Failed Lookup Locations
Info 28   [21:05:59.183] DirectoryWatcher:: Added:: WatchInfo: /Users/joshuaying/emblem/node_modules 1 undefined Project: /dev/null/inferredProject1* WatchType: Failed Lookup Locations
Info 29   [21:05:59.183] Elapsed:: 0.030375003814697266ms DirectoryWatcher:: Added:: WatchInfo: /Users/joshuaying/emblem/node_modules 1 undefined Project: /dev/null/inferredProject1* WatchType: Failed Lookup Locations
Info 30   [21:05:59.441] DirectoryWatcher:: Added:: WatchInfo: /Users/joshuaying/emblem/semantic-graph/test-ts/src/node_modules/@types 1 undefined Project: /dev/null/inferredProject1* WatchType: Type roots
Info 31   [21:05:59.441] Elapsed:: 0.07108306884765625ms DirectoryWatcher:: Added:: WatchInfo: /Users/joshuaying/emblem/semantic-graph/test-ts/src/node_modules/@types 1 undefined Project: /dev/null/inferredProject1* WatchType: Type roots
Info 32   [21:05:59.441] DirectoryWatcher:: Added:: WatchInfo: /Users/joshuaying/emblem/semantic-graph/test-ts/node_modules/@types 1 undefined Project: /dev/null/inferredProject1* WatchType: Type roots
Info 33   [21:05:59.441] Elapsed:: 0.03245830535888672ms DirectoryWatcher:: Added:: WatchInfo: /Users/joshuaying/emblem/semantic-graph/test-ts/node_modules/@types 1 undefined Project: /dev/null/inferredProject1* WatchType: Type roots
Info 34   [21:05:59.441] DirectoryWatcher:: Added:: WatchInfo: /Users/joshuaying/emblem/semantic-graph/node_modules/@types 1 undefined Project: /dev/null/inferredProject1* WatchType: Type roots
Info 35   [21:05:59.441] Elapsed:: 0.0948338508605957ms DirectoryWatcher:: Added:: WatchInfo: /Users/joshuaying/emblem/semantic-graph/node_modules/@types 1 undefined Project: /dev/null/inferredProject1* WatchType: Type roots
Info 36   [21:05:59.441] DirectoryWatcher:: Added:: WatchInfo: /Users/joshuaying/emblem/node_modules/@types 1 undefined Project: /dev/null/inferredProject1* WatchType: Type roots
Info 37   [21:05:59.441] Elapsed:: 0.08262491226196289ms DirectoryWatcher:: Added:: WatchInfo: /Users/joshuaying/emblem/node_modules/@types 1 undefined Project: /dev/null/inferredProject1* WatchType: Type roots
Info 38   [21:05:59.442] Finishing updateGraphWorker: Project: /dev/null/inferredProject1* Version: 1 structureChanged: true structureIsReused:: Not Elapsed: 272.3061671257019ms
Info 39   [21:05:59.442] Project '/dev/null/inferredProject1*' (Inferred)
Info 40   [21:05:59.443] 	Files (49)
	/Users/joshuaying/emblem/semantic-graph/test-ts/node_modules/typescript/lib/lib.es5.d.ts
	/Users/joshuaying/emblem/semantic-graph/test-ts/node_modules/typescript/lib/lib.es2015.d.ts
	/Users/joshuaying/emblem/semantic-graph/test-ts/node_modules/typescript/lib/lib.es2016.d.ts
	/Users/joshuaying/emblem/semantic-graph/test-ts/node_modules/typescript/lib/lib.es2017.d.ts
	/Users/joshuaying/emblem/semantic-graph/test-ts/node_modules/typescript/lib/lib.es2018.d.ts
	/Users/joshuaying/emblem/semantic-graph/test-ts/node_modules/typescript/lib/lib.es2019.d.ts
	/Users/joshuaying/emblem/semantic-graph/test-ts/node_modules/typescript/lib/lib.es2020.d.ts
	/Users/joshuaying/emblem/semantic-graph/test-ts/node_modules/typescript/lib/lib.dom.d.ts
	/Users/joshuaying/emblem/semantic-graph/test-ts/node_modules/typescript/lib/lib.dom.iterable.d.ts
	/Users/joshuaying/emblem/semantic-graph/test-ts/node_modules/typescript/lib/lib.webworker.importscripts.d.ts
	/Users/joshuaying/emblem/semantic-graph/test-ts/node_modules/typescript/lib/lib.scripthost.d.ts
	/Users/joshuaying/emblem/semantic-graph/test-ts/node_modules/typescript/lib/lib.es2015.core.d.ts
	/Users/joshuaying/emblem/semantic-graph/test-ts/node_modules/typescript/lib/lib.es2015.collection.d.ts
	/Users/joshuaying/emblem/semantic-graph/test-ts/node_modules/typescript/lib/lib.es2015.generator.d.ts
	/Users/joshuaying/emblem/semantic-graph/test-ts/node_modules/typescript/lib/lib.es2015.iterable.d.ts
	/Users/joshuaying/emblem/semantic-graph/test-ts/node_modules/typescript/lib/lib.es2015.promise.d.ts
	/Users/joshuaying/emblem/semantic-graph/test-ts/node_modules/typescript/lib/lib.es2015.proxy.d.ts
	/Users/joshuaying/emblem/semantic-graph/test-ts/node_modules/typescript/lib/lib.es2015.reflect.d.ts
	/Users/joshuaying/emblem/semantic-graph/test-ts/node_modules/typescript/lib/lib.es2015.symbol.d.ts
	/Users/joshuaying/emblem/semantic-graph/test-ts/node_modules/typescript/lib/lib.es2015.symbol.wellknown.d.ts
	/Users/joshuaying/emblem/semantic-graph/test-ts/node_modules/typescript/lib/lib.es2016.array.include.d.ts
	/Users/joshuaying/emblem/semantic-graph/test-ts/node_modules/typescript/lib/lib.es2017.date.d.ts
	/Users/joshuaying/emblem/semantic-graph/test-ts/node_modules/typescript/lib/lib.es2017.object.d.ts
	/Users/joshuaying/emblem/semantic-graph/test-ts/node_modules/typescript/lib/lib.es2017.sharedmemory.d.ts
	/Users/joshuaying/emblem/semantic-graph/test-ts/node_modules/typescript/lib/lib.es2017.string.d.ts
	/Users/joshuaying/emblem/semantic-graph/test-ts/node_modules/typescript/lib/lib.es2017.intl.d.ts
	/Users/joshuaying/emblem/semantic-graph/test-ts/node_modules/typescript/lib/lib.es2017.typedarrays.d.ts
	/Users/joshuaying/emblem/semantic-graph/test-ts/node_modules/typescript/lib/lib.es2018.asyncgenerator.d.ts
	/Users/joshuaying/emblem/semantic-graph/test-ts/node_modules/typescript/lib/lib.es2018.asynciterable.d.ts
	/Users/joshuaying/emblem/semantic-graph/test-ts/node_modules/typescript/lib/lib.es2018.intl.d.ts
	/Users/joshuaying/emblem/semantic-graph/test-ts/node_modules/typescript/lib/lib.es2018.promise.d.ts
	/Users/joshuaying/emblem/semantic-graph/test-ts/node_modules/typescript/lib/lib.es2018.regexp.d.ts
	/Users/joshuaying/emblem/semantic-graph/test-ts/node_modules/typescript/lib/lib.es2019.array.d.ts
	/Users/joshuaying/emblem/semantic-graph/test-ts/node_modules/typescript/lib/lib.es2019.object.d.ts
	/Users/joshuaying/emblem/semantic-graph/test-ts/node_modules/typescript/lib/lib.es2019.string.d.ts
	/Users/joshuaying/emblem/semantic-graph/test-ts/node_modules/typescript/lib/lib.es2019.symbol.d.ts
	/Users/joshuaying/emblem/semantic-graph/test-ts/node_modules/typescript/lib/lib.es2019.intl.d.ts
	/Users/joshuaying/emblem/semantic-graph/test-ts/node_modules/typescript/lib/lib.es2020.bigint.d.ts
	/Users/joshuaying/emblem/semantic-graph/test-ts/node_modules/typescript/lib/lib.es2020.date.d.ts
	/Users/joshuaying/emblem/semantic-graph/test-ts/node_modules/typescript/lib/lib.es2020.promise.d.ts
	/Users/joshuaying/emblem/semantic-graph/test-ts/node_modules/typescript/lib/lib.es2020.sharedmemory.d.ts
	/Users/joshuaying/emblem/semantic-graph/test-ts/node_modules/typescript/lib/lib.es2020.string.d.ts
	/Users/joshuaying/emblem/semantic-graph/test-ts/node_modules/typescript/lib/lib.es2020.symbol.wellknown.d.ts
	/Users/joshuaying/emblem/semantic-graph/test-ts/node_modules/typescript/lib/lib.es2020.intl.d.ts
	/Users/joshuaying/emblem/semantic-graph/test-ts/node_modules/typescript/lib/lib.es2020.number.d.ts
	/Users/joshuaying/emblem/semantic-graph/test-ts/node_modules/typescript/lib/lib.decorators.d.ts
	/Users/joshuaying/emblem/semantic-graph/test-ts/node_modules/typescript/lib/lib.decorators.legacy.d.ts
	/Users/joshuaying/emblem/semantic-graph/test-ts/node_modules/typescript/lib/lib.es2020.full.d.ts
	/Users/joshuaying/emblem/semantic-graph/test-ts/src/sequence-generator.ts


	../node_modules/typescript/lib/lib.es5.d.ts
	  Library referenced via 'es5' from file '../node_modules/typescript/lib/lib.es2015.d.ts'
	../node_modules/typescript/lib/lib.es2015.d.ts
	  Library referenced via 'es2015' from file '../node_modules/typescript/lib/lib.es2016.d.ts'
	../node_modules/typescript/lib/lib.es2016.d.ts
	  Library referenced via 'es2016' from file '../node_modules/typescript/lib/lib.es2017.d.ts'
	../node_modules/typescript/lib/lib.es2017.d.ts
	  Library referenced via 'es2017' from file '../node_modules/typescript/lib/lib.es2018.d.ts'
	../node_modules/typescript/lib/lib.es2018.d.ts
	  Library referenced via 'es2018' from file '../node_modules/typescript/lib/lib.es2019.d.ts'
	../node_modules/typescript/lib/lib.es2019.d.ts
	  Library referenced via 'es2019' from file '../node_modules/typescript/lib/lib.es2020.d.ts'
	../node_modules/typescript/lib/lib.es2020.d.ts
	  Library referenced via 'es2020' from file '../node_modules/typescript/lib/lib.es2020.full.d.ts'
	../node_modules/typescript/lib/lib.dom.d.ts
	  Library referenced via 'dom' from file '../node_modules/typescript/lib/lib.es2020.full.d.ts'
	../node_modules/typescript/lib/lib.dom.iterable.d.ts
	  Library referenced via 'dom.iterable' from file '../node_modules/typescript/lib/lib.es2020.full.d.ts'
	../node_modules/typescript/lib/lib.webworker.importscripts.d.ts
	  Library referenced via 'webworker.importscripts' from file '../node_modules/typescript/lib/lib.es2020.full.d.ts'
	../node_modules/typescript/lib/lib.scripthost.d.ts
	  Library referenced via 'scripthost' from file '../node_modules/typescript/lib/lib.es2020.full.d.ts'
	../node_modules/typescript/lib/lib.es2015.core.d.ts
	  Library referenced via 'es2015.core' from file '../node_modules/typescript/lib/lib.es2015.d.ts'
	../node_modules/typescript/lib/lib.es2015.collection.d.ts
	  Library referenced via 'es2015.collection' from file '../node_modules/typescript/lib/lib.es2015.d.ts'
	../node_modules/typescript/lib/lib.es2015.generator.d.ts
	  Library referenced via 'es2015.generator' from file '../node_modules/typescript/lib/lib.es2015.d.ts'
	../node_modules/typescript/lib/lib.es2015.iterable.d.ts
	  Library referenced via 'es2015.iterable' from file '../node_modules/typescript/lib/lib.es2015.d.ts'
	  Library referenced via 'es2015.iterable' from file '../node_modules/typescript/lib/lib.es2015.generator.d.ts'
	  Library referenced via 'es2015.iterable' from file '../node_modules/typescript/lib/lib.es2018.asynciterable.d.ts'
	  Library referenced via 'es2015.iterable' from file '../node_modules/typescript/lib/lib.es2019.object.d.ts'
	  Library referenced via 'es2015.iterable' from file '../node_modules/typescript/lib/lib.es2020.string.d.ts'
	  Library referenced via 'es2015.iterable' from file '../node_modules/typescript/lib/lib.es2020.symbol.wellknown.d.ts'
	../node_modules/typescript/lib/lib.es2015.promise.d.ts
	  Library referenced via 'es2015.promise' from file '../node_modules/typescript/lib/lib.es2015.d.ts'
	../node_modules/typescript/lib/lib.es2015.proxy.d.ts
	  Library referenced via 'es2015.proxy' from file '../node_modules/typescript/lib/lib.es2015.d.ts'
	../node_modules/typescript/lib/lib.es2015.reflect.d.ts
	  Library referenced via 'es2015.reflect' from file '../node_modules/typescript/lib/lib.es2015.d.ts'
	../node_modules/typescript/lib/lib.es2015.symbol.d.ts
	  Library referenced via 'es2015.symbol' from file '../node_modules/typescript/lib/lib.es2015.iterable.d.ts'
	  Library referenced via 'es2015.symbol' from file '../node_modules/typescript/lib/lib.es2015.d.ts'
	  Library referenced via 'es2015.symbol' from file '../node_modules/typescript/lib/lib.es2015.symbol.wellknown.d.ts'
	  Library referenced via 'es2015.symbol' from file '../node_modules/typescript/lib/lib.es2017.sharedmemory.d.ts'
	  Library referenced via 'es2015.symbol' from file '../node_modules/typescript/lib/lib.es2018.asynciterable.d.ts'
	  Library referenced via 'es2015.symbol' from file '../node_modules/typescript/lib/lib.es2020.symbol.wellknown.d.ts'
	../node_modules/typescript/lib/lib.es2015.symbol.wellknown.d.ts
	  Library referenced via 'es2015.symbol.wellknown' from file '../node_modules/typescript/lib/lib.es2015.d.ts'
	  Library referenced via 'es2015.symbol.wellknown' from file '../node_modules/typescript/lib/lib.es2017.sharedmemory.d.ts'
	../node_modules/typescript/lib/lib.es2016.array.include.d.ts
	  Library referenced via 'es2016.array.include' from file '../node_modules/typescript/lib/lib.es2016.d.ts'
	../node_modules/typescript/lib/lib.es2017.date.d.ts
	  Library referenced via 'es2017.date' from file '../node_modules/typescript/lib/lib.es2017.d.ts'
	../node_modules/typescript/lib/lib.es2017.object.d.ts
	  Library referenced via 'es2017.object' from file '../node_modules/typescript/lib/lib.es2017.d.ts'
	../node_modules/typescript/lib/lib.es2017.sharedmemory.d.ts
	  Library referenced via 'es2017.sharedmemory' from file '../node_modules/typescript/lib/lib.es2017.d.ts'
	../node_modules/typescript/lib/lib.es2017.string.d.ts
	  Library referenced via 'es2017.string' from file '../node_modules/typescript/lib/lib.es2017.d.ts'
	../node_modules/typescript/lib/lib.es2017.intl.d.ts
	  Library referenced via 'es2017.intl' from file '../node_modules/typescript/lib/lib.es2017.d.ts'
	../node_modules/typescript/lib/lib.es2017.typedarrays.d.ts
	  Library referenced via 'es2017.typedarrays' from file '../node_modules/typescript/lib/lib.es2017.d.ts'
	../node_modules/typescript/lib/lib.es2018.asyncgenerator.d.ts
	  Library referenced via 'es2018.asyncgenerator' from file '../node_modules/typescript/lib/lib.es2018.d.ts'
	../node_modules/typescript/lib/lib.es2018.asynciterable.d.ts
	  Library referenced via 'es2018.asynciterable' from file '../node_modules/typescript/lib/lib.es2018.d.ts'
	  Library referenced via 'es2018.asynciterable' from file '../node_modules/typescript/lib/lib.es2018.asyncgenerator.d.ts'
	../node_modules/typescript/lib/lib.es2018.intl.d.ts
	  Library referenced via 'es2018.intl' from file '../node_modules/typescript/lib/lib.es2018.d.ts'
	  Library referenced via 'es2018.intl' from file '../node_modules/typescript/lib/lib.es2020.intl.d.ts'
	../node_modules/typescript/lib/lib.es2018.promise.d.ts
	  Library referenced via 'es2018.promise' from file '../node_modules/typescript/lib/lib.es2018.d.ts'
	../node_modules/typescript/lib/lib.es2018.regexp.d.ts
	  Library referenced via 'es2018.regexp' from file '../node_modules/typescript/lib/lib.es2018.d.ts'
	../node_modules/typescript/lib/lib.es2019.array.d.ts
	  Library referenced via 'es2019.array' from file '../node_modules/typescript/lib/lib.es2019.d.ts'
	../node_modules/typescript/lib/lib.es2019.object.d.ts
	  Library referenced via 'es2019.object' from file '../node_modules/typescript/lib/lib.es2019.d.ts'
	../node_modules/typescript/lib/lib.es2019.string.d.ts
	  Library referenced via 'es2019.string' from file '../node_modules/typescript/lib/lib.es2019.d.ts'
	../node_modules/typescript/lib/lib.es2019.symbol.d.ts
	  Library referenced via 'es2019.symbol' from file '../node_modules/typescript/lib/lib.es2019.d.ts'
	../node_modules/typescript/lib/lib.es2019.intl.d.ts
	  Library referenced via 'es2019.intl' from file '../node_modules/typescript/lib/lib.es2019.d.ts'
	../node_modules/typescript/lib/lib.es2020.bigint.d.ts
	  Library referenced via 'es2020.bigint' from file '../node_modules/typescript/lib/lib.es2020.d.ts'
	../node_modules/typescript/lib/lib.es2020.date.d.ts
	  Library referenced via 'es2020.date' from file '../node_modules/typescript/lib/lib.es2020.d.ts'
	../node_modules/typescript/lib/lib.es2020.promise.d.ts
	  Library referenced via 'es2020.promise' from file '../node_modules/typescript/lib/lib.es2020.d.ts'
	../node_modules/typescript/lib/lib.es2020.sharedmemory.d.ts
	  Library referenced via 'es2020.sharedmemory' from file '../node_modules/typescript/lib/lib.es2020.d.ts'
	../node_modules/typescript/lib/lib.es2020.string.d.ts
	  Library referenced via 'es2020.string' from file '../node_modules/typescript/lib/lib.es2020.d.ts'
	../node_modules/typescript/lib/lib.es2020.symbol.wellknown.d.ts
	  Library referenced via 'es2020.symbol.wellknown' from file '../node_modules/typescript/lib/lib.es2020.d.ts'
	../node_modules/typescript/lib/lib.es2020.intl.d.ts
	  Library referenced via 'es2020.intl' from file '../node_modules/typescript/lib/lib.es2020.bigint.d.ts'
	  Library referenced via 'es2020.intl' from file '../node_modules/typescript/lib/lib.es2020.date.d.ts'
	  Library referenced via 'es2020.intl' from file '../node_modules/typescript/lib/lib.es2020.number.d.ts'
	  Library referenced via 'es2020.intl' from file '../node_modules/typescript/lib/lib.es2020.d.ts'
	../node_modules/typescript/lib/lib.es2020.number.d.ts
	  Library referenced via 'es2020.number' from file '../node_modules/typescript/lib/lib.es2020.d.ts'
	../node_modules/typescript/lib/lib.decorators.d.ts
	  Library referenced via 'decorators' from file '../node_modules/typescript/lib/lib.es5.d.ts'
	../node_modules/typescript/lib/lib.decorators.legacy.d.ts
	  Library referenced via 'decorators.legacy' from file '../node_modules/typescript/lib/lib.es5.d.ts'
	../node_modules/typescript/lib/lib.es2020.full.d.ts
	  Default library for target 'es2020'
	sequence-generator.ts
	  Root file specified for compilation

Info 41   [21:05:59.443] -----------------------------------------------
Info 42   [21:05:59.445] FileWatcher:: Added:: WatchInfo: /users/joshuaying/emblem/semantic-graph/test-ts/package.json 250 undefined WatchType: package.json file
Info 43   [21:05:59.445] FileWatcher:: Added:: WatchInfo: /users/joshuaying/emblem/semantic-graph/package.json 250 undefined WatchType: package.json file
Info 44   [21:05:59.445] Project '/dev/null/inferredProject1*' (Inferred)
Info 44   [21:05:59.445] 	Files (49)

Info 44   [21:05:59.445] -----------------------------------------------
Info 44   [21:05:59.445] Open files: 
Info 44   [21:05:59.445] 	FileName: /Users/joshuaying/emblem/semantic-graph/test-ts/src/sequence-generator.ts ProjectRootPath: /Users/joshuaying/emblem/semantic-graph/test-ts/src
Info 44   [21:05:59.445] 		Projects: /dev/null/inferredProject1*
Perf 44   [21:05:59.446] 2::open: async elapsed time (in milliseconds) 279.2620
Info 45   [21:05:59.446] request:
    {
      "seq": 3,
      "type": "request",
      "command": "open",
      "arguments": {
        "file": "/Users/joshuaying/emblem/semantic-graph/test-ts/src/index.ts",
        "fileContent": "// // demonstrating why we need to bubble up from child to parent\n// type WrappedType = number | void;\n\n// type WrapperType = {\n//   a: string,\n//   b: WrappedType\n// }\n\n// function f() {\n//   const x: WrapperType = {\n//     a: 'hello',\n//     b: 5\n//   }\n\n//   console.log(x.b);\n// }\n\n// interface I {\n//   m(): string;\n// }\n\n// class C implements I {\n//   m() {\n//     return \"hello\";\n//   }\n// }\n\n\n\n/*\n// Tests for LSP idiosyncracy where subclass overriding / implementation methods are referencedBy the superclass method/field.\n// method1 should NOT referenceInDefinition B.method2 (only A.method2)\nabstract class A {\n  method1() {\n    this.method2()\n  }\n  abstract method2();\n}\n\nclass B extends A {\n  method2() {}\n}\n*/\n\n\n\n/*\n// Tests for bubbling children's referenceInDefinition up to parents.\n// A should referenceInDefinition B.\nfunction B() {}\n\nclass A {\n  m1() {\n    B()\n  }\n}\n*/\n\n// class A {\n//   b: B\n// }\n\n// class B {\n//   a: A\n//   constructor(a: A) {\n//     this.a = a;\n//     this.a.b = this;\n//   }\n// }\n\n// console.log(new B(new A()));",
        "scriptKindName": "TS",
        "projectRootPath": "/Users/joshuaying/emblem/semantic-graph/test-ts/src"
      }
    }
Info 46   [21:05:59.446] Search path: /Users/joshuaying/emblem/semantic-graph/test-ts/src
Info 47   [21:05:59.446] For info: /Users/joshuaying/emblem/semantic-graph/test-ts/src/index.ts :: No config files found.
Info 48   [21:05:59.446] Starting updateGraphWorker: Project: /dev/null/inferredProject1*
Info 49   [21:05:59.450] Finishing updateGraphWorker: Project: /dev/null/inferredProject1* Version: 2 structureChanged: true structureIsReused:: Not Elapsed: 4.179500102996826ms
Info 50   [21:05:59.450] Project '/dev/null/inferredProject1*' (Inferred)
Info 51   [21:05:59.455] 	Files (50)
	/Users/joshuaying/emblem/semantic-graph/test-ts/node_modules/typescript/lib/lib.es5.d.ts
	/Users/joshuaying/emblem/semantic-graph/test-ts/node_modules/typescript/lib/lib.es2015.d.ts
	/Users/joshuaying/emblem/semantic-graph/test-ts/node_modules/typescript/lib/lib.es2016.d.ts
	/Users/joshuaying/emblem/semantic-graph/test-ts/node_modules/typescript/lib/lib.es2017.d.ts
	/Users/joshuaying/emblem/semantic-graph/test-ts/node_modules/typescript/lib/lib.es2018.d.ts
	/Users/joshuaying/emblem/semantic-graph/test-ts/node_modules/typescript/lib/lib.es2019.d.ts
	/Users/joshuaying/emblem/semantic-graph/test-ts/node_modules/typescript/lib/lib.es2020.d.ts
	/Users/joshuaying/emblem/semantic-graph/test-ts/node_modules/typescript/lib/lib.dom.d.ts
	/Users/joshuaying/emblem/semantic-graph/test-ts/node_modules/typescript/lib/lib.dom.iterable.d.ts
	/Users/joshuaying/emblem/semantic-graph/test-ts/node_modules/typescript/lib/lib.webworker.importscripts.d.ts
	/Users/joshuaying/emblem/semantic-graph/test-ts/node_modules/typescript/lib/lib.scripthost.d.ts
	/Users/joshuaying/emblem/semantic-graph/test-ts/node_modules/typescript/lib/lib.es2015.core.d.ts
	/Users/joshuaying/emblem/semantic-graph/test-ts/node_modules/typescript/lib/lib.es2015.collection.d.ts
	/Users/joshuaying/emblem/semantic-graph/test-ts/node_modules/typescript/lib/lib.es2015.generator.d.ts
	/Users/joshuaying/emblem/semantic-graph/test-ts/node_modules/typescript/lib/lib.es2015.iterable.d.ts
	/Users/joshuaying/emblem/semantic-graph/test-ts/node_modules/typescript/lib/lib.es2015.promise.d.ts
	/Users/joshuaying/emblem/semantic-graph/test-ts/node_modules/typescript/lib/lib.es2015.proxy.d.ts
	/Users/joshuaying/emblem/semantic-graph/test-ts/node_modules/typescript/lib/lib.es2015.reflect.d.ts
	/Users/joshuaying/emblem/semantic-graph/test-ts/node_modules/typescript/lib/lib.es2015.symbol.d.ts
	/Users/joshuaying/emblem/semantic-graph/test-ts/node_modules/typescript/lib/lib.es2015.symbol.wellknown.d.ts
	/Users/joshuaying/emblem/semantic-graph/test-ts/node_modules/typescript/lib/lib.es2016.array.include.d.ts
	/Users/joshuaying/emblem/semantic-graph/test-ts/node_modules/typescript/lib/lib.es2017.date.d.ts
	/Users/joshuaying/emblem/semantic-graph/test-ts/node_modules/typescript/lib/lib.es2017.object.d.ts
	/Users/joshuaying/emblem/semantic-graph/test-ts/node_modules/typescript/lib/lib.es2017.sharedmemory.d.ts
	/Users/joshuaying/emblem/semantic-graph/test-ts/node_modules/typescript/lib/lib.es2017.string.d.ts
	/Users/joshuaying/emblem/semantic-graph/test-ts/node_modules/typescript/lib/lib.es2017.intl.d.ts
	/Users/joshuaying/emblem/semantic-graph/test-ts/node_modules/typescript/lib/lib.es2017.typedarrays.d.ts
	/Users/joshuaying/emblem/semantic-graph/test-ts/node_modules/typescript/lib/lib.es2018.asyncgenerator.d.ts
	/Users/joshuaying/emblem/semantic-graph/test-ts/node_modules/typescript/lib/lib.es2018.asynciterable.d.ts
	/Users/joshuaying/emblem/semantic-graph/test-ts/node_modules/typescript/lib/lib.es2018.intl.d.ts
	/Users/joshuaying/emblem/semantic-graph/test-ts/node_modules/typescript/lib/lib.es2018.promise.d.ts
	/Users/joshuaying/emblem/semantic-graph/test-ts/node_modules/typescript/lib/lib.es2018.regexp.d.ts
	/Users/joshuaying/emblem/semantic-graph/test-ts/node_modules/typescript/lib/lib.es2019.array.d.ts
	/Users/joshuaying/emblem/semantic-graph/test-ts/node_modules/typescript/lib/lib.es2019.object.d.ts
	/Users/joshuaying/emblem/semantic-graph/test-ts/node_modules/typescript/lib/lib.es2019.string.d.ts
	/Users/joshuaying/emblem/semantic-graph/test-ts/node_modules/typescript/lib/lib.es2019.symbol.d.ts
	/Users/joshuaying/emblem/semantic-graph/test-ts/node_modules/typescript/lib/lib.es2019.intl.d.ts
	/Users/joshuaying/emblem/semantic-graph/test-ts/node_modules/typescript/lib/lib.es2020.bigint.d.ts
	/Users/joshuaying/emblem/semantic-graph/test-ts/node_modules/typescript/lib/lib.es2020.date.d.ts
	/Users/joshuaying/emblem/semantic-graph/test-ts/node_modules/typescript/lib/lib.es2020.promise.d.ts
	/Users/joshuaying/emblem/semantic-graph/test-ts/node_modules/typescript/lib/lib.es2020.sharedmemory.d.ts
	/Users/joshuaying/emblem/semantic-graph/test-ts/node_modules/typescript/lib/lib.es2020.string.d.ts
	/Users/joshuaying/emblem/semantic-graph/test-ts/node_modules/typescript/lib/lib.es2020.symbol.wellknown.d.ts
	/Users/joshuaying/emblem/semantic-graph/test-ts/node_modules/typescript/lib/lib.es2020.intl.d.ts
	/Users/joshuaying/emblem/semantic-graph/test-ts/node_modules/typescript/lib/lib.es2020.number.d.ts
	/Users/joshuaying/emblem/semantic-graph/test-ts/node_modules/typescript/lib/lib.decorators.d.ts
	/Users/joshuaying/emblem/semantic-graph/test-ts/node_modules/typescript/lib/lib.decorators.legacy.d.ts
	/Users/joshuaying/emblem/semantic-graph/test-ts/node_modules/typescript/lib/lib.es2020.full.d.ts
	/Users/joshuaying/emblem/semantic-graph/test-ts/src/sequence-generator.ts
	/Users/joshuaying/emblem/semantic-graph/test-ts/src/index.ts


	../node_modules/typescript/lib/lib.es5.d.ts
	  Library referenced via 'es5' from file '../node_modules/typescript/lib/lib.es2015.d.ts'
	../node_modules/typescript/lib/lib.es2015.d.ts
	  Library referenced via 'es2015' from file '../node_modules/typescript/lib/lib.es2016.d.ts'
	../node_modules/typescript/lib/lib.es2016.d.ts
	  Library referenced via 'es2016' from file '../node_modules/typescript/lib/lib.es2017.d.ts'
	../node_modules/typescript/lib/lib.es2017.d.ts
	  Library referenced via 'es2017' from file '../node_modules/typescript/lib/lib.es2018.d.ts'
	../node_modules/typescript/lib/lib.es2018.d.ts
	  Library referenced via 'es2018' from file '../node_modules/typescript/lib/lib.es2019.d.ts'
	../node_modules/typescript/lib/lib.es2019.d.ts
	  Library referenced via 'es2019' from file '../node_modules/typescript/lib/lib.es2020.d.ts'
	../node_modules/typescript/lib/lib.es2020.d.ts
	  Library referenced via 'es2020' from file '../node_modules/typescript/lib/lib.es2020.full.d.ts'
	../node_modules/typescript/lib/lib.dom.d.ts
	  Library referenced via 'dom' from file '../node_modules/typescript/lib/lib.es2020.full.d.ts'
	../node_modules/typescript/lib/lib.dom.iterable.d.ts
	  Library referenced via 'dom.iterable' from file '../node_modules/typescript/lib/lib.es2020.full.d.ts'
	../node_modules/typescript/lib/lib.webworker.importscripts.d.ts
	  Library referenced via 'webworker.importscripts' from file '../node_modules/typescript/lib/lib.es2020.full.d.ts'
	../node_modules/typescript/lib/lib.scripthost.d.ts
	  Library referenced via 'scripthost' from file '../node_modules/typescript/lib/lib.es2020.full.d.ts'
	../node_modules/typescript/lib/lib.es2015.core.d.ts
	  Library referenced via 'es2015.core' from file '../node_modules/typescript/lib/lib.es2015.d.ts'
	../node_modules/typescript/lib/lib.es2015.collection.d.ts
	  Library referenced via 'es2015.collection' from file '../node_modules/typescript/lib/lib.es2015.d.ts'
	../node_modules/typescript/lib/lib.es2015.generator.d.ts
	  Library referenced via 'es2015.generator' from file '../node_modules/typescript/lib/lib.es2015.d.ts'
	../node_modules/typescript/lib/lib.es2015.iterable.d.ts
	  Library referenced via 'es2015.iterable' from file '../node_modules/typescript/lib/lib.es2015.d.ts'
	  Library referenced via 'es2015.iterable' from file '../node_modules/typescript/lib/lib.es2015.generator.d.ts'
	  Library referenced via 'es2015.iterable' from file '../node_modules/typescript/lib/lib.es2018.asynciterable.d.ts'
	  Library referenced via 'es2015.iterable' from file '../node_modules/typescript/lib/lib.es2019.object.d.ts'
	  Library referenced via 'es2015.iterable' from file '../node_modules/typescript/lib/lib.es2020.string.d.ts'
	  Library referenced via 'es2015.iterable' from file '../node_modules/typescript/lib/lib.es2020.symbol.wellknown.d.ts'
	../node_modules/typescript/lib/lib.es2015.promise.d.ts
	  Library referenced via 'es2015.promise' from file '../node_modules/typescript/lib/lib.es2015.d.ts'
	../node_modules/typescript/lib/lib.es2015.proxy.d.ts
	  Library referenced via 'es2015.proxy' from file '../node_modules/typescript/lib/lib.es2015.d.ts'
	../node_modules/typescript/lib/lib.es2015.reflect.d.ts
	  Library referenced via 'es2015.reflect' from file '../node_modules/typescript/lib/lib.es2015.d.ts'
	../node_modules/typescript/lib/lib.es2015.symbol.d.ts
	  Library referenced via 'es2015.symbol' from file '../node_modules/typescript/lib/lib.es2015.iterable.d.ts'
	  Library referenced via 'es2015.symbol' from file '../node_modules/typescript/lib/lib.es2015.d.ts'
	  Library referenced via 'es2015.symbol' from file '../node_modules/typescript/lib/lib.es2015.symbol.wellknown.d.ts'
	  Library referenced via 'es2015.symbol' from file '../node_modules/typescript/lib/lib.es2017.sharedmemory.d.ts'
	  Library referenced via 'es2015.symbol' from file '../node_modules/typescript/lib/lib.es2018.asynciterable.d.ts'
	  Library referenced via 'es2015.symbol' from file '../node_modules/typescript/lib/lib.es2020.symbol.wellknown.d.ts'
	../node_modules/typescript/lib/lib.es2015.symbol.wellknown.d.ts
	  Library referenced via 'es2015.symbol.wellknown' from file '../node_modules/typescript/lib/lib.es2015.d.ts'
	  Library referenced via 'es2015.symbol.wellknown' from file '../node_modules/typescript/lib/lib.es2017.sharedmemory.d.ts'
	../node_modules/typescript/lib/lib.es2016.array.include.d.ts
	  Library referenced via 'es2016.array.include' from file '../node_modules/typescript/lib/lib.es2016.d.ts'
	../node_modules/typescript/lib/lib.es2017.date.d.ts
	  Library referenced via 'es2017.date' from file '../node_modules/typescript/lib/lib.es2017.d.ts'
	../node_modules/typescript/lib/lib.es2017.object.d.ts
	  Library referenced via 'es2017.object' from file '../node_modules/typescript/lib/lib.es2017.d.ts'
	../node_modules/typescript/lib/lib.es2017.sharedmemory.d.ts
	  Library referenced via 'es2017.sharedmemory' from file '../node_modules/typescript/lib/lib.es2017.d.ts'
	../node_modules/typescript/lib/lib.es2017.string.d.ts
	  Library referenced via 'es2017.string' from file '../node_modules/typescript/lib/lib.es2017.d.ts'
	../node_modules/typescript/lib/lib.es2017.intl.d.ts
	  Library referenced via 'es2017.intl' from file '../node_modules/typescript/lib/lib.es2017.d.ts'
	../node_modules/typescript/lib/lib.es2017.typedarrays.d.ts
	  Library referenced via 'es2017.typedarrays' from file '../node_modules/typescript/lib/lib.es2017.d.ts'
	../node_modules/typescript/lib/lib.es2018.asyncgenerator.d.ts
	  Library referenced via 'es2018.asyncgenerator' from file '../node_modules/typescript/lib/lib.es2018.d.ts'
	../node_modules/typescript/lib/lib.es2018.asynciterable.d.ts
	  Library referenced via 'es2018.asynciterable' from file '../node_modules/typescript/lib/lib.es2018.d.ts'
	  Library referenced via 'es2018.asynciterable' from file '../node_modules/typescript/lib/lib.es2018.asyncgenerator.d.ts'
	../node_modules/typescript/lib/lib.es2018.intl.d.ts
	  Library referenced via 'es2018.intl' from file '../node_modules/typescript/lib/lib.es2018.d.ts'
	  Library referenced via 'es2018.intl' from file '../node_modules/typescript/lib/lib.es2020.intl.d.ts'
	../node_modules/typescript/lib/lib.es2018.promise.d.ts
	  Library referenced via 'es2018.promise' from file '../node_modules/typescript/lib/lib.es2018.d.ts'
	../node_modules/typescript/lib/lib.es2018.regexp.d.ts
	  Library referenced via 'es2018.regexp' from file '../node_modules/typescript/lib/lib.es2018.d.ts'
	../node_modules/typescript/lib/lib.es2019.array.d.ts
	  Library referenced via 'es2019.array' from file '../node_modules/typescript/lib/lib.es2019.d.ts'
	../node_modules/typescript/lib/lib.es2019.object.d.ts
	  Library referenced via 'es2019.object' from file '../node_modules/typescript/lib/lib.es2019.d.ts'
	../node_modules/typescript/lib/lib.es2019.string.d.ts
	  Library referenced via 'es2019.string' from file '../node_modules/typescript/lib/lib.es2019.d.ts'
	../node_modules/typescript/lib/lib.es2019.symbol.d.ts
	  Library referenced via 'es2019.symbol' from file '../node_modules/typescript/lib/lib.es2019.d.ts'
	../node_modules/typescript/lib/lib.es2019.intl.d.ts
	  Library referenced via 'es2019.intl' from file '../node_modules/typescript/lib/lib.es2019.d.ts'
	../node_modules/typescript/lib/lib.es2020.bigint.d.ts
	  Library referenced via 'es2020.bigint' from file '../node_modules/typescript/lib/lib.es2020.d.ts'
	../node_modules/typescript/lib/lib.es2020.date.d.ts
	  Library referenced via 'es2020.date' from file '../node_modules/typescript/lib/lib.es2020.d.ts'
	../node_modules/typescript/lib/lib.es2020.promise.d.ts
	  Library referenced via 'es2020.promise' from file '../node_modules/typescript/lib/lib.es2020.d.ts'
	../node_modules/typescript/lib/lib.es2020.sharedmemory.d.ts
	  Library referenced via 'es2020.sharedmemory' from file '../node_modules/typescript/lib/lib.es2020.d.ts'
	../node_modules/typescript/lib/lib.es2020.string.d.ts
	  Library referenced via 'es2020.string' from file '../node_modules/typescript/lib/lib.es2020.d.ts'
	../node_modules/typescript/lib/lib.es2020.symbol.wellknown.d.ts
	  Library referenced via 'es2020.symbol.wellknown' from file '../node_modules/typescript/lib/lib.es2020.d.ts'
	../node_modules/typescript/lib/lib.es2020.intl.d.ts
	  Library referenced via 'es2020.intl' from file '../node_modules/typescript/lib/lib.es2020.bigint.d.ts'
	  Library referenced via 'es2020.intl' from file '../node_modules/typescript/lib/lib.es2020.date.d.ts'
	  Library referenced via 'es2020.intl' from file '../node_modules/typescript/lib/lib.es2020.number.d.ts'
	  Library referenced via 'es2020.intl' from file '../node_modules/typescript/lib/lib.es2020.d.ts'
	../node_modules/typescript/lib/lib.es2020.number.d.ts
	  Library referenced via 'es2020.number' from file '../node_modules/typescript/lib/lib.es2020.d.ts'
	../node_modules/typescript/lib/lib.decorators.d.ts
	  Library referenced via 'decorators' from file '../node_modules/typescript/lib/lib.es5.d.ts'
	../node_modules/typescript/lib/lib.decorators.legacy.d.ts
	  Library referenced via 'decorators.legacy' from file '../node_modules/typescript/lib/lib.es5.d.ts'
	../node_modules/typescript/lib/lib.es2020.full.d.ts
	  Default library for target 'es2020'
	sequence-generator.ts
	  Root file specified for compilation
	index.ts
	  Root file specified for compilation

Info 52   [21:05:59.455] -----------------------------------------------
Info 53   [21:05:59.455] Project '/dev/null/inferredProject1*' (Inferred)
Info 53   [21:05:59.455] 	Files (50)

Info 53   [21:05:59.455] -----------------------------------------------
Info 53   [21:05:59.455] Open files: 
Info 53   [21:05:59.455] 	FileName: /Users/joshuaying/emblem/semantic-graph/test-ts/src/sequence-generator.ts ProjectRootPath: /Users/joshuaying/emblem/semantic-graph/test-ts/src
Info 53   [21:05:59.455] 		Projects: /dev/null/inferredProject1*
Info 53   [21:05:59.455] 	FileName: /Users/joshuaying/emblem/semantic-graph/test-ts/src/index.ts ProjectRootPath: /Users/joshuaying/emblem/semantic-graph/test-ts/src
Info 53   [21:05:59.455] 		Projects: /dev/null/inferredProject1*
Perf 53   [21:05:59.455] 3::open: async elapsed time (in milliseconds) 9.4349
Info 54   [21:05:59.455] request:
    {
      "seq": 4,
      "type": "request",
      "command": "open",
      "arguments": {
        "file": "/Users/joshuaying/emblem/semantic-graph/test-ts/src/bfs-test.ts",
        "fileContent": "class A {\n    aField: number\n    constructor() {\n        this.aField = 3\n    }\n    M() {\n        const b = new B();\n        b.C();\n        b.bField2;\n        this.aField;\n    }\n}\n\nclass B {\n    bField: number\n    bField2: number\n    bField3: number\n    constructor() {\n        this.bField = 4;\n        this.bField2 = 6;\n    }\n\n    C() {\n        this.bField;\n    }\n\n    D() {\n\n    }\n}",
        "scriptKindName": "TS",
        "projectRootPath": "/Users/joshuaying/emblem/semantic-graph/test-ts/src"
      }
    }
Info 55   [21:05:59.455] Search path: /Users/joshuaying/emblem/semantic-graph/test-ts/src
Info 56   [21:05:59.455] For info: /Users/joshuaying/emblem/semantic-graph/test-ts/src/bfs-test.ts :: No config files found.
Info 57   [21:05:59.455] Starting updateGraphWorker: Project: /dev/null/inferredProject1*
Info 58   [21:05:59.459] Finishing updateGraphWorker: Project: /dev/null/inferredProject1* Version: 3 structureChanged: true structureIsReused:: Not Elapsed: 4.131625175476074ms
Info 59   [21:05:59.459] Project '/dev/null/inferredProject1*' (Inferred)
Info 60   [21:05:59.460] 	Files (51)
	/Users/joshuaying/emblem/semantic-graph/test-ts/node_modules/typescript/lib/lib.es5.d.ts
	/Users/joshuaying/emblem/semantic-graph/test-ts/node_modules/typescript/lib/lib.es2015.d.ts
	/Users/joshuaying/emblem/semantic-graph/test-ts/node_modules/typescript/lib/lib.es2016.d.ts
	/Users/joshuaying/emblem/semantic-graph/test-ts/node_modules/typescript/lib/lib.es2017.d.ts
	/Users/joshuaying/emblem/semantic-graph/test-ts/node_modules/typescript/lib/lib.es2018.d.ts
	/Users/joshuaying/emblem/semantic-graph/test-ts/node_modules/typescript/lib/lib.es2019.d.ts
	/Users/joshuaying/emblem/semantic-graph/test-ts/node_modules/typescript/lib/lib.es2020.d.ts
	/Users/joshuaying/emblem/semantic-graph/test-ts/node_modules/typescript/lib/lib.dom.d.ts
	/Users/joshuaying/emblem/semantic-graph/test-ts/node_modules/typescript/lib/lib.dom.iterable.d.ts
	/Users/joshuaying/emblem/semantic-graph/test-ts/node_modules/typescript/lib/lib.webworker.importscripts.d.ts
	/Users/joshuaying/emblem/semantic-graph/test-ts/node_modules/typescript/lib/lib.scripthost.d.ts
	/Users/joshuaying/emblem/semantic-graph/test-ts/node_modules/typescript/lib/lib.es2015.core.d.ts
	/Users/joshuaying/emblem/semantic-graph/test-ts/node_modules/typescript/lib/lib.es2015.collection.d.ts
	/Users/joshuaying/emblem/semantic-graph/test-ts/node_modules/typescript/lib/lib.es2015.generator.d.ts
	/Users/joshuaying/emblem/semantic-graph/test-ts/node_modules/typescript/lib/lib.es2015.iterable.d.ts
	/Users/joshuaying/emblem/semantic-graph/test-ts/node_modules/typescript/lib/lib.es2015.promise.d.ts
	/Users/joshuaying/emblem/semantic-graph/test-ts/node_modules/typescript/lib/lib.es2015.proxy.d.ts
	/Users/joshuaying/emblem/semantic-graph/test-ts/node_modules/typescript/lib/lib.es2015.reflect.d.ts
	/Users/joshuaying/emblem/semantic-graph/test-ts/node_modules/typescript/lib/lib.es2015.symbol.d.ts
	/Users/joshuaying/emblem/semantic-graph/test-ts/node_modules/typescript/lib/lib.es2015.symbol.wellknown.d.ts
	/Users/joshuaying/emblem/semantic-graph/test-ts/node_modules/typescript/lib/lib.es2016.array.include.d.ts
	/Users/joshuaying/emblem/semantic-graph/test-ts/node_modules/typescript/lib/lib.es2017.date.d.ts
	/Users/joshuaying/emblem/semantic-graph/test-ts/node_modules/typescript/lib/lib.es2017.object.d.ts
	/Users/joshuaying/emblem/semantic-graph/test-ts/node_modules/typescript/lib/lib.es2017.sharedmemory.d.ts
	/Users/joshuaying/emblem/semantic-graph/test-ts/node_modules/typescript/lib/lib.es2017.string.d.ts
	/Users/joshuaying/emblem/semantic-graph/test-ts/node_modules/typescript/lib/lib.es2017.intl.d.ts
	/Users/joshuaying/emblem/semantic-graph/test-ts/node_modules/typescript/lib/lib.es2017.typedarrays.d.ts
	/Users/joshuaying/emblem/semantic-graph/test-ts/node_modules/typescript/lib/lib.es2018.asyncgenerator.d.ts
	/Users/joshuaying/emblem/semantic-graph/test-ts/node_modules/typescript/lib/lib.es2018.asynciterable.d.ts
	/Users/joshuaying/emblem/semantic-graph/test-ts/node_modules/typescript/lib/lib.es2018.intl.d.ts
	/Users/joshuaying/emblem/semantic-graph/test-ts/node_modules/typescript/lib/lib.es2018.promise.d.ts
	/Users/joshuaying/emblem/semantic-graph/test-ts/node_modules/typescript/lib/lib.es2018.regexp.d.ts
	/Users/joshuaying/emblem/semantic-graph/test-ts/node_modules/typescript/lib/lib.es2019.array.d.ts
	/Users/joshuaying/emblem/semantic-graph/test-ts/node_modules/typescript/lib/lib.es2019.object.d.ts
	/Users/joshuaying/emblem/semantic-graph/test-ts/node_modules/typescript/lib/lib.es2019.string.d.ts
	/Users/joshuaying/emblem/semantic-graph/test-ts/node_modules/typescript/lib/lib.es2019.symbol.d.ts
	/Users/joshuaying/emblem/semantic-graph/test-ts/node_modules/typescript/lib/lib.es2019.intl.d.ts
	/Users/joshuaying/emblem/semantic-graph/test-ts/node_modules/typescript/lib/lib.es2020.bigint.d.ts
	/Users/joshuaying/emblem/semantic-graph/test-ts/node_modules/typescript/lib/lib.es2020.date.d.ts
	/Users/joshuaying/emblem/semantic-graph/test-ts/node_modules/typescript/lib/lib.es2020.promise.d.ts
	/Users/joshuaying/emblem/semantic-graph/test-ts/node_modules/typescript/lib/lib.es2020.sharedmemory.d.ts
	/Users/joshuaying/emblem/semantic-graph/test-ts/node_modules/typescript/lib/lib.es2020.string.d.ts
	/Users/joshuaying/emblem/semantic-graph/test-ts/node_modules/typescript/lib/lib.es2020.symbol.wellknown.d.ts
	/Users/joshuaying/emblem/semantic-graph/test-ts/node_modules/typescript/lib/lib.es2020.intl.d.ts
	/Users/joshuaying/emblem/semantic-graph/test-ts/node_modules/typescript/lib/lib.es2020.number.d.ts
	/Users/joshuaying/emblem/semantic-graph/test-ts/node_modules/typescript/lib/lib.decorators.d.ts
	/Users/joshuaying/emblem/semantic-graph/test-ts/node_modules/typescript/lib/lib.decorators.legacy.d.ts
	/Users/joshuaying/emblem/semantic-graph/test-ts/node_modules/typescript/lib/lib.es2020.full.d.ts
	/Users/joshuaying/emblem/semantic-graph/test-ts/src/sequence-generator.ts
	/Users/joshuaying/emblem/semantic-graph/test-ts/src/index.ts
	/Users/joshuaying/emblem/semantic-graph/test-ts/src/bfs-test.ts


	../node_modules/typescript/lib/lib.es5.d.ts
	  Library referenced via 'es5' from file '../node_modules/typescript/lib/lib.es2015.d.ts'
	../node_modules/typescript/lib/lib.es2015.d.ts
	  Library referenced via 'es2015' from file '../node_modules/typescript/lib/lib.es2016.d.ts'
	../node_modules/typescript/lib/lib.es2016.d.ts
	  Library referenced via 'es2016' from file '../node_modules/typescript/lib/lib.es2017.d.ts'
	../node_modules/typescript/lib/lib.es2017.d.ts
	  Library referenced via 'es2017' from file '../node_modules/typescript/lib/lib.es2018.d.ts'
	../node_modules/typescript/lib/lib.es2018.d.ts
	  Library referenced via 'es2018' from file '../node_modules/typescript/lib/lib.es2019.d.ts'
	../node_modules/typescript/lib/lib.es2019.d.ts
	  Library referenced via 'es2019' from file '../node_modules/typescript/lib/lib.es2020.d.ts'
	../node_modules/typescript/lib/lib.es2020.d.ts
	  Library referenced via 'es2020' from file '../node_modules/typescript/lib/lib.es2020.full.d.ts'
	../node_modules/typescript/lib/lib.dom.d.ts
	  Library referenced via 'dom' from file '../node_modules/typescript/lib/lib.es2020.full.d.ts'
	../node_modules/typescript/lib/lib.dom.iterable.d.ts
	  Library referenced via 'dom.iterable' from file '../node_modules/typescript/lib/lib.es2020.full.d.ts'
	../node_modules/typescript/lib/lib.webworker.importscripts.d.ts
	  Library referenced via 'webworker.importscripts' from file '../node_modules/typescript/lib/lib.es2020.full.d.ts'
	../node_modules/typescript/lib/lib.scripthost.d.ts
	  Library referenced via 'scripthost' from file '../node_modules/typescript/lib/lib.es2020.full.d.ts'
	../node_modules/typescript/lib/lib.es2015.core.d.ts
	  Library referenced via 'es2015.core' from file '../node_modules/typescript/lib/lib.es2015.d.ts'
	../node_modules/typescript/lib/lib.es2015.collection.d.ts
	  Library referenced via 'es2015.collection' from file '../node_modules/typescript/lib/lib.es2015.d.ts'
	../node_modules/typescript/lib/lib.es2015.generator.d.ts
	  Library referenced via 'es2015.generator' from file '../node_modules/typescript/lib/lib.es2015.d.ts'
	../node_modules/typescript/lib/lib.es2015.iterable.d.ts
	  Library referenced via 'es2015.iterable' from file '../node_modules/typescript/lib/lib.es2015.d.ts'
	  Library referenced via 'es2015.iterable' from file '../node_modules/typescript/lib/lib.es2015.generator.d.ts'
	  Library referenced via 'es2015.iterable' from file '../node_modules/typescript/lib/lib.es2018.asynciterable.d.ts'
	  Library referenced via 'es2015.iterable' from file '../node_modules/typescript/lib/lib.es2019.object.d.ts'
	  Library referenced via 'es2015.iterable' from file '../node_modules/typescript/lib/lib.es2020.string.d.ts'
	  Library referenced via 'es2015.iterable' from file '../node_modules/typescript/lib/lib.es2020.symbol.wellknown.d.ts'
	../node_modules/typescript/lib/lib.es2015.promise.d.ts
	  Library referenced via 'es2015.promise' from file '../node_modules/typescript/lib/lib.es2015.d.ts'
	../node_modules/typescript/lib/lib.es2015.proxy.d.ts
	  Library referenced via 'es2015.proxy' from file '../node_modules/typescript/lib/lib.es2015.d.ts'
	../node_modules/typescript/lib/lib.es2015.reflect.d.ts
	  Library referenced via 'es2015.reflect' from file '../node_modules/typescript/lib/lib.es2015.d.ts'
	../node_modules/typescript/lib/lib.es2015.symbol.d.ts
	  Library referenced via 'es2015.symbol' from file '../node_modules/typescript/lib/lib.es2015.iterable.d.ts'
	  Library referenced via 'es2015.symbol' from file '../node_modules/typescript/lib/lib.es2015.d.ts'
	  Library referenced via 'es2015.symbol' from file '../node_modules/typescript/lib/lib.es2015.symbol.wellknown.d.ts'
	  Library referenced via 'es2015.symbol' from file '../node_modules/typescript/lib/lib.es2017.sharedmemory.d.ts'
	  Library referenced via 'es2015.symbol' from file '../node_modules/typescript/lib/lib.es2018.asynciterable.d.ts'
	  Library referenced via 'es2015.symbol' from file '../node_modules/typescript/lib/lib.es2020.symbol.wellknown.d.ts'
	../node_modules/typescript/lib/lib.es2015.symbol.wellknown.d.ts
	  Library referenced via 'es2015.symbol.wellknown' from file '../node_modules/typescript/lib/lib.es2015.d.ts'
	  Library referenced via 'es2015.symbol.wellknown' from file '../node_modules/typescript/lib/lib.es2017.sharedmemory.d.ts'
	../node_modules/typescript/lib/lib.es2016.array.include.d.ts
	  Library referenced via 'es2016.array.include' from file '../node_modules/typescript/lib/lib.es2016.d.ts'
	../node_modules/typescript/lib/lib.es2017.date.d.ts
	  Library referenced via 'es2017.date' from file '../node_modules/typescript/lib/lib.es2017.d.ts'
	../node_modules/typescript/lib/lib.es2017.object.d.ts
	  Library referenced via 'es2017.object' from file '../node_modules/typescript/lib/lib.es2017.d.ts'
	../node_modules/typescript/lib/lib.es2017.sharedmemory.d.ts
	  Library referenced via 'es2017.sharedmemory' from file '../node_modules/typescript/lib/lib.es2017.d.ts'
	../node_modules/typescript/lib/lib.es2017.string.d.ts
	  Library referenced via 'es2017.string' from file '../node_modules/typescript/lib/lib.es2017.d.ts'
	../node_modules/typescript/lib/lib.es2017.intl.d.ts
	  Library referenced via 'es2017.intl' from file '../node_modules/typescript/lib/lib.es2017.d.ts'
	../node_modules/typescript/lib/lib.es2017.typedarrays.d.ts
	  Library referenced via 'es2017.typedarrays' from file '../node_modules/typescript/lib/lib.es2017.d.ts'
	../node_modules/typescript/lib/lib.es2018.asyncgenerator.d.ts
	  Library referenced via 'es2018.asyncgenerator' from file '../node_modules/typescript/lib/lib.es2018.d.ts'
	../node_modules/typescript/lib/lib.es2018.asynciterable.d.ts
	  Library referenced via 'es2018.asynciterable' from file '../node_modules/typescript/lib/lib.es2018.d.ts'
	  Library referenced via 'es2018.asynciterable' from file '../node_modules/typescript/lib/lib.es2018.asyncgenerator.d.ts'
	../node_modules/typescript/lib/lib.es2018.intl.d.ts
	  Library referenced via 'es2018.intl' from file '../node_modules/typescript/lib/lib.es2018.d.ts'
	  Library referenced via 'es2018.intl' from file '../node_modules/typescript/lib/lib.es2020.intl.d.ts'
	../node_modules/typescript/lib/lib.es2018.promise.d.ts
	  Library referenced via 'es2018.promise' from file '../node_modules/typescript/lib/lib.es2018.d.ts'
	../node_modules/typescript/lib/lib.es2018.regexp.d.ts
	  Library referenced via 'es2018.regexp' from file '../node_modules/typescript/lib/lib.es2018.d.ts'
	../node_modules/typescript/lib/lib.es2019.array.d.ts
	  Library referenced via 'es2019.array' from file '../node_modules/typescript/lib/lib.es2019.d.ts'
	../node_modules/typescript/lib/lib.es2019.object.d.ts
	  Library referenced via 'es2019.object' from file '../node_modules/typescript/lib/lib.es2019.d.ts'
	../node_modules/typescript/lib/lib.es2019.string.d.ts
	  Library referenced via 'es2019.string' from file '../node_modules/typescript/lib/lib.es2019.d.ts'
	../node_modules/typescript/lib/lib.es2019.symbol.d.ts
	  Library referenced via 'es2019.symbol' from file '../node_modules/typescript/lib/lib.es2019.d.ts'
	../node_modules/typescript/lib/lib.es2019.intl.d.ts
	  Library referenced via 'es2019.intl' from file '../node_modules/typescript/lib/lib.es2019.d.ts'
	../node_modules/typescript/lib/lib.es2020.bigint.d.ts
	  Library referenced via 'es2020.bigint' from file '../node_modules/typescript/lib/lib.es2020.d.ts'
	../node_modules/typescript/lib/lib.es2020.date.d.ts
	  Library referenced via 'es2020.date' from file '../node_modules/typescript/lib/lib.es2020.d.ts'
	../node_modules/typescript/lib/lib.es2020.promise.d.ts
	  Library referenced via 'es2020.promise' from file '../node_modules/typescript/lib/lib.es2020.d.ts'
	../node_modules/typescript/lib/lib.es2020.sharedmemory.d.ts
	  Library referenced via 'es2020.sharedmemory' from file '../node_modules/typescript/lib/lib.es2020.d.ts'
	../node_modules/typescript/lib/lib.es2020.string.d.ts
	  Library referenced via 'es2020.string' from file '../node_modules/typescript/lib/lib.es2020.d.ts'
	../node_modules/typescript/lib/lib.es2020.symbol.wellknown.d.ts
	  Library referenced via 'es2020.symbol.wellknown' from file '../node_modules/typescript/lib/lib.es2020.d.ts'
	../node_modules/typescript/lib/lib.es2020.intl.d.ts
	  Library referenced via 'es2020.intl' from file '../node_modules/typescript/lib/lib.es2020.bigint.d.ts'
	  Library referenced via 'es2020.intl' from file '../node_modules/typescript/lib/lib.es2020.date.d.ts'
	  Library referenced via 'es2020.intl' from file '../node_modules/typescript/lib/lib.es2020.number.d.ts'
	  Library referenced via 'es2020.intl' from file '../node_modules/typescript/lib/lib.es2020.d.ts'
	../node_modules/typescript/lib/lib.es2020.number.d.ts
	  Library referenced via 'es2020.number' from file '../node_modules/typescript/lib/lib.es2020.d.ts'
	../node_modules/typescript/lib/lib.decorators.d.ts
	  Library referenced via 'decorators' from file '../node_modules/typescript/lib/lib.es5.d.ts'
	../node_modules/typescript/lib/lib.decorators.legacy.d.ts
	  Library referenced via 'decorators.legacy' from file '../node_modules/typescript/lib/lib.es5.d.ts'
	../node_modules/typescript/lib/lib.es2020.full.d.ts
	  Default library for target 'es2020'
	sequence-generator.ts
	  Root file specified for compilation
	index.ts
	  Root file specified for compilation
	bfs-test.ts
	  Root file specified for compilation

Info 61   [21:05:59.460] -----------------------------------------------
Info 62   [21:05:59.460] Project '/dev/null/inferredProject1*' (Inferred)
Info 62   [21:05:59.460] 	Files (51)

Info 62   [21:05:59.460] -----------------------------------------------
Info 62   [21:05:59.460] Open files: 
Info 62   [21:05:59.460] 	FileName: /Users/joshuaying/emblem/semantic-graph/test-ts/src/sequence-generator.ts ProjectRootPath: /Users/joshuaying/emblem/semantic-graph/test-ts/src
Info 62   [21:05:59.460] 		Projects: /dev/null/inferredProject1*
Info 62   [21:05:59.460] 	FileName: /Users/joshuaying/emblem/semantic-graph/test-ts/src/index.ts ProjectRootPath: /Users/joshuaying/emblem/semantic-graph/test-ts/src
Info 62   [21:05:59.460] 		Projects: /dev/null/inferredProject1*
Info 62   [21:05:59.460] 	FileName: /Users/joshuaying/emblem/semantic-graph/test-ts/src/bfs-test.ts ProjectRootPath: /Users/joshuaying/emblem/semantic-graph/test-ts/src
Info 62   [21:05:59.460] 		Projects: /dev/null/inferredProject1*
Perf 62   [21:05:59.460] 4::open: async elapsed time (in milliseconds) 5.3347
Info 63   [21:05:59.460] request:
    {
      "seq": 5,
      "type": "request",
      "command": "geterr",
      "arguments": {
        "delay": 0,
        "files": [
          "/Users/joshuaying/emblem/semantic-graph/test-ts/src/bfs-test.ts",
          "/Users/joshuaying/emblem/semantic-graph/test-ts/src/index.ts",
          "/Users/joshuaying/emblem/semantic-graph/test-ts/src/sequence-generator.ts"
        ]
      }
    }
Perf 64   [21:05:59.461] 5::geterr: async elapsed time (in milliseconds) 0.4304
Info 65   [21:05:59.461] event:
    {"seq":0,"type":"event","event":"syntaxDiag","body":{"file":"/Users/joshuaying/emblem/semantic-graph/test-ts/src/bfs-test.ts","diagnostics":[]}}
Info 66   [21:05:59.471] event:
    {"seq":0,"type":"event","event":"semanticDiag","body":{"file":"/Users/joshuaying/emblem/semantic-graph/test-ts/src/bfs-test.ts","diagnostics":[]}}
Info 67   [21:05:59.472] request:
    {
      "seq": 6,
      "type": "request",
      "command": "references",
      "arguments": {
        "file": "/Users/joshuaying/emblem/semantic-graph/test-ts/src/sequence-generator.ts",
        "line": 21,
        "offset": 5
      }
    }
Info 68   [21:05:59.473] Finding references to /Users/joshuaying/emblem/semantic-graph/test-ts/src/sequence-generator.ts position 670 in project /dev/null/inferredProject1*
Perf 69   [21:05:59.498] 6::references: elapsed time (in milliseconds) 26.2665
Info 70   [21:05:59.498] response:
    {"seq":0,"type":"response","command":"references","request_seq":6,"success":true,"body":{"refs":[{"file":"/Users/joshuaying/emblem/semantic-graph/test-ts/src/sequence-generator.ts","start":{"line":13,"offset":29},"end":{"line":13,"offset":48},"isWriteAccess":false,"isDefinition":false},{"file":"/Users/joshuaying/emblem/semantic-graph/test-ts/src/sequence-generator.ts","start":{"line":21,"offset":14},"end":{"line":21,"offset":33},"contextStart":{"line":21,"offset":5},"contextEnd":{"line":21,"offset":41},"isWriteAccess":false,"isDefinition":true},{"file":"/Users/joshuaying/emblem/semantic-graph/test-ts/src/sequence-generator.ts","start":{"line":40,"offset":5},"end":{"line":40,"offset":24},"contextStart":{"line":40,"offset":5},"contextEnd":{"line":42,"offset":6},"isWriteAccess":true,"isDefinition":false}],"symbolName":"","symbolStartOffset":0,"symbolDisplayString":""}}
Info 71   [21:05:59.499] event:
    {"seq":0,"type":"event","event":"suggestionDiag","body":{"file":"/Users/joshuaying/emblem/semantic-graph/test-ts/src/bfs-test.ts","diagnostics":[]}}
Info 72   [21:05:59.499] request:
    {
      "seq": 7,
      "type": "request",
      "command": "references",
      "arguments": {
        "file": "/Users/joshuaying/emblem/semantic-graph/test-ts/src/sequence-generator.ts",
        "line": 25,
        "offset": 1
      }
    }
Info 73   [21:05:59.499] Finding references to /Users/joshuaying/emblem/semantic-graph/test-ts/src/sequence-generator.ts position 711 in project /dev/null/inferredProject1*
Perf 74   [21:05:59.500] 7::references: elapsed time (in milliseconds) 1.0379
Info 75   [21:05:59.500] response:
    {"seq":0,"type":"response","command":"references","request_seq":7,"success":true,"body":{"refs":[{"file":"/Users/joshuaying/emblem/semantic-graph/test-ts/src/sequence-generator.ts","start":{"line":2,"offset":15},"end":{"line":2,"offset":23},"isWriteAccess":false,"isDefinition":false},{"file":"/Users/joshuaying/emblem/semantic-graph/test-ts/src/sequence-generator.ts","start":{"line":6,"offset":73},"end":{"line":6,"offset":81},"isWriteAccess":false,"isDefinition":false},{"file":"/Users/joshuaying/emblem/semantic-graph/test-ts/src/sequence-generator.ts","start":{"line":25,"offset":11},"end":{"line":25,"offset":19},"contextStart":{"line":25,"offset":1},"contextEnd":{"line":27,"offset":2},"isWriteAccess":true,"isDefinition":true},{"file":"/Users/joshuaying/emblem/semantic-graph/test-ts/src/sequence-generator.ts","start":{"line":29,"offset":30},"end":{"line":29,"offset":38},"isWriteAccess":false,"isDefinition":false}],"symbolName":"","symbolStartOffset":0,"symbolDisplayString":""}}
Info 76   [21:05:59.500] event:
    {"seq":0,"type":"event","event":"syntaxDiag","body":{"file":"/Users/joshuaying/emblem/semantic-graph/test-ts/src/index.ts","diagnostics":[]}}
Info 77   [21:05:59.500] event:
    {"seq":0,"type":"event","event":"semanticDiag","body":{"file":"/Users/joshuaying/emblem/semantic-graph/test-ts/src/index.ts","diagnostics":[]}}
Info 78   [21:05:59.500] event:
    {"seq":0,"type":"event","event":"suggestionDiag","body":{"file":"/Users/joshuaying/emblem/semantic-graph/test-ts/src/index.ts","diagnostics":[]}}
Info 79   [21:05:59.501] request:
    {
      "seq": 8,
      "type": "request",
      "command": "references",
      "arguments": {
        "file": "/Users/joshuaying/emblem/semantic-graph/test-ts/src/sequence-generator.ts",
        "line": 26,
        "offset": 5
      }
    }
Info 80   [21:05:59.501] Finding references to /Users/joshuaying/emblem/semantic-graph/test-ts/src/sequence-generator.ts position 739 in project /dev/null/inferredProject1*
Perf 81   [21:05:59.505] 8::references: elapsed time (in milliseconds) 4.6629
Info 82   [21:05:59.505] response:
    {"seq":0,"type":"response","command":"references","request_seq":8,"success":true,"body":{"refs":[{"file":"/Users/joshuaying/emblem/semantic-graph/test-ts/src/sequence-generator.ts","start":{"line":16,"offset":41},"end":{"line":16,"offset":48},"isWriteAccess":false,"isDefinition":false},{"file":"/Users/joshuaying/emblem/semantic-graph/test-ts/src/sequence-generator.ts","start":{"line":26,"offset":5},"end":{"line":26,"offset":12},"contextStart":{"line":26,"offset":5},"contextEnd":{"line":26,"offset":23},"isWriteAccess":false,"isDefinition":true},{"file":"/Users/joshuaying/emblem/semantic-graph/test-ts/src/sequence-generator.ts","start":{"line":30,"offset":5},"end":{"line":30,"offset":12},"contextStart":{"line":30,"offset":5},"contextEnd":{"line":32,"offset":6},"isWriteAccess":true,"isDefinition":false}],"symbolName":"combine","symbolStartOffset":5,"symbolDisplayString":"(method) Combiner<T>.combine(l: T[]): T"}}
Info 83   [21:05:59.505] event:
    {"seq":0,"type":"event","event":"syntaxDiag","body":{"file":"/Users/joshuaying/emblem/semantic-graph/test-ts/src/sequence-generator.ts","diagnostics":[]}}
Info 84   [21:05:59.515] event:
    {"seq":0,"type":"event","event":"semanticDiag","body":{"file":"/Users/joshuaying/emblem/semantic-graph/test-ts/src/sequence-generator.ts","diagnostics":[]}}
Info 85   [21:05:59.515] request:
    {
      "seq": 9,
      "type": "request",
      "command": "references",
      "arguments": {
        "file": "/Users/joshuaying/emblem/semantic-graph/test-ts/src/sequence-generator.ts",
        "line": 29,
        "offset": 1
      }
    }
Info 86   [21:05:59.515] Finding references to /Users/joshuaying/emblem/semantic-graph/test-ts/src/sequence-generator.ts position 761 in project /dev/null/inferredProject1*
Perf 87   [21:05:59.516] 9::references: elapsed time (in milliseconds) 0.8786
Info 88   [21:05:59.516] response:
    {"seq":0,"type":"response","command":"references","request_seq":9,"success":true,"body":{"refs":[{"file":"/Users/joshuaying/emblem/semantic-graph/test-ts/src/sequence-generator.ts","start":{"line":29,"offset":7},"end":{"line":29,"offset":18},"contextStart":{"line":29,"offset":1},"contextEnd":{"line":33,"offset":2},"isWriteAccess":true,"isDefinition":true},{"file":"/Users/joshuaying/emblem/semantic-graph/test-ts/src/sequence-generator.ts","start":{"line":37,"offset":40},"end":{"line":37,"offset":51},"isWriteAccess":false,"isDefinition":false}],"symbolName":"class","symbolStartOffset":1,"symbolDisplayString":"class NumberAdder"}}
Info 89   [21:05:59.516] event:
    {"seq":0,"type":"event","event":"suggestionDiag","body":{"file":"/Users/joshuaying/emblem/semantic-graph/test-ts/src/sequence-generator.ts","diagnostics":[]}}
Info 90   [21:05:59.516] event:
    {"seq":0,"type":"event","event":"requestCompleted","body":{"request_seq":5}}
Info 91   [21:05:59.516] request:
    {
      "seq": 10,
      "type": "request",
      "command": "references",
      "arguments": {
        "file": "/Users/joshuaying/emblem/semantic-graph/test-ts/src/sequence-generator.ts",
        "line": 30,
        "offset": 5
      }
    }
Info 92   [21:05:59.516] Finding references to /Users/joshuaying/emblem/semantic-graph/test-ts/src/sequence-generator.ts position 813 in project /dev/null/inferredProject1*
Perf 93   [21:05:59.518] 10::references: elapsed time (in milliseconds) 1.3189
Info 94   [21:05:59.518] response:
    {"seq":0,"type":"response","command":"references","request_seq":10,"success":true,"body":{"refs":[{"file":"/Users/joshuaying/emblem/semantic-graph/test-ts/src/sequence-generator.ts","start":{"line":16,"offset":41},"end":{"line":16,"offset":48},"isWriteAccess":false,"isDefinition":false},{"file":"/Users/joshuaying/emblem/semantic-graph/test-ts/src/sequence-generator.ts","start":{"line":26,"offset":5},"end":{"line":26,"offset":12},"contextStart":{"line":26,"offset":5},"contextEnd":{"line":26,"offset":23},"isWriteAccess":false,"isDefinition":false},{"file":"/Users/joshuaying/emblem/semantic-graph/test-ts/src/sequence-generator.ts","start":{"line":30,"offset":5},"end":{"line":30,"offset":12},"contextStart":{"line":30,"offset":5},"contextEnd":{"line":32,"offset":6},"isWriteAccess":true,"isDefinition":true}],"symbolName":"combine","symbolStartOffset":5,"symbolDisplayString":"(method) NumberAdder.combine(l: number[]): number"}}
Info 95   [21:05:59.518] request:
    {
      "seq": 11,
      "type": "request",
      "command": "references",
      "arguments": {
        "file": "/Users/joshuaying/emblem/semantic-graph/test-ts/src/sequence-generator.ts",
        "line": 35,
        "offset": 1
      }
    }
Info 96   [21:05:59.518] Finding references to /Users/joshuaying/emblem/semantic-graph/test-ts/src/sequence-generator.ts position 906 in project /dev/null/inferredProject1*
Perf 97   [21:05:59.519] 11::references: elapsed time (in milliseconds) 0.5822
Info 98   [21:05:59.519] response:
    {"seq":0,"type":"response","command":"references","request_seq":11,"success":true,"body":{"refs":[{"file":"/Users/joshuaying/emblem/semantic-graph/test-ts/src/sequence-generator.ts","start":{"line":35,"offset":7},"end":{"line":35,"offset":32},"contextStart":{"line":35,"offset":1},"contextEnd":{"line":43,"offset":2},"isWriteAccess":true,"isDefinition":true},{"file":"/Users/joshuaying/emblem/semantic-graph/test-ts/src/sequence-generator.ts","start":{"line":46,"offset":22},"end":{"line":46,"offset":47},"isWriteAccess":false,"isDefinition":false}],"symbolName":"class","symbolStartOffset":1,"symbolDisplayString":"class ConcreteSequenceGenerator"}}
Info 99   [21:05:59.519] request:
    {
      "seq": 12,
      "type": "request",
      "command": "references",
      "arguments": {
        "file": "/Users/joshuaying/emblem/semantic-graph/test-ts/src/sequence-generator.ts",
        "line": 36,
        "offset": 5
      }
    }
Info 100  [21:05:59.519] Finding references to /Users/joshuaying/emblem/semantic-graph/test-ts/src/sequence-generator.ts position 978 in project /dev/null/inferredProject1*
Perf 101  [21:05:59.520] 12::references: elapsed time (in milliseconds) 1.4200
Info 102  [21:05:59.520] response:
    {"seq":0,"type":"response","command":"references","request_seq":12,"success":true,"body":{"refs":[{"file":"/Users/joshuaying/emblem/semantic-graph/test-ts/src/sequence-generator.ts","start":{"line":36,"offset":5},"end":{"line":36,"offset":16},"contextStart":{"line":36,"offset":5},"contextEnd":{"line":38,"offset":6},"isWriteAccess":false,"isDefinition":true},{"file":"/Users/joshuaying/emblem/semantic-graph/test-ts/src/sequence-generator.ts","start":{"line":46,"offset":22},"end":{"line":46,"offset":47},"isWriteAccess":false,"isDefinition":false}],"symbolName":"constructor","symbolStartOffset":5,"symbolDisplayString":"constructor ConcreteSequenceGenerator(generationLength: number): ConcreteSequenceGenerator"}}
Info 103  [21:05:59.521] request:
    {
      "seq": 13,
      "type": "request",
      "command": "references",
      "arguments": {
        "file": "/Users/joshuaying/emblem/semantic-graph/test-ts/src/sequence-generator.ts",
        "line": 40,
        "offset": 5
      }
    }
Info 104  [21:05:59.521] Finding references to /Users/joshuaying/emblem/semantic-graph/test-ts/src/sequence-generator.ts position 1084 in project /dev/null/inferredProject1*
Perf 105  [21:05:59.522] 13::references: elapsed time (in milliseconds) 0.9700
Info 106  [21:05:59.522] response:
    {"seq":0,"type":"response","command":"references","request_seq":13,"success":true,"body":{"refs":[{"file":"/Users/joshuaying/emblem/semantic-graph/test-ts/src/sequence-generator.ts","start":{"line":13,"offset":29},"end":{"line":13,"offset":48},"isWriteAccess":false,"isDefinition":false},{"file":"/Users/joshuaying/emblem/semantic-graph/test-ts/src/sequence-generator.ts","start":{"line":21,"offset":14},"end":{"line":21,"offset":33},"contextStart":{"line":21,"offset":5},"contextEnd":{"line":21,"offset":41},"isWriteAccess":false,"isDefinition":false},{"file":"/Users/joshuaying/emblem/semantic-graph/test-ts/src/sequence-generator.ts","start":{"line":40,"offset":5},"end":{"line":40,"offset":24},"contextStart":{"line":40,"offset":5},"contextEnd":{"line":42,"offset":6},"isWriteAccess":true,"isDefinition":true}],"symbolName":"getStartingSequence","symbolStartOffset":5,"symbolDisplayString":"(method) ConcreteSequenceGenerator.getStartingSequence(): number[]"}}
Info 107  [21:05:59.522] request:
    {
      "seq": 14,
      "type": "request",
      "command": "references",
      "arguments": {
        "file": "/Users/joshuaying/emblem/semantic-graph/test-ts/src/sequence-generator.ts",
        "line": 45,
        "offset": 1
      }
    }
Info 108  [21:05:59.522] Finding references to /Users/joshuaying/emblem/semantic-graph/test-ts/src/sequence-generator.ts position 1150 in project /dev/null/inferredProject1*
Perf 109  [21:05:59.524] 14::references: elapsed time (in milliseconds) 1.7507
Info 110  [21:05:59.524] response:
    {"seq":0,"type":"response","command":"references","request_seq":14,"success":true,"body":{"refs":[{"file":"/Users/joshuaying/emblem/semantic-graph/test-ts/src/sequence-generator.ts","start":{"line":45,"offset":10},"end":{"line":45,"offset":14},"contextStart":{"line":45,"offset":1},"contextEnd":{"line":47,"offset":2},"isWriteAccess":true,"isDefinition":true},{"file":"/Users/joshuaying/emblem/semantic-graph/test-ts/src/sequence-generator.ts","start":{"line":49,"offset":1},"end":{"line":49,"offset":5},"isWriteAccess":false,"isDefinition":false}],"symbolName":"function","symbolStartOffset":1,"symbolDisplayString":"function main(): void"}}
Info 111  [21:05:59.524] request:
    {
      "seq": 15,
      "type": "request",
      "command": "references",
      "arguments": {
        "file": "/Users/joshuaying/emblem/semantic-graph/test-ts/src/bfs-test.ts",
        "line": 1,
        "offset": 1
      }
    }
Info 112  [21:05:59.524] Finding references to /Users/joshuaying/emblem/semantic-graph/test-ts/src/bfs-test.ts position 0 in project /dev/null/inferredProject1*
Perf 113  [21:05:59.535] 15::references: elapsed time (in milliseconds) 10.4702
Info 114  [21:05:59.535] response:
    {"seq":0,"type":"response","command":"references","request_seq":15,"success":true,"body":{"refs":[{"file":"/Users/joshuaying/emblem/semantic-graph/test-ts/src/bfs-test.ts","start":{"line":1,"offset":7},"end":{"line":1,"offset":8},"contextStart":{"line":1,"offset":1},"contextEnd":{"line":12,"offset":2},"isWriteAccess":true,"isDefinition":true}],"symbolName":"class","symbolStartOffset":1,"symbolDisplayString":"class A"}}
Info 115  [21:05:59.537] request:
    {
      "seq": 16,
      "type": "request",
      "command": "references",
      "arguments": {
        "file": "/Users/joshuaying/emblem/semantic-graph/test-ts/src/bfs-test.ts",
        "line": 2,
        "offset": 5
      }
    }
Info 116  [21:05:59.537] Finding references to /Users/joshuaying/emblem/semantic-graph/test-ts/src/bfs-test.ts position 14 in project /dev/null/inferredProject1*
Perf 117  [21:05:59.538] 16::references: elapsed time (in milliseconds) 1.1004
Info 118  [21:05:59.538] response:
    {"seq":0,"type":"response","command":"references","request_seq":16,"success":true,"body":{"refs":[{"file":"/Users/joshuaying/emblem/semantic-graph/test-ts/src/bfs-test.ts","start":{"line":2,"offset":5},"end":{"line":2,"offset":11},"contextStart":{"line":2,"offset":5},"contextEnd":{"line":2,"offset":19},"isWriteAccess":false,"isDefinition":true},{"file":"/Users/joshuaying/emblem/semantic-graph/test-ts/src/bfs-test.ts","start":{"line":4,"offset":14},"end":{"line":4,"offset":20},"isWriteAccess":true,"isDefinition":false},{"file":"/Users/joshuaying/emblem/semantic-graph/test-ts/src/bfs-test.ts","start":{"line":10,"offset":14},"end":{"line":10,"offset":20},"isWriteAccess":false,"isDefinition":false}],"symbolName":"aField","symbolStartOffset":5,"symbolDisplayString":"(property) A.aField: number"}}
Info 119  [21:05:59.539] request:
    {
      "seq": 17,
      "type": "request",
      "command": "references",
      "arguments": {
        "file": "/Users/joshuaying/emblem/semantic-graph/test-ts/src/bfs-test.ts",
        "line": 3,
        "offset": 5
      }
    }
Info 120  [21:05:59.539] Finding references to /Users/joshuaying/emblem/semantic-graph/test-ts/src/bfs-test.ts position 33 in project /dev/null/inferredProject1*
Perf 121  [21:05:59.542] 17::references: elapsed time (in milliseconds) 3.2000
Info 122  [21:05:59.542] response:
    {"seq":0,"type":"response","command":"references","request_seq":17,"success":true,"body":{"refs":[{"file":"/Users/joshuaying/emblem/semantic-graph/test-ts/src/bfs-test.ts","start":{"line":3,"offset":5},"end":{"line":3,"offset":16},"contextStart":{"line":3,"offset":5},"contextEnd":{"line":5,"offset":6},"isWriteAccess":false,"isDefinition":true}],"symbolName":"constructor","symbolStartOffset":5,"symbolDisplayString":"constructor A(): A"}}
Info 123  [21:05:59.542] request:
    {
      "seq": 18,
      "type": "request",
      "command": "references",
      "arguments": {
        "file": "/Users/joshuaying/emblem/semantic-graph/test-ts/src/bfs-test.ts",
        "line": 6,
        "offset": 5
      }
    }
Info 124  [21:05:59.543] Finding references to /Users/joshuaying/emblem/semantic-graph/test-ts/src/bfs-test.ts position 83 in project /dev/null/inferredProject1*
Perf 125  [21:05:59.543] 18::references: elapsed time (in milliseconds) 0.6683
Info 126  [21:05:59.543] response:
    {"seq":0,"type":"response","command":"references","request_seq":18,"success":true,"body":{"refs":[{"file":"/Users/joshuaying/emblem/semantic-graph/test-ts/src/bfs-test.ts","start":{"line":6,"offset":5},"end":{"line":6,"offset":6},"contextStart":{"line":6,"offset":5},"contextEnd":{"line":11,"offset":6},"isWriteAccess":true,"isDefinition":true}],"symbolName":"M","symbolStartOffset":5,"symbolDisplayString":"(method) A.M(): void"}}
Info 127  [21:05:59.544] request:
    {
      "seq": 19,
      "type": "request",
      "command": "references",
      "arguments": {
        "file": "/Users/joshuaying/emblem/semantic-graph/test-ts/src/bfs-test.ts",
        "line": 14,
        "offset": 1
      }
    }
Info 128  [21:05:59.544] Finding references to /Users/joshuaying/emblem/semantic-graph/test-ts/src/bfs-test.ts position 180 in project /dev/null/inferredProject1*
Perf 129  [21:05:59.544] 19::references: elapsed time (in milliseconds) 0.5662
Info 130  [21:05:59.544] response:
    {"seq":0,"type":"response","command":"references","request_seq":19,"success":true,"body":{"refs":[{"file":"/Users/joshuaying/emblem/semantic-graph/test-ts/src/bfs-test.ts","start":{"line":7,"offset":23},"end":{"line":7,"offset":24},"isWriteAccess":false,"isDefinition":false},{"file":"/Users/joshuaying/emblem/semantic-graph/test-ts/src/bfs-test.ts","start":{"line":14,"offset":7},"end":{"line":14,"offset":8},"contextStart":{"line":14,"offset":1},"contextEnd":{"line":30,"offset":2},"isWriteAccess":true,"isDefinition":true}],"symbolName":"class","symbolStartOffset":1,"symbolDisplayString":"class B"}}
Info 131  [21:05:59.544] request:
    {
      "seq": 20,
      "type": "request",
      "command": "references",
      "arguments": {
        "file": "/Users/joshuaying/emblem/semantic-graph/test-ts/src/bfs-test.ts",
        "line": 15,
        "offset": 5
      }
    }
Info 132  [21:05:59.545] Finding references to /Users/joshuaying/emblem/semantic-graph/test-ts/src/bfs-test.ts position 194 in project /dev/null/inferredProject1*
Perf 133  [21:05:59.545] 20::references: elapsed time (in milliseconds) 0.5233
Info 134  [21:05:59.545] response:
    {"seq":0,"type":"response","command":"references","request_seq":20,"success":true,"body":{"refs":[{"file":"/Users/joshuaying/emblem/semantic-graph/test-ts/src/bfs-test.ts","start":{"line":15,"offset":5},"end":{"line":15,"offset":11},"contextStart":{"line":15,"offset":5},"contextEnd":{"line":15,"offset":19},"isWriteAccess":false,"isDefinition":true},{"file":"/Users/joshuaying/emblem/semantic-graph/test-ts/src/bfs-test.ts","start":{"line":19,"offset":14},"end":{"line":19,"offset":20},"isWriteAccess":true,"isDefinition":false},{"file":"/Users/joshuaying/emblem/semantic-graph/test-ts/src/bfs-test.ts","start":{"line":24,"offset":14},"end":{"line":24,"offset":20},"isWriteAccess":false,"isDefinition":false}],"symbolName":"bField","symbolStartOffset":5,"symbolDisplayString":"(property) B.bField: number"}}
Info 135  [21:05:59.545] request:
    {
      "seq": 21,
      "type": "request",
      "command": "references",
      "arguments": {
        "file": "/Users/joshuaying/emblem/semantic-graph/test-ts/src/bfs-test.ts",
        "line": 16,
        "offset": 5
      }
    }
Info 136  [21:05:59.546] Finding references to /Users/joshuaying/emblem/semantic-graph/test-ts/src/bfs-test.ts position 213 in project /dev/null/inferredProject1*
Perf 137  [21:05:59.546] 21::references: elapsed time (in milliseconds) 0.5031
Info 138  [21:05:59.546] response:
    {"seq":0,"type":"response","command":"references","request_seq":21,"success":true,"body":{"refs":[{"file":"/Users/joshuaying/emblem/semantic-graph/test-ts/src/bfs-test.ts","start":{"line":9,"offset":11},"end":{"line":9,"offset":18},"isWriteAccess":false,"isDefinition":false},{"file":"/Users/joshuaying/emblem/semantic-graph/test-ts/src/bfs-test.ts","start":{"line":16,"offset":5},"end":{"line":16,"offset":12},"contextStart":{"line":16,"offset":5},"contextEnd":{"line":16,"offset":20},"isWriteAccess":false,"isDefinition":true},{"file":"/Users/joshuaying/emblem/semantic-graph/test-ts/src/bfs-test.ts","start":{"line":20,"offset":14},"end":{"line":20,"offset":21},"isWriteAccess":true,"isDefinition":false}],"symbolName":"bField2","symbolStartOffset":5,"symbolDisplayString":"(property) B.bField2: number"}}
Info 139  [21:05:59.546] request:
    {
      "seq": 22,
      "type": "request",
      "command": "references",
      "arguments": {
        "file": "/Users/joshuaying/emblem/semantic-graph/test-ts/src/bfs-test.ts",
        "line": 17,
        "offset": 5
      }
    }
Info 140  [21:05:59.546] Finding references to /Users/joshuaying/emblem/semantic-graph/test-ts/src/bfs-test.ts position 233 in project /dev/null/inferredProject1*
Perf 141  [21:05:59.547] 22::references: elapsed time (in milliseconds) 0.4441
Info 142  [21:05:59.547] response:
    {"seq":0,"type":"response","command":"references","request_seq":22,"success":true,"body":{"refs":[{"file":"/Users/joshuaying/emblem/semantic-graph/test-ts/src/bfs-test.ts","start":{"line":17,"offset":5},"end":{"line":17,"offset":12},"contextStart":{"line":17,"offset":5},"contextEnd":{"line":17,"offset":20},"isWriteAccess":false,"isDefinition":true}],"symbolName":"bField3","symbolStartOffset":5,"symbolDisplayString":"(property) B.bField3: number"}}
Info 143  [21:05:59.547] request:
    {
      "seq": 23,
      "type": "request",
      "command": "references",
      "arguments": {
        "file": "/Users/joshuaying/emblem/semantic-graph/test-ts/src/bfs-test.ts",
        "line": 18,
        "offset": 5
      }
    }
Info 144  [21:05:59.547] Finding references to /Users/joshuaying/emblem/semantic-graph/test-ts/src/bfs-test.ts position 253 in project /dev/null/inferredProject1*
Perf 145  [21:05:59.548] 23::references: elapsed time (in milliseconds) 0.5915
Info 146  [21:05:59.548] response:
    {"seq":0,"type":"response","command":"references","request_seq":23,"success":true,"body":{"refs":[{"file":"/Users/joshuaying/emblem/semantic-graph/test-ts/src/bfs-test.ts","start":{"line":7,"offset":23},"end":{"line":7,"offset":24},"isWriteAccess":false,"isDefinition":false},{"file":"/Users/joshuaying/emblem/semantic-graph/test-ts/src/bfs-test.ts","start":{"line":18,"offset":5},"end":{"line":18,"offset":16},"contextStart":{"line":18,"offset":5},"contextEnd":{"line":21,"offset":6},"isWriteAccess":false,"isDefinition":true}],"symbolName":"constructor","symbolStartOffset":5,"symbolDisplayString":"constructor B(): B"}}
Info 147  [21:05:59.548] request:
    {
      "seq": 24,
      "type": "request",
      "command": "references",
      "arguments": {
        "file": "/Users/joshuaying/emblem/semantic-graph/test-ts/src/bfs-test.ts",
        "line": 23,
        "offset": 5
      }
    }
Info 148  [21:05:59.548] Finding references to /Users/joshuaying/emblem/semantic-graph/test-ts/src/bfs-test.ts position 331 in project /dev/null/inferredProject1*
Perf 149  [21:05:59.549] 24::references: elapsed time (in milliseconds) 0.4502
Info 150  [21:05:59.549] response:
    {"seq":0,"type":"response","command":"references","request_seq":24,"success":true,"body":{"refs":[{"file":"/Users/joshuaying/emblem/semantic-graph/test-ts/src/bfs-test.ts","start":{"line":8,"offset":11},"end":{"line":8,"offset":12},"isWriteAccess":false,"isDefinition":false},{"file":"/Users/joshuaying/emblem/semantic-graph/test-ts/src/bfs-test.ts","start":{"line":23,"offset":5},"end":{"line":23,"offset":6},"contextStart":{"line":23,"offset":5},"contextEnd":{"line":25,"offset":6},"isWriteAccess":true,"isDefinition":true}],"symbolName":"C","symbolStartOffset":5,"symbolDisplayString":"(method) B.C(): void"}}
Info 151  [21:05:59.549] request:
    {
      "seq": 25,
      "type": "request",
      "command": "references",
      "arguments": {
        "file": "/Users/joshuaying/emblem/semantic-graph/test-ts/src/bfs-test.ts",
        "line": 27,
        "offset": 5
      }
    }
Info 152  [21:05:59.549] Finding references to /Users/joshuaying/emblem/semantic-graph/test-ts/src/bfs-test.ts position 369 in project /dev/null/inferredProject1*
Perf 153  [21:05:59.550] 25::references: elapsed time (in milliseconds) 0.4720
Info 154  [21:05:59.550] response:
    {"seq":0,"type":"response","command":"references","request_seq":25,"success":true,"body":{"refs":[{"file":"/Users/joshuaying/emblem/semantic-graph/test-ts/src/bfs-test.ts","start":{"line":27,"offset":5},"end":{"line":27,"offset":6},"contextStart":{"line":27,"offset":5},"contextEnd":{"line":29,"offset":6},"isWriteAccess":true,"isDefinition":true}],"symbolName":"D","symbolStartOffset":5,"symbolDisplayString":"(method) B.D(): void"}}
