Info 0    [21:42:23.725] Starting TS Server
Info 1    [21:42:23.726] Version: 5.2.2
Info 2    [21:42:23.726] Arguments: /usr/local/bin/node /Users/joshuaying/emblem/semantic-graph/test-ts/node_modules/typescript/lib/tsserver.js --serverMode partialSemantic --useInferredProjectPerProjectRoot --disableAutomaticTypingAcquisition --cancellationPipeName /private/var/folders/1k/1hld73x1599dxmy2mtdx1jg00000gn/T/1a3f2a6ef232c7f8b54cd31de70b2b70/tscancellation* --logVerbosity verbose --logFile /Users/joshuaying/emblem/semantic-graph/test-ts/src/.log/tsserver-log-jot18s/tsserver.log --locale en --validateDefaultNpmLocation --useNodeIpc
Info 3    [21:42:23.726] Platform: darwin NodeVersion: v19.6.0 CaseSensitive: false
Info 4    [21:42:23.726] ServerMode: 1 hasUnknownServerMode: undefined
Info 5    [21:42:23.730] request:
    {
      "seq": 0,
      "type": "request",
      "command": "configure",
      "arguments": {
        "formatOptions": {
          "newLineCharacter": "\n"
        },
        "preferences": {
          "allowIncompleteCompletions": true,
          "allowRenameOfImportPath": true,
          "allowTextChangesInNewFiles": true,
          "disableLineTextInReferences": true,
          "disableSuggestions": false,
          "displayPartsForJSDoc": true,
          "generateReturnInDocTemplate": true,
          "importModuleSpecifierEnding": "auto",
          "importModuleSpecifierPreference": "shortest",
          "includeAutomaticOptionalChainCompletions": true,
          "includeCompletionsForImportStatements": true,
          "includeCompletionsForModuleExports": true,
          "includeCompletionsWithClassMemberSnippets": true,
          "includeCompletionsWithInsertText": true,
          "includeCompletionsWithObjectLiteralMethodSnippets": true,
          "includeCompletionsWithSnippetText": true,
          "includeInlayEnumMemberValueHints": false,
          "includeInlayFunctionLikeReturnTypeHints": false,
          "includeInlayFunctionParameterTypeHints": false,
          "includeInlayParameterNameHints": "none",
          "includeInlayParameterNameHintsWhenArgumentMatchesName": false,
          "includeInlayPropertyDeclarationTypeHints": false,
          "includeInlayVariableTypeHints": false,
          "includeInlayVariableTypeHintsWhenTypeMatchesName": false,
          "includePackageJsonAutoImports": "auto",
          "jsxAttributeCompletionStyle": "auto",
          "lazyConfiguredProjectsFromExternalProject": false,
          "organizeImportsAccentCollation": true,
          "organizeImportsCaseFirst": false,
          "organizeImportsCollation": "ordinal",
          "organizeImportsCollationLocale": "en",
          "organizeImportsIgnoreCase": "auto",
          "organizeImportsNumericCollation": false,
          "providePrefixAndSuffixTextForRename": true,
          "provideRefactorNotApplicableReason": true,
          "quotePreference": "auto"
        }
      }
    }
Info 6    [21:42:23.730] Format host information updated
Info 7    [21:42:23.730] response:
    {"seq":0,"type":"response","command":"configure","request_seq":0,"success":true}
Perf 8    [21:42:23.731] 0::configure: async elapsed time (in milliseconds) 0.5567
Info 9    [21:42:23.731] request:
    {
      "seq": 1,
      "type": "request",
      "command": "open",
      "arguments": {
        "file": "/Users/joshuaying/emblem/semantic-graph/test-ts/src/index.ts",
        "fileContent": "\n// // demonstrating why we need to bubble up from child to parent\n// type WrappedType = number | void;\n\n// type WrapperType = {\n//   a: string,\n//   b: WrappedType\n// }\n\n// function f() {\n//   const x: WrapperType = {\n//     a: 'hello',\n//     b: 5\n//   }\n\n//   console.log(x.b);\n// }\n\n// interface I {\n//   m(): string;\n// }\n\n// class C implements I {\n//   m() {\n//     return \"hello\";\n//   }\n// }\n\n\n/*\n// Tests for LSP idiosyncracy where subclass overriding / implementation methods are referencedBy the superclass method/field.\nabstract class A {\n  method1() {\n    this.method2()\n  }\n  abstract method2();\n}\n\nclass B extends A {\n  method2() {}\n}\n*/\n\n\nfunction B() {}\n\nclass A {\n  m1() {\n    B()\n  }\n}",
        "scriptKindName": "TS",
        "projectRootPath": "/Users/joshuaying/emblem/semantic-graph/test-ts/src"
      }
    }
Info 10   [21:42:23.734] Starting updateGraphWorker: Project: /dev/null/inferredProject1*
Info 11   [21:42:23.947] Finishing updateGraphWorker: Project: /dev/null/inferredProject1* Version: 1 structureChanged: true structureIsReused:: Not Elapsed: 212.86920881271362ms
Info 12   [21:42:23.947] Project '/dev/null/inferredProject1*' (Inferred)
Info 13   [21:42:23.947] 	Files (8)
	/Users/joshuaying/emblem/semantic-graph/test-ts/node_modules/typescript/lib/lib.d.ts
	/Users/joshuaying/emblem/semantic-graph/test-ts/node_modules/typescript/lib/lib.es5.d.ts
	/Users/joshuaying/emblem/semantic-graph/test-ts/node_modules/typescript/lib/lib.dom.d.ts
	/Users/joshuaying/emblem/semantic-graph/test-ts/node_modules/typescript/lib/lib.webworker.importscripts.d.ts
	/Users/joshuaying/emblem/semantic-graph/test-ts/node_modules/typescript/lib/lib.scripthost.d.ts
	/Users/joshuaying/emblem/semantic-graph/test-ts/node_modules/typescript/lib/lib.decorators.d.ts
	/Users/joshuaying/emblem/semantic-graph/test-ts/node_modules/typescript/lib/lib.decorators.legacy.d.ts
	/Users/joshuaying/emblem/semantic-graph/test-ts/src/index.ts


	../node_modules/typescript/lib/lib.d.ts
	  Default library for target 'es5'
	../node_modules/typescript/lib/lib.es5.d.ts
	  Library referenced via 'es5' from file '../node_modules/typescript/lib/lib.d.ts'
	../node_modules/typescript/lib/lib.dom.d.ts
	  Library referenced via 'dom' from file '../node_modules/typescript/lib/lib.d.ts'
	../node_modules/typescript/lib/lib.webworker.importscripts.d.ts
	  Library referenced via 'webworker.importscripts' from file '../node_modules/typescript/lib/lib.d.ts'
	../node_modules/typescript/lib/lib.scripthost.d.ts
	  Library referenced via 'scripthost' from file '../node_modules/typescript/lib/lib.d.ts'
	../node_modules/typescript/lib/lib.decorators.d.ts
	  Library referenced via 'decorators' from file '../node_modules/typescript/lib/lib.es5.d.ts'
	../node_modules/typescript/lib/lib.decorators.legacy.d.ts
	  Library referenced via 'decorators.legacy' from file '../node_modules/typescript/lib/lib.es5.d.ts'
	index.ts
	  Root file specified for compilation

Info 14   [21:42:23.951] -----------------------------------------------
Info 15   [21:42:23.951] Project '/dev/null/inferredProject1*' (Inferred)
Info 15   [21:42:23.951] 	Files (8)

Info 15   [21:42:23.952] -----------------------------------------------
Info 15   [21:42:23.952] Open files: 
Info 15   [21:42:23.952] 	FileName: /Users/joshuaying/emblem/semantic-graph/test-ts/src/index.ts ProjectRootPath: /Users/joshuaying/emblem/semantic-graph/test-ts/src
Info 15   [21:42:23.952] 		Projects: /dev/null/inferredProject1*
Perf 15   [21:42:23.952] 1::open: async elapsed time (in milliseconds) 220.2228
Info 16   [21:42:23.952] request:
    {
      "seq": 2,
      "type": "request",
      "command": "navtree",
      "arguments": {
        "file": "/Users/joshuaying/emblem/semantic-graph/test-ts/src/index.ts"
      }
    }
Perf 17   [21:42:23.961] 2::navtree: elapsed time (in milliseconds) 9.6591
Info 18   [21:42:23.961] response:
    {"seq":0,"type":"response","command":"navtree","request_seq":2,"success":true,"body":{"text":"<global>","kind":"script","kindModifiers":"","spans":[{"start":{"line":1,"offset":1},"end":{"line":51,"offset":2}}],"childItems":[{"text":"A","kind":"class","kindModifiers":"","spans":[{"start":{"line":47,"offset":1},"end":{"line":51,"offset":2}}],"nameSpan":{"start":{"line":47,"offset":7},"end":{"line":47,"offset":8}},"childItems":[{"text":"m1","kind":"method","kindModifiers":"","spans":[{"start":{"line":48,"offset":3},"end":{"line":50,"offset":4}}],"nameSpan":{"start":{"line":48,"offset":3},"end":{"line":48,"offset":5}}}]},{"text":"B","kind":"function","kindModifiers":"","spans":[{"start":{"line":45,"offset":1},"end":{"line":45,"offset":16}}],"nameSpan":{"start":{"line":45,"offset":10},"end":{"line":45,"offset":11}}}]}}
Info 19   [21:42:23.966] request:
    {
      "seq": 3,
      "type": "request",
      "command": "references",
      "arguments": {
        "file": "/Users/joshuaying/emblem/semantic-graph/test-ts/src/index.ts",
        "line": 45,
        "offset": 1
      }
    }
Info 20   [21:42:23.972] Finding references to /Users/joshuaying/emblem/semantic-graph/test-ts/src/index.ts position 655 in project /dev/null/inferredProject1*
Perf 21   [21:42:23.992] 3::references: elapsed time (in milliseconds) 25.7182
Info 22   [21:42:23.992] response:
    {"seq":0,"type":"response","command":"references","request_seq":3,"success":true,"body":{"refs":[{"file":"/Users/joshuaying/emblem/semantic-graph/test-ts/src/index.ts","start":{"line":45,"offset":10},"end":{"line":45,"offset":11},"contextStart":{"line":45,"offset":1},"contextEnd":{"line":45,"offset":16},"isWriteAccess":true,"isDefinition":true},{"file":"/Users/joshuaying/emblem/semantic-graph/test-ts/src/index.ts","start":{"line":49,"offset":5},"end":{"line":49,"offset":6},"isWriteAccess":false,"isDefinition":false}],"symbolName":"function","symbolStartOffset":1,"symbolDisplayString":"function B(): void"}}
Info 23   [21:42:23.995] request:
    {
      "seq": 4,
      "type": "request",
      "command": "references",
      "arguments": {
        "file": "/Users/joshuaying/emblem/semantic-graph/test-ts/src/index.ts",
        "line": 47,
        "offset": 1
      }
    }
Info 24   [21:42:23.995] Finding references to /Users/joshuaying/emblem/semantic-graph/test-ts/src/index.ts position 672 in project /dev/null/inferredProject1*
Perf 25   [21:42:24.006] 4::references: elapsed time (in milliseconds) 10.8457
Info 26   [21:42:24.006] response:
    {"seq":0,"type":"response","command":"references","request_seq":4,"success":true,"body":{"refs":[{"file":"/Users/joshuaying/emblem/semantic-graph/test-ts/src/index.ts","start":{"line":47,"offset":7},"end":{"line":47,"offset":8},"contextStart":{"line":47,"offset":1},"contextEnd":{"line":51,"offset":2},"isWriteAccess":true,"isDefinition":true}],"symbolName":"class","symbolStartOffset":1,"symbolDisplayString":"class A"}}
Info 27   [21:42:24.006] request:
    {
      "seq": 5,
      "type": "request",
      "command": "references",
      "arguments": {
        "file": "/Users/joshuaying/emblem/semantic-graph/test-ts/src/index.ts",
        "line": 48,
        "offset": 3
      }
    }
Info 28   [21:42:24.007] Finding references to /Users/joshuaying/emblem/semantic-graph/test-ts/src/index.ts position 684 in project /dev/null/inferredProject1*
Perf 29   [21:42:24.009] 5::references: elapsed time (in milliseconds) 2.1560
Info 30   [21:42:24.009] response:
    {"seq":0,"type":"response","command":"references","request_seq":5,"success":true,"body":{"refs":[{"file":"/Users/joshuaying/emblem/semantic-graph/test-ts/src/index.ts","start":{"line":48,"offset":3},"end":{"line":48,"offset":5},"contextStart":{"line":48,"offset":3},"contextEnd":{"line":50,"offset":4},"isWriteAccess":true,"isDefinition":true}],"symbolName":"m1","symbolStartOffset":3,"symbolDisplayString":"(method) A.m1(): void"}}
