Info 0    [18:24:09.234] Starting TS Server
Info 1    [18:24:09.235] Version: 5.2.2
Info 2    [18:24:09.235] Arguments: /usr/local/bin/node /Users/joshuaying/emblem/semantic-graph/test-ts/node_modules/typescript/lib/tsserver.js --useInferredProjectPerProjectRoot --cancellationPipeName /private/var/folders/1k/1hld73x1599dxmy2mtdx1jg00000gn/T/a36fe8d74029d204a4d808f56a018d20/tscancellation* --logVerbosity verbose --logFile /Users/joshuaying/emblem/semantic-graph/test-ts/src/.log/tsserver-log-8e3wsO/tsserver.log --locale en --validateDefaultNpmLocation --useNodeIpc
Info 3    [18:24:09.235] Platform: darwin NodeVersion: v19.6.0 CaseSensitive: false
Info 4    [18:24:09.235] ServerMode: undefined hasUnknownServerMode: undefined
Info 5    [18:24:09.239] Binding...
Info 6    [18:24:09.241] request:
    {
      "seq": 0,
      "type": "request",
      "command": "configure",
      "arguments": {
        "formatOptions": {
          "newLineCharacter": "\n"
        },
        "preferences": {
          "allowIncompleteCompletions": true,
          "allowRenameOfImportPath": true,
          "allowTextChangesInNewFiles": true,
          "disableLineTextInReferences": true,
          "disableSuggestions": false,
          "displayPartsForJSDoc": true,
          "generateReturnInDocTemplate": true,
          "importModuleSpecifierEnding": "auto",
          "importModuleSpecifierPreference": "shortest",
          "includeAutomaticOptionalChainCompletions": true,
          "includeCompletionsForImportStatements": true,
          "includeCompletionsForModuleExports": true,
          "includeCompletionsWithClassMemberSnippets": true,
          "includeCompletionsWithInsertText": true,
          "includeCompletionsWithObjectLiteralMethodSnippets": true,
          "includeCompletionsWithSnippetText": true,
          "includeInlayEnumMemberValueHints": false,
          "includeInlayFunctionLikeReturnTypeHints": false,
          "includeInlayFunctionParameterTypeHints": false,
          "includeInlayParameterNameHints": "none",
          "includeInlayParameterNameHintsWhenArgumentMatchesName": false,
          "includeInlayPropertyDeclarationTypeHints": false,
          "includeInlayVariableTypeHints": false,
          "includeInlayVariableTypeHintsWhenTypeMatchesName": false,
          "includePackageJsonAutoImports": "auto",
          "jsxAttributeCompletionStyle": "auto",
          "lazyConfiguredProjectsFromExternalProject": false,
          "organizeImportsAccentCollation": true,
          "organizeImportsCaseFirst": false,
          "organizeImportsCollation": "ordinal",
          "organizeImportsCollationLocale": "en",
          "organizeImportsIgnoreCase": "auto",
          "organizeImportsNumericCollation": false,
          "providePrefixAndSuffixTextForRename": true,
          "provideRefactorNotApplicableReason": true,
          "quotePreference": "auto"
        }
      }
    }
Info 7    [18:24:09.242] Format host information updated
Info 8    [18:24:09.242] response:
    {"seq":0,"type":"response","command":"configure","request_seq":0,"success":true}
Perf 9    [18:24:09.242] 0::configure: async elapsed time (in milliseconds) 0.4460
Info 10   [18:24:09.242] event:
    {"seq":0,"type":"event","event":"typingsInstallerPid","body":{"pid":27270}}
Info 11   [18:24:09.242] request:
    {
      "seq": 1,
      "type": "request",
      "command": "compilerOptionsForInferredProjects",
      "arguments": {
        "options": {
          "module": "ESNext",
          "moduleResolution": "Node",
          "target": "ES2020",
          "jsx": "React",
          "strictNullChecks": true,
          "strictFunctionTypes": true,
          "sourceMap": true,
          "allowJs": true,
          "allowNonTsExtensions": true,
          "allowSyntheticDefaultImports": true,
          "resolveJsonModule": true
        }
      }
    }
Perf 12   [18:24:09.242] 1::compilerOptionsForInferredProjects: elapsed time (in milliseconds) 0.2195
Info 13   [18:24:09.242] response:
    {"seq":0,"type":"response","command":"compilerOptionsForInferredProjects","request_seq":1,"success":true,"body":true}
Info 14   [18:24:09.243] request:
    {
      "seq": 2,
      "type": "request",
      "command": "open",
      "arguments": {
        "file": "/Users/joshuaying/emblem/semantic-graph/test-ts/src/sequence-generator.ts",
        "fileContent": "// abstract class SequenceGenerator<T> {\n//     combiner: Combiner<T>;\n//     windowSize: number;\n//     generationLength: number;\n\n//     constructor(windowSize: number, generationLength: number, combiner: Combiner<T>) {\n//         this.windowSize = windowSize;\n//         this.generationLength = generationLength;\n//         this.combiner = combiner;\n//     }\n\n//     generateSequence(): T[] {\n//         var sequence = this.getStartingSequence();\n//         for (var i = 0; i < this.generationLength; i++) {\n//             const latest_window = sequence.slice(sequence.length - this.windowSize);\n//             sequence.push(this.combiner.combine(latest_window))\n//         }\n//         return sequence;\n//     }\n\n//     abstract getStartingSequence(): T[];\n// }\n\n\n// interface Combiner<T> {\n//     combine(l: T[]): T\n// }\n\n// class NumberAdder implements Combiner<number> {\n//     combine(l: number[]): number {\n//         return l.reduce((prev, curr) => prev + curr)\n//     }\n// }\n\n// class ConcreteSequenceGenerator extends SequenceGenerator<number> {\n//     constructor(generationLength: number) {\n//         super(2, generationLength, new NumberAdder());\n//     }\n\n//     getStartingSequence(): number[] {\n//         return [0, 1];\n//     }\n// }\n\n// function main() {\n//     console.log((new ConcreteSequenceGenerator(10)).generateSequence());\n// }\n\n// main();",
        "scriptKindName": "TS",
        "projectRootPath": "/Users/joshuaying/emblem/semantic-graph/test-ts/src"
      }
    }
Info 15   [18:24:09.243] Search path: /Users/joshuaying/emblem/semantic-graph/test-ts/src
Info 16   [18:24:09.243] For info: /Users/joshuaying/emblem/semantic-graph/test-ts/src/sequence-generator.ts :: No config files found.
Info 17   [18:24:09.245] FileWatcher:: Added:: WatchInfo: /Users/joshuaying/emblem/semantic-graph/test-ts/src/tsconfig.json 2000 undefined WatchType: Config file for the inferred project root
Info 18   [18:24:09.246] FileWatcher:: Added:: WatchInfo: /Users/joshuaying/emblem/semantic-graph/test-ts/src/jsconfig.json 2000 undefined WatchType: Config file for the inferred project root
Info 19   [18:24:09.246] Starting updateGraphWorker: Project: /dev/null/inferredProject1*
Info 20   [18:24:09.251] DirectoryWatcher:: Added:: WatchInfo: /users/joshuaying/emblem/semantic-graph/test-ts/node_modules 1 undefined WatchType: node_modules for closed script infos and package.jsons affecting module specifier cache
Info 21   [18:24:09.251] Elapsed:: 0.5188751220703125ms DirectoryWatcher:: Added:: WatchInfo: /users/joshuaying/emblem/semantic-graph/test-ts/node_modules 1 undefined WatchType: node_modules for closed script infos and package.jsons affecting module specifier cache
Info 22   [18:24:09.254] DirectoryWatcher:: Added:: WatchInfo: /Users/joshuaying/emblem/semantic-graph/test-ts/src/node_modules 1 undefined Project: /dev/null/inferredProject1* WatchType: Failed Lookup Locations
Info 23   [18:24:09.255] Elapsed:: 0.04054117202758789ms DirectoryWatcher:: Added:: WatchInfo: /Users/joshuaying/emblem/semantic-graph/test-ts/src/node_modules 1 undefined Project: /dev/null/inferredProject1* WatchType: Failed Lookup Locations
Info 24   [18:24:09.255] DirectoryWatcher:: Added:: WatchInfo: /Users/joshuaying/emblem/semantic-graph/test-ts/node_modules 1 undefined Project: /dev/null/inferredProject1* WatchType: Failed Lookup Locations
Info 25   [18:24:09.255] Elapsed:: 0.005917072296142578ms DirectoryWatcher:: Added:: WatchInfo: /Users/joshuaying/emblem/semantic-graph/test-ts/node_modules 1 undefined Project: /dev/null/inferredProject1* WatchType: Failed Lookup Locations
Info 26   [18:24:09.255] DirectoryWatcher:: Added:: WatchInfo: /Users/joshuaying/emblem/semantic-graph/node_modules 1 undefined Project: /dev/null/inferredProject1* WatchType: Failed Lookup Locations
Info 27   [18:24:09.255] Elapsed:: 0.03716707229614258ms DirectoryWatcher:: Added:: WatchInfo: /Users/joshuaying/emblem/semantic-graph/node_modules 1 undefined Project: /dev/null/inferredProject1* WatchType: Failed Lookup Locations
Info 28   [18:24:09.255] DirectoryWatcher:: Added:: WatchInfo: /Users/joshuaying/emblem/node_modules 1 undefined Project: /dev/null/inferredProject1* WatchType: Failed Lookup Locations
Info 29   [18:24:09.255] Elapsed:: 0.026916980743408203ms DirectoryWatcher:: Added:: WatchInfo: /Users/joshuaying/emblem/node_modules 1 undefined Project: /dev/null/inferredProject1* WatchType: Failed Lookup Locations
Info 30   [18:24:09.550] DirectoryWatcher:: Added:: WatchInfo: /Users/joshuaying/emblem/semantic-graph/test-ts/src/node_modules/@types 1 undefined Project: /dev/null/inferredProject1* WatchType: Type roots
Info 31   [18:24:09.550] Elapsed:: 0.09383296966552734ms DirectoryWatcher:: Added:: WatchInfo: /Users/joshuaying/emblem/semantic-graph/test-ts/src/node_modules/@types 1 undefined Project: /dev/null/inferredProject1* WatchType: Type roots
Info 32   [18:24:09.550] DirectoryWatcher:: Added:: WatchInfo: /Users/joshuaying/emblem/semantic-graph/test-ts/node_modules/@types 1 undefined Project: /dev/null/inferredProject1* WatchType: Type roots
Info 33   [18:24:09.550] Elapsed:: 0.03070831298828125ms DirectoryWatcher:: Added:: WatchInfo: /Users/joshuaying/emblem/semantic-graph/test-ts/node_modules/@types 1 undefined Project: /dev/null/inferredProject1* WatchType: Type roots
Info 34   [18:24:09.550] DirectoryWatcher:: Added:: WatchInfo: /Users/joshuaying/emblem/semantic-graph/node_modules/@types 1 undefined Project: /dev/null/inferredProject1* WatchType: Type roots
Info 35   [18:24:09.550] Elapsed:: 0.09308338165283203ms DirectoryWatcher:: Added:: WatchInfo: /Users/joshuaying/emblem/semantic-graph/node_modules/@types 1 undefined Project: /dev/null/inferredProject1* WatchType: Type roots
Info 36   [18:24:09.550] DirectoryWatcher:: Added:: WatchInfo: /Users/joshuaying/emblem/node_modules/@types 1 undefined Project: /dev/null/inferredProject1* WatchType: Type roots
Info 37   [18:24:09.550] Elapsed:: 0.08599996566772461ms DirectoryWatcher:: Added:: WatchInfo: /Users/joshuaying/emblem/node_modules/@types 1 undefined Project: /dev/null/inferredProject1* WatchType: Type roots
Info 38   [18:24:09.551] Finishing updateGraphWorker: Project: /dev/null/inferredProject1* Version: 1 structureChanged: true structureIsReused:: Not Elapsed: 304.194833278656ms
Info 39   [18:24:09.551] Project '/dev/null/inferredProject1*' (Inferred)
Info 40   [18:24:09.553] 	Files (49)
	/Users/joshuaying/emblem/semantic-graph/test-ts/node_modules/typescript/lib/lib.es5.d.ts
	/Users/joshuaying/emblem/semantic-graph/test-ts/node_modules/typescript/lib/lib.es2015.d.ts
	/Users/joshuaying/emblem/semantic-graph/test-ts/node_modules/typescript/lib/lib.es2016.d.ts
	/Users/joshuaying/emblem/semantic-graph/test-ts/node_modules/typescript/lib/lib.es2017.d.ts
	/Users/joshuaying/emblem/semantic-graph/test-ts/node_modules/typescript/lib/lib.es2018.d.ts
	/Users/joshuaying/emblem/semantic-graph/test-ts/node_modules/typescript/lib/lib.es2019.d.ts
	/Users/joshuaying/emblem/semantic-graph/test-ts/node_modules/typescript/lib/lib.es2020.d.ts
	/Users/joshuaying/emblem/semantic-graph/test-ts/node_modules/typescript/lib/lib.dom.d.ts
	/Users/joshuaying/emblem/semantic-graph/test-ts/node_modules/typescript/lib/lib.dom.iterable.d.ts
	/Users/joshuaying/emblem/semantic-graph/test-ts/node_modules/typescript/lib/lib.webworker.importscripts.d.ts
	/Users/joshuaying/emblem/semantic-graph/test-ts/node_modules/typescript/lib/lib.scripthost.d.ts
	/Users/joshuaying/emblem/semantic-graph/test-ts/node_modules/typescript/lib/lib.es2015.core.d.ts
	/Users/joshuaying/emblem/semantic-graph/test-ts/node_modules/typescript/lib/lib.es2015.collection.d.ts
	/Users/joshuaying/emblem/semantic-graph/test-ts/node_modules/typescript/lib/lib.es2015.generator.d.ts
	/Users/joshuaying/emblem/semantic-graph/test-ts/node_modules/typescript/lib/lib.es2015.iterable.d.ts
	/Users/joshuaying/emblem/semantic-graph/test-ts/node_modules/typescript/lib/lib.es2015.promise.d.ts
	/Users/joshuaying/emblem/semantic-graph/test-ts/node_modules/typescript/lib/lib.es2015.proxy.d.ts
	/Users/joshuaying/emblem/semantic-graph/test-ts/node_modules/typescript/lib/lib.es2015.reflect.d.ts
	/Users/joshuaying/emblem/semantic-graph/test-ts/node_modules/typescript/lib/lib.es2015.symbol.d.ts
	/Users/joshuaying/emblem/semantic-graph/test-ts/node_modules/typescript/lib/lib.es2015.symbol.wellknown.d.ts
	/Users/joshuaying/emblem/semantic-graph/test-ts/node_modules/typescript/lib/lib.es2016.array.include.d.ts
	/Users/joshuaying/emblem/semantic-graph/test-ts/node_modules/typescript/lib/lib.es2017.date.d.ts
	/Users/joshuaying/emblem/semantic-graph/test-ts/node_modules/typescript/lib/lib.es2017.object.d.ts
	/Users/joshuaying/emblem/semantic-graph/test-ts/node_modules/typescript/lib/lib.es2017.sharedmemory.d.ts
	/Users/joshuaying/emblem/semantic-graph/test-ts/node_modules/typescript/lib/lib.es2017.string.d.ts
	/Users/joshuaying/emblem/semantic-graph/test-ts/node_modules/typescript/lib/lib.es2017.intl.d.ts
	/Users/joshuaying/emblem/semantic-graph/test-ts/node_modules/typescript/lib/lib.es2017.typedarrays.d.ts
	/Users/joshuaying/emblem/semantic-graph/test-ts/node_modules/typescript/lib/lib.es2018.asyncgenerator.d.ts
	/Users/joshuaying/emblem/semantic-graph/test-ts/node_modules/typescript/lib/lib.es2018.asynciterable.d.ts
	/Users/joshuaying/emblem/semantic-graph/test-ts/node_modules/typescript/lib/lib.es2018.intl.d.ts
	/Users/joshuaying/emblem/semantic-graph/test-ts/node_modules/typescript/lib/lib.es2018.promise.d.ts
	/Users/joshuaying/emblem/semantic-graph/test-ts/node_modules/typescript/lib/lib.es2018.regexp.d.ts
	/Users/joshuaying/emblem/semantic-graph/test-ts/node_modules/typescript/lib/lib.es2019.array.d.ts
	/Users/joshuaying/emblem/semantic-graph/test-ts/node_modules/typescript/lib/lib.es2019.object.d.ts
	/Users/joshuaying/emblem/semantic-graph/test-ts/node_modules/typescript/lib/lib.es2019.string.d.ts
	/Users/joshuaying/emblem/semantic-graph/test-ts/node_modules/typescript/lib/lib.es2019.symbol.d.ts
	/Users/joshuaying/emblem/semantic-graph/test-ts/node_modules/typescript/lib/lib.es2019.intl.d.ts
	/Users/joshuaying/emblem/semantic-graph/test-ts/node_modules/typescript/lib/lib.es2020.bigint.d.ts
	/Users/joshuaying/emblem/semantic-graph/test-ts/node_modules/typescript/lib/lib.es2020.date.d.ts
	/Users/joshuaying/emblem/semantic-graph/test-ts/node_modules/typescript/lib/lib.es2020.promise.d.ts
	/Users/joshuaying/emblem/semantic-graph/test-ts/node_modules/typescript/lib/lib.es2020.sharedmemory.d.ts
	/Users/joshuaying/emblem/semantic-graph/test-ts/node_modules/typescript/lib/lib.es2020.string.d.ts
	/Users/joshuaying/emblem/semantic-graph/test-ts/node_modules/typescript/lib/lib.es2020.symbol.wellknown.d.ts
	/Users/joshuaying/emblem/semantic-graph/test-ts/node_modules/typescript/lib/lib.es2020.intl.d.ts
	/Users/joshuaying/emblem/semantic-graph/test-ts/node_modules/typescript/lib/lib.es2020.number.d.ts
	/Users/joshuaying/emblem/semantic-graph/test-ts/node_modules/typescript/lib/lib.decorators.d.ts
	/Users/joshuaying/emblem/semantic-graph/test-ts/node_modules/typescript/lib/lib.decorators.legacy.d.ts
	/Users/joshuaying/emblem/semantic-graph/test-ts/node_modules/typescript/lib/lib.es2020.full.d.ts
	/Users/joshuaying/emblem/semantic-graph/test-ts/src/sequence-generator.ts


	../node_modules/typescript/lib/lib.es5.d.ts
	  Library referenced via 'es5' from file '../node_modules/typescript/lib/lib.es2015.d.ts'
	../node_modules/typescript/lib/lib.es2015.d.ts
	  Library referenced via 'es2015' from file '../node_modules/typescript/lib/lib.es2016.d.ts'
	../node_modules/typescript/lib/lib.es2016.d.ts
	  Library referenced via 'es2016' from file '../node_modules/typescript/lib/lib.es2017.d.ts'
	../node_modules/typescript/lib/lib.es2017.d.ts
	  Library referenced via 'es2017' from file '../node_modules/typescript/lib/lib.es2018.d.ts'
	../node_modules/typescript/lib/lib.es2018.d.ts
	  Library referenced via 'es2018' from file '../node_modules/typescript/lib/lib.es2019.d.ts'
	../node_modules/typescript/lib/lib.es2019.d.ts
	  Library referenced via 'es2019' from file '../node_modules/typescript/lib/lib.es2020.d.ts'
	../node_modules/typescript/lib/lib.es2020.d.ts
	  Library referenced via 'es2020' from file '../node_modules/typescript/lib/lib.es2020.full.d.ts'
	../node_modules/typescript/lib/lib.dom.d.ts
	  Library referenced via 'dom' from file '../node_modules/typescript/lib/lib.es2020.full.d.ts'
	../node_modules/typescript/lib/lib.dom.iterable.d.ts
	  Library referenced via 'dom.iterable' from file '../node_modules/typescript/lib/lib.es2020.full.d.ts'
	../node_modules/typescript/lib/lib.webworker.importscripts.d.ts
	  Library referenced via 'webworker.importscripts' from file '../node_modules/typescript/lib/lib.es2020.full.d.ts'
	../node_modules/typescript/lib/lib.scripthost.d.ts
	  Library referenced via 'scripthost' from file '../node_modules/typescript/lib/lib.es2020.full.d.ts'
	../node_modules/typescript/lib/lib.es2015.core.d.ts
	  Library referenced via 'es2015.core' from file '../node_modules/typescript/lib/lib.es2015.d.ts'
	../node_modules/typescript/lib/lib.es2015.collection.d.ts
	  Library referenced via 'es2015.collection' from file '../node_modules/typescript/lib/lib.es2015.d.ts'
	../node_modules/typescript/lib/lib.es2015.generator.d.ts
	  Library referenced via 'es2015.generator' from file '../node_modules/typescript/lib/lib.es2015.d.ts'
	../node_modules/typescript/lib/lib.es2015.iterable.d.ts
	  Library referenced via 'es2015.iterable' from file '../node_modules/typescript/lib/lib.es2015.d.ts'
	  Library referenced via 'es2015.iterable' from file '../node_modules/typescript/lib/lib.es2015.generator.d.ts'
	  Library referenced via 'es2015.iterable' from file '../node_modules/typescript/lib/lib.es2018.asynciterable.d.ts'
	  Library referenced via 'es2015.iterable' from file '../node_modules/typescript/lib/lib.es2019.object.d.ts'
	  Library referenced via 'es2015.iterable' from file '../node_modules/typescript/lib/lib.es2020.string.d.ts'
	  Library referenced via 'es2015.iterable' from file '../node_modules/typescript/lib/lib.es2020.symbol.wellknown.d.ts'
	../node_modules/typescript/lib/lib.es2015.promise.d.ts
	  Library referenced via 'es2015.promise' from file '../node_modules/typescript/lib/lib.es2015.d.ts'
	../node_modules/typescript/lib/lib.es2015.proxy.d.ts
	  Library referenced via 'es2015.proxy' from file '../node_modules/typescript/lib/lib.es2015.d.ts'
	../node_modules/typescript/lib/lib.es2015.reflect.d.ts
	  Library referenced via 'es2015.reflect' from file '../node_modules/typescript/lib/lib.es2015.d.ts'
	../node_modules/typescript/lib/lib.es2015.symbol.d.ts
	  Library referenced via 'es2015.symbol' from file '../node_modules/typescript/lib/lib.es2015.iterable.d.ts'
	  Library referenced via 'es2015.symbol' from file '../node_modules/typescript/lib/lib.es2015.d.ts'
	  Library referenced via 'es2015.symbol' from file '../node_modules/typescript/lib/lib.es2015.symbol.wellknown.d.ts'
	  Library referenced via 'es2015.symbol' from file '../node_modules/typescript/lib/lib.es2017.sharedmemory.d.ts'
	  Library referenced via 'es2015.symbol' from file '../node_modules/typescript/lib/lib.es2018.asynciterable.d.ts'
	  Library referenced via 'es2015.symbol' from file '../node_modules/typescript/lib/lib.es2020.symbol.wellknown.d.ts'
	../node_modules/typescript/lib/lib.es2015.symbol.wellknown.d.ts
	  Library referenced via 'es2015.symbol.wellknown' from file '../node_modules/typescript/lib/lib.es2015.d.ts'
	  Library referenced via 'es2015.symbol.wellknown' from file '../node_modules/typescript/lib/lib.es2017.sharedmemory.d.ts'
	../node_modules/typescript/lib/lib.es2016.array.include.d.ts
	  Library referenced via 'es2016.array.include' from file '../node_modules/typescript/lib/lib.es2016.d.ts'
	../node_modules/typescript/lib/lib.es2017.date.d.ts
	  Library referenced via 'es2017.date' from file '../node_modules/typescript/lib/lib.es2017.d.ts'
	../node_modules/typescript/lib/lib.es2017.object.d.ts
	  Library referenced via 'es2017.object' from file '../node_modules/typescript/lib/lib.es2017.d.ts'
	../node_modules/typescript/lib/lib.es2017.sharedmemory.d.ts
	  Library referenced via 'es2017.sharedmemory' from file '../node_modules/typescript/lib/lib.es2017.d.ts'
	../node_modules/typescript/lib/lib.es2017.string.d.ts
	  Library referenced via 'es2017.string' from file '../node_modules/typescript/lib/lib.es2017.d.ts'
	../node_modules/typescript/lib/lib.es2017.intl.d.ts
	  Library referenced via 'es2017.intl' from file '../node_modules/typescript/lib/lib.es2017.d.ts'
	../node_modules/typescript/lib/lib.es2017.typedarrays.d.ts
	  Library referenced via 'es2017.typedarrays' from file '../node_modules/typescript/lib/lib.es2017.d.ts'
	../node_modules/typescript/lib/lib.es2018.asyncgenerator.d.ts
	  Library referenced via 'es2018.asyncgenerator' from file '../node_modules/typescript/lib/lib.es2018.d.ts'
	../node_modules/typescript/lib/lib.es2018.asynciterable.d.ts
	  Library referenced via 'es2018.asynciterable' from file '../node_modules/typescript/lib/lib.es2018.d.ts'
	  Library referenced via 'es2018.asynciterable' from file '../node_modules/typescript/lib/lib.es2018.asyncgenerator.d.ts'
	../node_modules/typescript/lib/lib.es2018.intl.d.ts
	  Library referenced via 'es2018.intl' from file '../node_modules/typescript/lib/lib.es2018.d.ts'
	  Library referenced via 'es2018.intl' from file '../node_modules/typescript/lib/lib.es2020.intl.d.ts'
	../node_modules/typescript/lib/lib.es2018.promise.d.ts
	  Library referenced via 'es2018.promise' from file '../node_modules/typescript/lib/lib.es2018.d.ts'
	../node_modules/typescript/lib/lib.es2018.regexp.d.ts
	  Library referenced via 'es2018.regexp' from file '../node_modules/typescript/lib/lib.es2018.d.ts'
	../node_modules/typescript/lib/lib.es2019.array.d.ts
	  Library referenced via 'es2019.array' from file '../node_modules/typescript/lib/lib.es2019.d.ts'
	../node_modules/typescript/lib/lib.es2019.object.d.ts
	  Library referenced via 'es2019.object' from file '../node_modules/typescript/lib/lib.es2019.d.ts'
	../node_modules/typescript/lib/lib.es2019.string.d.ts
	  Library referenced via 'es2019.string' from file '../node_modules/typescript/lib/lib.es2019.d.ts'
	../node_modules/typescript/lib/lib.es2019.symbol.d.ts
	  Library referenced via 'es2019.symbol' from file '../node_modules/typescript/lib/lib.es2019.d.ts'
	../node_modules/typescript/lib/lib.es2019.intl.d.ts
	  Library referenced via 'es2019.intl' from file '../node_modules/typescript/lib/lib.es2019.d.ts'
	../node_modules/typescript/lib/lib.es2020.bigint.d.ts
	  Library referenced via 'es2020.bigint' from file '../node_modules/typescript/lib/lib.es2020.d.ts'
	../node_modules/typescript/lib/lib.es2020.date.d.ts
	  Library referenced via 'es2020.date' from file '../node_modules/typescript/lib/lib.es2020.d.ts'
	../node_modules/typescript/lib/lib.es2020.promise.d.ts
	  Library referenced via 'es2020.promise' from file '../node_modules/typescript/lib/lib.es2020.d.ts'
	../node_modules/typescript/lib/lib.es2020.sharedmemory.d.ts
	  Library referenced via 'es2020.sharedmemory' from file '../node_modules/typescript/lib/lib.es2020.d.ts'
	../node_modules/typescript/lib/lib.es2020.string.d.ts
	  Library referenced via 'es2020.string' from file '../node_modules/typescript/lib/lib.es2020.d.ts'
	../node_modules/typescript/lib/lib.es2020.symbol.wellknown.d.ts
	  Library referenced via 'es2020.symbol.wellknown' from file '../node_modules/typescript/lib/lib.es2020.d.ts'
	../node_modules/typescript/lib/lib.es2020.intl.d.ts
	  Library referenced via 'es2020.intl' from file '../node_modules/typescript/lib/lib.es2020.bigint.d.ts'
	  Library referenced via 'es2020.intl' from file '../node_modules/typescript/lib/lib.es2020.date.d.ts'
	  Library referenced via 'es2020.intl' from file '../node_modules/typescript/lib/lib.es2020.number.d.ts'
	  Library referenced via 'es2020.intl' from file '../node_modules/typescript/lib/lib.es2020.d.ts'
	../node_modules/typescript/lib/lib.es2020.number.d.ts
	  Library referenced via 'es2020.number' from file '../node_modules/typescript/lib/lib.es2020.d.ts'
	../node_modules/typescript/lib/lib.decorators.d.ts
	  Library referenced via 'decorators' from file '../node_modules/typescript/lib/lib.es5.d.ts'
	../node_modules/typescript/lib/lib.decorators.legacy.d.ts
	  Library referenced via 'decorators.legacy' from file '../node_modules/typescript/lib/lib.es5.d.ts'
	../node_modules/typescript/lib/lib.es2020.full.d.ts
	  Default library for target 'es2020'
	sequence-generator.ts
	  Root file specified for compilation

Info 41   [18:24:09.553] -----------------------------------------------
Info 42   [18:24:09.555] FileWatcher:: Added:: WatchInfo: /users/joshuaying/emblem/semantic-graph/test-ts/package.json 250 undefined WatchType: package.json file
Info 43   [18:24:09.555] Project '/dev/null/inferredProject1*' (Inferred)
Info 43   [18:24:09.555] 	Files (49)

Info 43   [18:24:09.555] -----------------------------------------------
Info 43   [18:24:09.555] Open files: 
Info 43   [18:24:09.555] 	FileName: /Users/joshuaying/emblem/semantic-graph/test-ts/src/sequence-generator.ts ProjectRootPath: /Users/joshuaying/emblem/semantic-graph/test-ts/src
Info 43   [18:24:09.555] 		Projects: /dev/null/inferredProject1*
Perf 43   [18:24:09.555] 2::open: async elapsed time (in milliseconds) 312.8338
Info 44   [18:24:09.555] request:
    {
      "seq": 3,
      "type": "request",
      "command": "open",
      "arguments": {
        "file": "/Users/joshuaying/emblem/semantic-graph/test-ts/src/index.ts",
        "fileContent": "// // demonstrating why we need to bubble up from child to parent\n// type WrappedType = number | void;\n\n// type WrapperType = {\n//   a: string,\n//   b: WrappedType\n// }\n\n// function f() {\n//   const x: WrapperType = {\n//     a: 'hello',\n//     b: 5\n//   }\n\n//   console.log(x.b);\n// }\n\n// interface I {\n//   m(): string;\n// }\n\n// class C implements I {\n//   m() {\n//     return \"hello\";\n//   }\n// }\n\n\n\n/*\n// Tests for LSP idiosyncracy where subclass overriding / implementation methods are referencedBy the superclass method/field.\n// method1 should NOT referenceInDefinition B.method2 (only A.method2)\nabstract class A {\n  method1() {\n    this.method2()\n  }\n  abstract method2();\n}\n\nclass B extends A {\n  method2() {}\n}\n*/\n\n\n\n/*\n// Tests for bubbling children's referenceInDefinition up to parents.\n// A should referenceInDefinition B.\nfunction B() {}\n\nclass A {\n  m1() {\n    B()\n  }\n}\n*/\n\n// class A {\n//   b: B\n// }\n\n// class B {\n//   a: A\n//   constructor(a: A) {\n//     this.a = a;\n//     this.a.b = this;\n//   }\n// }\n\n// console.log(new B(new A()));",
        "scriptKindName": "TS",
        "projectRootPath": "/Users/joshuaying/emblem/semantic-graph/test-ts/src"
      }
    }
Info 45   [18:24:09.555] Search path: /Users/joshuaying/emblem/semantic-graph/test-ts/src
Info 46   [18:24:09.556] For info: /Users/joshuaying/emblem/semantic-graph/test-ts/src/index.ts :: No config files found.
Info 47   [18:24:09.556] Starting updateGraphWorker: Project: /dev/null/inferredProject1*
Info 48   [18:24:09.560] Finishing updateGraphWorker: Project: /dev/null/inferredProject1* Version: 2 structureChanged: true structureIsReused:: Not Elapsed: 4.375874996185303ms
Info 49   [18:24:09.560] Project '/dev/null/inferredProject1*' (Inferred)
Info 50   [18:24:09.561] 	Files (50)
	/Users/joshuaying/emblem/semantic-graph/test-ts/node_modules/typescript/lib/lib.es5.d.ts
	/Users/joshuaying/emblem/semantic-graph/test-ts/node_modules/typescript/lib/lib.es2015.d.ts
	/Users/joshuaying/emblem/semantic-graph/test-ts/node_modules/typescript/lib/lib.es2016.d.ts
	/Users/joshuaying/emblem/semantic-graph/test-ts/node_modules/typescript/lib/lib.es2017.d.ts
	/Users/joshuaying/emblem/semantic-graph/test-ts/node_modules/typescript/lib/lib.es2018.d.ts
	/Users/joshuaying/emblem/semantic-graph/test-ts/node_modules/typescript/lib/lib.es2019.d.ts
	/Users/joshuaying/emblem/semantic-graph/test-ts/node_modules/typescript/lib/lib.es2020.d.ts
	/Users/joshuaying/emblem/semantic-graph/test-ts/node_modules/typescript/lib/lib.dom.d.ts
	/Users/joshuaying/emblem/semantic-graph/test-ts/node_modules/typescript/lib/lib.dom.iterable.d.ts
	/Users/joshuaying/emblem/semantic-graph/test-ts/node_modules/typescript/lib/lib.webworker.importscripts.d.ts
	/Users/joshuaying/emblem/semantic-graph/test-ts/node_modules/typescript/lib/lib.scripthost.d.ts
	/Users/joshuaying/emblem/semantic-graph/test-ts/node_modules/typescript/lib/lib.es2015.core.d.ts
	/Users/joshuaying/emblem/semantic-graph/test-ts/node_modules/typescript/lib/lib.es2015.collection.d.ts
	/Users/joshuaying/emblem/semantic-graph/test-ts/node_modules/typescript/lib/lib.es2015.generator.d.ts
	/Users/joshuaying/emblem/semantic-graph/test-ts/node_modules/typescript/lib/lib.es2015.iterable.d.ts
	/Users/joshuaying/emblem/semantic-graph/test-ts/node_modules/typescript/lib/lib.es2015.promise.d.ts
	/Users/joshuaying/emblem/semantic-graph/test-ts/node_modules/typescript/lib/lib.es2015.proxy.d.ts
	/Users/joshuaying/emblem/semantic-graph/test-ts/node_modules/typescript/lib/lib.es2015.reflect.d.ts
	/Users/joshuaying/emblem/semantic-graph/test-ts/node_modules/typescript/lib/lib.es2015.symbol.d.ts
	/Users/joshuaying/emblem/semantic-graph/test-ts/node_modules/typescript/lib/lib.es2015.symbol.wellknown.d.ts
	/Users/joshuaying/emblem/semantic-graph/test-ts/node_modules/typescript/lib/lib.es2016.array.include.d.ts
	/Users/joshuaying/emblem/semantic-graph/test-ts/node_modules/typescript/lib/lib.es2017.date.d.ts
	/Users/joshuaying/emblem/semantic-graph/test-ts/node_modules/typescript/lib/lib.es2017.object.d.ts
	/Users/joshuaying/emblem/semantic-graph/test-ts/node_modules/typescript/lib/lib.es2017.sharedmemory.d.ts
	/Users/joshuaying/emblem/semantic-graph/test-ts/node_modules/typescript/lib/lib.es2017.string.d.ts
	/Users/joshuaying/emblem/semantic-graph/test-ts/node_modules/typescript/lib/lib.es2017.intl.d.ts
	/Users/joshuaying/emblem/semantic-graph/test-ts/node_modules/typescript/lib/lib.es2017.typedarrays.d.ts
	/Users/joshuaying/emblem/semantic-graph/test-ts/node_modules/typescript/lib/lib.es2018.asyncgenerator.d.ts
	/Users/joshuaying/emblem/semantic-graph/test-ts/node_modules/typescript/lib/lib.es2018.asynciterable.d.ts
	/Users/joshuaying/emblem/semantic-graph/test-ts/node_modules/typescript/lib/lib.es2018.intl.d.ts
	/Users/joshuaying/emblem/semantic-graph/test-ts/node_modules/typescript/lib/lib.es2018.promise.d.ts
	/Users/joshuaying/emblem/semantic-graph/test-ts/node_modules/typescript/lib/lib.es2018.regexp.d.ts
	/Users/joshuaying/emblem/semantic-graph/test-ts/node_modules/typescript/lib/lib.es2019.array.d.ts
	/Users/joshuaying/emblem/semantic-graph/test-ts/node_modules/typescript/lib/lib.es2019.object.d.ts
	/Users/joshuaying/emblem/semantic-graph/test-ts/node_modules/typescript/lib/lib.es2019.string.d.ts
	/Users/joshuaying/emblem/semantic-graph/test-ts/node_modules/typescript/lib/lib.es2019.symbol.d.ts
	/Users/joshuaying/emblem/semantic-graph/test-ts/node_modules/typescript/lib/lib.es2019.intl.d.ts
	/Users/joshuaying/emblem/semantic-graph/test-ts/node_modules/typescript/lib/lib.es2020.bigint.d.ts
	/Users/joshuaying/emblem/semantic-graph/test-ts/node_modules/typescript/lib/lib.es2020.date.d.ts
	/Users/joshuaying/emblem/semantic-graph/test-ts/node_modules/typescript/lib/lib.es2020.promise.d.ts
	/Users/joshuaying/emblem/semantic-graph/test-ts/node_modules/typescript/lib/lib.es2020.sharedmemory.d.ts
	/Users/joshuaying/emblem/semantic-graph/test-ts/node_modules/typescript/lib/lib.es2020.string.d.ts
	/Users/joshuaying/emblem/semantic-graph/test-ts/node_modules/typescript/lib/lib.es2020.symbol.wellknown.d.ts
	/Users/joshuaying/emblem/semantic-graph/test-ts/node_modules/typescript/lib/lib.es2020.intl.d.ts
	/Users/joshuaying/emblem/semantic-graph/test-ts/node_modules/typescript/lib/lib.es2020.number.d.ts
	/Users/joshuaying/emblem/semantic-graph/test-ts/node_modules/typescript/lib/lib.decorators.d.ts
	/Users/joshuaying/emblem/semantic-graph/test-ts/node_modules/typescript/lib/lib.decorators.legacy.d.ts
	/Users/joshuaying/emblem/semantic-graph/test-ts/node_modules/typescript/lib/lib.es2020.full.d.ts
	/Users/joshuaying/emblem/semantic-graph/test-ts/src/sequence-generator.ts
	/Users/joshuaying/emblem/semantic-graph/test-ts/src/index.ts


	../node_modules/typescript/lib/lib.es5.d.ts
	  Library referenced via 'es5' from file '../node_modules/typescript/lib/lib.es2015.d.ts'
	../node_modules/typescript/lib/lib.es2015.d.ts
	  Library referenced via 'es2015' from file '../node_modules/typescript/lib/lib.es2016.d.ts'
	../node_modules/typescript/lib/lib.es2016.d.ts
	  Library referenced via 'es2016' from file '../node_modules/typescript/lib/lib.es2017.d.ts'
	../node_modules/typescript/lib/lib.es2017.d.ts
	  Library referenced via 'es2017' from file '../node_modules/typescript/lib/lib.es2018.d.ts'
	../node_modules/typescript/lib/lib.es2018.d.ts
	  Library referenced via 'es2018' from file '../node_modules/typescript/lib/lib.es2019.d.ts'
	../node_modules/typescript/lib/lib.es2019.d.ts
	  Library referenced via 'es2019' from file '../node_modules/typescript/lib/lib.es2020.d.ts'
	../node_modules/typescript/lib/lib.es2020.d.ts
	  Library referenced via 'es2020' from file '../node_modules/typescript/lib/lib.es2020.full.d.ts'
	../node_modules/typescript/lib/lib.dom.d.ts
	  Library referenced via 'dom' from file '../node_modules/typescript/lib/lib.es2020.full.d.ts'
	../node_modules/typescript/lib/lib.dom.iterable.d.ts
	  Library referenced via 'dom.iterable' from file '../node_modules/typescript/lib/lib.es2020.full.d.ts'
	../node_modules/typescript/lib/lib.webworker.importscripts.d.ts
	  Library referenced via 'webworker.importscripts' from file '../node_modules/typescript/lib/lib.es2020.full.d.ts'
	../node_modules/typescript/lib/lib.scripthost.d.ts
	  Library referenced via 'scripthost' from file '../node_modules/typescript/lib/lib.es2020.full.d.ts'
	../node_modules/typescript/lib/lib.es2015.core.d.ts
	  Library referenced via 'es2015.core' from file '../node_modules/typescript/lib/lib.es2015.d.ts'
	../node_modules/typescript/lib/lib.es2015.collection.d.ts
	  Library referenced via 'es2015.collection' from file '../node_modules/typescript/lib/lib.es2015.d.ts'
	../node_modules/typescript/lib/lib.es2015.generator.d.ts
	  Library referenced via 'es2015.generator' from file '../node_modules/typescript/lib/lib.es2015.d.ts'
	../node_modules/typescript/lib/lib.es2015.iterable.d.ts
	  Library referenced via 'es2015.iterable' from file '../node_modules/typescript/lib/lib.es2015.d.ts'
	  Library referenced via 'es2015.iterable' from file '../node_modules/typescript/lib/lib.es2015.generator.d.ts'
	  Library referenced via 'es2015.iterable' from file '../node_modules/typescript/lib/lib.es2018.asynciterable.d.ts'
	  Library referenced via 'es2015.iterable' from file '../node_modules/typescript/lib/lib.es2019.object.d.ts'
	  Library referenced via 'es2015.iterable' from file '../node_modules/typescript/lib/lib.es2020.string.d.ts'
	  Library referenced via 'es2015.iterable' from file '../node_modules/typescript/lib/lib.es2020.symbol.wellknown.d.ts'
	../node_modules/typescript/lib/lib.es2015.promise.d.ts
	  Library referenced via 'es2015.promise' from file '../node_modules/typescript/lib/lib.es2015.d.ts'
	../node_modules/typescript/lib/lib.es2015.proxy.d.ts
	  Library referenced via 'es2015.proxy' from file '../node_modules/typescript/lib/lib.es2015.d.ts'
	../node_modules/typescript/lib/lib.es2015.reflect.d.ts
	  Library referenced via 'es2015.reflect' from file '../node_modules/typescript/lib/lib.es2015.d.ts'
	../node_modules/typescript/lib/lib.es2015.symbol.d.ts
	  Library referenced via 'es2015.symbol' from file '../node_modules/typescript/lib/lib.es2015.iterable.d.ts'
	  Library referenced via 'es2015.symbol' from file '../node_modules/typescript/lib/lib.es2015.d.ts'
	  Library referenced via 'es2015.symbol' from file '../node_modules/typescript/lib/lib.es2015.symbol.wellknown.d.ts'
	  Library referenced via 'es2015.symbol' from file '../node_modules/typescript/lib/lib.es2017.sharedmemory.d.ts'
	  Library referenced via 'es2015.symbol' from file '../node_modules/typescript/lib/lib.es2018.asynciterable.d.ts'
	  Library referenced via 'es2015.symbol' from file '../node_modules/typescript/lib/lib.es2020.symbol.wellknown.d.ts'
	../node_modules/typescript/lib/lib.es2015.symbol.wellknown.d.ts
	  Library referenced via 'es2015.symbol.wellknown' from file '../node_modules/typescript/lib/lib.es2015.d.ts'
	  Library referenced via 'es2015.symbol.wellknown' from file '../node_modules/typescript/lib/lib.es2017.sharedmemory.d.ts'
	../node_modules/typescript/lib/lib.es2016.array.include.d.ts
	  Library referenced via 'es2016.array.include' from file '../node_modules/typescript/lib/lib.es2016.d.ts'
	../node_modules/typescript/lib/lib.es2017.date.d.ts
	  Library referenced via 'es2017.date' from file '../node_modules/typescript/lib/lib.es2017.d.ts'
	../node_modules/typescript/lib/lib.es2017.object.d.ts
	  Library referenced via 'es2017.object' from file '../node_modules/typescript/lib/lib.es2017.d.ts'
	../node_modules/typescript/lib/lib.es2017.sharedmemory.d.ts
	  Library referenced via 'es2017.sharedmemory' from file '../node_modules/typescript/lib/lib.es2017.d.ts'
	../node_modules/typescript/lib/lib.es2017.string.d.ts
	  Library referenced via 'es2017.string' from file '../node_modules/typescript/lib/lib.es2017.d.ts'
	../node_modules/typescript/lib/lib.es2017.intl.d.ts
	  Library referenced via 'es2017.intl' from file '../node_modules/typescript/lib/lib.es2017.d.ts'
	../node_modules/typescript/lib/lib.es2017.typedarrays.d.ts
	  Library referenced via 'es2017.typedarrays' from file '../node_modules/typescript/lib/lib.es2017.d.ts'
	../node_modules/typescript/lib/lib.es2018.asyncgenerator.d.ts
	  Library referenced via 'es2018.asyncgenerator' from file '../node_modules/typescript/lib/lib.es2018.d.ts'
	../node_modules/typescript/lib/lib.es2018.asynciterable.d.ts
	  Library referenced via 'es2018.asynciterable' from file '../node_modules/typescript/lib/lib.es2018.d.ts'
	  Library referenced via 'es2018.asynciterable' from file '../node_modules/typescript/lib/lib.es2018.asyncgenerator.d.ts'
	../node_modules/typescript/lib/lib.es2018.intl.d.ts
	  Library referenced via 'es2018.intl' from file '../node_modules/typescript/lib/lib.es2018.d.ts'
	  Library referenced via 'es2018.intl' from file '../node_modules/typescript/lib/lib.es2020.intl.d.ts'
	../node_modules/typescript/lib/lib.es2018.promise.d.ts
	  Library referenced via 'es2018.promise' from file '../node_modules/typescript/lib/lib.es2018.d.ts'
	../node_modules/typescript/lib/lib.es2018.regexp.d.ts
	  Library referenced via 'es2018.regexp' from file '../node_modules/typescript/lib/lib.es2018.d.ts'
	../node_modules/typescript/lib/lib.es2019.array.d.ts
	  Library referenced via 'es2019.array' from file '../node_modules/typescript/lib/lib.es2019.d.ts'
	../node_modules/typescript/lib/lib.es2019.object.d.ts
	  Library referenced via 'es2019.object' from file '../node_modules/typescript/lib/lib.es2019.d.ts'
	../node_modules/typescript/lib/lib.es2019.string.d.ts
	  Library referenced via 'es2019.string' from file '../node_modules/typescript/lib/lib.es2019.d.ts'
	../node_modules/typescript/lib/lib.es2019.symbol.d.ts
	  Library referenced via 'es2019.symbol' from file '../node_modules/typescript/lib/lib.es2019.d.ts'
	../node_modules/typescript/lib/lib.es2019.intl.d.ts
	  Library referenced via 'es2019.intl' from file '../node_modules/typescript/lib/lib.es2019.d.ts'
	../node_modules/typescript/lib/lib.es2020.bigint.d.ts
	  Library referenced via 'es2020.bigint' from file '../node_modules/typescript/lib/lib.es2020.d.ts'
	../node_modules/typescript/lib/lib.es2020.date.d.ts
	  Library referenced via 'es2020.date' from file '../node_modules/typescript/lib/lib.es2020.d.ts'
	../node_modules/typescript/lib/lib.es2020.promise.d.ts
	  Library referenced via 'es2020.promise' from file '../node_modules/typescript/lib/lib.es2020.d.ts'
	../node_modules/typescript/lib/lib.es2020.sharedmemory.d.ts
	  Library referenced via 'es2020.sharedmemory' from file '../node_modules/typescript/lib/lib.es2020.d.ts'
	../node_modules/typescript/lib/lib.es2020.string.d.ts
	  Library referenced via 'es2020.string' from file '../node_modules/typescript/lib/lib.es2020.d.ts'
	../node_modules/typescript/lib/lib.es2020.symbol.wellknown.d.ts
	  Library referenced via 'es2020.symbol.wellknown' from file '../node_modules/typescript/lib/lib.es2020.d.ts'
	../node_modules/typescript/lib/lib.es2020.intl.d.ts
	  Library referenced via 'es2020.intl' from file '../node_modules/typescript/lib/lib.es2020.bigint.d.ts'
	  Library referenced via 'es2020.intl' from file '../node_modules/typescript/lib/lib.es2020.date.d.ts'
	  Library referenced via 'es2020.intl' from file '../node_modules/typescript/lib/lib.es2020.number.d.ts'
	  Library referenced via 'es2020.intl' from file '../node_modules/typescript/lib/lib.es2020.d.ts'
	../node_modules/typescript/lib/lib.es2020.number.d.ts
	  Library referenced via 'es2020.number' from file '../node_modules/typescript/lib/lib.es2020.d.ts'
	../node_modules/typescript/lib/lib.decorators.d.ts
	  Library referenced via 'decorators' from file '../node_modules/typescript/lib/lib.es5.d.ts'
	../node_modules/typescript/lib/lib.decorators.legacy.d.ts
	  Library referenced via 'decorators.legacy' from file '../node_modules/typescript/lib/lib.es5.d.ts'
	../node_modules/typescript/lib/lib.es2020.full.d.ts
	  Default library for target 'es2020'
	sequence-generator.ts
	  Root file specified for compilation
	index.ts
	  Root file specified for compilation

Info 51   [18:24:09.561] -----------------------------------------------
Info 52   [18:24:09.561] Project '/dev/null/inferredProject1*' (Inferred)
Info 52   [18:24:09.561] 	Files (50)

Info 52   [18:24:09.561] -----------------------------------------------
Info 52   [18:24:09.561] Open files: 
Info 52   [18:24:09.561] 	FileName: /Users/joshuaying/emblem/semantic-graph/test-ts/src/sequence-generator.ts ProjectRootPath: /Users/joshuaying/emblem/semantic-graph/test-ts/src
Info 52   [18:24:09.561] 		Projects: /dev/null/inferredProject1*
Info 52   [18:24:09.561] 	FileName: /Users/joshuaying/emblem/semantic-graph/test-ts/src/index.ts ProjectRootPath: /Users/joshuaying/emblem/semantic-graph/test-ts/src
Info 52   [18:24:09.561] 		Projects: /dev/null/inferredProject1*
Perf 52   [18:24:09.561] 3::open: async elapsed time (in milliseconds) 5.5939
Info 53   [18:24:09.561] request:
    {
      "seq": 4,
      "type": "request",
      "command": "open",
      "arguments": {
        "file": "/Users/joshuaying/emblem/semantic-graph/test-ts/src/bfs-test.ts",
        "fileContent": "class A {\n    aField: number\n    constructor() {\n        this.aField = 3\n    }\n    M() {\n        const b = new B();\n        b.C();\n        b.bField2;\n        this.aField;\n    }\n}\n\nclass B {\n    bField: number\n    bField2: number\n    bField3: number\n    constructor() {\n        this.bField = 4;\n        this.bField2 = 6;\n    }\n\n    C() {\n        this.bField;\n    }\n\n    D() {\n\n    }\n}",
        "scriptKindName": "TS",
        "projectRootPath": "/Users/joshuaying/emblem/semantic-graph/test-ts/src"
      }
    }
Info 54   [18:24:09.561] Search path: /Users/joshuaying/emblem/semantic-graph/test-ts/src
Info 55   [18:24:09.561] For info: /Users/joshuaying/emblem/semantic-graph/test-ts/src/bfs-test.ts :: No config files found.
Info 56   [18:24:09.561] Starting updateGraphWorker: Project: /dev/null/inferredProject1*
Info 57   [18:24:09.568] Finishing updateGraphWorker: Project: /dev/null/inferredProject1* Version: 3 structureChanged: true structureIsReused:: Not Elapsed: 6.6168341636657715ms
Info 58   [18:24:09.568] Project '/dev/null/inferredProject1*' (Inferred)
Info 59   [18:24:09.568] 	Files (51)
	/Users/joshuaying/emblem/semantic-graph/test-ts/node_modules/typescript/lib/lib.es5.d.ts
	/Users/joshuaying/emblem/semantic-graph/test-ts/node_modules/typescript/lib/lib.es2015.d.ts
	/Users/joshuaying/emblem/semantic-graph/test-ts/node_modules/typescript/lib/lib.es2016.d.ts
	/Users/joshuaying/emblem/semantic-graph/test-ts/node_modules/typescript/lib/lib.es2017.d.ts
	/Users/joshuaying/emblem/semantic-graph/test-ts/node_modules/typescript/lib/lib.es2018.d.ts
	/Users/joshuaying/emblem/semantic-graph/test-ts/node_modules/typescript/lib/lib.es2019.d.ts
	/Users/joshuaying/emblem/semantic-graph/test-ts/node_modules/typescript/lib/lib.es2020.d.ts
	/Users/joshuaying/emblem/semantic-graph/test-ts/node_modules/typescript/lib/lib.dom.d.ts
	/Users/joshuaying/emblem/semantic-graph/test-ts/node_modules/typescript/lib/lib.dom.iterable.d.ts
	/Users/joshuaying/emblem/semantic-graph/test-ts/node_modules/typescript/lib/lib.webworker.importscripts.d.ts
	/Users/joshuaying/emblem/semantic-graph/test-ts/node_modules/typescript/lib/lib.scripthost.d.ts
	/Users/joshuaying/emblem/semantic-graph/test-ts/node_modules/typescript/lib/lib.es2015.core.d.ts
	/Users/joshuaying/emblem/semantic-graph/test-ts/node_modules/typescript/lib/lib.es2015.collection.d.ts
	/Users/joshuaying/emblem/semantic-graph/test-ts/node_modules/typescript/lib/lib.es2015.generator.d.ts
	/Users/joshuaying/emblem/semantic-graph/test-ts/node_modules/typescript/lib/lib.es2015.iterable.d.ts
	/Users/joshuaying/emblem/semantic-graph/test-ts/node_modules/typescript/lib/lib.es2015.promise.d.ts
	/Users/joshuaying/emblem/semantic-graph/test-ts/node_modules/typescript/lib/lib.es2015.proxy.d.ts
	/Users/joshuaying/emblem/semantic-graph/test-ts/node_modules/typescript/lib/lib.es2015.reflect.d.ts
	/Users/joshuaying/emblem/semantic-graph/test-ts/node_modules/typescript/lib/lib.es2015.symbol.d.ts
	/Users/joshuaying/emblem/semantic-graph/test-ts/node_modules/typescript/lib/lib.es2015.symbol.wellknown.d.ts
	/Users/joshuaying/emblem/semantic-graph/test-ts/node_modules/typescript/lib/lib.es2016.array.include.d.ts
	/Users/joshuaying/emblem/semantic-graph/test-ts/node_modules/typescript/lib/lib.es2017.date.d.ts
	/Users/joshuaying/emblem/semantic-graph/test-ts/node_modules/typescript/lib/lib.es2017.object.d.ts
	/Users/joshuaying/emblem/semantic-graph/test-ts/node_modules/typescript/lib/lib.es2017.sharedmemory.d.ts
	/Users/joshuaying/emblem/semantic-graph/test-ts/node_modules/typescript/lib/lib.es2017.string.d.ts
	/Users/joshuaying/emblem/semantic-graph/test-ts/node_modules/typescript/lib/lib.es2017.intl.d.ts
	/Users/joshuaying/emblem/semantic-graph/test-ts/node_modules/typescript/lib/lib.es2017.typedarrays.d.ts
	/Users/joshuaying/emblem/semantic-graph/test-ts/node_modules/typescript/lib/lib.es2018.asyncgenerator.d.ts
	/Users/joshuaying/emblem/semantic-graph/test-ts/node_modules/typescript/lib/lib.es2018.asynciterable.d.ts
	/Users/joshuaying/emblem/semantic-graph/test-ts/node_modules/typescript/lib/lib.es2018.intl.d.ts
	/Users/joshuaying/emblem/semantic-graph/test-ts/node_modules/typescript/lib/lib.es2018.promise.d.ts
	/Users/joshuaying/emblem/semantic-graph/test-ts/node_modules/typescript/lib/lib.es2018.regexp.d.ts
	/Users/joshuaying/emblem/semantic-graph/test-ts/node_modules/typescript/lib/lib.es2019.array.d.ts
	/Users/joshuaying/emblem/semantic-graph/test-ts/node_modules/typescript/lib/lib.es2019.object.d.ts
	/Users/joshuaying/emblem/semantic-graph/test-ts/node_modules/typescript/lib/lib.es2019.string.d.ts
	/Users/joshuaying/emblem/semantic-graph/test-ts/node_modules/typescript/lib/lib.es2019.symbol.d.ts
	/Users/joshuaying/emblem/semantic-graph/test-ts/node_modules/typescript/lib/lib.es2019.intl.d.ts
	/Users/joshuaying/emblem/semantic-graph/test-ts/node_modules/typescript/lib/lib.es2020.bigint.d.ts
	/Users/joshuaying/emblem/semantic-graph/test-ts/node_modules/typescript/lib/lib.es2020.date.d.ts
	/Users/joshuaying/emblem/semantic-graph/test-ts/node_modules/typescript/lib/lib.es2020.promise.d.ts
	/Users/joshuaying/emblem/semantic-graph/test-ts/node_modules/typescript/lib/lib.es2020.sharedmemory.d.ts
	/Users/joshuaying/emblem/semantic-graph/test-ts/node_modules/typescript/lib/lib.es2020.string.d.ts
	/Users/joshuaying/emblem/semantic-graph/test-ts/node_modules/typescript/lib/lib.es2020.symbol.wellknown.d.ts
	/Users/joshuaying/emblem/semantic-graph/test-ts/node_modules/typescript/lib/lib.es2020.intl.d.ts
	/Users/joshuaying/emblem/semantic-graph/test-ts/node_modules/typescript/lib/lib.es2020.number.d.ts
	/Users/joshuaying/emblem/semantic-graph/test-ts/node_modules/typescript/lib/lib.decorators.d.ts
	/Users/joshuaying/emblem/semantic-graph/test-ts/node_modules/typescript/lib/lib.decorators.legacy.d.ts
	/Users/joshuaying/emblem/semantic-graph/test-ts/node_modules/typescript/lib/lib.es2020.full.d.ts
	/Users/joshuaying/emblem/semantic-graph/test-ts/src/sequence-generator.ts
	/Users/joshuaying/emblem/semantic-graph/test-ts/src/index.ts
	/Users/joshuaying/emblem/semantic-graph/test-ts/src/bfs-test.ts


	../node_modules/typescript/lib/lib.es5.d.ts
	  Library referenced via 'es5' from file '../node_modules/typescript/lib/lib.es2015.d.ts'
	../node_modules/typescript/lib/lib.es2015.d.ts
	  Library referenced via 'es2015' from file '../node_modules/typescript/lib/lib.es2016.d.ts'
	../node_modules/typescript/lib/lib.es2016.d.ts
	  Library referenced via 'es2016' from file '../node_modules/typescript/lib/lib.es2017.d.ts'
	../node_modules/typescript/lib/lib.es2017.d.ts
	  Library referenced via 'es2017' from file '../node_modules/typescript/lib/lib.es2018.d.ts'
	../node_modules/typescript/lib/lib.es2018.d.ts
	  Library referenced via 'es2018' from file '../node_modules/typescript/lib/lib.es2019.d.ts'
	../node_modules/typescript/lib/lib.es2019.d.ts
	  Library referenced via 'es2019' from file '../node_modules/typescript/lib/lib.es2020.d.ts'
	../node_modules/typescript/lib/lib.es2020.d.ts
	  Library referenced via 'es2020' from file '../node_modules/typescript/lib/lib.es2020.full.d.ts'
	../node_modules/typescript/lib/lib.dom.d.ts
	  Library referenced via 'dom' from file '../node_modules/typescript/lib/lib.es2020.full.d.ts'
	../node_modules/typescript/lib/lib.dom.iterable.d.ts
	  Library referenced via 'dom.iterable' from file '../node_modules/typescript/lib/lib.es2020.full.d.ts'
	../node_modules/typescript/lib/lib.webworker.importscripts.d.ts
	  Library referenced via 'webworker.importscripts' from file '../node_modules/typescript/lib/lib.es2020.full.d.ts'
	../node_modules/typescript/lib/lib.scripthost.d.ts
	  Library referenced via 'scripthost' from file '../node_modules/typescript/lib/lib.es2020.full.d.ts'
	../node_modules/typescript/lib/lib.es2015.core.d.ts
	  Library referenced via 'es2015.core' from file '../node_modules/typescript/lib/lib.es2015.d.ts'
	../node_modules/typescript/lib/lib.es2015.collection.d.ts
	  Library referenced via 'es2015.collection' from file '../node_modules/typescript/lib/lib.es2015.d.ts'
	../node_modules/typescript/lib/lib.es2015.generator.d.ts
	  Library referenced via 'es2015.generator' from file '../node_modules/typescript/lib/lib.es2015.d.ts'
	../node_modules/typescript/lib/lib.es2015.iterable.d.ts
	  Library referenced via 'es2015.iterable' from file '../node_modules/typescript/lib/lib.es2015.d.ts'
	  Library referenced via 'es2015.iterable' from file '../node_modules/typescript/lib/lib.es2015.generator.d.ts'
	  Library referenced via 'es2015.iterable' from file '../node_modules/typescript/lib/lib.es2018.asynciterable.d.ts'
	  Library referenced via 'es2015.iterable' from file '../node_modules/typescript/lib/lib.es2019.object.d.ts'
	  Library referenced via 'es2015.iterable' from file '../node_modules/typescript/lib/lib.es2020.string.d.ts'
	  Library referenced via 'es2015.iterable' from file '../node_modules/typescript/lib/lib.es2020.symbol.wellknown.d.ts'
	../node_modules/typescript/lib/lib.es2015.promise.d.ts
	  Library referenced via 'es2015.promise' from file '../node_modules/typescript/lib/lib.es2015.d.ts'
	../node_modules/typescript/lib/lib.es2015.proxy.d.ts
	  Library referenced via 'es2015.proxy' from file '../node_modules/typescript/lib/lib.es2015.d.ts'
	../node_modules/typescript/lib/lib.es2015.reflect.d.ts
	  Library referenced via 'es2015.reflect' from file '../node_modules/typescript/lib/lib.es2015.d.ts'
	../node_modules/typescript/lib/lib.es2015.symbol.d.ts
	  Library referenced via 'es2015.symbol' from file '../node_modules/typescript/lib/lib.es2015.iterable.d.ts'
	  Library referenced via 'es2015.symbol' from file '../node_modules/typescript/lib/lib.es2015.d.ts'
	  Library referenced via 'es2015.symbol' from file '../node_modules/typescript/lib/lib.es2015.symbol.wellknown.d.ts'
	  Library referenced via 'es2015.symbol' from file '../node_modules/typescript/lib/lib.es2017.sharedmemory.d.ts'
	  Library referenced via 'es2015.symbol' from file '../node_modules/typescript/lib/lib.es2018.asynciterable.d.ts'
	  Library referenced via 'es2015.symbol' from file '../node_modules/typescript/lib/lib.es2020.symbol.wellknown.d.ts'
	../node_modules/typescript/lib/lib.es2015.symbol.wellknown.d.ts
	  Library referenced via 'es2015.symbol.wellknown' from file '../node_modules/typescript/lib/lib.es2015.d.ts'
	  Library referenced via 'es2015.symbol.wellknown' from file '../node_modules/typescript/lib/lib.es2017.sharedmemory.d.ts'
	../node_modules/typescript/lib/lib.es2016.array.include.d.ts
	  Library referenced via 'es2016.array.include' from file '../node_modules/typescript/lib/lib.es2016.d.ts'
	../node_modules/typescript/lib/lib.es2017.date.d.ts
	  Library referenced via 'es2017.date' from file '../node_modules/typescript/lib/lib.es2017.d.ts'
	../node_modules/typescript/lib/lib.es2017.object.d.ts
	  Library referenced via 'es2017.object' from file '../node_modules/typescript/lib/lib.es2017.d.ts'
	../node_modules/typescript/lib/lib.es2017.sharedmemory.d.ts
	  Library referenced via 'es2017.sharedmemory' from file '../node_modules/typescript/lib/lib.es2017.d.ts'
	../node_modules/typescript/lib/lib.es2017.string.d.ts
	  Library referenced via 'es2017.string' from file '../node_modules/typescript/lib/lib.es2017.d.ts'
	../node_modules/typescript/lib/lib.es2017.intl.d.ts
	  Library referenced via 'es2017.intl' from file '../node_modules/typescript/lib/lib.es2017.d.ts'
	../node_modules/typescript/lib/lib.es2017.typedarrays.d.ts
	  Library referenced via 'es2017.typedarrays' from file '../node_modules/typescript/lib/lib.es2017.d.ts'
	../node_modules/typescript/lib/lib.es2018.asyncgenerator.d.ts
	  Library referenced via 'es2018.asyncgenerator' from file '../node_modules/typescript/lib/lib.es2018.d.ts'
	../node_modules/typescript/lib/lib.es2018.asynciterable.d.ts
	  Library referenced via 'es2018.asynciterable' from file '../node_modules/typescript/lib/lib.es2018.d.ts'
	  Library referenced via 'es2018.asynciterable' from file '../node_modules/typescript/lib/lib.es2018.asyncgenerator.d.ts'
	../node_modules/typescript/lib/lib.es2018.intl.d.ts
	  Library referenced via 'es2018.intl' from file '../node_modules/typescript/lib/lib.es2018.d.ts'
	  Library referenced via 'es2018.intl' from file '../node_modules/typescript/lib/lib.es2020.intl.d.ts'
	../node_modules/typescript/lib/lib.es2018.promise.d.ts
	  Library referenced via 'es2018.promise' from file '../node_modules/typescript/lib/lib.es2018.d.ts'
	../node_modules/typescript/lib/lib.es2018.regexp.d.ts
	  Library referenced via 'es2018.regexp' from file '../node_modules/typescript/lib/lib.es2018.d.ts'
	../node_modules/typescript/lib/lib.es2019.array.d.ts
	  Library referenced via 'es2019.array' from file '../node_modules/typescript/lib/lib.es2019.d.ts'
	../node_modules/typescript/lib/lib.es2019.object.d.ts
	  Library referenced via 'es2019.object' from file '../node_modules/typescript/lib/lib.es2019.d.ts'
	../node_modules/typescript/lib/lib.es2019.string.d.ts
	  Library referenced via 'es2019.string' from file '../node_modules/typescript/lib/lib.es2019.d.ts'
	../node_modules/typescript/lib/lib.es2019.symbol.d.ts
	  Library referenced via 'es2019.symbol' from file '../node_modules/typescript/lib/lib.es2019.d.ts'
	../node_modules/typescript/lib/lib.es2019.intl.d.ts
	  Library referenced via 'es2019.intl' from file '../node_modules/typescript/lib/lib.es2019.d.ts'
	../node_modules/typescript/lib/lib.es2020.bigint.d.ts
	  Library referenced via 'es2020.bigint' from file '../node_modules/typescript/lib/lib.es2020.d.ts'
	../node_modules/typescript/lib/lib.es2020.date.d.ts
	  Library referenced via 'es2020.date' from file '../node_modules/typescript/lib/lib.es2020.d.ts'
	../node_modules/typescript/lib/lib.es2020.promise.d.ts
	  Library referenced via 'es2020.promise' from file '../node_modules/typescript/lib/lib.es2020.d.ts'
	../node_modules/typescript/lib/lib.es2020.sharedmemory.d.ts
	  Library referenced via 'es2020.sharedmemory' from file '../node_modules/typescript/lib/lib.es2020.d.ts'
	../node_modules/typescript/lib/lib.es2020.string.d.ts
	  Library referenced via 'es2020.string' from file '../node_modules/typescript/lib/lib.es2020.d.ts'
	../node_modules/typescript/lib/lib.es2020.symbol.wellknown.d.ts
	  Library referenced via 'es2020.symbol.wellknown' from file '../node_modules/typescript/lib/lib.es2020.d.ts'
	../node_modules/typescript/lib/lib.es2020.intl.d.ts
	  Library referenced via 'es2020.intl' from file '../node_modules/typescript/lib/lib.es2020.bigint.d.ts'
	  Library referenced via 'es2020.intl' from file '../node_modules/typescript/lib/lib.es2020.date.d.ts'
	  Library referenced via 'es2020.intl' from file '../node_modules/typescript/lib/lib.es2020.number.d.ts'
	  Library referenced via 'es2020.intl' from file '../node_modules/typescript/lib/lib.es2020.d.ts'
	../node_modules/typescript/lib/lib.es2020.number.d.ts
	  Library referenced via 'es2020.number' from file '../node_modules/typescript/lib/lib.es2020.d.ts'
	../node_modules/typescript/lib/lib.decorators.d.ts
	  Library referenced via 'decorators' from file '../node_modules/typescript/lib/lib.es5.d.ts'
	../node_modules/typescript/lib/lib.decorators.legacy.d.ts
	  Library referenced via 'decorators.legacy' from file '../node_modules/typescript/lib/lib.es5.d.ts'
	../node_modules/typescript/lib/lib.es2020.full.d.ts
	  Default library for target 'es2020'
	sequence-generator.ts
	  Root file specified for compilation
	index.ts
	  Root file specified for compilation
	bfs-test.ts
	  Root file specified for compilation

Info 60   [18:24:09.569] -----------------------------------------------
Info 61   [18:24:09.569] Project '/dev/null/inferredProject1*' (Inferred)
Info 61   [18:24:09.569] 	Files (51)

Info 61   [18:24:09.569] -----------------------------------------------
Info 61   [18:24:09.569] Open files: 
Info 61   [18:24:09.569] 	FileName: /Users/joshuaying/emblem/semantic-graph/test-ts/src/sequence-generator.ts ProjectRootPath: /Users/joshuaying/emblem/semantic-graph/test-ts/src
Info 61   [18:24:09.569] 		Projects: /dev/null/inferredProject1*
Info 61   [18:24:09.569] 	FileName: /Users/joshuaying/emblem/semantic-graph/test-ts/src/index.ts ProjectRootPath: /Users/joshuaying/emblem/semantic-graph/test-ts/src
Info 61   [18:24:09.569] 		Projects: /dev/null/inferredProject1*
Info 61   [18:24:09.569] 	FileName: /Users/joshuaying/emblem/semantic-graph/test-ts/src/bfs-test.ts ProjectRootPath: /Users/joshuaying/emblem/semantic-graph/test-ts/src
Info 61   [18:24:09.569] 		Projects: /dev/null/inferredProject1*
Perf 61   [18:24:09.569] 4::open: async elapsed time (in milliseconds) 7.8064
Info 62   [18:24:09.569] request:
    {
      "seq": 5,
      "type": "request",
      "command": "geterr",
      "arguments": {
        "delay": 0,
        "files": [
          "/Users/joshuaying/emblem/semantic-graph/test-ts/src/bfs-test.ts",
          "/Users/joshuaying/emblem/semantic-graph/test-ts/src/index.ts",
          "/Users/joshuaying/emblem/semantic-graph/test-ts/src/sequence-generator.ts"
        ]
      }
    }
Perf 63   [18:24:09.569] 5::geterr: async elapsed time (in milliseconds) 0.4560
Info 64   [18:24:09.574] event:
    {"seq":0,"type":"event","event":"syntaxDiag","body":{"file":"/Users/joshuaying/emblem/semantic-graph/test-ts/src/bfs-test.ts","diagnostics":[]}}
Info 65   [18:24:09.587] event:
    {"seq":0,"type":"event","event":"semanticDiag","body":{"file":"/Users/joshuaying/emblem/semantic-graph/test-ts/src/bfs-test.ts","diagnostics":[]}}
Info 66   [18:24:09.587] request:
    {
      "seq": 6,
      "type": "request",
      "command": "references",
      "arguments": {
        "file": "/Users/joshuaying/emblem/semantic-graph/test-ts/src/bfs-test.ts",
        "line": 14,
        "offset": 1
      }
    }
Info 67   [18:24:09.590] Finding references to /Users/joshuaying/emblem/semantic-graph/test-ts/src/bfs-test.ts position 180 in project /dev/null/inferredProject1*
Perf 68   [18:24:09.609] 6::references: elapsed time (in milliseconds) 21.7441
Info 69   [18:24:09.609] response:
    {"seq":0,"type":"response","command":"references","request_seq":6,"success":true,"body":{"refs":[{"file":"/Users/joshuaying/emblem/semantic-graph/test-ts/src/bfs-test.ts","start":{"line":7,"offset":23},"end":{"line":7,"offset":24},"isWriteAccess":false,"isDefinition":false},{"file":"/Users/joshuaying/emblem/semantic-graph/test-ts/src/bfs-test.ts","start":{"line":14,"offset":7},"end":{"line":14,"offset":8},"contextStart":{"line":14,"offset":1},"contextEnd":{"line":30,"offset":2},"isWriteAccess":true,"isDefinition":true}],"symbolName":"class","symbolStartOffset":1,"symbolDisplayString":"class B"}}
Info 70   [18:24:09.610] event:
    {"seq":0,"type":"event","event":"suggestionDiag","body":{"file":"/Users/joshuaying/emblem/semantic-graph/test-ts/src/bfs-test.ts","diagnostics":[]}}
Info 71   [18:24:09.610] request:
    {
      "seq": 7,
      "type": "request",
      "command": "references",
      "arguments": {
        "file": "/Users/joshuaying/emblem/semantic-graph/test-ts/src/bfs-test.ts",
        "line": 15,
        "offset": 5
      }
    }
Info 72   [18:24:09.611] Finding references to /Users/joshuaying/emblem/semantic-graph/test-ts/src/bfs-test.ts position 194 in project /dev/null/inferredProject1*
Perf 73   [18:24:09.613] 7::references: elapsed time (in milliseconds) 2.3123
Info 74   [18:24:09.613] response:
    {"seq":0,"type":"response","command":"references","request_seq":7,"success":true,"body":{"refs":[{"file":"/Users/joshuaying/emblem/semantic-graph/test-ts/src/bfs-test.ts","start":{"line":15,"offset":5},"end":{"line":15,"offset":11},"contextStart":{"line":15,"offset":5},"contextEnd":{"line":15,"offset":19},"isWriteAccess":false,"isDefinition":true},{"file":"/Users/joshuaying/emblem/semantic-graph/test-ts/src/bfs-test.ts","start":{"line":19,"offset":14},"end":{"line":19,"offset":20},"isWriteAccess":true,"isDefinition":false},{"file":"/Users/joshuaying/emblem/semantic-graph/test-ts/src/bfs-test.ts","start":{"line":24,"offset":14},"end":{"line":24,"offset":20},"isWriteAccess":false,"isDefinition":false}],"symbolName":"bField","symbolStartOffset":5,"symbolDisplayString":"(property) B.bField: number"}}
Info 75   [18:24:09.613] event:
    {"seq":0,"type":"event","event":"syntaxDiag","body":{"file":"/Users/joshuaying/emblem/semantic-graph/test-ts/src/index.ts","diagnostics":[]}}
Info 76   [18:24:09.613] event:
    {"seq":0,"type":"event","event":"semanticDiag","body":{"file":"/Users/joshuaying/emblem/semantic-graph/test-ts/src/index.ts","diagnostics":[]}}
Info 77   [18:24:09.613] event:
    {"seq":0,"type":"event","event":"suggestionDiag","body":{"file":"/Users/joshuaying/emblem/semantic-graph/test-ts/src/index.ts","diagnostics":[]}}
Info 78   [18:24:09.614] request:
    {
      "seq": 8,
      "type": "request",
      "command": "references",
      "arguments": {
        "file": "/Users/joshuaying/emblem/semantic-graph/test-ts/src/bfs-test.ts",
        "line": 16,
        "offset": 5
      }
    }
Info 79   [18:24:09.614] Finding references to /Users/joshuaying/emblem/semantic-graph/test-ts/src/bfs-test.ts position 213 in project /dev/null/inferredProject1*
Perf 80   [18:24:09.615] 8::references: elapsed time (in milliseconds) 1.2847
Info 81   [18:24:09.615] response:
    {"seq":0,"type":"response","command":"references","request_seq":8,"success":true,"body":{"refs":[{"file":"/Users/joshuaying/emblem/semantic-graph/test-ts/src/bfs-test.ts","start":{"line":9,"offset":11},"end":{"line":9,"offset":18},"isWriteAccess":false,"isDefinition":false},{"file":"/Users/joshuaying/emblem/semantic-graph/test-ts/src/bfs-test.ts","start":{"line":16,"offset":5},"end":{"line":16,"offset":12},"contextStart":{"line":16,"offset":5},"contextEnd":{"line":16,"offset":20},"isWriteAccess":false,"isDefinition":true},{"file":"/Users/joshuaying/emblem/semantic-graph/test-ts/src/bfs-test.ts","start":{"line":20,"offset":14},"end":{"line":20,"offset":21},"isWriteAccess":true,"isDefinition":false}],"symbolName":"bField2","symbolStartOffset":5,"symbolDisplayString":"(property) B.bField2: number"}}
Info 82   [18:24:09.615] event:
    {"seq":0,"type":"event","event":"syntaxDiag","body":{"file":"/Users/joshuaying/emblem/semantic-graph/test-ts/src/sequence-generator.ts","diagnostics":[]}}
Info 83   [18:24:09.615] event:
    {"seq":0,"type":"event","event":"semanticDiag","body":{"file":"/Users/joshuaying/emblem/semantic-graph/test-ts/src/sequence-generator.ts","diagnostics":[]}}
Info 84   [18:24:09.615] event:
    {"seq":0,"type":"event","event":"suggestionDiag","body":{"file":"/Users/joshuaying/emblem/semantic-graph/test-ts/src/sequence-generator.ts","diagnostics":[]}}
Info 85   [18:24:09.615] event:
    {"seq":0,"type":"event","event":"requestCompleted","body":{"request_seq":5}}
Info 86   [18:24:09.616] request:
    {
      "seq": 9,
      "type": "request",
      "command": "references",
      "arguments": {
        "file": "/Users/joshuaying/emblem/semantic-graph/test-ts/src/bfs-test.ts",
        "line": 17,
        "offset": 5
      }
    }
Info 87   [18:24:09.616] Finding references to /Users/joshuaying/emblem/semantic-graph/test-ts/src/bfs-test.ts position 233 in project /dev/null/inferredProject1*
Perf 88   [18:24:09.616] 9::references: elapsed time (in milliseconds) 0.8022
Info 89   [18:24:09.616] response:
    {"seq":0,"type":"response","command":"references","request_seq":9,"success":true,"body":{"refs":[{"file":"/Users/joshuaying/emblem/semantic-graph/test-ts/src/bfs-test.ts","start":{"line":17,"offset":5},"end":{"line":17,"offset":12},"contextStart":{"line":17,"offset":5},"contextEnd":{"line":17,"offset":20},"isWriteAccess":false,"isDefinition":true}],"symbolName":"bField3","symbolStartOffset":5,"symbolDisplayString":"(property) B.bField3: number"}}
Info 90   [18:24:09.617] request:
    {
      "seq": 10,
      "type": "request",
      "command": "references",
      "arguments": {
        "file": "/Users/joshuaying/emblem/semantic-graph/test-ts/src/bfs-test.ts",
        "line": 18,
        "offset": 5
      }
    }
Info 91   [18:24:09.617] Finding references to /Users/joshuaying/emblem/semantic-graph/test-ts/src/bfs-test.ts position 253 in project /dev/null/inferredProject1*
Perf 92   [18:24:09.619] 10::references: elapsed time (in milliseconds) 2.3839
Info 93   [18:24:09.619] response:
    {"seq":0,"type":"response","command":"references","request_seq":10,"success":true,"body":{"refs":[{"file":"/Users/joshuaying/emblem/semantic-graph/test-ts/src/bfs-test.ts","start":{"line":7,"offset":23},"end":{"line":7,"offset":24},"isWriteAccess":false,"isDefinition":false},{"file":"/Users/joshuaying/emblem/semantic-graph/test-ts/src/bfs-test.ts","start":{"line":18,"offset":5},"end":{"line":18,"offset":16},"contextStart":{"line":18,"offset":5},"contextEnd":{"line":21,"offset":6},"isWriteAccess":false,"isDefinition":true}],"symbolName":"constructor","symbolStartOffset":5,"symbolDisplayString":"constructor B(): B"}}
Info 94   [18:24:09.620] request:
    {
      "seq": 11,
      "type": "request",
      "command": "references",
      "arguments": {
        "file": "/Users/joshuaying/emblem/semantic-graph/test-ts/src/bfs-test.ts",
        "line": 23,
        "offset": 5
      }
    }
Info 95   [18:24:09.620] Finding references to /Users/joshuaying/emblem/semantic-graph/test-ts/src/bfs-test.ts position 331 in project /dev/null/inferredProject1*
Perf 96   [18:24:09.621] 11::references: elapsed time (in milliseconds) 1.0014
Info 97   [18:24:09.621] response:
    {"seq":0,"type":"response","command":"references","request_seq":11,"success":true,"body":{"refs":[{"file":"/Users/joshuaying/emblem/semantic-graph/test-ts/src/bfs-test.ts","start":{"line":8,"offset":11},"end":{"line":8,"offset":12},"isWriteAccess":false,"isDefinition":false},{"file":"/Users/joshuaying/emblem/semantic-graph/test-ts/src/bfs-test.ts","start":{"line":23,"offset":5},"end":{"line":23,"offset":6},"contextStart":{"line":23,"offset":5},"contextEnd":{"line":25,"offset":6},"isWriteAccess":true,"isDefinition":true}],"symbolName":"C","symbolStartOffset":5,"symbolDisplayString":"(method) B.C(): void"}}
Info 98   [18:24:09.622] request:
    {
      "seq": 12,
      "type": "request",
      "command": "references",
      "arguments": {
        "file": "/Users/joshuaying/emblem/semantic-graph/test-ts/src/bfs-test.ts",
        "line": 27,
        "offset": 5
      }
    }
Info 99   [18:24:09.622] Finding references to /Users/joshuaying/emblem/semantic-graph/test-ts/src/bfs-test.ts position 369 in project /dev/null/inferredProject1*
Perf 100  [18:24:09.623] 12::references: elapsed time (in milliseconds) 1.4278
Info 101  [18:24:09.623] response:
    {"seq":0,"type":"response","command":"references","request_seq":12,"success":true,"body":{"refs":[{"file":"/Users/joshuaying/emblem/semantic-graph/test-ts/src/bfs-test.ts","start":{"line":27,"offset":5},"end":{"line":27,"offset":6},"contextStart":{"line":27,"offset":5},"contextEnd":{"line":29,"offset":6},"isWriteAccess":true,"isDefinition":true}],"symbolName":"D","symbolStartOffset":5,"symbolDisplayString":"(method) B.D(): void"}}
